🤖 크론 작업: Telegram 팀 상태 자동 보고 (30분 주기)
실행 시간: 2026-06-02 18:04 KST
상태: ⚠️ Telegram 채팅 ID 미구성

## 팀 상태 요약 (2026-06-02 18:04 KST)

### 진행 중 (4개)
- 🟡 **BM-P1**: 95% 진행 → ETA 2026-06-03 18:00
- 🟡 **Asset Master P1**: 진행중 → ETA 2026-06-15 (db/29 마이그레이션 블로킹)
- 🟡 **C-3PO Portfolio**: OVERDUE → ETA 2026-06-02 18:00 (현재 시간 초과)
- 🟡 **Team Dashboard P2**: 60% → ETA 2026-06-10 18:00

### 블로킹 항목 (3개, 모두 +43h 초과)
- 🔴 GitHub Secret 해제 필요
- 🔴 db/29 마이그레이션 (asset_import_batches) Supabase SQL 실행 필요
- 🔴 RPC Deploy: Asset Master DELETE API (22/26 테스트 ✅, db/29a_asset_delete_rpc.sql)

### 최근 완료 (2026-06-01~06-02)
- ✅ Phase 2F 배포 완료 (2026-06-01 06:05)
- ✅ BM-P1 Phase 1 완료 (2026-06-01 23:49)
- ✅ Team Dashboard P1 API 배포 완료 (2026-05-30)

### 시스템 상태
- 신뢰도: 99%
- 일정준수: 95%
- 마이크로서비스: 4/5 GREEN ✅

### 우선순위
1. 🔴 **즉시**: C-3PO Portfolio OVERDUE 상태 점검
2. 🔴 **긴급**: db/29 마이그레이션 + GitHub Secret 해제
3. 🟡 **모니터링**: BM-P1 95% 완료 (ETA 2026-06-03 18:00)

### 기술 참고
- Telegram 메시지 발송 불가: 채팅 ID 미구성
- 대체 방안: 메모리 로그 기록 ✅ (현재 파일)
- 다음 자동 보고: 2026-06-02 18:34 KST (30분 후)

**기록자**: C-3PO (Secretary Agent — 자동 크론)
**타임스탬프**: 2026-06-02 18:04:00 KST
**상태**: 크론 실행 완료 (Telegram 발송 실패, 메모리 기록 성공)
