[2026-05-31T01:00:02.141Z] [INFO] ========== Phase 2B Duplicate Detection Start (SIMPLIFIED) ==========
[2026-05-31T01:00:02.144Z] [INFO] Input: /home/jeepney/.openclaw/workspace-dev/memory/messages.jsonl
[2026-05-31T01:00:02.144Z] [INFO] Output: /home/jeepney/.openclaw/workspace-dev/memory/messages_deduplicated.jsonl
[2026-05-31T01:00:02.145Z] [INFO] Step 1: Loading messages...
[2026-05-31T01:00:02.165Z] [INFO] Loaded 415 messages
[2026-05-31T01:00:02.165Z] [INFO] Step 2: Running Layer 1 - Exact Hash Matching...
[2026-05-31T01:00:02.166Z] [INFO] Layer 1: 414 unique, 1 exact duplicates
[2026-05-31T01:00:02.166Z] [INFO] Step 3: Running Layer 2 - Prefix Matching...
[2026-05-31T01:00:02.172Z] [INFO] Layer 2: 384 unique, 30 prefix duplicates
[2026-05-31T01:00:02.172Z] [INFO] Step 4: Saving deduplicated messages...
[2026-05-31T01:00:02.186Z] [INFO] ✓ Saved 384 deduplicated messages to /home/jeepney/.openclaw/workspace-dev/memory/messages_deduplicated.jsonl
[2026-05-31T01:00:02.186Z] [INFO] ✓ Metadata saved to /home/jeepney/.openclaw/workspace-dev/memory/dedup_metadata.json
[2026-05-31T01:00:02.186Z] [INFO] Final: 384 unique messages (7.5% reduction)
[2026-05-31T01:00:02.187Z] [INFO] Total runtime: 32ms
[2026-05-31T01:00:02.187Z] [INFO] ========== Phase 2B Duplicate Detection Complete ==========
[2026-05-31T05:00:02.154Z] [INFO] ========== Phase 2B Duplicate Detection Start (SIMPLIFIED) ==========
[2026-05-31T05:00:02.157Z] [INFO] Input: /home/jeepney/.openclaw/workspace-dev/memory/messages.jsonl
[2026-05-31T05:00:02.157Z] [INFO] Output: /home/jeepney/.openclaw/workspace-dev/memory/messages_deduplicated.jsonl
[2026-05-31T05:00:02.159Z] [INFO] Step 1: Loading messages...
[2026-05-31T05:00:02.181Z] [INFO] Loaded 419 messages
[2026-05-31T05:00:02.182Z] [INFO] Step 2: Running Layer 1 - Exact Hash Matching...
[2026-05-31T05:00:02.182Z] [INFO] Layer 1: 418 unique, 1 exact duplicates
[2026-05-31T05:00:02.182Z] [INFO] Step 3: Running Layer 2 - Prefix Matching...
[2026-05-31T05:00:02.189Z] [INFO] Layer 2: 386 unique, 32 prefix duplicates
[2026-05-31T05:00:02.189Z] [INFO] Step 4: Saving deduplicated messages...
[2026-05-31T05:00:02.205Z] [INFO] ✓ Saved 386 deduplicated messages to /home/jeepney/.openclaw/workspace-dev/memory/messages_deduplicated.jsonl
[2026-05-31T05:00:02.205Z] [INFO] ✓ Metadata saved to /home/jeepney/.openclaw/workspace-dev/memory/dedup_metadata.json
[2026-05-31T05:00:02.205Z] [INFO] Final: 386 unique messages (7.9% reduction)
[2026-05-31T05:00:02.205Z] [INFO] Total runtime: 36ms
[2026-05-31T05:00:02.205Z] [INFO] ========== Phase 2B Duplicate Detection Complete ==========
[2026-05-31T08:58:45.315Z] [INFO] ========== Phase 2B Duplicate Detection Start (SIMPLIFIED) ==========
[2026-05-31T08:58:45.316Z] [INFO] Input: /home/jeepney/.openclaw/workspace-dev/memory/messages.jsonl
[2026-05-31T08:58:45.316Z] [INFO] Output: /home/jeepney/.openclaw/workspace-dev/memory/messages_deduplicated.jsonl
[2026-05-31T08:58:45.316Z] [INFO] Step 1: Loading messages...
[2026-05-31T08:58:45.345Z] [INFO] Loaded 419 messages
[2026-05-31T08:58:45.345Z] [INFO] Step 2: Running Layer 1 - Exact Hash Matching...
[2026-05-31T08:58:45.345Z] [INFO] Layer 1: 418 unique, 1 exact duplicates
[2026-05-31T08:58:45.345Z] [INFO] Step 3: Running Layer 2 - Prefix Matching...
[2026-05-31T08:58:45.353Z] [INFO] Layer 2: 386 unique, 32 prefix duplicates
[2026-05-31T08:58:45.353Z] [INFO] Step 4: Saving deduplicated messages...
[2026-05-31T08:58:45.369Z] [INFO] ✓ Saved 386 deduplicated messages to /home/jeepney/.openclaw/workspace-dev/memory/messages_deduplicated.jsonl
[2026-05-31T08:58:45.369Z] [INFO] ✓ Metadata saved to /home/jeepney/.openclaw/workspace-dev/memory/dedup_metadata.json
[2026-05-31T08:58:45.369Z] [INFO] Final: 386 unique messages (7.9% reduction)
[2026-05-31T08:58:45.369Z] [INFO] Total runtime: 38ms
[2026-05-31T08:58:45.369Z] [INFO] ========== Phase 2B Duplicate Detection Complete ==========
[2026-05-31T08:59:12.899Z] [INFO] ========== Phase 2B Duplicate Detection Start (SIMPLIFIED) ==========
[2026-05-31T08:59:12.900Z] [INFO] Input: /home/jeepney/.openclaw/workspace-dev/memory/messages.jsonl
[2026-05-31T08:59:12.900Z] [INFO] Output: /home/jeepney/.openclaw/workspace-dev/memory/messages_deduplicated.jsonl
[2026-05-31T08:59:12.900Z] [INFO] Step 1: Loading messages...
[2026-05-31T08:59:12.920Z] [INFO] Loaded 419 messages
[2026-05-31T08:59:12.920Z] [INFO] Step 2: Running Layer 1 - Exact Hash Matching...
[2026-05-31T08:59:12.920Z] [INFO] Layer 1: 418 unique, 1 exact duplicates
[2026-05-31T08:59:12.920Z] [INFO] Step 3: Running Layer 2 - Prefix Matching...
[2026-05-31T08:59:12.926Z] [INFO] Layer 2: 386 unique, 32 prefix duplicates
[2026-05-31T08:59:12.927Z] [INFO] Step 4: Saving deduplicated messages...
[2026-05-31T08:59:12.943Z] [INFO] ✓ Saved 386 deduplicated messages to /home/jeepney/.openclaw/workspace-dev/memory/messages_deduplicated.jsonl
[2026-05-31T08:59:12.943Z] [INFO] ✓ Metadata saved to /home/jeepney/.openclaw/workspace-dev/memory/dedup_metadata.json
[2026-05-31T08:59:12.943Z] [INFO] Final: 386 unique messages (7.9% reduction)
[2026-05-31T08:59:12.943Z] [INFO] Total runtime: 28ms
[2026-05-31T08:59:12.943Z] [INFO] ========== Phase 2B Duplicate Detection Complete ==========
[2026-05-31T09:00:01.898Z] [INFO] ========== Phase 2B Duplicate Detection Start (SIMPLIFIED) ==========
[2026-05-31T09:00:01.902Z] [INFO] Input: /home/jeepney/.openclaw/workspace-dev/memory/messages.jsonl
[2026-05-31T09:00:01.902Z] [INFO] Output: /home/jeepney/.openclaw/workspace-dev/memory/messages_deduplicated.jsonl
[2026-05-31T09:00:01.902Z] [INFO] Step 1: Loading messages...
[2026-05-31T09:00:01.920Z] [INFO] Loaded 419 messages
[2026-05-31T09:00:01.920Z] [INFO] Step 2: Running Layer 1 - Exact Hash Matching...
[2026-05-31T09:00:01.920Z] [INFO] Layer 1: 418 unique, 1 exact duplicates
[2026-05-31T09:00:01.920Z] [INFO] Step 3: Running Layer 2 - Prefix Matching...
[2026-05-31T09:00:01.929Z] [INFO] Layer 2: 386 unique, 32 prefix duplicates
[2026-05-31T09:00:01.929Z] [INFO] Step 4: Saving deduplicated messages...
[2026-05-31T09:00:01.945Z] [INFO] ✓ Saved 386 deduplicated messages to /home/jeepney/.openclaw/workspace-dev/memory/messages_deduplicated.jsonl
[2026-05-31T09:00:01.945Z] [INFO] ✓ Metadata saved to /home/jeepney/.openclaw/workspace-dev/memory/dedup_metadata.json
[2026-05-31T09:00:01.945Z] [INFO] Final: 386 unique messages (7.9% reduction)
[2026-05-31T09:00:01.945Z] [INFO] Total runtime: 32ms
[2026-05-31T09:00:01.945Z] [INFO] ========== Phase 2B Duplicate Detection Complete ==========
[2026-05-31T13:00:01.855Z] [INFO] ========== Phase 2B Duplicate Detection Start (SIMPLIFIED) ==========
[2026-05-31T13:00:01.858Z] [INFO] Input: /home/jeepney/.openclaw/workspace-dev/memory/messages.jsonl
[2026-05-31T13:00:01.858Z] [INFO] Output: /home/jeepney/.openclaw/workspace-dev/memory/messages_deduplicated.jsonl
[2026-05-31T13:00:01.859Z] [INFO] Step 1: Loading messages...
[2026-05-31T13:00:01.881Z] [INFO] Loaded 440 messages
[2026-05-31T13:00:01.881Z] [INFO] Step 2: Running Layer 1 - Exact Hash Matching...
[2026-05-31T13:00:01.881Z] [INFO] Layer 1: 439 unique, 1 exact duplicates
[2026-05-31T13:00:01.882Z] [INFO] Step 3: Running Layer 2 - Prefix Matching...
[2026-05-31T13:00:01.889Z] [INFO] Layer 2: 396 unique, 43 prefix duplicates
[2026-05-31T13:00:01.889Z] [INFO] Step 4: Saving deduplicated messages...
[2026-05-31T13:00:01.904Z] [INFO] ✓ Saved 396 deduplicated messages to /home/jeepney/.openclaw/workspace-dev/memory/messages_deduplicated.jsonl
[2026-05-31T13:00:01.904Z] [INFO] ✓ Metadata saved to /home/jeepney/.openclaw/workspace-dev/memory/dedup_metadata.json
[2026-05-31T13:00:01.904Z] [INFO] Final: 396 unique messages (10.0% reduction)
[2026-05-31T13:00:01.904Z] [INFO] Total runtime: 35ms
[2026-05-31T13:00:01.904Z] [INFO] ========== Phase 2B Duplicate Detection Complete ==========
[2026-05-31T17:00:01.649Z] [INFO] ========== Phase 2B Duplicate Detection Start (SIMPLIFIED) ==========
[2026-05-31T17:00:01.653Z] [INFO] Input: /home/jeepney/.openclaw/workspace-dev/memory/messages.jsonl
[2026-05-31T17:00:01.653Z] [INFO] Output: /home/jeepney/.openclaw/workspace-dev/memory/messages_deduplicated.jsonl
[2026-05-31T17:00:01.654Z] [INFO] Step 1: Loading messages...
[2026-05-31T17:00:01.674Z] [INFO] Loaded 444 messages
[2026-05-31T17:00:01.675Z] [INFO] Step 2: Running Layer 1 - Exact Hash Matching...
[2026-05-31T17:00:01.675Z] [INFO] Layer 1: 443 unique, 1 exact duplicates
[2026-05-31T17:00:01.675Z] [INFO] Step 3: Running Layer 2 - Prefix Matching...
[2026-05-31T17:00:01.683Z] [INFO] Layer 2: 397 unique, 46 prefix duplicates
[2026-05-31T17:00:01.683Z] [INFO] Step 4: Saving deduplicated messages...
[2026-05-31T17:00:01.697Z] [INFO] ✓ Saved 397 deduplicated messages to /home/jeepney/.openclaw/workspace-dev/memory/messages_deduplicated.jsonl
[2026-05-31T17:00:01.698Z] [INFO] ✓ Metadata saved to /home/jeepney/.openclaw/workspace-dev/memory/dedup_metadata.json
[2026-05-31T17:00:01.698Z] [INFO] Final: 397 unique messages (10.6% reduction)
[2026-05-31T17:00:01.698Z] [INFO] Total runtime: 34ms
[2026-05-31T17:00:01.698Z] [INFO] ========== Phase 2B Duplicate Detection Complete ==========
[2026-05-31T21:00:01.610Z] [INFO] ========== Phase 2B Duplicate Detection Start (SIMPLIFIED) ==========
[2026-05-31T21:00:01.614Z] [INFO] Input: /home/jeepney/.openclaw/workspace-dev/memory/messages.jsonl
[2026-05-31T21:00:01.614Z] [INFO] Output: /home/jeepney/.openclaw/workspace-dev/memory/messages_deduplicated.jsonl
[2026-05-31T21:00:01.614Z] [INFO] Step 1: Loading messages...
[2026-05-31T21:00:01.637Z] [INFO] Loaded 444 messages
[2026-05-31T21:00:01.637Z] [INFO] Step 2: Running Layer 1 - Exact Hash Matching...
[2026-05-31T21:00:01.638Z] [INFO] Layer 1: 443 unique, 1 exact duplicates
[2026-05-31T21:00:01.638Z] [INFO] Step 3: Running Layer 2 - Prefix Matching...
[2026-05-31T21:00:01.646Z] [INFO] Layer 2: 397 unique, 46 prefix duplicates
[2026-05-31T21:00:01.646Z] [INFO] Step 4: Saving deduplicated messages...
[2026-05-31T21:00:01.661Z] [INFO] ✓ Saved 397 deduplicated messages to /home/jeepney/.openclaw/workspace-dev/memory/messages_deduplicated.jsonl
[2026-05-31T21:00:01.661Z] [INFO] ✓ Metadata saved to /home/jeepney/.openclaw/workspace-dev/memory/dedup_metadata.json
[2026-05-31T21:00:01.661Z] [INFO] Final: 397 unique messages (10.6% reduction)
[2026-05-31T21:00:01.661Z] [INFO] Total runtime: 36ms
[2026-05-31T21:00:01.661Z] [INFO] ========== Phase 2B Duplicate Detection Complete ==========
[2026-05-31T21:52:29.676Z] [INFO] ========== Phase 2B Duplicate Detection Start (SIMPLIFIED) ==========
[2026-05-31T21:52:29.678Z] [INFO] Input: /home/jeepney/.openclaw/workspace-dev/memory/messages.jsonl
[2026-05-31T21:52:29.678Z] [INFO] Output: /home/jeepney/.openclaw/workspace-dev/memory/messages_deduplicated.jsonl
[2026-05-31T21:52:29.679Z] [INFO] Step 1: Loading messages...
[2026-05-31T21:52:29.700Z] [INFO] Loaded 462 messages
[2026-05-31T21:52:29.701Z] [INFO] Step 2: Running Layer 1 - Exact Hash Matching...
[2026-05-31T21:52:29.701Z] [INFO] Layer 1: 461 unique, 1 exact duplicates
[2026-05-31T21:52:29.701Z] [INFO] Step 3: Running Layer 2 - Prefix Matching...
[2026-05-31T21:52:29.709Z] [INFO] Layer 2: 412 unique, 49 prefix duplicates
[2026-05-31T21:52:29.709Z] [INFO] Step 4: Saving deduplicated messages...
[2026-05-31T21:52:29.723Z] [INFO] ✓ Saved 412 deduplicated messages to /home/jeepney/.openclaw/workspace-dev/memory/messages_deduplicated.jsonl
[2026-05-31T21:52:29.723Z] [INFO] ✓ Metadata saved to /home/jeepney/.openclaw/workspace-dev/memory/dedup_metadata.json
[2026-05-31T21:52:29.723Z] [INFO] Final: 412 unique messages (10.8% reduction)
[2026-05-31T21:52:29.723Z] [INFO] Total runtime: 33ms
[2026-05-31T21:52:29.723Z] [INFO] ========== Phase 2B Duplicate Detection Complete ==========
[2026-05-31T21:52:33.031Z] [INFO] ========== Phase 2B Duplicate Detection Start (SIMPLIFIED) ==========
[2026-05-31T21:52:33.032Z] [INFO] Input: /home/jeepney/.openclaw/workspace-dev/memory/messages.jsonl
[2026-05-31T21:52:33.032Z] [INFO] Output: /home/jeepney/.openclaw/workspace-dev/memory/messages_deduplicated.jsonl
[2026-05-31T21:52:33.033Z] [INFO] Step 1: Loading messages...
[2026-05-31T21:52:33.052Z] [INFO] Loaded 462 messages
[2026-05-31T21:52:33.052Z] [INFO] Step 2: Running Layer 1 - Exact Hash Matching...
[2026-05-31T21:52:33.052Z] [INFO] Layer 1: 461 unique, 1 exact duplicates
[2026-05-31T21:52:33.053Z] [INFO] Step 3: Running Layer 2 - Prefix Matching...
[2026-05-31T21:52:33.060Z] [INFO] Layer 2: 412 unique, 49 prefix duplicates
[2026-05-31T21:52:33.061Z] [INFO] Step 4: Saving deduplicated messages...
[2026-05-31T21:52:33.075Z] [INFO] ✓ Saved 412 deduplicated messages to /home/jeepney/.openclaw/workspace-dev/memory/messages_deduplicated.jsonl
[2026-05-31T21:52:33.075Z] [INFO] ✓ Metadata saved to /home/jeepney/.openclaw/workspace-dev/memory/dedup_metadata.json
[2026-05-31T21:52:33.075Z] [INFO] Final: 412 unique messages (10.8% reduction)
[2026-05-31T21:52:33.075Z] [INFO] Total runtime: 30ms
[2026-05-31T21:52:33.075Z] [INFO] ========== Phase 2B Duplicate Detection Complete ==========
