[2026-05-30T02:12:52.709Z] [INFO] ========== Phase 2A Local Collector Start ==========
[2026-05-30T02:12:52.709Z] [INFO] Memory Dir: /home/jeepney/.openclaw/workspace-dev/memory
[2026-05-30T02:12:52.710Z] [INFO] Step 1: Scanning memory files...
[2026-05-30T02:12:52.713Z] [INFO] Found 361 memory files
[2026-05-30T02:12:52.713Z] [INFO] Step 2: Extracting messages from files...
[2026-05-30T02:12:52.815Z] [INFO] Extracted 361 messages
[2026-05-30T02:12:52.815Z] [INFO] Step 3: Loading existing message hashes...
[2026-05-30T02:12:52.831Z] [INFO] Existing hashes: 363
[2026-05-30T02:12:52.831Z] [INFO] Step 4: Saving new messages...
[2026-05-30T02:12:52.835Z] [INFO] ✓ Saved: 23, Duplicates: 338
[2026-05-30T02:12:52.835Z] [INFO] Step 5: Statistics updated
[2026-05-30T02:12:52.835Z] [INFO] ========== Phase 2A Local Collector End ==========
[2026-05-30T03:00:59.508Z] [INFO] ========== Phase 2A Local Collector Start ==========
[2026-05-30T03:00:59.509Z] [INFO] Memory Dir: /home/jeepney/.openclaw/workspace-dev/memory
[2026-05-30T03:00:59.509Z] [INFO] Step 1: Scanning memory files...
[2026-05-30T03:00:59.513Z] [INFO] Found 361 memory files
[2026-05-30T03:00:59.513Z] [INFO] Step 2: Extracting messages from files...
[2026-05-30T03:00:59.539Z] [INFO] Extracted 361 messages
[2026-05-30T03:00:59.539Z] [INFO] Step 3: Loading existing message hashes...
[2026-05-30T03:00:59.557Z] [INFO] Existing hashes: 386
[2026-05-30T03:00:59.558Z] [INFO] Step 4: Saving new messages...
[2026-05-30T03:00:59.559Z] [INFO] ✓ Saved: 3, Duplicates: 358
[2026-05-30T03:00:59.559Z] [INFO] Step 5: Statistics updated
[2026-05-30T03:00:59.559Z] [INFO] ========== Phase 2A Local Collector End ==========
[2026-05-30T09:11:25.177Z] [INFO] ========== Phase 2A Local Collector Start ==========
[2026-05-30T09:11:25.178Z] [INFO] Memory Dir: /home/jeepney/.openclaw/workspace-dev/memory
[2026-05-30T09:11:25.178Z] [INFO] Step 1: Scanning memory files...
[2026-05-30T09:11:25.182Z] [INFO] Found 363 memory files
[2026-05-30T09:11:25.182Z] [INFO] Step 2: Extracting messages from files...
[2026-05-30T09:11:25.282Z] [INFO] Extracted 363 messages
[2026-05-30T09:11:25.283Z] [INFO] Step 3: Loading existing message hashes...
[2026-05-30T09:11:25.301Z] [INFO] Existing hashes: 389
[2026-05-30T09:11:25.302Z] [INFO] Step 4: Saving new messages...
[2026-05-30T09:11:25.303Z] [INFO] ✓ Saved: 5, Duplicates: 358
[2026-05-30T09:11:25.303Z] [INFO] Step 5: Statistics updated
[2026-05-30T09:11:25.303Z] [INFO] ========== Phase 2A Local Collector End ==========
[2026-05-30T15:01:09.655Z] [INFO] ========== Phase 2A Local Collector Start ==========
[2026-05-30T15:01:09.656Z] [INFO] Memory Dir: /home/jeepney/.openclaw/workspace-dev/memory
[2026-05-30T15:01:09.656Z] [INFO] Step 1: Scanning memory files...
[2026-05-30T15:01:09.660Z] [INFO] Found 371 memory files
[2026-05-30T15:01:09.660Z] [INFO] Step 2: Extracting messages from files...
[2026-05-30T15:01:09.687Z] [INFO] Extracted 371 messages
[2026-05-30T15:01:09.687Z] [INFO] Step 3: Loading existing message hashes...
[2026-05-30T15:01:09.704Z] [INFO] Existing hashes: 394
[2026-05-30T15:01:09.704Z] [INFO] Step 4: Saving new messages...
[2026-05-30T15:01:09.705Z] [INFO] ✓ Saved: 11, Duplicates: 360
[2026-05-30T15:01:09.705Z] [INFO] Step 5: Statistics updated
[2026-05-30T15:01:09.705Z] [INFO] ========== Phase 2A Local Collector End ==========
[2026-05-30T21:00:47.148Z] [INFO] ========== Phase 2A Local Collector Start ==========
[2026-05-30T21:00:47.148Z] [INFO] Memory Dir: /home/jeepney/.openclaw/workspace-dev/memory
[2026-05-30T21:00:47.149Z] [INFO] Step 1: Scanning memory files...
[2026-05-30T21:00:47.153Z] [INFO] Found 375 memory files
[2026-05-30T21:00:47.153Z] [INFO] Step 2: Extracting messages from files...
[2026-05-30T21:00:47.181Z] [INFO] Extracted 375 messages
[2026-05-30T21:00:47.181Z] [INFO] Step 3: Loading existing message hashes...
[2026-05-30T21:00:47.200Z] [INFO] Existing hashes: 405
[2026-05-30T21:00:47.200Z] [INFO] Step 4: Saving new messages...
[2026-05-30T21:00:47.203Z] [INFO] ✓ Saved: 9, Duplicates: 366
[2026-05-30T21:00:47.203Z] [INFO] Step 5: Statistics updated
[2026-05-30T21:00:47.203Z] [INFO] ========== Phase 2A Local Collector End ==========
