[2026-05-31 18:32:58] === PHASE 2F GATE - MONITORING SETUP ===
[2026-05-31 18:32:58] Target: Deploy dashboard + alert rules (19:30-21:00 KST)

[2026-05-31 18:32:58] Starting monitoring setup...

[2026-05-31 18:32:58] Creating real-time monitoring dashboard...
✅ Dashboard created: /home/jeepney/.openclaw/workspace-dev/memory/logs/phase2f-dashboard.json
[2026-05-31 18:32:59] Creating alert rules...
✅ Alert rules created: /home/jeepney/.openclaw/workspace-dev/memory-automation/PHASE2F_ALERT_CONFIG.json
[2026-05-31 18:32:59] Creating health check script...
✅ Health check script created
[2026-05-31 18:32:59] Setting up monitoring cron job...
✅ Monitoring cron job registered (every minute)

========== MONITORING SETUP COMPLETE ==========

Deployed components:
  ✅ Real-time dashboard: /home/jeepney/.openclaw/workspace-dev/memory/logs/phase2f-dashboard.json
  ✅ Alert rules: /home/jeepney/.openclaw/workspace-dev/memory-automation/PHASE2F_ALERT_CONFIG.json
  ✅ Health check script: /home/jeepney/.openclaw/workspace-dev/memory-automation/phase2f-health-check.sh
  ✅ Monitoring cron: Every minute (phase2f-monitor-cron.sh)

Next phase (20:00):
  Alert Routing Setup — Slack/Discord integration

[2026-05-31 18:40:18] === PHASE 2F GATE - MONITORING SETUP ===
[2026-05-31 18:40:18] Target: Deploy dashboard + alert rules (19:30-21:00 KST)

[2026-05-31 18:40:18] Starting monitoring setup...

[2026-05-31 18:40:18] Creating real-time monitoring dashboard...
✅ Dashboard created: /home/jeepney/.openclaw/workspace-dev/memory/logs/phase2f-dashboard.json
[2026-05-31 18:40:18] Creating alert rules...
✅ Alert rules created: /home/jeepney/.openclaw/workspace-dev/memory-automation/PHASE2F_ALERT_CONFIG.json
[2026-05-31 18:40:18] Creating health check script...
✅ Health check script created
[2026-05-31 18:40:18] Setting up monitoring cron job...
✅ Monitoring cron job registered (every minute)

========== MONITORING SETUP COMPLETE ==========

Deployed components:
  ✅ Real-time dashboard: /home/jeepney/.openclaw/workspace-dev/memory/logs/phase2f-dashboard.json
  ✅ Alert rules: /home/jeepney/.openclaw/workspace-dev/memory-automation/PHASE2F_ALERT_CONFIG.json
  ✅ Health check script: /home/jeepney/.openclaw/workspace-dev/memory-automation/phase2f-health-check.sh
  ✅ Monitoring cron: Every minute (phase2f-monitor-cron.sh)

Next phase (20:00):
  Alert Routing Setup — Slack/Discord integration

