[2026-05-27 01:55:11] [INFO] === Memory Automation Pipeline Started ===
[2026-05-27 01:55:11] [WARN] API call failed, retrying in 5s (attempt 1/3)
[2026-05-27 01:55:11] [WARN] API call failed, retrying in 5s (attempt 2/3)
[2026-05-27 01:55:11] [ERROR] API call failed after 3 attempts: POST /api/memory/messages
[2026-05-27 01:55:11] [ERROR] API server is not reachable at http://localhost:3000
[2026-05-27 01:55:11] [INFO] Sending status report: error - API server unreachable
[2026-05-27 02:04:40] [INFO] === Memory Automation Pipeline Started ===
[2026-05-27 02:04:40] [WARN] API call failed, retrying in 5s (attempt 1/3)
[2026-05-27 02:04:40] [WARN] API call failed, retrying in 5s (attempt 2/3)
[2026-05-27 02:04:40] [ERROR] API call failed after 3 attempts: POST /api/memory/messages
[2026-05-27 02:04:40] [ERROR] API server is not reachable at http://localhost:3000
[2026-05-27 02:04:40] [INFO] Sending status report: error - API server unreachable
[2026-05-27 02:10:07] [INFO] === Memory Automation Pipeline Started ===
[2026-05-27 02:10:07] [WARN] API call failed, retrying in 5s (attempt 1/3)
[2026-05-27 02:10:07] [WARN] API call failed, retrying in 5s (attempt 2/3)
[2026-05-27 02:10:07] [ERROR] API call failed after 3 attempts: POST /api/memory/messages
[2026-05-27 02:10:07] [ERROR] API server is not reachable at http://localhost:3000
[2026-05-27 02:10:07] [INFO] Sending status report: error - API server unreachable
[2026-05-27 02:15:35] [INFO] === Memory Automation Pipeline Started ===
[2026-05-27 02:15:35] [WARN] API call failed, retrying in 5s (attempt 1/3)
[2026-05-27 02:15:35] [WARN] API call failed, retrying in 5s (attempt 2/3)
[2026-05-27 02:15:35] [ERROR] API call failed after 3 attempts: POST /api/memory/messages
[2026-05-27 02:15:35] [ERROR] API server is not reachable at http://localhost:3000
[2026-05-27 02:15:35] [INFO] Sending status report: error - API server unreachable
[2026-05-27 02:31:19] [INFO] === Memory Automation Pipeline Started ===
[2026-05-27 02:31:19] [WARN] API call failed, retrying in 5s (attempt 1/3)
[2026-05-27 02:31:19] [WARN] API call failed, retrying in 5s (attempt 2/3)
[2026-05-27 02:31:19] [ERROR] API call failed after 3 attempts: POST /api/memory/messages
[2026-05-27 02:31:19] [ERROR] API server is not reachable at http://localhost:3000
[2026-05-27 02:31:19] [INFO] Sending status report: error - API server unreachable
