[2026-05-27 23:05:35] [INFO] ========== Phase 2C Monitoring Start ==========
[2026-05-27 23:05:35] [INFO] Run ID: 1779890735
[2026-05-27 23:05:35] [WARN] Phase2A: FAILED ✗
[2026-05-27 23:06:04] [INFO] ========== Phase 2C Monitoring Start ==========
[2026-05-27 23:06:04] [INFO] Run ID: 1779890764
[2026-05-27 23:06:04] [INFO] Phase2A: OK ✓
[2026-05-27 23:06:04] [WARN] Phase2B: FAILED ✗
[2026-05-27 23:30:14] [INFO] ========== Phase 2C Monitoring Start ==========
[2026-05-27 23:30:14] [INFO] Run ID: 1779892214
[2026-05-27 23:30:14] [INFO] Phase2A: OK ✓
[2026-05-27 23:30:14] [INFO] Phase2B: OK ✓
[2026-05-27 23:30:14] [INFO] Phase2C: Not yet deployed (expected until 2026-05-30)
[2026-05-27 23:30:14] [INFO] Disk usage: 3%
[2026-05-27 23:30:14] [INFO] All services and disk checks passed ✓
[2026-05-27 23:30:14] [INFO] ========== Phase 2C Monitoring End (SUCCESS) ==========
[2026-05-27 23:30:46] [INFO] ========== Phase 2C Monitoring Start ==========
[2026-05-27 23:30:46] [INFO] Run ID: 1779892246
[2026-05-27 23:30:46] [INFO] Phase2A: OK ✓
[2026-05-27 23:30:46] [INFO] Phase2B: OK ✓
[2026-05-27 23:30:46] [INFO] Phase2C: Not yet deployed (expected until 2026-05-30)
[2026-05-27 23:30:46] [INFO] Disk usage: 3%
[2026-05-27 23:30:46] [INFO] All services and disk checks passed ✓
[2026-05-27 23:30:46] [INFO] ========== Phase 2C Monitoring End (SUCCESS) ==========
