[2026-05-30 00:01:51] [INFO] ========== Phase 2A Cron Job Start ==========
[2026-05-30 00:01:51] [INFO] Run ID: 1780066911
[2026-05-30 00:01:51] [INFO] Memory Dir: /home/jeepney/.openclaw/workspace-dev/memory
[2026-05-30 00:01:51] [INFO] Collector: /home/jeepney/.openclaw/workspace-dev/memory-automation/phase2a-local-collector.js
[2026-05-30 00:01:51] [INFO] Step 1: Pre-flight checks passed ✓
[2026-05-30 00:01:51] [INFO] Step 2: Running local message collector...
[2026-05-30 00:01:51] [INFO] ✓ SUCCESS: Local message collection completed
[2026-05-30 00:01:51] [INFO] Step 3: Message collection completed ✓
[2026-05-30 00:01:51] Phase 2A run succeeded
[2026-05-30 00:01:51] [INFO] ========== Phase 2A Cron Job End ==========
[2026-05-30 06:00:33] [INFO] ========== Phase 2A Cron Job Start ==========
[2026-05-30 06:00:33] [INFO] Run ID: 1780088433
[2026-05-30 06:00:33] [INFO] Memory Dir: /home/jeepney/.openclaw/workspace-dev/memory
[2026-05-30 06:00:33] [INFO] Collector: /home/jeepney/.openclaw/workspace-dev/memory-automation/phase2a-local-collector.js
[2026-05-30 06:00:33] [INFO] Step 1: Pre-flight checks passed ✓
[2026-05-30 06:00:33] [INFO] Step 2: Running local message collector...
[2026-05-30 06:00:33] [INFO] ✓ SUCCESS: Local message collection completed
[2026-05-30 06:00:33] [INFO] Step 3: Message collection completed ✓
[2026-05-30 06:00:33] Phase 2A run succeeded
[2026-05-30 06:00:33] [INFO] ========== Phase 2A Cron Job End ==========
[2026-05-30 11:12:52] [INFO] ========== Phase 2A Cron Job Start ==========
[2026-05-30 11:12:52] [INFO] Run ID: 1780107172
[2026-05-30 11:12:52] [INFO] Memory Dir: /home/jeepney/.openclaw/workspace-dev/memory
[2026-05-30 11:12:52] [INFO] Collector: /home/jeepney/.openclaw/workspace-dev/memory-automation/phase2a-local-collector.js
[2026-05-30 11:12:52] [INFO] Step 1: Pre-flight checks passed ✓
[2026-05-30 11:12:52] [INFO] Step 2: Running local message collector...
[2026-05-30 11:12:52] [INFO] ✓ SUCCESS: Local message collection completed
[2026-05-30 11:12:52] [INFO] Step 3: Message collection completed ✓
[2026-05-30 11:12:52] Phase 2A run succeeded
[2026-05-30 11:12:52] [INFO] ========== Phase 2A Cron Job End ==========
[2026-05-30 12:00:59] [INFO] ========== Phase 2A Cron Job Start ==========
[2026-05-30 12:00:59] [INFO] Run ID: 1780110059
[2026-05-30 12:00:59] [INFO] Memory Dir: /home/jeepney/.openclaw/workspace-dev/memory
[2026-05-30 12:00:59] [INFO] Collector: /home/jeepney/.openclaw/workspace-dev/memory-automation/phase2a-local-collector.js
[2026-05-30 12:00:59] [INFO] Step 1: Pre-flight checks passed ✓
[2026-05-30 12:00:59] [INFO] Step 2: Running local message collector...
[2026-05-30 12:00:59] [INFO] ✓ SUCCESS: Local message collection completed
[2026-05-30 12:00:59] [INFO] Step 3: Message collection completed ✓
[2026-05-30 12:00:59] Phase 2A run succeeded
[2026-05-30 12:00:59] [INFO] ========== Phase 2A Cron Job End ==========
[2026-05-30 18:11:25] [INFO] ========== Phase 2A Cron Job Start ==========
[2026-05-30 18:11:25] [INFO] Run ID: 1780132285
[2026-05-30 18:11:25] [INFO] Memory Dir: /home/jeepney/.openclaw/workspace-dev/memory
[2026-05-30 18:11:25] [INFO] Collector: /home/jeepney/.openclaw/workspace-dev/memory-automation/phase2a-local-collector.js
[2026-05-30 18:11:25] [INFO] Step 1: Pre-flight checks passed ✓
[2026-05-30 18:11:25] [INFO] Step 2: Running local message collector...
[2026-05-30 18:11:25] [INFO] ✓ SUCCESS: Local message collection completed
[2026-05-30 18:11:25] [INFO] Step 3: Message collection completed ✓
[2026-05-30 18:11:25] Phase 2A run succeeded
[2026-05-30 18:11:25] [INFO] ========== Phase 2A Cron Job End ==========
