[2026-05-28T21:20:50.227Z] [INFO] ========== Phase 2A Local Collector Start ==========
[2026-05-28T21:20:50.228Z] [INFO] Memory Dir: /home/jeepney/.openclaw/workspace-dev/memory
[2026-05-28T21:20:50.228Z] [INFO] Step 1: Scanning memory files...
[2026-05-28T21:20:50.232Z] [INFO] Found 281 memory files
[2026-05-28T21:20:50.232Z] [INFO] Step 2: Extracting messages from files...
[2026-05-28T21:20:50.307Z] [INFO] Extracted 281 messages
[2026-05-28T21:20:50.307Z] [INFO] Step 3: Loading existing message hashes...
[2026-05-28T21:20:50.307Z] [INFO] Existing hashes: 0
[2026-05-28T21:20:50.307Z] [INFO] Step 4: Saving new messages...
[2026-05-28T21:20:50.318Z] [INFO] ✓ Saved: 281, Duplicates: 0
[2026-05-28T21:20:50.318Z] [INFO] Step 5: Statistics updated
[2026-05-28T21:20:50.318Z] [INFO] ========== Phase 2A Local Collector End ==========
[2026-05-28T21:21:07.669Z] [INFO] ========== Phase 2A Local Collector Start ==========
[2026-05-28T21:21:07.669Z] [INFO] Memory Dir: /home/jeepney/.openclaw/workspace-dev/memory
[2026-05-28T21:21:07.669Z] [INFO] Step 1: Scanning memory files...
[2026-05-28T21:21:07.672Z] [INFO] Found 281 memory files
[2026-05-28T21:21:07.672Z] [INFO] Step 2: Extracting messages from files...
[2026-05-28T21:21:07.691Z] [INFO] Extracted 281 messages
[2026-05-28T21:21:07.691Z] [INFO] Step 3: Loading existing message hashes...
[2026-05-28T21:21:07.701Z] [INFO] Existing hashes: 280
[2026-05-28T21:21:07.701Z] [INFO] Step 4: Saving new messages...
[2026-05-28T21:21:07.701Z] [INFO] ✓ Saved: 0, Duplicates: 281
[2026-05-28T21:21:07.701Z] [INFO] Step 5: Statistics updated
[2026-05-28T21:21:07.701Z] [INFO] ========== Phase 2A Local Collector End ==========
