[2026-05-30 03:01:58] [INFO] ╔════════════════════════════════════════════════════════╗
[2026-05-30 03:01:58] [INFO] ║  Phase 2D: Cron Integration — Full Cycle              ║
[2026-05-30 03:01:58] [INFO] ║  Start: 2026-05-30 03:01:58 KST                    ║
[2026-05-30 03:01:58] [INFO] ╚════════════════════════════════════════════════════════╝
[2026-05-30 03:01:58] [INFO] === PHASE 2A: Message Collection ===
[2026-05-30 03:01:58] [INFO] Phase 2A health check PASSED
[2026-05-30 03:01:58] [ERROR] Phase 2A collection failed: 
[2026-05-30 03:01:58] [INFO] === PHASE 2B: Duplicate Detection ===
[2026-05-30 03:01:58] [WARNING] Phase 2B health check failed (attempt 1/3), retrying in 2s...
[2026-05-30 03:02:00] [WARNING] Phase 2B health check failed (attempt 2/3), retrying in 2s...
[2026-05-30 03:02:02] [ERROR] Phase 2B health check FAILED after 3 attempts
[2026-05-30 03:02:02] [WARNING] Phase 2B unavailable, skipping duplicate detection
[2026-05-30 03:02:02] [INFO] === PHASE 2C: Trust Score Calculation ===
[2026-05-30 03:02:03] [WARNING] Phase 2C health check failed (attempt 1/3), retrying in 2s...
[2026-05-30 03:02:05] [WARNING] Phase 2C health check failed (attempt 2/3), retrying in 2s...
[2026-05-30 03:02:07] [ERROR] Phase 2C health check FAILED after 3 attempts
[2026-05-30 03:02:07] [WARNING] Phase 2C unavailable, skipping trust score calculation
[2026-05-30 03:02:07] [INFO] === MEMORY.md Auto-Update ===
[2026-05-30 03:02:07] [INFO] Memory backup created: MEMORY_20260530_030158.md.bak
[2026-05-30 03:02:07] [INFO] No trust scores to merge, MEMORY.md unchanged
[2026-05-30 03:02:07] [INFO] === Cron Cycle Complete ===
[2026-05-30 03:02:07] [INFO] Cycle duration: 8203ms, activities logged: 0
[2026-05-30 03:02:07] [INFO] ╔════════════════════════════════════════════════════════╗
[2026-05-30 03:02:07] [INFO] ║  Cycle Complete — Check logs for details              ║
[2026-05-30 03:02:07] [INFO] ║  Log file: /home/jeepney/.openclaw/workspace-dev/memory/logs/phase2d-cron-20260530.log              ║
[2026-05-30 03:02:07] [INFO] ╚════════════════════════════════════════════════════════╝
