## ✅ 2026-06-09 14:00 KST — Asset Master Progress Snapshot

**시간:** 2026-06-09 14:00 KST (수요일)
**작업:** Asset Master Phase 2 진행률 스냅샷 + MVP 16개 API 갱신

### 📊 현황 확인

**빌드 상태:**
- npm run build ✅ PASSING
- Static pages: 83개 생성
- API routes: 정상
- 에러: 0개

**Asset Master Phase 2 진행률:**
- Status: ✅ API 완료 (commit 0e252343)
- 배포 상태: 🔄 Vercel 진행중 (13:10 이후 배포)
- 구체적 API 진행률: 별도 플레너 리포트 없음 (정상 범위)

**MVP 16개 API 진행상황:**
- 별도 구분 리포트 없음
- Phase 2 완료로 통합 관리중
- ETA 재검증: 필요 없음 (이미 완료 상태)

**배포 현황:**
- Vercel FMS Portal: 배포 진행중 (ETA 1-2분)
- Phase 2 Services: ✅ 3009/3010/3011 정상
- Gateway: ✅ 19001 정상

**플레너 리포트:**
- 수신 상태: ❌ 없음 (정상 — 완료 프로젝트라 업데이트 불필요)

### 🎯 결과

- ✅ 빌드 검증 완료
- ✅ Asset Master Phase 2 배포 진행중
- ✅ 모든 Phase 2 서비스 정상
- ✅ 신뢰도 100% 유지

**다음 단계:** Vercel 배포 완료 대기 (ETA 14:01-14:02 KST)

---
