🔴 MEMORY & RULE COMPLIANCE AUDIT — 2026-06-07 08:06 KST

【크론 작업: 6ae016ed-9745-4963-9732-13462e23a0a3】

==== 규칙 위반 3건 발견 ====

1️⃣ CTB 자동 갱신 실패 (심각도: 🔴 CRITICAL)
   원인: jq 명령 미설치
   증거: /memory/logs/ctb-cron.log — "jq: command not found" 매 5분 반복
   파일: /memory-automation/ctb-auto-update.sh (line 19-21)
   영향: .ctb-state.json 업데이트 불가 — 메모리 추적 시스템 부분 마비
   필요조치:
   - [ ] jq 설치 (apt-get install -y jq) 또는
   - [ ] ctb-auto-update.sh 수정 (jq 의존성 제거)

2️⃣ 메모리 데이터 불일치 (심각도: 🔴 CRITICAL)
   상황:
   - MEMORY.md: 배포 상태 "37.5% (2/6 routes)"
   - rule_compliance_audit_active.md: "🟢 5/5 PASSED — 100%"
   - active_work_tracking.md: 과거 데이터(Cycle 540, 2026-06-04) + 현재 데이터 혼합

   근본원인: CTB 자동 갱신 실패 → 과거 상태가 삭제되지 않고 누적
   결과: 감사 시스템이 거짓 데이터로 PASSED 판정

   필요조치:
   - [ ] active_work_tracking.md: Cycle 540 이전 섹션 아카이빙
   - [ ] rule_compliance_audit_active.md: 실제 배포 상태 재검증

3️⃣ 서비스 상태 기록 불정확 (심각도: 🟡 HIGH)
   상황:
   - .ctb-state.json: "services": {"phase2a": "", "phase2b": "", "phase2c": ""}
   - 보고: Phase 2A/2B/2C "20h+ uptime"
   - 실제: (lsof 확인) Phase 2A/2B/2C RUNNING (3009/3010/3011)

   원인: jq 업데이트 실패 → 마지막 기록이 empty로 남음
   필요조치:
   - [ ] 수동으로 .ctb-state.json 갱신

==== 검증 결과: 시스템 상태 ====

✅ 실제 서비스 상태 (lsof 확인, 2026-06-07 08:06 KST)
- next-serv (PID 72439): port 3000 (Next.js Portal) ✅ LISTEN
- node (PID 112946): port 3009 (Phase 2A) ✅ LISTEN
- node (PID 112960): port 3010 (Phase 2B) ✅ LISTEN
- node (PID 112974): port 3011 (Phase 2C) ✅ LISTEN
- node (PID 228538): port 19001 (Gateway) ✅ LISTEN

✅ Build 상태
- npm run build: PASSING (123 pages, 0 errors)
- TypeScript: 0 errors
- Last commit: cbdd28a4

❌ 메모리 추적 시스템
- .ctb-state.json: UPDATE FAILED (jq 없음)
- active_work_tracking.md: 데이터 혼합 (과거+현재)
- rule_compliance_audit: 거짓 PASS 판정

==== 권고 조치 ====

🔴 **긴급 (즉시 조치)**
1. jq 설치:
   sudo apt-get install -y jq
   또는 root 권한이 필요하므로 사용자 확인 필요

2. ctb-auto-update.sh 재실행:
   /home/jeepney/.openclaw/workspace-dev/memory-automation/ctb-auto-update.sh

🟡 **중요 (이번 주)**
1. active_work_tracking.md 정리:
   - Cycle 540 이전 섹션을 별도 파일로 아카이빙
   - 현재 상태만 유지

2. rule_compliance_audit_active.md 검증:
   - 규칙 3️⃣ (팀원 위임): Phase 2 실제 실행 여부 재확인
   - 감사 스크립트가 실제 시스템 상태를 조회하는지 검증

==== 감사 결론 ====

상태: PARTIAL_FAIL
- 시스템 운영: ✅ 정상 (모든 서비스 RUNNING)
- 메모리 추적: 🔴 부분 실패 (jq 의존성, 데이터 불합)
- 규칙 준수: 🟡 의심 (거짓 PASS 판정으로 인한 신뢰도 저하)

신뢰도 점수: 60% (실제 운영은 우수하나 메모리 시스템 개선 필요)

다음 감사: 2026-06-07 18:00 KST (jq 설치 후 재실행 예정)

크론 작업 ID: 6ae016ed-9745-4963-9732-13462e23a0a3
실행 시간: 2026-06-07 08:06:32 KST
소요 시간: 4분 12초
