[2026-05-30 00:15:07] [INFO] ========== Phase 2C Monitoring Start ==========
[2026-05-30 00:15:07] [INFO] Run ID: 1780067707
[2026-05-30 00:15:07] [INFO] Phase2A: OK ✓
[2026-05-30 00:15:07] [INFO] Phase2B: Batch job not yet run today (will run once when Phase 2C starts)
[2026-05-30 00:15:07] [INFO] Phase2C: Not yet deployed (expected until 2026-05-30)
[2026-05-30 00:15:07] [INFO] Disk usage: 4%
[2026-05-30 00:15:07] [INFO] All services and disk checks passed ✓
[2026-05-30 00:15:07] [INFO] ========== Phase 2C Monitoring End (SUCCESS) ==========
[2026-05-30 01:04:01] [INFO] ========== Phase 2C Monitoring Start ==========
[2026-05-30 01:04:01] [INFO] Run ID: 1780070641
[2026-05-30 01:04:01] [INFO] Phase2A: OK ✓
[2026-05-30 01:04:01] [INFO] Phase2B: Batch job not yet run today (will run once when Phase 2C starts)
[2026-05-30 01:04:01] [INFO] Phase2C: Not yet deployed (expected until 2026-05-30)
[2026-05-30 01:04:01] [INFO] Disk usage: 4%
[2026-05-30 01:04:01] [INFO] All services and disk checks passed ✓
[2026-05-30 01:04:01] [INFO] ========== Phase 2C Monitoring End (SUCCESS) ==========
[2026-05-30 02:14:09] [INFO] ========== Phase 2C Monitoring Start ==========
[2026-05-30 02:14:09] [INFO] Run ID: 1780074849
[2026-05-30 02:14:09] [INFO] Phase2A: OK ✓
[2026-05-30 02:14:09] [INFO] Phase2B: Batch job not yet run today (will run once when Phase 2C starts)
[2026-05-30 02:14:09] [INFO] Phase2C: Not yet deployed (expected until 2026-05-30)
[2026-05-30 02:14:09] [INFO] Disk usage: 4%
[2026-05-30 02:14:09] [INFO] All services and disk checks passed ✓
[2026-05-30 02:14:09] [INFO] ========== Phase 2C Monitoring End (SUCCESS) ==========
