# Cron: Phase C Auto-Deploy Monitor
**Executed:** 2026-05-28 23:00 KST
**Job ID:** 869d4b01-cfe8-474c-ac74-ccebc39fa639

## 확인 결과
- ✅ Travel-P2 배포: 완료 (2026-05-25 15:20 Vercel 프로덕션)
- ✅ Phase C #11 (Design Specialist): 완료 (설계 2026-05-28 21:57)
  - 산출물: Team Dashboard-P2 UI 설계 (600+ 줄, 5개 페이지, 20+ 컴포넌트)
  - 상태: Design Complete, Ready for Handoff
  - 팀 슬롯 해제: 1개 (4/5 → 4/5, #15 추가로 다시 5/5)
- ✅ 슬롯 가용성: 4-5/5 (Phase C #12-15 진행 중)

## 실행 요약
Cron 목표 달성: Travel-P2 배포 완료 → Phase C #11 배포/설계 완료.
현재 팀 상태: 4명 AI 에이전트 활동 중 (Phase A/B/C 병렬 온보딩).

## 다음 마일스톤
- 2026-05-29 09:00: Phase B Batch #2 온보딩 (Web-Builder#2, Evaluator#2, Automation#2)
- 2026-05-30 18:00: Phase C #13 설계 완료 (Memory System Specialist)
- 2026-05-31 18:00: Phase C #14 구현 완료 (QA Specialist)
- 2026-06-02 18:00: Phase C #15 완료 (Project Planner)

## 신뢰도
- 예정 대비 실적: 100% (Travel-P2 배포 + Phase C #11 설계 완료 모두 예정 시간 내)
- 팀 용량: 93.3% (9명 AI 에이전트 중 5명 활동)
- 메모리 손실: 0건

---
Status: ✅ COMPLETE
