[2026-06-01 00:58:08] [INFO] ========== Phase 2C Monitoring Start ==========
[2026-06-01 00:58:08] [INFO] Run ID: 1780243088
[2026-06-01 00:58:08] [INFO] Phase2A: OK ✓
[2026-06-01 00:58:08] [INFO] Phase2B: Batch job not yet run today (will run once when Phase 2C starts)
[2026-06-01 00:58:08] [INFO] Phase2C: OK ✓
[2026-06-01 00:58:08] [INFO] Disk usage: 4%
[2026-06-01 00:58:08] [INFO] All services and disk checks passed ✓
[2026-06-01 00:58:08] [INFO] ========== Phase 2C Monitoring End (SUCCESS) ==========
[2026-06-01 01:03:51] [INFO] ========== Phase 2C Monitoring Start ==========
[2026-06-01 01:03:51] [INFO] Run ID: 1780243431
[2026-06-01 01:03:51] [INFO] Phase2A: OK ✓
[2026-06-01 01:03:51] [INFO] Phase2B: Batch job not yet run today (will run once when Phase 2C starts)
[2026-06-01 01:03:52] [INFO] Phase2C: OK ✓
[2026-06-01 01:03:52] [INFO] Disk usage: 4%
[2026-06-01 01:03:52] [INFO] All services and disk checks passed ✓
[2026-06-01 01:03:52] [INFO] ========== Phase 2C Monitoring End (SUCCESS) ==========
[2026-06-01 02:03:54] [INFO] ========== Phase 2C Monitoring Start ==========
[2026-06-01 02:03:54] [INFO] Run ID: 1780247034
[2026-06-01 02:03:54] [INFO] Phase2A: OK ✓
[2026-06-01 02:03:54] [INFO] Phase2B: Batch job not yet run today (will run once when Phase 2C starts)
[2026-06-01 02:03:54] [INFO] Phase2C: OK ✓
[2026-06-01 02:03:54] [INFO] Disk usage: 4%
[2026-06-01 02:03:54] [INFO] All services and disk checks passed ✓
[2026-06-01 02:03:54] [INFO] ========== Phase 2C Monitoring End (SUCCESS) ==========
[2026-06-01 03:03:58] [INFO] ========== Phase 2C Monitoring Start ==========
[2026-06-01 03:03:58] [INFO] Run ID: 1780250638
[2026-06-01 03:03:58] [INFO] Phase2A: OK ✓
[2026-06-01 03:03:58] [INFO] Phase2B: Batch job not yet run today (will run once when Phase 2C starts)
[2026-06-01 03:03:58] [INFO] Phase2C: OK ✓
[2026-06-01 03:03:58] [INFO] Disk usage: 4%
[2026-06-01 03:03:58] [INFO] All services and disk checks passed ✓
[2026-06-01 03:03:58] [INFO] ========== Phase 2C Monitoring End (SUCCESS) ==========
[2026-06-01 04:04:56] [INFO] ========== Phase 2C Monitoring Start ==========
[2026-06-01 04:04:56] [INFO] Run ID: 1780254296
[2026-06-01 04:04:56] [WARN] Phase2A: FAILED ✗
[2026-06-01 04:05:32] [INFO] ========== Phase 2C Monitoring Start ==========
[2026-06-01 04:05:32] [INFO] Run ID: 1780254332
[2026-06-01 04:05:32] [INFO] Phase2A: OK ✓
[2026-06-01 04:05:32] [INFO] Phase2B: Batch job not yet run today (will run once when Phase 2C starts)
[2026-06-01 04:05:32] [INFO] Phase2C: Not yet deployed (expected until 2026-05-30)
[2026-06-01 04:05:32] [INFO] Disk usage: 4%
[2026-06-01 04:05:32] [INFO] All services and disk checks passed ✓
[2026-06-01 04:05:32] [INFO] ========== Phase 2C Monitoring End (SUCCESS) ==========
[2026-06-01 04:05:34] [INFO] ========== Phase 2C Monitoring Start ==========
[2026-06-01 04:05:34] [INFO] Run ID: 1780254334
[2026-06-01 04:05:34] [INFO] Phase2A: OK ✓
[2026-06-01 04:05:34] [INFO] Phase2B: Batch job not yet run today (will run once when Phase 2C starts)
[2026-06-01 04:05:34] [INFO] Phase2C: Not yet deployed (expected until 2026-05-30)
[2026-06-01 04:05:34] [INFO] Disk usage: 4%
[2026-06-01 04:05:34] [INFO] All services and disk checks passed ✓
[2026-06-01 04:05:34] [INFO] ========== Phase 2C Monitoring End (SUCCESS) ==========
[2026-06-01 05:03:59] [INFO] ========== Phase 2C Monitoring Start ==========
[2026-06-01 05:03:59] [INFO] Run ID: 1780257839
[2026-06-01 05:03:59] [INFO] Phase2A: OK ✓
[2026-06-01 05:03:59] [INFO] Phase2B: Batch job not yet run today (will run once when Phase 2C starts)
[2026-06-01 05:03:59] [INFO] Phase2C: Not yet deployed (expected until 2026-05-30)
[2026-06-01 05:03:59] [INFO] Disk usage: 4%
[2026-06-01 05:03:59] [INFO] All services and disk checks passed ✓
[2026-06-01 05:03:59] [INFO] ========== Phase 2C Monitoring End (SUCCESS) ==========
[2026-06-01 06:05:57] [INFO] ========== Phase 2C Monitoring Start ==========
[2026-06-01 06:05:57] [INFO] Run ID: 1780261557
[2026-06-01 06:05:57] [INFO] Phase2A: OK ✓
[2026-06-01 06:05:57] [INFO] Phase2B: Batch job not yet run today (will run once when Phase 2C starts)
[2026-06-01 06:05:57] [INFO] Phase2C: Not yet deployed (expected until 2026-05-30)
[2026-06-01 06:05:57] [INFO] Disk usage: 4%
[2026-06-01 06:05:57] [INFO] All services and disk checks passed ✓
[2026-06-01 06:05:57] [INFO] ========== Phase 2C Monitoring End (SUCCESS) ==========
[2026-06-01 07:03:57] [INFO] ========== Phase 2C Monitoring Start ==========
[2026-06-01 07:03:57] [INFO] Run ID: 1780265037
[2026-06-01 07:03:57] [INFO] Phase2A: OK ✓
[2026-06-01 07:03:57] [INFO] Phase2B: Batch job not yet run today (will run once when Phase 2C starts)
[2026-06-01 07:03:57] [INFO] Phase2C: OK ✓
[2026-06-01 07:03:57] [INFO] Disk usage: 4%
[2026-06-01 07:03:57] [INFO] All services and disk checks passed ✓
[2026-06-01 07:03:57] [INFO] ========== Phase 2C Monitoring End (SUCCESS) ==========
[2026-06-01 08:10:03] [INFO] ========== Phase 2C Monitoring Start ==========
[2026-06-01 08:10:03] [INFO] Run ID: 1780269003
[2026-06-01 08:10:03] [INFO] Phase2A: OK ✓
[2026-06-01 08:10:03] [INFO] Phase2B: Batch job not yet run today (will run once when Phase 2C starts)
[2026-06-01 08:10:03] [INFO] Phase2C: OK ✓
[2026-06-01 08:10:03] [INFO] Disk usage: 4%
[2026-06-01 08:10:03] [INFO] All services and disk checks passed ✓
[2026-06-01 08:10:03] [INFO] ========== Phase 2C Monitoring End (SUCCESS) ==========
[2026-06-01 09:11:07] [INFO] ========== Phase 2C Monitoring Start ==========
[2026-06-01 09:11:07] [INFO] Run ID: 1780272667
[2026-06-01 09:11:07] [INFO] Phase2A: OK ✓
[2026-06-01 09:11:07] [INFO] Phase2B: ✓ Batch job COMPLETED (dedup output exists)
[2026-06-01 09:11:07] [INFO] Phase2C: OK ✓
[2026-06-01 09:11:07] [INFO] Disk usage: 4%
[2026-06-01 09:11:07] [INFO] All services and disk checks passed ✓
[2026-06-01 09:11:07] [INFO] ========== Phase 2C Monitoring End (SUCCESS) ==========
[2026-06-01 14:45:43] [INFO] ========== Phase 2C Monitoring Start ==========
[2026-06-01 14:45:43] [INFO] Run ID: 1780292743
[2026-06-01 14:45:43] [WARN] Phase2A: FAILED ✗
[2026-06-01 15:51:54] [INFO] ========== Phase 2C Monitoring Start ==========
[2026-06-01 15:51:54] [INFO] Run ID: 1780296714
[2026-06-01 15:51:54] [INFO] Phase2A: OK ✓
[2026-06-01 15:51:54] [INFO] Phase2B: ✓ Batch job COMPLETED (dedup output exists)
[2026-06-01 15:51:54] [INFO] Phase2C: Not yet deployed (expected until 2026-05-30)
[2026-06-01 15:51:54] [INFO] Disk usage: 4%
[2026-06-01 15:51:54] [INFO] All services and disk checks passed ✓
[2026-06-01 15:51:54] [INFO] ========== Phase 2C Monitoring End (SUCCESS) ==========
[2026-06-01 16:52:36] [INFO] ========== Phase 2C Monitoring Start ==========
[2026-06-01 16:52:36] [INFO] Run ID: 1780300356
[2026-06-01 16:52:36] [INFO] Phase2A: OK ✓
[2026-06-01 16:52:36] [INFO] Phase2B: ✓ Batch job COMPLETED (dedup output exists)
[2026-06-01 16:52:36] [INFO] Phase2C: Not yet deployed (expected until 2026-05-30)
[2026-06-01 16:52:36] [INFO] Disk usage: 4%
[2026-06-01 16:52:36] [INFO] All services and disk checks passed ✓
[2026-06-01 16:52:36] [INFO] ========== Phase 2C Monitoring End (SUCCESS) ==========
[2026-06-01 17:53:37] [INFO] ========== Phase 2C Monitoring Start ==========
[2026-06-01 17:53:37] [INFO] Run ID: 1780304017
[2026-06-01 17:53:37] [INFO] Phase2A: OK ✓
[2026-06-01 17:53:38] [INFO] Phase2B: ✓ Batch job COMPLETED (dedup output exists)
[2026-06-01 17:53:38] [INFO] Phase2C: Not yet deployed (expected until 2026-05-30)
[2026-06-01 17:53:38] [INFO] Disk usage: 4%
[2026-06-01 17:53:38] [INFO] All services and disk checks passed ✓
[2026-06-01 17:53:38] [INFO] ========== Phase 2C Monitoring End (SUCCESS) ==========
[2026-06-01 21:29:06] [INFO] ========== Phase 2C Monitoring Start ==========
[2026-06-01 21:29:06] [INFO] Run ID: 1780316946
[2026-06-01 21:29:06] [WARN] Phase2A: FAILED ✗
[2026-06-01 21:29:38] [INFO] ========== Phase 2C Monitoring Start ==========
[2026-06-01 21:29:38] [INFO] Run ID: 1780316978
[2026-06-01 21:29:38] [INFO] Phase2A: OK ✓
[2026-06-01 21:29:38] [INFO] Phase2B: ✓ Batch job COMPLETED (dedup output exists)
[2026-06-01 21:29:38] [INFO] Phase2C: Not yet deployed (expected until 2026-05-30)
[2026-06-01 21:29:38] [INFO] Disk usage: 4%
[2026-06-01 21:29:38] [INFO] All services and disk checks passed ✓
[2026-06-01 21:29:38] [INFO] ========== Phase 2C Monitoring End (SUCCESS) ==========
[2026-06-01 22:30:25] [INFO] ========== Phase 2C Monitoring Start ==========
[2026-06-01 22:30:25] [INFO] Run ID: 1780320625
[2026-06-01 22:30:25] [INFO] Phase2A: OK ✓
[2026-06-01 22:30:25] [INFO] Phase2B: ✓ Batch job COMPLETED (dedup output exists)
[2026-06-01 22:30:25] [INFO] Phase2C: Not yet deployed (expected until 2026-05-30)
[2026-06-01 22:30:25] [INFO] Disk usage: 4%
[2026-06-01 22:30:25] [INFO] All services and disk checks passed ✓
[2026-06-01 22:30:25] [INFO] ========== Phase 2C Monitoring End (SUCCESS) ==========
[2026-06-01 23:35:30] [INFO] ========== Phase 2C Monitoring Start ==========
[2026-06-01 23:35:30] [INFO] Run ID: 1780324530
[2026-06-01 23:35:30] [INFO] Phase2A: OK ✓
[2026-06-01 23:35:30] [INFO] Phase2B: ✓ Batch job COMPLETED (dedup output exists)
[2026-06-01 23:35:30] [INFO] Phase2C: Not yet deployed (expected until 2026-05-30)
[2026-06-01 23:35:30] [INFO] Disk usage: 4%
[2026-06-01 23:35:30] [INFO] All services and disk checks passed ✓
[2026-06-01 23:35:30] [INFO] ========== Phase 2C Monitoring End (SUCCESS) ==========
