[2026-05-31 01:03:57] [INFO] ========== Phase 2C Monitoring Start ==========
[2026-05-31 01:03:57] [INFO] Run ID: 1780157037
[2026-05-31 01:03:57] [INFO] Phase2A: OK ✓
[2026-05-31 01:03:57] [INFO] Phase2B: Batch job not yet run today (will run once when Phase 2C starts)
[2026-05-31 01:03:57] [INFO] Phase2C: Not yet deployed (expected until 2026-05-30)
[2026-05-31 01:03:57] [INFO] Disk usage: 4%
[2026-05-31 01:03:57] [INFO] All services and disk checks passed ✓
[2026-05-31 01:03:57] [INFO] ========== Phase 2C Monitoring End (SUCCESS) ==========
[2026-05-31 02:04:28] [INFO] ========== Phase 2C Monitoring Start ==========
[2026-05-31 02:04:28] [INFO] Run ID: 1780160668
[2026-05-31 02:04:28] [INFO] Phase2A: OK ✓
[2026-05-31 02:04:28] [INFO] Phase2B: Batch job not yet run today (will run once when Phase 2C starts)
[2026-05-31 02:04:28] [INFO] Phase2C: Not yet deployed (expected until 2026-05-30)
[2026-05-31 02:04:28] [INFO] Disk usage: 4%
[2026-05-31 02:04:28] [INFO] All services and disk checks passed ✓
[2026-05-31 02:04:28] [INFO] ========== Phase 2C Monitoring End (SUCCESS) ==========
[2026-05-31 03:04:43] [INFO] ========== Phase 2C Monitoring Start ==========
[2026-05-31 03:04:43] [INFO] Run ID: 1780164283
[2026-05-31 03:04:43] [INFO] Phase2A: OK ✓
[2026-05-31 03:04:43] [INFO] Phase2B: Batch job not yet run today (will run once when Phase 2C starts)
[2026-05-31 03:04:43] [INFO] Phase2C: Not yet deployed (expected until 2026-05-30)
[2026-05-31 03:04:43] [INFO] Disk usage: 4%
[2026-05-31 03:04:43] [INFO] All services and disk checks passed ✓
[2026-05-31 03:04:43] [INFO] ========== Phase 2C Monitoring End (SUCCESS) ==========
