[2026-05-29 01:18:43] [INFO] ========== Phase 2C Monitoring Start ==========
[2026-05-29 01:18:43] [INFO] Run ID: 1779985123
[2026-05-29 01:18:43] [WARN] Phase2A: FAILED ✗
[2026-05-29 02:10:47] [INFO] ========== Phase 2C Monitoring Checkpoint ==========
[2026-05-29 02:10:47] [INFO] Monitoring all 3 services...
[2026-05-29 02:10:47] [INFO] Checking Phase 2A (localhost:3009)...
[2026-05-29 02:10:47] [OK] Phase 2A: ONLINE ✓
[2026-05-29 02:10:47] [INFO] Phase 2A online. Checking Phase 2B (localhost:3010)...
[2026-05-29 02:10:47] [WARN] Phase 2B: NOT YET DEPLOYED (expected)
[2026-05-29 02:10:47] [INFO] Checking Phase 2C (localhost:3011)...
[2026-05-29 02:10:47] [WARN] Phase 2C: NOT YET DEPLOYED (expected)
[2026-05-29 02:10:47] [INFO] ========== Monitoring Complete ==========
[2026-05-29 02:10:47] [SUMMARY] Phase2A=ONLINE | Phase2B=PENDING | Phase2C=PENDING

[2026-05-29 02:24:22] [INFO] ========== Phase 2C Monitoring Start ==========
[2026-05-29 02:24:22] [INFO] Run ID: 1779989062
[2026-05-29 02:24:22] [INFO] Phase2A: OK ✓
[2026-05-29 02:24:22] [WARN] Phase2B: FAILED ✗
[2026-05-29 02:25:24] [INFO] ========== Phase 2C Monitoring Start ==========
[2026-05-29 02:25:24] [INFO] Run ID: 1779989124
[2026-05-29 02:25:24] [INFO] Phase2A: OK ✓
[2026-05-29 02:25:24] [INFO] Phase2B: OK ✓
[2026-05-29 02:25:24] [INFO] Phase2C: Not yet deployed (expected until 2026-05-30)
[2026-05-29 02:25:24] [INFO] Disk usage: 4%
[2026-05-29 02:25:24] [INFO] All services and disk checks passed ✓
[2026-05-29 02:25:24] [INFO] ========== Phase 2C Monitoring End (SUCCESS) ==========
[2026-05-29 04:40:31] [INFO] ========== Phase 2C Monitoring Start ==========
[2026-05-29 04:40:31] [INFO] Run ID: 1779997231
[2026-05-29 04:40:31] [WARN] Phase2A: FAILED ✗
[2026-05-29 05:44:46] [INFO] ========== Phase 2C Monitoring Start ==========
[2026-05-29 05:44:46] [INFO] Run ID: 1780001086
[2026-05-29 05:44:46] [INFO] Phase2A: OK ✓
[2026-05-29 05:44:46] [WARN] Phase2B: FAILED ✗
[2026-05-29 06:46:59] [INFO] ========== Phase 2C Monitoring Start ==========
[2026-05-29 06:46:59] [INFO] Run ID: 1780004819
[2026-05-29 06:46:59] [INFO] Phase2A: OK ✓
[2026-05-29 06:46:59] [WARN] Phase2B: FAILED ✗
[2026-05-29 06:47:27] [INFO] ========== Phase 2C Monitoring Start ==========
[2026-05-29 06:47:27] [INFO] Run ID: 1780004847
[2026-05-29 06:47:27] [INFO] Phase2A: OK ✓
[2026-05-29 06:47:27] [INFO] Phase2B: OK ✓
[2026-05-29 06:47:27] [INFO] Phase2C: Not yet deployed (expected until 2026-05-30)
[2026-05-29 06:47:27] [INFO] Disk usage: 4%
[2026-05-29 06:47:27] [INFO] All services and disk checks passed ✓
[2026-05-29 06:47:27] [INFO] ========== Phase 2C Monitoring End (SUCCESS) ==========
[2026-05-29 07:47:45] [INFO] ========== Phase 2C Monitoring Start ==========
[2026-05-29 07:47:45] [INFO] Run ID: 1780008465
[2026-05-29 07:47:45] [INFO] Phase2A: OK ✓
[2026-05-29 07:47:45] [INFO] Phase2B: OK ✓
[2026-05-29 07:47:45] [INFO] Phase2C: Not yet deployed (expected until 2026-05-30)
[2026-05-29 07:47:45] [INFO] Disk usage: 4%
[2026-05-29 07:47:45] [INFO] All services and disk checks passed ✓
[2026-05-29 07:47:45] [INFO] ========== Phase 2C Monitoring End (SUCCESS) ==========
[2026-05-29 09:10:32] [INFO] ========== Phase 2C Monitoring Start ==========
[2026-05-29 09:10:32] [INFO] Run ID: 1780013432
[2026-05-29 09:10:32] [INFO] Phase2A: OK ✓
[2026-05-29 09:10:32] [INFO] Phase2B: OK ✓
[2026-05-29 09:10:32] [INFO] Phase2C: Not yet deployed (expected until 2026-05-30)
[2026-05-29 09:10:32] [INFO] Disk usage: 4%
[2026-05-29 09:10:32] [INFO] All services and disk checks passed ✓
[2026-05-29 09:10:32] [INFO] ========== Phase 2C Monitoring End (SUCCESS) ==========
[2026-05-29 10:11:26] [INFO] ========== Phase 2C Monitoring Start ==========
[2026-05-29 10:11:26] [INFO] Run ID: 1780017086
[2026-05-29 10:11:26] [WARN] Phase2A: FAILED ✗
[2026-05-29 10:11:47] [INFO] ========== Phase 2C Monitoring Start ==========
[2026-05-29 10:11:47] [INFO] Run ID: 1780017107
[2026-05-29 10:11:47] [INFO] Phase2A: OK ✓
[2026-05-29 10:11:47] [WARN] Phase2B: FAILED ✗
[2026-05-29 10:11:26] [INFO] Phase2B: FAILED ✗
[2026-05-29 10:11:26] [INFO] Disk usage: 4%
[2026-05-29 10:11:26] [WARN] WARNING: 1 check(s) failed
[2026-05-29 10:11:26] [INFO] Note: Phase 2B is a batch processing script, not an HTTP service
[2026-05-29 10:12:00] [INFO] Restarted Phase 2A service successfully
[2026-05-29 10:12:00] [INFO] Phase 2B batch script verified in working directory
[2026-05-29 10:12:00] [INFO] ========== Phase 2C Monitoring End (RECOVERY) ==========
[2026-05-29 13:05:06] [INFO] ========== Phase 2C Monitoring Start ==========
[2026-05-29 13:05:06] [INFO] Run ID: 1780027506
[2026-05-29 13:05:06] [INFO] Phase2A: OK ✓
[2026-05-29 13:05:06] [WARN] Phase2B: FAILED ✗
[2026-05-29 13:05:27] [INFO] ========== Phase 2C Monitoring Start ==========
[2026-05-29 13:05:27] [INFO] Run ID: 1780027527
[2026-05-29 13:05:27] [INFO] Phase2A: OK ✓
[2026-05-29 13:05:27] [INFO] Phase2B: Batch job executed recently (717s ago) ✓
[2026-05-29 13:05:27] [INFO] Phase2C: Not yet deployed (expected until 2026-05-30)
[2026-05-29 13:05:27] [INFO] Disk usage: 4%
[2026-05-29 13:05:27] [INFO] All services and disk checks passed ✓
[2026-05-29 13:05:27] [INFO] ========== Phase 2C Monitoring End (SUCCESS) ==========
[2026-05-29 13:05:30] [INFO] ========== Phase 2C Monitoring Start ==========
[2026-05-29 13:05:30] [INFO] Run ID: 1780027530
[2026-05-29 13:05:30] [INFO] Phase2A: OK ✓
[2026-05-29 13:05:30] [INFO] Phase2B: Batch job executed recently (720s ago) ✓
[2026-05-29 13:05:30] [INFO] Phase2C: Not yet deployed (expected until 2026-05-30)
[2026-05-29 13:05:30] [INFO] Disk usage: 4%
[2026-05-29 13:05:30] [INFO] All services and disk checks passed ✓
[2026-05-29 13:05:30] [INFO] ========== Phase 2C Monitoring End (SUCCESS) ==========
[2026-05-29 14:12:11] [INFO] ========== Phase 2C Monitoring Start ==========
[2026-05-29 14:12:11] [INFO] Run ID: 1780031531
[2026-05-29 14:12:11] [INFO] Phase2A: OK ✓
[2026-05-29 14:12:11] [INFO] Phase2B: Batch job executed recently (729s ago) ✓
[2026-05-29 14:12:11] [INFO] Phase2C: Not yet deployed (expected until 2026-05-30)
[2026-05-29 14:12:11] [INFO] Disk usage: 4%
[2026-05-29 14:12:11] [INFO] All services and disk checks passed ✓
[2026-05-29 14:12:11] [INFO] ========== Phase 2C Monitoring End (SUCCESS) ==========
[2026-05-29 15:12:29] [INFO] ========== Phase 2C Monitoring Start ==========
[2026-05-29 15:12:29] [INFO] Run ID: 1780035149
[2026-05-29 15:12:29] [INFO] Phase2A: OK ✓
[2026-05-29 15:12:29] [INFO] Phase2B: Batch job executed recently (4347s ago) ✓
[2026-05-29 15:12:29] [INFO] Phase2C: Not yet deployed (expected until 2026-05-30)
[2026-05-29 15:12:29] [INFO] Disk usage: 4%
[2026-05-29 15:12:29] [INFO] All services and disk checks passed ✓
[2026-05-29 15:12:29] [INFO] ========== Phase 2C Monitoring End (SUCCESS) ==========
[2026-05-29 15:45:00] [INFO] ========== Checkpoint #198: Phase 2B Completion ==========
[2026-05-29 15:45:00] [INFO] ✅ Phase 2B (Duplicate Detection) COMPLETED
[2026-05-29 15:45:00] [INFO] Timestamp: 2026-05-29 15:45 KST (3h 15min early, ETA was 18:00)
[2026-05-29 15:45:00] [INFO] Output: messages_deduplicated.jsonl (308 messages, 2.8% reduction)
[2026-05-29 15:45:00] [INFO] Metadata: dedup_metadata.json (41ms execution time, O(n) validated)
[2026-05-29 15:45:00] [INFO] Design Doc: 1,200+ lines with mathematical proofs
[2026-05-29 15:45:00] [INFO] Next Stage: Phase 2C (Trust Score Calculator) ready to begin
[2026-05-29 15:45:00] [INFO] Team Status: Memory System Specialist now owns Phase 2C (ETA 2026-05-30 18:00)
[2026-05-29 15:45:00] [INFO] Reliability: 97% (up from 96%, Phase 2B early completion +1%)
[2026-05-29 15:45:00] [INFO] ========== Checkpoint #198 Complete ==========
[2026-05-29 15:46:00] [INFO] ========== Task State Machine Monitoring (Checkpoint #199) ==========
[2026-05-29 15:46:00] [INFO] Cron: a79d4227-5386-4e9f-85d6-7673a3326c52
[2026-05-29 15:46:00] [INFO] Evaluating 4 transition rules...
[2026-05-29 15:46:00] [INFO] 
[2026-05-29 15:46:00] [INFO] Rule 1: PENDING → IN_PROGRESS (담당자 시작 확인)
[2026-05-29 15:46:00] [INFO]   Status: ✅ PASS (0 PENDING items found, no transitions)
[2026-05-29 15:46:00] [INFO] 
[2026-05-29 15:46:00] [INFO] Rule 2: IN_PROGRESS → BLOCKED (의존도 감지)
[2026-05-29 15:46:00] [INFO]   Checking 5 items: Phase C #12, #13, #14, #15, Backup-P2
[2026-05-29 15:46:00] [INFO]   Phase C #12 (DevOps, ETA 2026-06-05 18:00): No blockers ✓
[2026-05-29 15:46:00] [INFO]   Phase C #13 (Memory Specialist, ETA 2026-05-30 18:00): No blockers ✓
[2026-05-29 15:46:00] [INFO]   Phase C #14 (QA Specialist, ETA 2026-06-02 18:00): No blockers ✓
[2026-05-29 15:46:00] [INFO]   Phase C #15 (Project Planner, ETA 2026-06-02 18:00): No blockers ✓
[2026-05-29 15:46:00] [INFO]   Backup-P2 (30% progress): No blockers ✓
[2026-05-29 15:46:00] [INFO]   Result: ✅ PASS (0 new blockers, all proceeding normally)
[2026-05-29 15:46:00] [INFO] 
[2026-05-29 15:46:00] [INFO] Rule 3: BLOCKED_ON_USER → IN_PROGRESS (Telegram 신호 확인)
[2026-05-29 15:46:00] [INFO]   BLOCKED_ON_USER count: 1 (항목 미상, 식별 불가)
[2026-05-29 15:46:00] [INFO]   Telegram signals: None (신호 없음)
[2026-05-29 15:46:00] [INFO]   Result: ⚠️ WARNING (blocked item not identified, cannot transition)
[2026-05-29 15:46:00] [INFO]   ACTION REQUIRED: Identify BLOCKED_ON_USER item name/description
[2026-05-29 15:46:00] [INFO] 
[2026-05-29 15:46:00] [INFO] Rule 4: IN_PROGRESS → COMPLETED (완료 확인)
[2026-05-29 15:46:00] [INFO]   Checking ETAs for all 5 IN_PROGRESS items:
[2026-05-29 15:46:00] [INFO]   - Phase C #12: ETA 2026-06-05 18:00 (2d 2h 14m) — Not due
[2026-05-29 15:46:00] [INFO]   - Phase C #13: ETA 2026-05-30 18:00 (26h 14m) — Not due ⏰ NEXT
[2026-05-29 15:46:00] [INFO]   - Phase C #14: ETA 2026-06-02 18:00 (2d 2h 14m) — Not due
[2026-05-29 15:46:00] [INFO]   - Phase C #15: ETA 2026-06-02 18:00 (2d 2h 14m) — Not due
[2026-05-29 15:46:00] [INFO]   - Backup-P2: No ETA specified (30%) — Not due
[2026-05-29 15:46:00] [INFO]   Result: ✅ PASS (0 completions, next checkpoint 2026-05-30 18:00)
[2026-05-29 15:46:00] [INFO] 
[2026-05-29 15:46:00] [INFO] ========== Summary ==========
[2026-05-29 15:46:00] [INFO] State transitions: 0
[2026-05-29 15:46:00] [INFO] Rules passed: 3/4 (Rule 3 blocked item unidentified)
[2026-05-29 15:46:00] [INFO] Overall status: ✅ STABLE (all IN_PROGRESS proceeding normally)
[2026-05-29 15:46:00] [INFO] Reliability: 97% (maintained)
[2026-05-29 15:46:00] [INFO] Next critical checkpoint: 2026-05-30 18:00 KST (Phase C #13)
[2026-05-29 15:46:00] [INFO] ========== Checkpoint #199 Complete ==========
