[2026-06-02 00:35:46] [INFO] ========== Phase 2C Monitoring Start ==========
[2026-06-02 00:35:46] [INFO] Run ID: 1780328146
[2026-06-02 00:35:46] [INFO] Phase2A: OK ✓
[2026-06-02 00:35:46] [INFO] Phase2B: Batch job not yet run today (will run once when Phase 2C starts)
[2026-06-02 00:35:46] [INFO] Phase2C: Not yet deployed (expected until 2026-05-30)
[2026-06-02 00:35:46] [INFO] Disk usage: 4%
[2026-06-02 00:35:46] [INFO] All services and disk checks passed ✓
[2026-06-02 00:35:46] [INFO] ========== Phase 2C Monitoring End (SUCCESS) ==========
[2026-06-02 01:36:07] [INFO] ========== Phase 2C Monitoring Start ==========
[2026-06-02 01:36:07] [INFO] Run ID: 1780331767
[2026-06-02 01:36:07] [INFO] Phase2A: OK ✓
[2026-06-02 01:36:07] [INFO] Phase2B: Batch job not yet run today (will run once when Phase 2C starts)
[2026-06-02 01:36:07] [INFO] Phase2C: Not yet deployed (expected until 2026-05-30)
[2026-06-02 01:36:07] [INFO] Disk usage: 4%
[2026-06-02 01:36:07] [INFO] All services and disk checks passed ✓
[2026-06-02 01:36:07] [INFO] ========== Phase 2C Monitoring End (SUCCESS) ==========
[2026-06-02 02:36:22] [INFO] ========== Phase 2C Monitoring Start ==========
[2026-06-02 02:36:22] [INFO] Run ID: 1780335382
[2026-06-02 02:36:22] [INFO] Phase2A: OK ✓
[2026-06-02 02:36:22] [INFO] Phase2B: Batch job not yet run today (will run once when Phase 2C starts)
[2026-06-02 02:36:22] [INFO] Phase2C: Not yet deployed (expected until 2026-05-30)
[2026-06-02 02:36:22] [INFO] Disk usage: 4%
[2026-06-02 02:36:22] [INFO] All services and disk checks passed ✓
[2026-06-02 02:36:22] [INFO] ========== Phase 2C Monitoring End (SUCCESS) ==========
[2026-06-02 12:03:57] [INFO] ========== Phase 2C Monitoring Start ==========
[2026-06-02 12:03:57] [INFO] Run ID: 1780369437
[2026-06-02 12:03:57] [WARN] Phase2A: FAILED ✗
[2026-06-02 12:04:12] [INFO] ========== Phase 2C Monitoring Start ==========
[2026-06-02 12:04:12] [INFO] Run ID: 1780369452
[2026-06-02 12:04:12] [INFO] Phase2A: OK ✓
[2026-06-02 12:04:12] [INFO] Phase2B: ✓ Batch job COMPLETED (dedup output exists)
[2026-06-02 12:04:12] [INFO] Phase2C: Not yet deployed (expected until 2026-05-30)
[2026-06-02 12:04:12] [INFO] Disk usage: 4%
[2026-06-02 12:04:12] [INFO] All services and disk checks passed ✓
[2026-06-02 12:04:12] [INFO] ========== Phase 2C Monitoring End (SUCCESS) ==========
