[2026-05-28 01:07:13] [INFO] ========== Phase 2C Monitoring Start ==========
[2026-05-28 01:07:13] [INFO] Run ID: 1779898033
[2026-05-28 01:07:13] [INFO] Phase2A: OK ✓
[2026-05-28 01:07:13] [INFO] Phase2B: OK ✓
[2026-05-28 01:07:13] [INFO] Phase2C: Not yet deployed (expected until 2026-05-30)
[2026-05-28 01:07:13] [INFO] Disk usage: 3%
[2026-05-28 01:07:13] [INFO] All services and disk checks passed ✓
[2026-05-28 01:07:13] [INFO] ========== Phase 2C Monitoring End (SUCCESS) ==========
[2026-05-28 02:07:46] [INFO] ========== Phase 2C Monitoring Start ==========
[2026-05-28 02:07:46] [INFO] Run ID: 1779901666
[2026-05-28 02:07:46] [INFO] Phase2A: OK ✓
[2026-05-28 02:07:46] [INFO] Phase2B: OK ✓
[2026-05-28 02:07:46] [INFO] Phase2C: Not yet deployed (expected until 2026-05-30)
[2026-05-28 02:07:46] [INFO] Disk usage: 3%
[2026-05-28 02:07:46] [INFO] All services and disk checks passed ✓
[2026-05-28 02:07:46] [INFO] ========== Phase 2C Monitoring End (SUCCESS) ==========
[2026-05-28 03:29:57] [INFO] ========== Phase 2C Monitoring Start ==========
[2026-05-28 03:29:57] [INFO] Run ID: 1779906597
[2026-05-28 03:29:57] [INFO] Phase2A: OK ✓
[2026-05-28 03:29:57] [INFO] Phase2B: OK ✓
[2026-05-28 03:29:57] [INFO] Phase2C: Not yet deployed (expected until 2026-05-30)
[2026-05-28 03:29:57] [INFO] Disk usage: 3%
[2026-05-28 03:29:57] [INFO] All services and disk checks passed ✓
[2026-05-28 03:29:57] [INFO] ========== Phase 2C Monitoring End (SUCCESS) ==========
[2026-05-28 04:31:03] [INFO] ========== Phase 2C Monitoring Start ==========
[2026-05-28 04:31:03] [INFO] Run ID: 1779910263
[2026-05-28 04:31:03] [WARN] Phase2A: FAILED ✗
[2026-05-28 04:31:22] [INFO] ========== Phase 2C Monitoring Start ==========
[2026-05-28 04:31:22] [INFO] Run ID: 1779910282
[2026-05-28 04:31:22] [INFO] Phase2A: OK ✓
[2026-05-28 04:31:22] [WARN] Phase2B: FAILED ✗
[2026-05-28 04:31:53] [INFO] ========== Phase 2C Monitoring Start ==========
[2026-05-28 04:31:53] [INFO] Run ID: 1779910313
[2026-05-28 04:31:53] [INFO] Phase2A: OK ✓
[2026-05-28 04:31:53] [INFO] Phase2B: OK ✓
[2026-05-28 04:31:53] [INFO] Phase2C: Not yet deployed (expected until 2026-05-30)
[2026-05-28 04:31:53] [INFO] Disk usage: 3%
[2026-05-28 04:31:54] [INFO] All services and disk checks passed ✓
[2026-05-28 04:31:54] [INFO] ========== Phase 2C Monitoring End (SUCCESS) ==========
[2026-05-28 05:32:42] [INFO] ========== Phase 2C Monitoring Start ==========
[2026-05-28 05:32:42] [INFO] Run ID: 1779913962
[2026-05-28 05:32:42] [INFO] Phase2A: OK ✓
[2026-05-28 05:32:42] [INFO] Phase2B: OK ✓
[2026-05-28 05:32:42] [INFO] Phase2C: Not yet deployed (expected until 2026-05-30)
[2026-05-28 05:32:42] [INFO] Disk usage: 3%
[2026-05-28 05:32:42] [INFO] All services and disk checks passed ✓
[2026-05-28 05:32:42] [INFO] ========== Phase 2C Monitoring End (SUCCESS) ==========
[2026-05-28 06:33:01] [INFO] ========== Phase 2C Monitoring Start ==========
[2026-05-28 06:33:01] [INFO] Run ID: 1779917581
[2026-05-28 06:33:01] [INFO] Phase2A: OK ✓
[2026-05-28 06:33:01] [INFO] Phase2B: OK ✓
[2026-05-28 06:33:01] [INFO] Phase2C: Not yet deployed (expected until 2026-05-30)
[2026-05-28 06:33:01] [INFO] Disk usage: 3%
[2026-05-28 06:33:01] [INFO] All services and disk checks passed ✓
[2026-05-28 06:33:01] [INFO] ========== Phase 2C Monitoring End (SUCCESS) ==========
[2026-05-28 07:33:21] [INFO] ========== Phase 2C Monitoring Start ==========
[2026-05-28 07:33:21] [INFO] Run ID: 1779921201
[2026-05-28 07:33:21] [INFO] Phase2A: OK ✓
[2026-05-28 07:33:21] [INFO] Phase2B: OK ✓
[2026-05-28 07:33:21] [INFO] Phase2C: Not yet deployed (expected until 2026-05-30)
[2026-05-28 07:33:21] [INFO] Disk usage: 3%
[2026-05-28 07:33:21] [INFO] All services and disk checks passed ✓
[2026-05-28 07:33:21] [INFO] ========== Phase 2C Monitoring End (SUCCESS) ==========
[2026-05-28 08:39:15] [INFO] ========== Phase 2C Monitoring Start ==========
[2026-05-28 08:39:15] [INFO] Run ID: 1779925155
[2026-05-28 08:39:15] [INFO] Phase2A: OK ✓
[2026-05-28 08:39:15] [INFO] Phase2B: OK ✓
[2026-05-28 08:39:15] [INFO] Phase2C: Not yet deployed (expected until 2026-05-30)
[2026-05-28 08:39:15] [INFO] Disk usage: 3%
[2026-05-28 08:39:15] [INFO] All services and disk checks passed ✓
[2026-05-28 08:39:15] [INFO] ========== Phase 2C Monitoring End (SUCCESS) ==========
[2026-05-28 09:42:58] [INFO] ========== Phase 2C Monitoring Start ==========
[2026-05-28 09:42:58] [INFO] Run ID: 1779928978
[2026-05-28 09:42:58] [INFO] Phase2A: OK ✓
[2026-05-28 09:42:58] [INFO] Phase2B: OK ✓
[2026-05-28 09:42:58] [INFO] Phase2C: Not yet deployed (expected until 2026-05-30)
[2026-05-28 09:42:58] [INFO] Disk usage: 3%
[2026-05-28 09:42:58] [INFO] All services and disk checks passed ✓
[2026-05-28 09:42:58] [INFO] ========== Phase 2C Monitoring End (SUCCESS) ==========
[2026-05-28 12:37:20] [INFO] ========== Phase 2C Monitoring Start ==========
[2026-05-28 12:37:20] [INFO] Run ID: 1779939440
[2026-05-28 12:37:20] [WARN] Phase2A: FAILED ✗
[2026-05-28 12:37:37] [INFO] ========== Phase 2C Monitoring Start ==========
[2026-05-28 12:37:37] [INFO] Run ID: 1779939457
[2026-05-28 12:37:37] [INFO] Phase2A: OK ✓
[2026-05-28 12:37:37] [WARN] Phase2B: FAILED ✗
[2026-05-28 12:37:50] [INFO] ========== Phase 2C Monitoring Start ==========
[2026-05-28 12:37:50] [INFO] Run ID: 1779939470
[2026-05-28 12:37:50] [INFO] Phase2A: OK ✓
[2026-05-28 12:37:50] [WARN] Phase2B: FAILED ✗
[2026-05-28 14:40:22] [INFO] ========== Phase 2C Monitoring Start ==========
[2026-05-28 14:40:22] [INFO] Run ID: 1779946822
[2026-05-28 14:40:22] [WARN] Phase2A: FAILED ✗
[2026-05-28 14:40:43] [INFO] ========== Phase 2C Monitoring Start ==========
[2026-05-28 14:40:43] [INFO] Run ID: 1779946843
[2026-05-28 14:40:43] [INFO] Phase2A: OK ✓
[2026-05-28 14:40:43] [INFO] Phase2B: OK ✓
[2026-05-28 14:40:43] [INFO] Phase2C: Not yet deployed (expected until 2026-05-30)
[2026-05-28 14:40:43] [INFO] Disk usage: 4%
[2026-05-28 14:40:43] [INFO] All services and disk checks passed ✓
[2026-05-28 14:40:43] [INFO] ========== Phase 2C Monitoring End (SUCCESS) ==========
[2026-05-28 17:29:52] [INFO] ========== Phase 2C Monitoring Start ==========
[2026-05-28 17:29:52] [INFO] Run ID: 1779956992
[2026-05-28 17:29:52] [WARN] Phase2A: FAILED ✗
[2026-05-28 17:30:23] [INFO] ========== Phase 2C Monitoring Start ==========
[2026-05-28 17:30:23] [INFO] Run ID: 1779957023
[2026-05-28 17:30:23] [INFO] Phase2A: OK ✓
[2026-05-28 17:30:23] [WARN] Phase2B: FAILED ✗
[2026-05-28 17:30:38] [INFO] ========== Phase 2C Monitoring Start ==========
[2026-05-28 17:30:38] [INFO] Run ID: 1779957038
[2026-05-28 17:30:38] [INFO] Phase2A: OK ✓
[2026-05-28 17:30:38] [INFO] Phase2B: OK ✓
[2026-05-28 17:30:38] [INFO] Phase2C: Not yet deployed (expected until 2026-05-30)
[2026-05-28 17:30:38] [INFO] Disk usage: 4%
[2026-05-28 17:30:38] [INFO] All services and disk checks passed ✓
[2026-05-28 17:30:38] [INFO] ========== Phase 2C Monitoring End (SUCCESS) ==========
[2026-05-28 19:44:59] [INFO] ========== Phase 2C Monitoring Start ==========
[2026-05-28 19:44:59] [INFO] Run ID: 1779965099
[2026-05-28 19:44:59] [INFO] Phase2A: OK ✓
[2026-05-28 19:44:59] [INFO] Phase2B: OK ✓
[2026-05-28 19:44:59] [INFO] Phase2C: Not yet deployed (expected until 2026-05-30)
[2026-05-28 19:44:59] [INFO] Disk usage: 4%
[2026-05-28 19:44:59] [INFO] All services and disk checks passed ✓
[2026-05-28 19:44:59] [INFO] ========== Phase 2C Monitoring End (SUCCESS) ==========
