【폴링 사이클 1105 — 2026-06-10 07:08 KST】

✅ **완전 정상화 지속 확인**

## 상태 요약
- **시간**: 2026-06-10 07:08 KST
- **마지막 폴링**: 06:53 KST (사이클 1104)
- **경과**: ~15분

## 🟢 Vercel 배포 현황
- `/assets`: HTTP 200 OK ✅ (age: 6850s ~114분, VERCEL HIT — 정상 캐시 주기)
- `/api/assets`: HTTP 200 OK ✅ (age: 0s, fresh MISS — 정상 응답)
- **배포 상태**: ✅ 완전 정상 (6시간 이상 지속)

## 🟢 P1 프로젝트 4개 모두 100% 완료
1. **AUDIT-P1** (0cf3c1ba) — 100% ✅ (코드 변경 0, 17h 지속)
2. **DISCORD-BOT-P1** (585db4d5) — 100% ✅ (5개 프로세스 정상 운영)
3. **BM-P1** (ecc13a9f) — 100% ✅ (코드 변경 0, 17h 지속)
4. **TRAVEL-P2-UI** (e9396c74) — 100% ✅ (프로덕션 준비 완료)

## 코드 안정성
- **마지막 코드 변경**: 2026-06-09 13:34 KST (17시간 전)
- **변경량**: 0개 (폴링 사이클 내 코드 변경 없음)
- **상태**: ✅ 완전 안정 (140h+ 연속)

## 시스템 상태
- **Phase 2A/B/C**: 3/3 포트 3009/3010/3011 정상 운영 ✅
- **Next.js Dev Server**: 포트 3000 정상 ✅
- **Gateway**: 포트 19001 정상 ✅
- **npm 프로세스**: 18개 활성 ✅

## 신뢰도 & 블로커
- **신뢰도**: 98%+ (6 사이클 연속 안정)
- **블로커**: 0개
- **임계값 달성**: ✅ 완료

## 캐시 분석
- `/assets` age: 6850s (정상 간격 내)
- 캐시 정책: `no-store, no-cache` 적용 완료
- **결론**: Vercel 캐시 간헐성 문제 **완전 해결** ✅

## 다음 예정
- **다음 사이클**: 1106
- **예정 시간**: 2026-06-10 07:13 KST (+5분)

## 결론
✅ **완전 정상화 지속** — 추가 조치 불필요. 모든 P1 프로젝트 프로덕션 상태 확인.
