[2026-06-06 12:10:01] 🔄 CTB Auto-Update 폴링 시작...
[2026-06-06 12:10:01] ✅ CTB updated: 0% (Phase2A:  | Phase2B:  | Phase2C: )
[2026-06-06 12:10:01] ⚠️  Warning: CTB progress incomplete (0%)
[2026-06-06 12:15:01] 🔄 CTB Auto-Update 폴링 시작...
[2026-06-06 12:15:01] ✅ CTB updated: 0% (Phase2A:  | Phase2B:  | Phase2C: )
[2026-06-06 12:15:01] ⚠️  Warning: CTB progress incomplete (0%)
[2026-06-06 12:20:01] 🔄 CTB Auto-Update 폴링 시작...
[2026-06-06 12:20:01] ✅ CTB updated: 0% (Phase2A:  | Phase2B:  | Phase2C: )
[2026-06-06 12:20:01] ⚠️  Warning: CTB progress incomplete (0%)
[2026-06-06 12:25:01] 🔄 CTB Auto-Update 폴링 시작...
[2026-06-06 12:25:01] ✅ CTB updated: 0% (Phase2A:  | Phase2B:  | Phase2C: )
[2026-06-06 12:25:01] ⚠️  Warning: CTB progress incomplete (0%)
[2026-06-06 12:30:01] 🔄 CTB Auto-Update 폴링 시작...
[2026-06-06 12:30:01] ✅ CTB updated: 0% (Phase2A:  | Phase2B:  | Phase2C: )
[2026-06-06 12:30:01] ⚠️  Warning: CTB progress incomplete (0%)
[2026-06-06 12:35:01] 🔄 CTB Auto-Update 폴링 시작...
[2026-06-06 12:35:01] ✅ CTB updated: 0% (Phase2A:  | Phase2B:  | Phase2C: )
[2026-06-06 12:35:01] ⚠️  Warning: CTB progress incomplete (0%)
[2026-06-06 12:40:01] 🔄 CTB Auto-Update 폴링 시작...
[2026-06-06 12:40:01] ✅ CTB updated: 0% (Phase2A:  | Phase2B:  | Phase2C: )
[2026-06-06 12:40:01] ⚠️  Warning: CTB progress incomplete (0%)
[2026-06-06 12:45:01] 🔄 CTB Auto-Update 폴링 시작...
[2026-06-06 12:45:01] ✅ CTB updated: 0% (Phase2A:  | Phase2B:  | Phase2C: )
[2026-06-06 12:45:01] ⚠️  Warning: CTB progress incomplete (0%)
[2026-06-06 12:50:01] 🔄 CTB Auto-Update 폴링 시작...
[2026-06-06 12:50:01] ✅ CTB updated: 0% (Phase2A:  | Phase2B:  | Phase2C: )
[2026-06-06 12:50:01] ⚠️  Warning: CTB progress incomplete (0%)
[2026-06-06 12:55:01] 🔄 CTB Auto-Update 폴링 시작...
[2026-06-06 12:55:01] ✅ CTB updated: 0% (Phase2A:  | Phase2B:  | Phase2C: )
[2026-06-06 12:55:01] ⚠️  Warning: CTB progress incomplete (0%)
[2026-06-06 13:00:01] 🔄 CTB Auto-Update 폴링 시작...
[2026-06-06 13:00:01] ✅ CTB updated: 0% (Phase2A:  | Phase2B:  | Phase2C: )
[2026-06-06 13:00:01] ⚠️  Warning: CTB progress incomplete (0%)
[2026-06-06 13:05:01] 🔄 CTB Auto-Update 폴링 시작...
[2026-06-06 13:05:01] ✅ CTB updated: 0% (Phase2A:  | Phase2B:  | Phase2C: )
[2026-06-06 13:05:01] ⚠️  Warning: CTB progress incomplete (0%)
[2026-06-06 13:10:01] 🔄 CTB Auto-Update 폴링 시작...
[2026-06-06 13:10:02] ✅ CTB updated: 0% (Phase2A:  | Phase2B:  | Phase2C: )
[2026-06-06 13:10:02] ⚠️  Warning: CTB progress incomplete (0%)
[2026-06-06 13:15:01] 🔄 CTB Auto-Update 폴링 시작...
[2026-06-06 13:15:01] ✅ CTB updated: 0% (Phase2A:  | Phase2B:  | Phase2C: )
[2026-06-06 13:15:01] ⚠️  Warning: CTB progress incomplete (0%)
[2026-06-06 13:20:01] 🔄 CTB Auto-Update 폴링 시작...
[2026-06-06 13:20:01] ✅ CTB updated: 0% (Phase2A:  | Phase2B:  | Phase2C: )
[2026-06-06 13:20:01] ⚠️  Warning: CTB progress incomplete (0%)
[2026-06-06 13:25:01] 🔄 CTB Auto-Update 폴링 시작...
[2026-06-06 13:25:01] ✅ CTB updated: 0% (Phase2A:  | Phase2B:  | Phase2C: )
[2026-06-06 13:25:01] ⚠️  Warning: CTB progress incomplete (0%)
[2026-06-06 13:30:01] 🔄 CTB Auto-Update 폴링 시작...
[2026-06-06 13:30:01] ✅ CTB updated: 0% (Phase2A:  | Phase2B:  | Phase2C: )
[2026-06-06 13:30:01] ⚠️  Warning: CTB progress incomplete (0%)
[2026-06-06 13:35:01] 🔄 CTB Auto-Update 폴링 시작...
[2026-06-06 13:35:01] ✅ CTB updated: 0% (Phase2A:  | Phase2B:  | Phase2C: )
[2026-06-06 13:35:01] ⚠️  Warning: CTB progress incomplete (0%)
[2026-06-06 13:40:01] 🔄 CTB Auto-Update 폴링 시작...
[2026-06-06 13:40:01] ✅ CTB updated: 0% (Phase2A:  | Phase2B:  | Phase2C: )
[2026-06-06 13:40:01] ⚠️  Warning: CTB progress incomplete (0%)
[2026-06-06 13:45:01] 🔄 CTB Auto-Update 폴링 시작...
[2026-06-06 13:45:01] ✅ CTB updated: 0% (Phase2A:  | Phase2B:  | Phase2C: )
[2026-06-06 13:45:01] ⚠️  Warning: CTB progress incomplete (0%)
[2026-06-06 13:50:01] 🔄 CTB Auto-Update 폴링 시작...
[2026-06-06 13:50:01] ✅ CTB updated: 0% (Phase2A:  | Phase2B:  | Phase2C: )
[2026-06-06 13:50:01] ⚠️  Warning: CTB progress incomplete (0%)
[2026-06-06 13:55:01] 🔄 CTB Auto-Update 폴링 시작...
[2026-06-06 13:55:01] ✅ CTB updated: 0% (Phase2A:  | Phase2B:  | Phase2C: )
[2026-06-06 13:55:01] ⚠️  Warning: CTB progress incomplete (0%)
[2026-06-06 17:40:01] 🔄 CTB Auto-Update 폴링 시작...
[2026-06-06 17:40:01] ✅ CTB updated: 0% (Phase2A:  | Phase2B:  | Phase2C: )
[2026-06-06 17:40:01] ⚠️  Warning: CTB progress incomplete (0%)
[2026-06-06 17:45:01] 🔄 CTB Auto-Update 폴링 시작...
[2026-06-06 17:45:01] ✅ CTB updated: 0% (Phase2A:  | Phase2B:  | Phase2C: )
[2026-06-06 17:45:01] ⚠️  Warning: CTB progress incomplete (0%)
[2026-06-06 17:50:01] 🔄 CTB Auto-Update 폴링 시작...
[2026-06-06 17:50:01] ✅ CTB updated: 0% (Phase2A:  | Phase2B:  | Phase2C: )
[2026-06-06 17:50:01] ⚠️  Warning: CTB progress incomplete (0%)
[2026-06-06 17:55:01] 🔄 CTB Auto-Update 폴링 시작...
[2026-06-06 17:55:01] ✅ CTB updated: 0% (Phase2A:  | Phase2B:  | Phase2C: )
[2026-06-06 17:55:01] ⚠️  Warning: CTB progress incomplete (0%)
[2026-06-06 18:00:01] 🔄 CTB Auto-Update 폴링 시작...
[2026-06-06 18:00:01] ✅ CTB updated: 0% (Phase2A:  | Phase2B:  | Phase2C: )
[2026-06-06 18:00:01] ⚠️  Warning: CTB progress incomplete (0%)
[2026-06-06 18:05:01] 🔄 CTB Auto-Update 폴링 시작...
[2026-06-06 18:05:01] ✅ CTB updated: 0% (Phase2A:  | Phase2B:  | Phase2C: )
[2026-06-06 18:05:01] ⚠️  Warning: CTB progress incomplete (0%)
[2026-06-06 18:10:01] 🔄 CTB Auto-Update 폴링 시작...
[2026-06-06 18:10:01] ✅ CTB updated: 0% (Phase2A:  | Phase2B:  | Phase2C: )
[2026-06-06 18:10:01] ⚠️  Warning: CTB progress incomplete (0%)
[2026-06-06 18:15:01] 🔄 CTB Auto-Update 폴링 시작...
[2026-06-06 18:15:01] ✅ CTB updated: 0% (Phase2A:  | Phase2B:  | Phase2C: )
[2026-06-06 18:15:01] ⚠️  Warning: CTB progress incomplete (0%)
[2026-06-06 18:20:01] 🔄 CTB Auto-Update 폴링 시작...
[2026-06-06 18:20:01] ✅ CTB updated: 0% (Phase2A:  | Phase2B:  | Phase2C: )
[2026-06-06 18:20:01] ⚠️  Warning: CTB progress incomplete (0%)
[2026-06-06 18:25:01] 🔄 CTB Auto-Update 폴링 시작...
[2026-06-06 18:25:01] ✅ CTB updated: 0% (Phase2A:  | Phase2B:  | Phase2C: )
[2026-06-06 18:25:01] ⚠️  Warning: CTB progress incomplete (0%)
[2026-06-06 18:30:01] 🔄 CTB Auto-Update 폴링 시작...
[2026-06-06 18:30:01] ✅ CTB updated: 0% (Phase2A:  | Phase2B:  | Phase2C: )
[2026-06-06 18:30:01] ⚠️  Warning: CTB progress incomplete (0%)
[2026-06-06 18:35:01] 🔄 CTB Auto-Update 폴링 시작...
[2026-06-06 18:35:01] ✅ CTB updated: 0% (Phase2A:  | Phase2B:  | Phase2C: )
[2026-06-06 18:35:01] ⚠️  Warning: CTB progress incomplete (0%)
[2026-06-06 18:40:01] 🔄 CTB Auto-Update 폴링 시작...
[2026-06-06 18:40:01] ✅ CTB updated: 0% (Phase2A:  | Phase2B:  | Phase2C: )
[2026-06-06 18:40:01] ⚠️  Warning: CTB progress incomplete (0%)
[2026-06-06 18:45:01] 🔄 CTB Auto-Update 폴링 시작...
[2026-06-06 18:45:01] ✅ CTB updated: 0% (Phase2A:  | Phase2B:  | Phase2C: )
[2026-06-06 18:45:01] ⚠️  Warning: CTB progress incomplete (0%)
[2026-06-06 18:50:01] 🔄 CTB Auto-Update 폴링 시작...
[2026-06-06 18:50:01] ✅ CTB updated: 0% (Phase2A:  | Phase2B:  | Phase2C: )
[2026-06-06 18:50:01] ⚠️  Warning: CTB progress incomplete (0%)
[2026-06-06 18:55:01] 🔄 CTB Auto-Update 폴링 시작...
[2026-06-06 18:55:01] ✅ CTB updated: 0% (Phase2A:  | Phase2B:  | Phase2C: )
[2026-06-06 18:55:01] ⚠️  Warning: CTB progress incomplete (0%)
[2026-06-06 19:00:01] 🔄 CTB Auto-Update 폴링 시작...
[2026-06-06 19:00:01] ✅ CTB updated: 0% (Phase2A:  | Phase2B:  | Phase2C: )
[2026-06-06 19:00:01] ⚠️  Warning: CTB progress incomplete (0%)
[2026-06-06 19:05:01] 🔄 CTB Auto-Update 폴링 시작...
[2026-06-06 19:05:01] ✅ CTB updated: 0% (Phase2A:  | Phase2B:  | Phase2C: )
[2026-06-06 19:05:01] ⚠️  Warning: CTB progress incomplete (0%)
[2026-06-06 19:10:01] 🔄 CTB Auto-Update 폴링 시작...
[2026-06-06 19:10:01] ✅ CTB updated: 0% (Phase2A:  | Phase2B:  | Phase2C: )
[2026-06-06 19:10:01] ⚠️  Warning: CTB progress incomplete (0%)
[2026-06-06 19:15:01] 🔄 CTB Auto-Update 폴링 시작...
[2026-06-06 19:15:01] ✅ CTB updated: 0% (Phase2A:  | Phase2B:  | Phase2C: )
[2026-06-06 19:15:01] ⚠️  Warning: CTB progress incomplete (0%)
[2026-06-06 19:20:01] 🔄 CTB Auto-Update 폴링 시작...
[2026-06-06 19:20:01] ✅ CTB updated: 0% (Phase2A:  | Phase2B:  | Phase2C: )
[2026-06-06 19:20:01] ⚠️  Warning: CTB progress incomplete (0%)
[2026-06-06 19:25:01] 🔄 CTB Auto-Update 폴링 시작...
[2026-06-06 19:25:01] ✅ CTB updated: 0% (Phase2A:  | Phase2B:  | Phase2C: )
[2026-06-06 19:25:01] ⚠️  Warning: CTB progress incomplete (0%)
[2026-06-06 19:30:01] 🔄 CTB Auto-Update 폴링 시작...
[2026-06-06 19:30:01] ✅ CTB updated: 0% (Phase2A:  | Phase2B:  | Phase2C: )
[2026-06-06 19:30:01] ⚠️  Warning: CTB progress incomplete (0%)
[2026-06-06 19:35:01] 🔄 CTB Auto-Update 폴링 시작...
[2026-06-06 19:35:01] ✅ CTB updated: 0% (Phase2A:  | Phase2B:  | Phase2C: )
[2026-06-06 19:35:01] ⚠️  Warning: CTB progress incomplete (0%)
[2026-06-06 19:40:01] 🔄 CTB Auto-Update 폴링 시작...
[2026-06-06 19:40:01] ✅ CTB updated: 0% (Phase2A:  | Phase2B:  | Phase2C: )
[2026-06-06 19:40:01] ⚠️  Warning: CTB progress incomplete (0%)
[2026-06-06 19:45:01] 🔄 CTB Auto-Update 폴링 시작...
[2026-06-06 19:45:01] ✅ CTB updated: 0% (Phase2A:  | Phase2B:  | Phase2C: )
[2026-06-06 19:45:01] ⚠️  Warning: CTB progress incomplete (0%)
[2026-06-06 19:50:01] 🔄 CTB Auto-Update 폴링 시작...
[2026-06-06 19:50:01] ✅ CTB updated: 0% (Phase2A:  | Phase2B:  | Phase2C: )
[2026-06-06 19:50:01] ⚠️  Warning: CTB progress incomplete (0%)
[2026-06-06 19:55:01] 🔄 CTB Auto-Update 폴링 시작...
[2026-06-06 19:55:01] ✅ CTB updated: 0% (Phase2A:  | Phase2B:  | Phase2C: )
[2026-06-06 19:55:01] ⚠️  Warning: CTB progress incomplete (0%)
[2026-06-06 20:00:01] 🔄 CTB Auto-Update 폴링 시작...
[2026-06-06 20:00:01] ✅ CTB updated: 0% (Phase2A:  | Phase2B:  | Phase2C: )
[2026-06-06 20:00:01] ⚠️  Warning: CTB progress incomplete (0%)
[2026-06-06 20:05:01] 🔄 CTB Auto-Update 폴링 시작...
[2026-06-06 20:05:02] ✅ CTB updated: 0% (Phase2A:  | Phase2B:  | Phase2C: )
[2026-06-06 20:05:02] ⚠️  Warning: CTB progress incomplete (0%)
[2026-06-06 20:10:01] 🔄 CTB Auto-Update 폴링 시작...
[2026-06-06 20:10:01] ✅ CTB updated: 0% (Phase2A:  | Phase2B:  | Phase2C: )
[2026-06-06 20:10:01] ⚠️  Warning: CTB progress incomplete (0%)
[2026-06-06 20:15:01] 🔄 CTB Auto-Update 폴링 시작...
[2026-06-06 20:15:01] ✅ CTB updated: 0% (Phase2A:  | Phase2B:  | Phase2C: )
[2026-06-06 20:15:01] ⚠️  Warning: CTB progress incomplete (0%)
[2026-06-06 20:20:01] 🔄 CTB Auto-Update 폴링 시작...
[2026-06-06 20:20:01] ✅ CTB updated: 0% (Phase2A:  | Phase2B:  | Phase2C: )
[2026-06-06 20:20:01] ⚠️  Warning: CTB progress incomplete (0%)
[2026-06-06 20:25:01] 🔄 CTB Auto-Update 폴링 시작...
[2026-06-06 20:25:01] ✅ CTB updated: 0% (Phase2A:  | Phase2B:  | Phase2C: )
[2026-06-06 20:25:01] ⚠️  Warning: CTB progress incomplete (0%)
[2026-06-06 20:30:01] 🔄 CTB Auto-Update 폴링 시작...
[2026-06-06 20:30:01] ✅ CTB updated: 0% (Phase2A:  | Phase2B:  | Phase2C: )
[2026-06-06 20:30:01] ⚠️  Warning: CTB progress incomplete (0%)
[2026-06-06 20:35:01] 🔄 CTB Auto-Update 폴링 시작...
[2026-06-06 20:35:01] ✅ CTB updated: 0% (Phase2A:  | Phase2B:  | Phase2C: )
[2026-06-06 20:35:01] ⚠️  Warning: CTB progress incomplete (0%)
[2026-06-06 20:40:01] 🔄 CTB Auto-Update 폴링 시작...
[2026-06-06 20:40:01] ✅ CTB updated: 0% (Phase2A:  | Phase2B:  | Phase2C: )
[2026-06-06 20:40:01] ⚠️  Warning: CTB progress incomplete (0%)
[2026-06-06 20:45:02] 🔄 CTB Auto-Update 폴링 시작...
[2026-06-06 20:45:02] ✅ CTB updated: 0% (Phase2A:  | Phase2B:  | Phase2C: )
[2026-06-06 20:45:02] ⚠️  Warning: CTB progress incomplete (0%)
[2026-06-06 20:50:01] 🔄 CTB Auto-Update 폴링 시작...
[2026-06-06 20:50:01] ✅ CTB updated: 0% (Phase2A:  | Phase2B:  | Phase2C: )
[2026-06-06 20:50:01] ⚠️  Warning: CTB progress incomplete (0%)
[2026-06-06 20:55:01] 🔄 CTB Auto-Update 폴링 시작...
[2026-06-06 20:55:01] ✅ CTB updated: 0% (Phase2A:  | Phase2B:  | Phase2C: )
[2026-06-06 20:55:02] ⚠️  Warning: CTB progress incomplete (0%)
[2026-06-06 21:00:01] 🔄 CTB Auto-Update 폴링 시작...
[2026-06-06 21:00:01] ✅ CTB updated: 0% (Phase2A:  | Phase2B:  | Phase2C: )
[2026-06-06 21:00:01] ⚠️  Warning: CTB progress incomplete (0%)
[2026-06-06 21:05:01] 🔄 CTB Auto-Update 폴링 시작...
[2026-06-06 21:05:01] ✅ CTB updated: 0% (Phase2A:  | Phase2B:  | Phase2C: )
[2026-06-06 21:05:01] ⚠️  Warning: CTB progress incomplete (0%)
[2026-06-06 21:10:01] 🔄 CTB Auto-Update 폴링 시작...
[2026-06-06 21:10:01] ✅ CTB updated: 0% (Phase2A:  | Phase2B:  | Phase2C: )
[2026-06-06 21:10:01] ⚠️  Warning: CTB progress incomplete (0%)
[2026-06-06 21:15:01] 🔄 CTB Auto-Update 폴링 시작...
[2026-06-06 21:15:01] ✅ CTB updated: 0% (Phase2A:  | Phase2B:  | Phase2C: )
[2026-06-06 21:15:01] ⚠️  Warning: CTB progress incomplete (0%)
[2026-06-06 21:20:01] 🔄 CTB Auto-Update 폴링 시작...
[2026-06-06 21:20:01] ✅ CTB updated: 0% (Phase2A:  | Phase2B:  | Phase2C: )
[2026-06-06 21:20:01] ⚠️  Warning: CTB progress incomplete (0%)
[2026-06-06 21:25:01] 🔄 CTB Auto-Update 폴링 시작...
[2026-06-06 21:25:01] ✅ CTB updated: 0% (Phase2A:  | Phase2B:  | Phase2C: )
[2026-06-06 21:25:01] ⚠️  Warning: CTB progress incomplete (0%)
[2026-06-06 21:30:02] 🔄 CTB Auto-Update 폴링 시작...
[2026-06-06 21:30:02] ✅ CTB updated: 0% (Phase2A:  | Phase2B:  | Phase2C: )
[2026-06-06 21:30:02] ⚠️  Warning: CTB progress incomplete (0%)
[2026-06-06 21:35:01] 🔄 CTB Auto-Update 폴링 시작...
[2026-06-06 21:35:01] ✅ CTB updated: 0% (Phase2A:  | Phase2B:  | Phase2C: )
[2026-06-06 21:35:01] ⚠️  Warning: CTB progress incomplete (0%)
[2026-06-06 21:40:01] 🔄 CTB Auto-Update 폴링 시작...
[2026-06-06 21:40:01] ✅ CTB updated: 0% (Phase2A:  | Phase2B:  | Phase2C: )
[2026-06-06 21:40:01] ⚠️  Warning: CTB progress incomplete (0%)
[2026-06-06 21:45:01] 🔄 CTB Auto-Update 폴링 시작...
[2026-06-06 21:45:01] ✅ CTB updated: 0% (Phase2A:  | Phase2B:  | Phase2C: )
[2026-06-06 21:45:01] ⚠️  Warning: CTB progress incomplete (0%)
[2026-06-06 21:50:01] 🔄 CTB Auto-Update 폴링 시작...
[2026-06-06 21:50:01] ✅ CTB updated: 0% (Phase2A:  | Phase2B:  | Phase2C: )
[2026-06-06 21:50:01] ⚠️  Warning: CTB progress incomplete (0%)
[2026-06-06 21:55:01] 🔄 CTB Auto-Update 폴링 시작...
[2026-06-06 21:55:01] ✅ CTB updated: 0% (Phase2A:  | Phase2B:  | Phase2C: )
[2026-06-06 21:55:01] ⚠️  Warning: CTB progress incomplete (0%)
[2026-06-06 22:00:01] 🔄 CTB Auto-Update 폴링 시작...
[2026-06-06 22:00:01] ✅ CTB updated: 0% (Phase2A:  | Phase2B:  | Phase2C: )
[2026-06-06 22:00:01] ⚠️  Warning: CTB progress incomplete (0%)
[2026-06-06 22:05:01] 🔄 CTB Auto-Update 폴링 시작...
[2026-06-06 22:05:01] ✅ CTB updated: 0% (Phase2A:  | Phase2B:  | Phase2C: )
[2026-06-06 22:05:01] ⚠️  Warning: CTB progress incomplete (0%)
[2026-06-06 22:10:01] 🔄 CTB Auto-Update 폴링 시작...
[2026-06-06 22:10:01] ✅ CTB updated: 0% (Phase2A:  | Phase2B:  | Phase2C: )
[2026-06-06 22:10:01] ⚠️  Warning: CTB progress incomplete (0%)
[2026-06-06 22:15:01] 🔄 CTB Auto-Update 폴링 시작...
[2026-06-06 22:15:01] ✅ CTB updated: 0% (Phase2A:  | Phase2B:  | Phase2C: )
[2026-06-06 22:15:01] ⚠️  Warning: CTB progress incomplete (0%)
[2026-06-06 22:20:01] 🔄 CTB Auto-Update 폴링 시작...
[2026-06-06 22:20:01] ✅ CTB updated: 0% (Phase2A:  | Phase2B:  | Phase2C: )
[2026-06-06 22:20:01] ⚠️  Warning: CTB progress incomplete (0%)
[2026-06-06 22:25:01] 🔄 CTB Auto-Update 폴링 시작...
[2026-06-06 22:25:01] ✅ CTB updated: 0% (Phase2A:  | Phase2B:  | Phase2C: )
[2026-06-06 22:25:01] ⚠️  Warning: CTB progress incomplete (0%)
[2026-06-06 22:30:01] 🔄 CTB Auto-Update 폴링 시작...
[2026-06-06 22:30:01] ✅ CTB updated: 0% (Phase2A:  | Phase2B:  | Phase2C: )
[2026-06-06 22:30:01] ⚠️  Warning: CTB progress incomplete (0%)
[2026-06-06 22:35:01] 🔄 CTB Auto-Update 폴링 시작...
[2026-06-06 22:35:01] ✅ CTB updated: 0% (Phase2A:  | Phase2B:  | Phase2C: )
[2026-06-06 22:35:01] ⚠️  Warning: CTB progress incomplete (0%)
[2026-06-06 22:40:01] 🔄 CTB Auto-Update 폴링 시작...
[2026-06-06 22:40:01] ✅ CTB updated: 0% (Phase2A:  | Phase2B:  | Phase2C: )
[2026-06-06 22:40:01] ⚠️  Warning: CTB progress incomplete (0%)
[2026-06-06 22:45:01] 🔄 CTB Auto-Update 폴링 시작...
[2026-06-06 22:45:01] ✅ CTB updated: 0% (Phase2A:  | Phase2B:  | Phase2C: )
[2026-06-06 22:45:01] ⚠️  Warning: CTB progress incomplete (0%)
[2026-06-06 22:50:01] 🔄 CTB Auto-Update 폴링 시작...
[2026-06-06 22:50:01] ✅ CTB updated: 0% (Phase2A:  | Phase2B:  | Phase2C: )
[2026-06-06 22:50:01] ⚠️  Warning: CTB progress incomplete (0%)
[2026-06-06 22:55:01] 🔄 CTB Auto-Update 폴링 시작...
[2026-06-06 22:55:01] ✅ CTB updated: 0% (Phase2A:  | Phase2B:  | Phase2C: )
[2026-06-06 22:55:01] ⚠️  Warning: CTB progress incomplete (0%)
[2026-06-06 23:00:01] 🔄 CTB Auto-Update 폴링 시작...
[2026-06-06 23:00:01] ✅ CTB updated: 0% (Phase2A:  | Phase2B:  | Phase2C: )
[2026-06-06 23:00:01] ⚠️  Warning: CTB progress incomplete (0%)
[2026-06-06 23:05:01] 🔄 CTB Auto-Update 폴링 시작...
[2026-06-06 23:05:01] ✅ CTB updated: 0% (Phase2A:  | Phase2B:  | Phase2C: )
[2026-06-06 23:05:01] ⚠️  Warning: CTB progress incomplete (0%)
[2026-06-06 23:10:01] 🔄 CTB Auto-Update 폴링 시작...
[2026-06-06 23:10:01] ✅ CTB updated: 0% (Phase2A:  | Phase2B:  | Phase2C: )
[2026-06-06 23:10:01] ⚠️  Warning: CTB progress incomplete (0%)
[2026-06-06 23:15:01] 🔄 CTB Auto-Update 폴링 시작...
[2026-06-06 23:15:01] ✅ CTB updated: 0% (Phase2A:  | Phase2B:  | Phase2C: )
[2026-06-06 23:15:01] ⚠️  Warning: CTB progress incomplete (0%)
[2026-06-06 23:20:01] 🔄 CTB Auto-Update 폴링 시작...
[2026-06-06 23:20:01] ✅ CTB updated: 0% (Phase2A:  | Phase2B:  | Phase2C: )
[2026-06-06 23:20:01] ⚠️  Warning: CTB progress incomplete (0%)
[2026-06-06 23:25:02] 🔄 CTB Auto-Update 폴링 시작...
[2026-06-06 23:25:02] ✅ CTB updated: 0% (Phase2A:  | Phase2B:  | Phase2C: )
[2026-06-06 23:25:02] ⚠️  Warning: CTB progress incomplete (0%)
[2026-06-06 23:30:01] 🔄 CTB Auto-Update 폴링 시작...
[2026-06-06 23:30:01] ✅ CTB updated: 0% (Phase2A:  | Phase2B:  | Phase2C: )
[2026-06-06 23:30:01] ⚠️  Warning: CTB progress incomplete (0%)
[2026-06-06 23:35:01] 🔄 CTB Auto-Update 폴링 시작...
[2026-06-06 23:35:01] ✅ CTB updated: 0% (Phase2A:  | Phase2B:  | Phase2C: )
[2026-06-06 23:35:01] ⚠️  Warning: CTB progress incomplete (0%)
[2026-06-06 23:40:01] 🔄 CTB Auto-Update 폴링 시작...
[2026-06-06 23:40:01] ✅ CTB updated: 0% (Phase2A:  | Phase2B:  | Phase2C: )
[2026-06-06 23:40:01] ⚠️  Warning: CTB progress incomplete (0%)
[2026-06-06 23:45:01] 🔄 CTB Auto-Update 폴링 시작...
[2026-06-06 23:45:01] ✅ CTB updated: 0% (Phase2A:  | Phase2B:  | Phase2C: )
[2026-06-06 23:45:01] ⚠️  Warning: CTB progress incomplete (0%)
[2026-06-06 23:50:01] 🔄 CTB Auto-Update 폴링 시작...
[2026-06-06 23:50:01] ✅ CTB updated: 0% (Phase2A:  | Phase2B:  | Phase2C: )
[2026-06-06 23:50:01] ⚠️  Warning: CTB progress incomplete (0%)
[2026-06-06 23:55:01] 🔄 CTB Auto-Update 폴링 시작...
[2026-06-06 23:55:01] ✅ CTB updated: 0% (Phase2A:  | Phase2B:  | Phase2C: )
[2026-06-06 23:55:01] ⚠️  Warning: CTB progress incomplete (0%)
[2026-06-07 00:00:01] 🔄 CTB Auto-Update 폴링 시작...
[2026-06-07 00:00:01] ✅ CTB updated: 0% (Phase2A:  | Phase2B:  | Phase2C: )
[2026-06-07 00:00:01] ⚠️  Warning: CTB progress incomplete (0%)
[2026-06-07 00:05:01] 🔄 CTB Auto-Update 폴링 시작...
[2026-06-07 00:05:01] ✅ CTB updated: 0% (Phase2A:  | Phase2B:  | Phase2C: )
[2026-06-07 00:05:01] ⚠️  Warning: CTB progress incomplete (0%)
[2026-06-07 00:10:01] 🔄 CTB Auto-Update 폴링 시작...
[2026-06-07 00:10:01] ✅ CTB updated: 0% (Phase2A:  | Phase2B:  | Phase2C: )
[2026-06-07 00:10:01] ⚠️  Warning: CTB progress incomplete (0%)
[2026-06-07 00:15:01] 🔄 CTB Auto-Update 폴링 시작...
[2026-06-07 00:15:01] ✅ CTB updated: 0% (Phase2A:  | Phase2B:  | Phase2C: )
[2026-06-07 00:15:01] ⚠️  Warning: CTB progress incomplete (0%)
[2026-06-07 00:20:01] 🔄 CTB Auto-Update 폴링 시작...
[2026-06-07 00:20:01] ✅ CTB updated: 0% (Phase2A:  | Phase2B:  | Phase2C: )
[2026-06-07 00:20:01] ⚠️  Warning: CTB progress incomplete (0%)
[2026-06-07 00:25:01] 🔄 CTB Auto-Update 폴링 시작...
[2026-06-07 00:25:01] ✅ CTB updated: 0% (Phase2A:  | Phase2B:  | Phase2C: )
[2026-06-07 00:25:01] ⚠️  Warning: CTB progress incomplete (0%)
[2026-06-07 00:30:01] 🔄 CTB Auto-Update 폴링 시작...
[2026-06-07 00:30:01] ✅ CTB updated: 0% (Phase2A:  | Phase2B:  | Phase2C: )
[2026-06-07 00:30:01] ⚠️  Warning: CTB progress incomplete (0%)
[2026-06-07 00:35:01] 🔄 CTB Auto-Update 폴링 시작...
[2026-06-07 00:35:01] ✅ CTB updated: 0% (Phase2A:  | Phase2B:  | Phase2C: )
[2026-06-07 00:35:01] ⚠️  Warning: CTB progress incomplete (0%)
[2026-06-07 00:40:01] 🔄 CTB Auto-Update 폴링 시작...
[2026-06-07 00:40:01] ✅ CTB updated: 0% (Phase2A:  | Phase2B:  | Phase2C: )
[2026-06-07 00:40:01] ⚠️  Warning: CTB progress incomplete (0%)
[2026-06-07 00:45:01] 🔄 CTB Auto-Update 폴링 시작...
[2026-06-07 00:45:01] ✅ CTB updated: 0% (Phase2A:  | Phase2B:  | Phase2C: )
[2026-06-07 00:45:01] ⚠️  Warning: CTB progress incomplete (0%)
[2026-06-07 00:50:01] 🔄 CTB Auto-Update 폴링 시작...
[2026-06-07 00:50:01] ✅ CTB updated: 0% (Phase2A:  | Phase2B:  | Phase2C: )
[2026-06-07 00:50:01] ⚠️  Warning: CTB progress incomplete (0%)
[2026-06-07 00:55:01] 🔄 CTB Auto-Update 폴링 시작...
[2026-06-07 00:55:01] ✅ CTB updated: 0% (Phase2A:  | Phase2B:  | Phase2C: )
[2026-06-07 00:55:01] ⚠️  Warning: CTB progress incomplete (0%)
[2026-06-07 01:00:01] 🔄 CTB Auto-Update 폴링 시작...
[2026-06-07 01:00:01] ✅ CTB updated: 0% (Phase2A:  | Phase2B:  | Phase2C: )
[2026-06-07 01:00:01] ⚠️  Warning: CTB progress incomplete (0%)
[2026-06-07 01:05:02] 🔄 CTB Auto-Update 폴링 시작...
[2026-06-07 01:05:02] ✅ CTB updated: 0% (Phase2A:  | Phase2B:  | Phase2C: )
[2026-06-07 01:05:02] ⚠️  Warning: CTB progress incomplete (0%)
[2026-06-07 01:10:01] 🔄 CTB Auto-Update 폴링 시작...
[2026-06-07 01:10:01] ✅ CTB updated: 0% (Phase2A:  | Phase2B:  | Phase2C: )
[2026-06-07 01:10:01] ⚠️  Warning: CTB progress incomplete (0%)
[2026-06-07 01:15:01] 🔄 CTB Auto-Update 폴링 시작...
[2026-06-07 01:15:01] ✅ CTB updated: 0% (Phase2A:  | Phase2B:  | Phase2C: )
[2026-06-07 01:15:01] ⚠️  Warning: CTB progress incomplete (0%)
[2026-06-07 01:20:01] 🔄 CTB Auto-Update 폴링 시작...
[2026-06-07 01:20:01] ✅ CTB updated: 0% (Phase2A:  | Phase2B:  | Phase2C: )
[2026-06-07 01:20:01] ⚠️  Warning: CTB progress incomplete (0%)
[2026-06-07 01:25:01] 🔄 CTB Auto-Update 폴링 시작...
[2026-06-07 01:25:01] ✅ CTB updated: 0% (Phase2A:  | Phase2B:  | Phase2C: )
[2026-06-07 01:25:01] ⚠️  Warning: CTB progress incomplete (0%)
[2026-06-07 01:30:01] 🔄 CTB Auto-Update 폴링 시작...
[2026-06-07 01:30:01] ✅ CTB updated: 0% (Phase2A:  | Phase2B:  | Phase2C: )
[2026-06-07 01:30:01] ⚠️  Warning: CTB progress incomplete (0%)
[2026-06-07 01:35:01] 🔄 CTB Auto-Update 폴링 시작...
[2026-06-07 01:35:01] ✅ CTB updated: 0% (Phase2A:  | Phase2B:  | Phase2C: )
[2026-06-07 01:35:01] ⚠️  Warning: CTB progress incomplete (0%)
[2026-06-07 01:40:01] 🔄 CTB Auto-Update 폴링 시작...
[2026-06-07 01:40:01] ✅ CTB updated: 0% (Phase2A:  | Phase2B:  | Phase2C: )
[2026-06-07 01:40:01] ⚠️  Warning: CTB progress incomplete (0%)
[2026-06-07 01:45:01] 🔄 CTB Auto-Update 폴링 시작...
[2026-06-07 01:45:01] ✅ CTB updated: 0% (Phase2A:  | Phase2B:  | Phase2C: )
[2026-06-07 01:45:01] ⚠️  Warning: CTB progress incomplete (0%)
[2026-06-07 01:50:01] 🔄 CTB Auto-Update 폴링 시작...
[2026-06-07 01:50:01] ✅ CTB updated: 0% (Phase2A:  | Phase2B:  | Phase2C: )
[2026-06-07 01:50:01] ⚠️  Warning: CTB progress incomplete (0%)
[2026-06-07 01:55:01] 🔄 CTB Auto-Update 폴링 시작...
[2026-06-07 01:55:02] ✅ CTB updated: 0% (Phase2A:  | Phase2B:  | Phase2C: )
[2026-06-07 01:55:02] ⚠️  Warning: CTB progress incomplete (0%)
[2026-06-07 02:00:01] 🔄 CTB Auto-Update 폴링 시작...
[2026-06-07 02:00:01] ✅ CTB updated: 0% (Phase2A:  | Phase2B:  | Phase2C: )
[2026-06-07 02:00:01] ⚠️  Warning: CTB progress incomplete (0%)
[2026-06-07 02:05:01] 🔄 CTB Auto-Update 폴링 시작...
[2026-06-07 02:05:01] ✅ CTB updated: 0% (Phase2A:  | Phase2B:  | Phase2C: )
[2026-06-07 02:05:01] ⚠️  Warning: CTB progress incomplete (0%)
[2026-06-07 02:10:01] 🔄 CTB Auto-Update 폴링 시작...
[2026-06-07 02:10:01] ✅ CTB updated: 0% (Phase2A:  | Phase2B:  | Phase2C: )
[2026-06-07 02:10:01] ⚠️  Warning: CTB progress incomplete (0%)
[2026-06-07 02:15:01] 🔄 CTB Auto-Update 폴링 시작...
[2026-06-07 02:15:01] ✅ CTB updated: 0% (Phase2A:  | Phase2B:  | Phase2C: )
[2026-06-07 02:15:01] ⚠️  Warning: CTB progress incomplete (0%)
[2026-06-07 02:20:01] 🔄 CTB Auto-Update 폴링 시작...
[2026-06-07 02:20:01] ✅ CTB updated: 0% (Phase2A:  | Phase2B:  | Phase2C: )
[2026-06-07 02:20:01] ⚠️  Warning: CTB progress incomplete (0%)
[2026-06-07 02:25:01] 🔄 CTB Auto-Update 폴링 시작...
[2026-06-07 02:25:01] ✅ CTB updated: 0% (Phase2A:  | Phase2B:  | Phase2C: )
[2026-06-07 02:25:01] ⚠️  Warning: CTB progress incomplete (0%)
[2026-06-07 02:30:01] 🔄 CTB Auto-Update 폴링 시작...
[2026-06-07 02:30:01] ✅ CTB updated: 0% (Phase2A:  | Phase2B:  | Phase2C: )
[2026-06-07 02:30:01] ⚠️  Warning: CTB progress incomplete (0%)
[2026-06-07 02:35:01] 🔄 CTB Auto-Update 폴링 시작...
[2026-06-07 02:35:01] ✅ CTB updated: 0% (Phase2A:  | Phase2B:  | Phase2C: )
[2026-06-07 02:35:01] ⚠️  Warning: CTB progress incomplete (0%)
[2026-06-07 02:40:01] 🔄 CTB Auto-Update 폴링 시작...
[2026-06-07 02:40:01] ✅ CTB updated: 0% (Phase2A:  | Phase2B:  | Phase2C: )
[2026-06-07 02:40:01] ⚠️  Warning: CTB progress incomplete (0%)
[2026-06-07 02:45:01] 🔄 CTB Auto-Update 폴링 시작...
[2026-06-07 02:45:02] ✅ CTB updated: 0% (Phase2A:  | Phase2B:  | Phase2C: )
[2026-06-07 02:45:02] ⚠️  Warning: CTB progress incomplete (0%)
[2026-06-07 02:50:02] 🔄 CTB Auto-Update 폴링 시작...
[2026-06-07 02:50:02] ✅ CTB updated: 0% (Phase2A:  | Phase2B:  | Phase2C: )
[2026-06-07 02:50:02] ⚠️  Warning: CTB progress incomplete (0%)
[2026-06-07 02:55:01] 🔄 CTB Auto-Update 폴링 시작...
[2026-06-07 02:55:01] ✅ CTB updated: 0% (Phase2A:  | Phase2B:  | Phase2C: )
[2026-06-07 02:55:01] ⚠️  Warning: CTB progress incomplete (0%)
[2026-06-07 03:00:01] 🔄 CTB Auto-Update 폴링 시작...
[2026-06-07 03:00:01] ✅ CTB updated: 0% (Phase2A:  | Phase2B:  | Phase2C: )
[2026-06-07 03:00:01] ⚠️  Warning: CTB progress incomplete (0%)
[2026-06-07 03:05:01] 🔄 CTB Auto-Update 폴링 시작...
[2026-06-07 03:05:01] ✅ CTB updated: 0% (Phase2A:  | Phase2B:  | Phase2C: )
[2026-06-07 03:05:01] ⚠️  Warning: CTB progress incomplete (0%)
[2026-06-07 03:10:01] 🔄 CTB Auto-Update 폴링 시작...
[2026-06-07 03:10:01] ✅ CTB updated: 0% (Phase2A:  | Phase2B:  | Phase2C: )
[2026-06-07 03:10:01] ⚠️  Warning: CTB progress incomplete (0%)
[2026-06-07 03:15:01] 🔄 CTB Auto-Update 폴링 시작...
[2026-06-07 03:15:01] ✅ CTB updated: 0% (Phase2A:  | Phase2B:  | Phase2C: )
[2026-06-07 03:15:01] ⚠️  Warning: CTB progress incomplete (0%)
[2026-06-07 03:20:01] 🔄 CTB Auto-Update 폴링 시작...
[2026-06-07 03:20:01] ✅ CTB updated: 0% (Phase2A:  | Phase2B:  | Phase2C: )
[2026-06-07 03:20:01] ⚠️  Warning: CTB progress incomplete (0%)
[2026-06-07 03:25:01] 🔄 CTB Auto-Update 폴링 시작...
[2026-06-07 03:25:01] ✅ CTB updated: 0% (Phase2A:  | Phase2B:  | Phase2C: )
[2026-06-07 03:25:01] ⚠️  Warning: CTB progress incomplete (0%)
[2026-06-07 03:30:01] 🔄 CTB Auto-Update 폴링 시작...
[2026-06-07 03:30:01] ✅ CTB updated: 0% (Phase2A:  | Phase2B:  | Phase2C: )
[2026-06-07 03:30:01] ⚠️  Warning: CTB progress incomplete (0%)
[2026-06-07 03:35:01] 🔄 CTB Auto-Update 폴링 시작...
[2026-06-07 03:35:01] ✅ CTB updated: 0% (Phase2A:  | Phase2B:  | Phase2C: )
[2026-06-07 03:35:01] ⚠️  Warning: CTB progress incomplete (0%)
[2026-06-07 03:40:01] 🔄 CTB Auto-Update 폴링 시작...
[2026-06-07 03:40:01] ✅ CTB updated: 0% (Phase2A:  | Phase2B:  | Phase2C: )
[2026-06-07 03:40:01] ⚠️  Warning: CTB progress incomplete (0%)
[2026-06-07 03:45:01] 🔄 CTB Auto-Update 폴링 시작...
[2026-06-07 03:45:01] ✅ CTB updated: 0% (Phase2A:  | Phase2B:  | Phase2C: )
[2026-06-07 03:45:01] ⚠️  Warning: CTB progress incomplete (0%)
[2026-06-07 03:50:01] 🔄 CTB Auto-Update 폴링 시작...
[2026-06-07 03:50:01] ✅ CTB updated: 0% (Phase2A:  | Phase2B:  | Phase2C: )
[2026-06-07 03:50:01] ⚠️  Warning: CTB progress incomplete (0%)
[2026-06-07 03:55:01] 🔄 CTB Auto-Update 폴링 시작...
[2026-06-07 03:55:01] ✅ CTB updated: 0% (Phase2A:  | Phase2B:  | Phase2C: )
[2026-06-07 03:55:01] ⚠️  Warning: CTB progress incomplete (0%)
[2026-06-07 04:00:01] 🔄 CTB Auto-Update 폴링 시작...
[2026-06-07 04:00:01] ✅ CTB updated: 0% (Phase2A:  | Phase2B:  | Phase2C: )
[2026-06-07 04:00:01] ⚠️  Warning: CTB progress incomplete (0%)
[2026-06-07 04:05:01] 🔄 CTB Auto-Update 폴링 시작...
[2026-06-07 04:05:01] ✅ CTB updated: 0% (Phase2A:  | Phase2B:  | Phase2C: )
[2026-06-07 04:05:01] ⚠️  Warning: CTB progress incomplete (0%)
[2026-06-07 04:10:01] 🔄 CTB Auto-Update 폴링 시작...
[2026-06-07 04:10:01] ✅ CTB updated: 0% (Phase2A:  | Phase2B:  | Phase2C: )
[2026-06-07 04:10:01] ⚠️  Warning: CTB progress incomplete (0%)
[2026-06-07 04:15:01] 🔄 CTB Auto-Update 폴링 시작...
[2026-06-07 04:15:01] ✅ CTB updated: 0% (Phase2A:  | Phase2B:  | Phase2C: )
[2026-06-07 04:15:01] ⚠️  Warning: CTB progress incomplete (0%)
[2026-06-07 04:20:01] 🔄 CTB Auto-Update 폴링 시작...
[2026-06-07 04:20:01] ✅ CTB updated: 0% (Phase2A:  | Phase2B:  | Phase2C: )
[2026-06-07 04:20:01] ⚠️  Warning: CTB progress incomplete (0%)
[2026-06-07 04:25:01] 🔄 CTB Auto-Update 폴링 시작...
[2026-06-07 04:25:01] ✅ CTB updated: 0% (Phase2A:  | Phase2B:  | Phase2C: )
[2026-06-07 04:25:01] ⚠️  Warning: CTB progress incomplete (0%)
[2026-06-07 04:30:01] 🔄 CTB Auto-Update 폴링 시작...
[2026-06-07 04:30:01] ✅ CTB updated: 0% (Phase2A:  | Phase2B:  | Phase2C: )
[2026-06-07 04:30:01] ⚠️  Warning: CTB progress incomplete (0%)
[2026-06-07 04:35:01] 🔄 CTB Auto-Update 폴링 시작...
[2026-06-07 04:35:01] ✅ CTB updated: 0% (Phase2A:  | Phase2B:  | Phase2C: )
[2026-06-07 04:35:01] ⚠️  Warning: CTB progress incomplete (0%)
[2026-06-07 04:40:01] 🔄 CTB Auto-Update 폴링 시작...
[2026-06-07 04:40:01] ✅ CTB updated: 0% (Phase2A:  | Phase2B:  | Phase2C: )
[2026-06-07 04:40:01] ⚠️  Warning: CTB progress incomplete (0%)
[2026-06-07 04:45:01] 🔄 CTB Auto-Update 폴링 시작...
[2026-06-07 04:45:01] ✅ CTB updated: 0% (Phase2A:  | Phase2B:  | Phase2C: )
[2026-06-07 04:45:01] ⚠️  Warning: CTB progress incomplete (0%)
[2026-06-07 04:50:01] 🔄 CTB Auto-Update 폴링 시작...
[2026-06-07 04:50:02] ✅ CTB updated: 0% (Phase2A:  | Phase2B:  | Phase2C: )
[2026-06-07 04:50:02] ⚠️  Warning: CTB progress incomplete (0%)
[2026-06-07 04:55:01] 🔄 CTB Auto-Update 폴링 시작...
[2026-06-07 04:55:01] ✅ CTB updated: 0% (Phase2A:  | Phase2B:  | Phase2C: )
[2026-06-07 04:55:01] ⚠️  Warning: CTB progress incomplete (0%)
[2026-06-07 05:00:01] 🔄 CTB Auto-Update 폴링 시작...
[2026-06-07 05:00:01] ✅ CTB updated: 0% (Phase2A:  | Phase2B:  | Phase2C: )
[2026-06-07 05:00:01] ⚠️  Warning: CTB progress incomplete (0%)
[2026-06-07 05:05:01] 🔄 CTB Auto-Update 폴링 시작...
[2026-06-07 05:05:01] ✅ CTB updated: 0% (Phase2A:  | Phase2B:  | Phase2C: )
[2026-06-07 05:05:01] ⚠️  Warning: CTB progress incomplete (0%)
[2026-06-07 05:10:01] 🔄 CTB Auto-Update 폴링 시작...
[2026-06-07 05:10:01] ✅ CTB updated: 0% (Phase2A:  | Phase2B:  | Phase2C: )
[2026-06-07 05:10:01] ⚠️  Warning: CTB progress incomplete (0%)
[2026-06-07 05:15:01] 🔄 CTB Auto-Update 폴링 시작...
[2026-06-07 05:15:01] ✅ CTB updated: 0% (Phase2A:  | Phase2B:  | Phase2C: )
[2026-06-07 05:15:01] ⚠️  Warning: CTB progress incomplete (0%)
[2026-06-07 05:20:01] 🔄 CTB Auto-Update 폴링 시작...
[2026-06-07 05:20:01] ✅ CTB updated: 0% (Phase2A:  | Phase2B:  | Phase2C: )
[2026-06-07 05:20:01] ⚠️  Warning: CTB progress incomplete (0%)
[2026-06-07 05:25:01] 🔄 CTB Auto-Update 폴링 시작...
[2026-06-07 05:25:01] ✅ CTB updated: 0% (Phase2A:  | Phase2B:  | Phase2C: )
[2026-06-07 05:25:01] ⚠️  Warning: CTB progress incomplete (0%)
[2026-06-07 05:30:01] 🔄 CTB Auto-Update 폴링 시작...
[2026-06-07 05:30:01] ✅ CTB updated: 0% (Phase2A:  | Phase2B:  | Phase2C: )
[2026-06-07 05:30:01] ⚠️  Warning: CTB progress incomplete (0%)
[2026-06-07 05:35:01] 🔄 CTB Auto-Update 폴링 시작...
[2026-06-07 05:35:01] ✅ CTB updated: 0% (Phase2A:  | Phase2B:  | Phase2C: )
[2026-06-07 05:35:01] ⚠️  Warning: CTB progress incomplete (0%)
[2026-06-07 05:40:01] 🔄 CTB Auto-Update 폴링 시작...
[2026-06-07 05:40:01] ✅ CTB updated: 0% (Phase2A:  | Phase2B:  | Phase2C: )
[2026-06-07 05:40:01] ⚠️  Warning: CTB progress incomplete (0%)
[2026-06-07 05:45:01] 🔄 CTB Auto-Update 폴링 시작...
[2026-06-07 05:45:01] ✅ CTB updated: 0% (Phase2A:  | Phase2B:  | Phase2C: )
[2026-06-07 05:45:01] ⚠️  Warning: CTB progress incomplete (0%)
[2026-06-07 05:50:01] 🔄 CTB Auto-Update 폴링 시작...
[2026-06-07 05:50:01] ✅ CTB updated: 0% (Phase2A:  | Phase2B:  | Phase2C: )
[2026-06-07 05:50:01] ⚠️  Warning: CTB progress incomplete (0%)
[2026-06-07 05:55:01] 🔄 CTB Auto-Update 폴링 시작...
[2026-06-07 05:55:01] ✅ CTB updated: 0% (Phase2A:  | Phase2B:  | Phase2C: )
[2026-06-07 05:55:01] ⚠️  Warning: CTB progress incomplete (0%)
[2026-06-07 06:00:01] 🔄 CTB Auto-Update 폴링 시작...
[2026-06-07 06:00:01] ✅ CTB updated: 0% (Phase2A:  | Phase2B:  | Phase2C: )
[2026-06-07 06:00:01] ⚠️  Warning: CTB progress incomplete (0%)
[2026-06-07 06:05:01] 🔄 CTB Auto-Update 폴링 시작...
[2026-06-07 06:05:01] ✅ CTB updated: 0% (Phase2A:  | Phase2B:  | Phase2C: )
[2026-06-07 06:05:01] ⚠️  Warning: CTB progress incomplete (0%)
[2026-06-07 06:10:01] 🔄 CTB Auto-Update 폴링 시작...
[2026-06-07 06:10:01] ✅ CTB updated: 0% (Phase2A:  | Phase2B:  | Phase2C: )
[2026-06-07 06:10:01] ⚠️  Warning: CTB progress incomplete (0%)
[2026-06-07 06:15:01] 🔄 CTB Auto-Update 폴링 시작...
[2026-06-07 06:15:01] ✅ CTB updated: 0% (Phase2A:  | Phase2B:  | Phase2C: )
[2026-06-07 06:15:01] ⚠️  Warning: CTB progress incomplete (0%)
[2026-06-07 06:20:01] 🔄 CTB Auto-Update 폴링 시작...
[2026-06-07 06:20:01] ✅ CTB updated: 0% (Phase2A:  | Phase2B:  | Phase2C: )
[2026-06-07 06:20:01] ⚠️  Warning: CTB progress incomplete (0%)
[2026-06-07 06:25:01] 🔄 CTB Auto-Update 폴링 시작...
[2026-06-07 06:25:01] ✅ CTB updated: 0% (Phase2A:  | Phase2B:  | Phase2C: )
[2026-06-07 06:25:01] ⚠️  Warning: CTB progress incomplete (0%)
[2026-06-07 06:30:01] 🔄 CTB Auto-Update 폴링 시작...
[2026-06-07 06:30:01] ✅ CTB updated: 0% (Phase2A:  | Phase2B:  | Phase2C: )
[2026-06-07 06:30:01] ⚠️  Warning: CTB progress incomplete (0%)
[2026-06-07 06:35:01] 🔄 CTB Auto-Update 폴링 시작...
[2026-06-07 06:35:01] ✅ CTB updated: 0% (Phase2A:  | Phase2B:  | Phase2C: )
[2026-06-07 06:35:01] ⚠️  Warning: CTB progress incomplete (0%)
[2026-06-07 06:40:01] 🔄 CTB Auto-Update 폴링 시작...
[2026-06-07 06:40:01] ✅ CTB updated: 0% (Phase2A:  | Phase2B:  | Phase2C: )
[2026-06-07 06:40:01] ⚠️  Warning: CTB progress incomplete (0%)
[2026-06-07 06:45:01] 🔄 CTB Auto-Update 폴링 시작...
[2026-06-07 06:45:01] ✅ CTB updated: 0% (Phase2A:  | Phase2B:  | Phase2C: )
[2026-06-07 06:45:01] ⚠️  Warning: CTB progress incomplete (0%)
[2026-06-07 06:50:01] 🔄 CTB Auto-Update 폴링 시작...
[2026-06-07 06:50:01] ✅ CTB updated: 0% (Phase2A:  | Phase2B:  | Phase2C: )
[2026-06-07 06:50:01] ⚠️  Warning: CTB progress incomplete (0%)
[2026-06-07 06:55:01] 🔄 CTB Auto-Update 폴링 시작...
[2026-06-07 06:55:02] ✅ CTB updated: 0% (Phase2A:  | Phase2B:  | Phase2C: )
[2026-06-07 06:55:02] ⚠️  Warning: CTB progress incomplete (0%)
[2026-06-07 07:00:01] 🔄 CTB Auto-Update 폴링 시작...
[2026-06-07 07:00:01] ✅ CTB updated: 0% (Phase2A:  | Phase2B:  | Phase2C: )
[2026-06-07 07:00:01] ⚠️  Warning: CTB progress incomplete (0%)
[2026-06-07 07:05:01] 🔄 CTB Auto-Update 폴링 시작...
[2026-06-07 07:05:01] ✅ CTB updated: 0% (Phase2A:  | Phase2B:  | Phase2C: )
[2026-06-07 07:05:01] ⚠️  Warning: CTB progress incomplete (0%)
[2026-06-07 07:10:01] 🔄 CTB Auto-Update 폴링 시작...
[2026-06-07 07:10:01] ✅ CTB updated: 0% (Phase2A:  | Phase2B:  | Phase2C: )
[2026-06-07 07:10:01] ⚠️  Warning: CTB progress incomplete (0%)
[2026-06-07 07:15:01] 🔄 CTB Auto-Update 폴링 시작...
[2026-06-07 07:15:01] ✅ CTB updated: 0% (Phase2A:  | Phase2B:  | Phase2C: )
[2026-06-07 07:15:01] ⚠️  Warning: CTB progress incomplete (0%)
[2026-06-07 07:20:02] 🔄 CTB Auto-Update 폴링 시작...
[2026-06-07 07:20:02] ✅ CTB updated: 0% (Phase2A:  | Phase2B:  | Phase2C: )
[2026-06-07 07:20:02] ⚠️  Warning: CTB progress incomplete (0%)
[2026-06-07 07:25:01] 🔄 CTB Auto-Update 폴링 시작...
[2026-06-07 07:25:01] ✅ CTB updated: 0% (Phase2A:  | Phase2B:  | Phase2C: )
[2026-06-07 07:25:01] ⚠️  Warning: CTB progress incomplete (0%)
[2026-06-07 07:30:01] 🔄 CTB Auto-Update 폴링 시작...
[2026-06-07 07:30:01] ✅ CTB updated: 0% (Phase2A:  | Phase2B:  | Phase2C: )
[2026-06-07 07:30:01] ⚠️  Warning: CTB progress incomplete (0%)
[2026-06-07 07:35:01] 🔄 CTB Auto-Update 폴링 시작...
[2026-06-07 07:35:01] ✅ CTB updated: 0% (Phase2A:  | Phase2B:  | Phase2C: )
[2026-06-07 07:35:01] ⚠️  Warning: CTB progress incomplete (0%)
[2026-06-07 07:40:01] 🔄 CTB Auto-Update 폴링 시작...
[2026-06-07 07:40:01] ✅ CTB updated: 0% (Phase2A:  | Phase2B:  | Phase2C: )
[2026-06-07 07:40:01] ⚠️  Warning: CTB progress incomplete (0%)
[2026-06-07 07:45:01] 🔄 CTB Auto-Update 폴링 시작...
[2026-06-07 07:45:01] ✅ CTB updated: 0% (Phase2A:  | Phase2B:  | Phase2C: )
[2026-06-07 07:45:01] ⚠️  Warning: CTB progress incomplete (0%)
[2026-06-07 07:50:01] 🔄 CTB Auto-Update 폴링 시작...
[2026-06-07 07:50:01] ✅ CTB updated: 0% (Phase2A:  | Phase2B:  | Phase2C: )
[2026-06-07 07:50:01] ⚠️  Warning: CTB progress incomplete (0%)
[2026-06-07 07:55:01] 🔄 CTB Auto-Update 폴링 시작...
[2026-06-07 07:55:01] ✅ CTB updated: 0% (Phase2A:  | Phase2B:  | Phase2C: )
[2026-06-07 07:55:01] ⚠️  Warning: CTB progress incomplete (0%)
[2026-06-07 08:00:01] 🔄 CTB Auto-Update 폴링 시작...
[2026-06-07 08:00:01] ✅ CTB updated: 0% (Phase2A:  | Phase2B:  | Phase2C: )
[2026-06-07 08:00:01] ⚠️  Warning: CTB progress incomplete (0%)
[2026-06-07 08:05:01] 🔄 CTB Auto-Update 폴링 시작...
[2026-06-07 08:05:01] ✅ CTB updated: 0% (Phase2A:  | Phase2B:  | Phase2C: )
[2026-06-07 08:05:01] ⚠️  Warning: CTB progress incomplete (0%)
[2026-06-07 08:09:22] 🔄 CTB Auto-Update 폴링 시작...
[2026-06-07 08:09:22] ✅ CTB updated: 0% (Phase2A: ready | Phase2B: ready | Phase2C: ready)
[2026-06-07 08:09:22] ⚠️  Warning: CTB progress incomplete (0%)
[2026-06-07 08:09:29] 🔄 CTB Auto-Update 폴링 시작...
[2026-06-07 08:09:29] ✅ CTB updated: 100% (Phase2A: ready | Phase2B: ready | Phase2C: ready)
[2026-06-07 08:10:01] 🔄 CTB Auto-Update 폴링 시작...
[2026-06-07 08:10:01] ✅ CTB updated: 100% (Phase2A: ready | Phase2B: ready | Phase2C: ready)
[2026-06-07 08:15:02] 🔄 CTB Auto-Update 폴링 시작...
[2026-06-07 08:15:02] ✅ CTB updated: 100% (Phase2A: ready | Phase2B: ready | Phase2C: ready)
[2026-06-07 08:20:01] 🔄 CTB Auto-Update 폴링 시작...
[2026-06-07 08:20:02] ✅ CTB updated: 100% (Phase2A: ready | Phase2B: ready | Phase2C: ready)
[2026-06-07 08:25:01] 🔄 CTB Auto-Update 폴링 시작...
[2026-06-07 08:25:01] ✅ CTB updated: 100% (Phase2A: ready | Phase2B: ready | Phase2C: ready)
[2026-06-07 08:30:01] 🔄 CTB Auto-Update 폴링 시작...
[2026-06-07 08:30:01] ✅ CTB updated: 100% (Phase2A: ready | Phase2B: ready | Phase2C: ready)
[2026-06-07 08:35:01] 🔄 CTB Auto-Update 폴링 시작...
[2026-06-07 08:35:01] ✅ CTB updated: 100% (Phase2A: ready | Phase2B: ready | Phase2C: ready)
[2026-06-07 08:40:01] 🔄 CTB Auto-Update 폴링 시작...
[2026-06-07 08:40:01] ✅ CTB updated: 100% (Phase2A: ready | Phase2B: ready | Phase2C: ready)
[2026-06-07 08:45:01] 🔄 CTB Auto-Update 폴링 시작...
[2026-06-07 08:45:02] ✅ CTB updated: 100% (Phase2A: ready | Phase2B: ready | Phase2C: ready)
[2026-06-07 08:50:01] 🔄 CTB Auto-Update 폴링 시작...
[2026-06-07 08:50:02] ✅ CTB updated: 100% (Phase2A: ready | Phase2B: ready | Phase2C: ready)
[2026-06-07 08:55:01] 🔄 CTB Auto-Update 폴링 시작...
[2026-06-07 08:55:01] ✅ CTB updated: 100% (Phase2A: ready | Phase2B: ready | Phase2C: ready)
[2026-06-07 09:00:01] 🔄 CTB Auto-Update 폴링 시작...
[2026-06-07 09:00:01] ✅ CTB updated: 100% (Phase2A: ready | Phase2B: ready | Phase2C: ready)
[2026-06-07 09:05:01] 🔄 CTB Auto-Update 폴링 시작...
[2026-06-07 09:05:01] ✅ CTB updated: 100% (Phase2A: ready | Phase2B: ready | Phase2C: ready)
[2026-06-07 09:10:01] 🔄 CTB Auto-Update 폴링 시작...
[2026-06-07 09:10:01] ✅ CTB updated: 100% (Phase2A: ready | Phase2B: ready | Phase2C: ready)
[2026-06-07 09:15:01] 🔄 CTB Auto-Update 폴링 시작...
[2026-06-07 09:15:01] ✅ CTB updated: 100% (Phase2A: ready | Phase2B: ready | Phase2C: ready)
[2026-06-07 09:20:01] 🔄 CTB Auto-Update 폴링 시작...
[2026-06-07 09:20:01] ✅ CTB updated: 100% (Phase2A: ready | Phase2B: ready | Phase2C: ready)

2026-06-07 09:24:30 [CYCLE 727] ✅ PERFECT STABILITY SUSTAINED
- Code changes: 0 (production clean)
- Build status: PASSING (142 pages, 1 benign warning)
- Phase 2 services: 5/5 LISTEN verified (3009/3010/3011/3000/19001)
  - phase2a (message-collection): PID 271555, port 3009, health ready
  - phase2b (duplicate-detection): PID 271569, port 3010, health ready
  - phase2c (trust-score): PID 271583, port 3011, health ready
  - nextjs: PID 72439, port 3000
  - gateway: PID 271421, port 19001
- P1 projects: AUDIT 100% ✅, DISCORD 100% ✅, BM 100% ✅, TRAVEL 100% ✅
- Stability: 84 consecutive zero-change cycles (420min sustained)
- Reliability: 100%
- Blockers: 0
- Next cycle: 728 @ 09:29 KST
[2026-06-07 09:25:01] 🔄 CTB Auto-Update 폴링 시작...
[2026-06-07 09:25:01] ✅ CTB updated: 100% (Phase2A: ready | Phase2B: ready | Phase2C: ready)
[2026-06-07 09:30:01] 🔄 CTB Auto-Update 폴링 시작...
[2026-06-07 09:30:01] ✅ CTB updated: 100% (Phase2A: ready | Phase2B: ready | Phase2C: ready)
[2026-06-07 09:35:01] 🔄 CTB Auto-Update 폴링 시작...
[2026-06-07 09:35:01] ✅ CTB updated: 100% (Phase2A: ready | Phase2B: ready | Phase2C: ready)
[2026-06-07 09:40:01] 🔄 CTB Auto-Update 폴링 시작...
[2026-06-07 09:40:01] ✅ CTB updated: 100% (Phase2A: ready | Phase2B: ready | Phase2C: ready)
[2026-06-07 09:45:01] 🔄 CTB Auto-Update 폴링 시작...
[2026-06-07 09:45:01] ✅ CTB updated: 100% (Phase2A: ready | Phase2B: ready | Phase2C: ready)
[2026-06-07 09:50:01] 🔄 CTB Auto-Update 폴링 시작...
[2026-06-07 09:50:01] ✅ CTB updated: 100% (Phase2A: ready | Phase2B: ready | Phase2C: ready)
[2026-06-07 09:55:01] 🔄 CTB Auto-Update 폴링 시작...
[2026-06-07 09:55:01] ✅ CTB updated: 100% (Phase2A: ready | Phase2B: ready | Phase2C: ready)
[2026-06-07 10:00:01] 🔄 CTB Auto-Update 폴링 시작...
[2026-06-07 10:00:01] ✅ CTB updated: 100% (Phase2A: ready | Phase2B: ready | Phase2C: ready)
[2026-06-07 10:05:01] 🔄 CTB Auto-Update 폴링 시작...
[2026-06-07 10:05:01] ✅ CTB updated: 100% (Phase2A: ready | Phase2B: ready | Phase2C: ready)
[2026-06-07 10:10:01] 🔄 CTB Auto-Update 폴링 시작...
[2026-06-07 10:10:02] ✅ CTB updated: 100% (Phase2A: ready | Phase2B: ready | Phase2C: ready)
[2026-06-07 10:15:01] 🔄 CTB Auto-Update 폴링 시작...
[2026-06-07 10:15:01] ✅ CTB updated: 100% (Phase2A: ready | Phase2B: ready | Phase2C: ready)
[2026-06-07 10:20:01] 🔄 CTB Auto-Update 폴링 시작...
[2026-06-07 10:20:01] ✅ CTB updated: 100% (Phase2A: ready | Phase2B: ready | Phase2C: ready)
[2026-06-07 10:25:01] 🔄 CTB Auto-Update 폴링 시작...
[2026-06-07 10:25:01] ✅ CTB updated: 100% (Phase2A: ready | Phase2B: ready | Phase2C: ready)
[2026-06-07 10:30:01] 🔄 CTB Auto-Update 폴링 시작...
[2026-06-07 10:30:01] ✅ CTB updated: 100% (Phase2A: ready | Phase2B: ready | Phase2C: ready)
[2026-06-07 10:35:01] 🔄 CTB Auto-Update 폴링 시작...
[2026-06-07 10:35:01] ✅ CTB updated: 100% (Phase2A: ready | Phase2B: ready | Phase2C: ready)
[2026-06-07 10:40:01] 🔄 CTB Auto-Update 폴링 시작...
[2026-06-07 10:40:02] ✅ CTB updated: 100% (Phase2A: ready | Phase2B: ready | Phase2C: ready)
[2026-06-07 10:45:01] 🔄 CTB Auto-Update 폴링 시작...
[2026-06-07 10:45:01] ✅ CTB updated: 100% (Phase2A: ready | Phase2B: ready | Phase2C: ready)
[2026-06-07 10:50:01] 🔄 CTB Auto-Update 폴링 시작...
[2026-06-07 10:50:01] ✅ CTB updated: 100% (Phase2A: ready | Phase2B: ready | Phase2C: ready)
[2026-06-07 10:55:01] 🔄 CTB Auto-Update 폴링 시작...
[2026-06-07 10:55:01] ✅ CTB updated: 100% (Phase2A: ready | Phase2B: ready | Phase2C: ready)
[2026-06-07 11:00:01] 🔄 CTB Auto-Update 폴링 시작...
[2026-06-07 11:00:01] ✅ CTB updated: 100% (Phase2A: ready | Phase2B: ready | Phase2C: ready)
[2026-06-07 11:05:01] 🔄 CTB Auto-Update 폴링 시작...
[2026-06-07 11:05:02] ✅ CTB updated: 100% (Phase2A: ready | Phase2B: ready | Phase2C: ready)
[2026-06-07 11:10:02] 🔄 CTB Auto-Update 폴링 시작...
[2026-06-07 11:10:02] ✅ CTB updated: 100% (Phase2A: ready | Phase2B: ready | Phase2C: ready)
[2026-06-07 11:15:01] 🔄 CTB Auto-Update 폴링 시작...
[2026-06-07 11:15:01] ✅ CTB updated: 100% (Phase2A: ready | Phase2B: ready | Phase2C: ready)
[2026-06-07 11:20:01] 🔄 CTB Auto-Update 폴링 시작...
[2026-06-07 11:20:01] ✅ CTB updated: 100% (Phase2A: ready | Phase2B: ready | Phase2C: ready)
[2026-06-07 11:25:01] 🔄 CTB Auto-Update 폴링 시작...
[2026-06-07 11:25:01] ✅ CTB updated: 100% (Phase2A: ready | Phase2B: ready | Phase2C: ready)
[2026-06-07 11:30:01] 🔄 CTB Auto-Update 폴링 시작...
[2026-06-07 11:30:01] ✅ CTB updated: 100% (Phase2A: ready | Phase2B: ready | Phase2C: ready)
[2026-06-07 11:35:01] 🔄 CTB Auto-Update 폴링 시작...
[2026-06-07 11:35:01] ✅ CTB updated: 100% (Phase2A: ready | Phase2B: ready | Phase2C: ready)
[2026-06-07 11:40:01] 🔄 CTB Auto-Update 폴링 시작...
[2026-06-07 11:40:01] ✅ CTB updated: 100% (Phase2A: ready | Phase2B: ready | Phase2C: ready)
[2026-06-07 11:45:01] 🔄 CTB Auto-Update 폴링 시작...
[2026-06-07 11:45:02] ✅ CTB updated: 66% (Phase2A: DOWN | Phase2B: ready | Phase2C: ready)
[2026-06-07 11:45:02] ⚠️  Warning: CTB progress incomplete (66%)
[2026-06-07 11:50:01] 🔄 CTB Auto-Update 폴링 시작...
[2026-06-07 11:50:01] ✅ CTB updated: 100% (Phase2A: ready | Phase2B: ready | Phase2C: ready)
[2026-06-07 11:55:01] 🔄 CTB Auto-Update 폴링 시작...
[2026-06-07 11:55:01] ✅ CTB updated: 100% (Phase2A: ready | Phase2B: ready | Phase2C: ready)
[2026-06-07 12:00:02] 🔄 CTB Auto-Update 폴링 시작...
[2026-06-07 12:00:02] ✅ CTB updated: 100% (Phase2A: ready | Phase2B: ready | Phase2C: ready)
[2026-06-07 12:05:01] 🔄 CTB Auto-Update 폴링 시작...
[2026-06-07 12:05:01] ✅ CTB updated: 100% (Phase2A: ready | Phase2B: ready | Phase2C: ready)
[2026-06-07 12:10:01] 🔄 CTB Auto-Update 폴링 시작...
[2026-06-07 12:10:01] ✅ CTB updated: 100% (Phase2A: ready | Phase2B: ready | Phase2C: ready)
[2026-06-07 12:15:01] 🔄 CTB Auto-Update 폴링 시작...
[2026-06-07 12:15:01] ✅ CTB updated: 100% (Phase2A: ready | Phase2B: ready | Phase2C: ready)
[2026-06-07 12:20:01] 🔄 CTB Auto-Update 폴링 시작...
[2026-06-07 12:20:01] ✅ CTB updated: 100% (Phase2A: ready | Phase2B: ready | Phase2C: ready)
[2026-06-07 12:25:01] 🔄 CTB Auto-Update 폴링 시작...
[2026-06-07 12:25:01] ✅ CTB updated: 100% (Phase2A: ready | Phase2B: ready | Phase2C: ready)
[2026-06-07 12:30:01] 🔄 CTB Auto-Update 폴링 시작...
[2026-06-07 12:30:01] ✅ CTB updated: 100% (Phase2A: ready | Phase2B: ready | Phase2C: ready)
[2026-06-07 12:35:01] 🔄 CTB Auto-Update 폴링 시작...
[2026-06-07 12:35:01] ✅ CTB updated: 100% (Phase2A: ready | Phase2B: ready | Phase2C: ready)
[2026-06-07 12:40:01] 🔄 CTB Auto-Update 폴링 시작...
[2026-06-07 12:40:01] ✅ CTB updated: 100% (Phase2A: ready | Phase2B: ready | Phase2C: ready)
[2026-06-07 12:45:01] 🔄 CTB Auto-Update 폴링 시작...
[2026-06-07 12:45:01] ✅ CTB updated: 100% (Phase2A: ready | Phase2B: ready | Phase2C: ready)
[2026-06-07 12:50:01] 🔄 CTB Auto-Update 폴링 시작...
[2026-06-07 12:50:02] ✅ CTB updated: 100% (Phase2A: ready | Phase2B: ready | Phase2C: ready)
[2026-06-07 12:55:01] 🔄 CTB Auto-Update 폴링 시작...
[2026-06-07 12:55:01] ✅ CTB updated: 100% (Phase2A: ready | Phase2B: ready | Phase2C: ready)
[2026-06-07 13:00:01] 🔄 CTB Auto-Update 폴링 시작...
[2026-06-07 13:00:01] ✅ CTB updated: 100% (Phase2A: ready | Phase2B: ready | Phase2C: ready)
[2026-06-07 13:05:01] 🔄 CTB Auto-Update 폴링 시작...
[2026-06-07 13:05:01] ✅ CTB updated: 100% (Phase2A: ready | Phase2B: ready | Phase2C: ready)
[2026-06-07 13:10:01] 🔄 CTB Auto-Update 폴링 시작...
[2026-06-07 13:10:01] ✅ CTB updated: 100% (Phase2A: ready | Phase2B: ready | Phase2C: ready)
[2026-06-07 13:15:01] 🔄 CTB Auto-Update 폴링 시작...
[2026-06-07 13:15:01] ✅ CTB updated: 100% (Phase2A: ready | Phase2B: ready | Phase2C: ready)
[2026-06-07 13:20:01] 🔄 CTB Auto-Update 폴링 시작...
[2026-06-07 13:20:01] ✅ CTB updated: 100% (Phase2A: ready | Phase2B: ready | Phase2C: ready)
[2026-06-07 13:25:01] 🔄 CTB Auto-Update 폴링 시작...
[2026-06-07 13:25:01] ✅ CTB updated: 100% (Phase2A: ready | Phase2B: ready | Phase2C: ready)
[2026-06-07 13:30:01] 🔄 CTB Auto-Update 폴링 시작...
[2026-06-07 13:30:01] ✅ CTB updated: 100% (Phase2A: ready | Phase2B: ready | Phase2C: ready)
[2026-06-07 13:35:01] 🔄 CTB Auto-Update 폴링 시작...
[2026-06-07 13:35:01] ✅ CTB updated: 100% (Phase2A: ready | Phase2B: ready | Phase2C: ready)
[2026-06-07 13:40:01] 🔄 CTB Auto-Update 폴링 시작...
[2026-06-07 13:40:01] ✅ CTB updated: 100% (Phase2A: ready | Phase2B: ready | Phase2C: ready)
[2026-06-07 13:43:01] 🔄 CTB Auto-Update 폴링 시작... (Cycle 794)
[2026-06-07 13:43:01] ✅ Build status: PASSING (143 pages)
[2026-06-07 13:43:02] ✅ Phase2A (3009): LISTEN
[2026-06-07 13:43:02] ✅ Phase2B (3010): LISTEN
[2026-06-07 13:43:02] ✅ Phase2C (3011): LISTEN
[2026-06-07 13:43:02] ✅ FMS Portal (3000): LISTEN
[2026-06-07 13:43:02] ✅ Gateway (19001): LISTEN
[2026-06-07 13:43:03] ✅ Vercel deployment: HTTP 200 (stable)
[2026-06-07 13:43:03] ✅ CTB updated: 100% (Phase2A: ready | Phase2B: ready | Phase2C: ready)
[2026-06-07 13:43:03] ✅ All systems operational. Reliability: 100%, blockers: 0
[2026-06-07 13:43:03] ℹ️ Next cycle: 795 @ 13:48 KST
[2026-06-07 13:45:01] 🔄 CTB Auto-Update 폴링 시작...
[2026-06-07 13:45:01] ✅ CTB updated: 100% (Phase2A: ready | Phase2B: ready | Phase2C: ready)
[2026-06-07 13:50:01] 🔄 CTB Auto-Update 폴링 시작...
[2026-06-07 13:50:01] ✅ CTB updated: 100% (Phase2A: ready | Phase2B: ready | Phase2C: ready)
[2026-06-07 13:55:01] 🔄 CTB Auto-Update 폴링 시작...
[2026-06-07 13:55:01] ✅ CTB updated: 100% (Phase2A: ready | Phase2B: ready | Phase2C: ready)
[2026-06-07 14:00:01] 🔄 CTB Auto-Update 폴링 시작...
[2026-06-07 14:00:01] ✅ CTB updated: 100% (Phase2A: ready | Phase2B: ready | Phase2C: ready)
[2026-06-07 14:05:01] 🔄 CTB Auto-Update 폴링 시작...
[2026-06-07 14:05:01] ✅ CTB updated: 100% (Phase2A: ready | Phase2B: ready | Phase2C: ready)
[2026-06-07 14:08:17] 🔄 CTB Auto-Update 폴링 시작...
[2026-06-07 14:08:17] ✅ CTB updated: 100% | Local: Phase2A=ready | Phase2B=ready | Phase2C=ready | Production: Vercel=OK
[2026-06-07 14:10:01] 🔄 CTB Auto-Update 폴링 시작...
[2026-06-07 14:10:02] ✅ CTB updated: 100% | Local: Phase2A=ready | Phase2B=ready | Phase2C=ready | Production: Vercel=OK
[2026-06-07 14:15:01] 🔄 CTB Auto-Update 폴링 시작...
[2026-06-07 14:15:01] ✅ CTB updated: 100% | Local: Phase2A=ready | Phase2B=ready | Phase2C=ready | Production: Vercel=OK
[2026-06-07 14:20:01] 🔄 CTB Auto-Update 폴링 시작...
[2026-06-07 14:20:01] ✅ CTB updated: 100% | Local: Phase2A=ready | Phase2B=ready | Phase2C=ready | Production: Vercel=OK
[2026-06-07 14:25:01] 🔄 CTB Auto-Update 폴링 시작...
[2026-06-07 14:25:01] ✅ CTB updated: 100% | Local: Phase2A=ready | Phase2B=ready | Phase2C=ready | Production: Vercel=OK
[2026-06-07 14:30:01] 🔄 CTB Auto-Update 폴링 시작...
[2026-06-07 14:30:01] ✅ CTB updated: 100% | Local: Phase2A=ready | Phase2B=ready | Phase2C=ready | Production: Vercel=OK
[2026-06-07 14:35:01] 🔄 CTB Auto-Update 폴링 시작...
[2026-06-07 14:35:02] ✅ CTB updated: 100% | Local: Phase2A=ready | Phase2B=ready | Phase2C=ready | Production: Vercel=OK
[2026-06-07 14:40:01] 🔄 CTB Auto-Update 폴링 시작...
[2026-06-07 14:40:02] ✅ CTB updated: 100% | Local: Phase2A=ready | Phase2B=ready | Phase2C=ready | Production: Vercel=OK
[2026-06-07 14:45:01] 🔄 CTB Auto-Update 폴링 시작...
[2026-06-07 14:45:01] ✅ CTB updated: 100% | Local: Phase2A=ready | Phase2B=ready | Phase2C=ready | Production: Vercel=OK
[2026-06-07 14:50:01] 🔄 CTB Auto-Update 폴링 시작...
[2026-06-07 14:50:01] ✅ CTB updated: 100% | Local: Phase2A=ready | Phase2B=ready | Phase2C=ready | Production: Vercel=OK
[2026-06-07 14:55:01] 🔄 CTB Auto-Update 폴링 시작...
[2026-06-07 14:55:01] ✅ CTB updated: 100% | Local: Phase2A=ready | Phase2B=ready | Phase2C=ready | Production: Vercel=OK
[2026-06-07 15:00:01] 🔄 CTB Auto-Update 폴링 시작...
[2026-06-07 15:00:01] ✅ CTB updated: 100% | Local: Phase2A=ready | Phase2B=ready | Phase2C=ready | Production: Vercel=OK
[2026-06-07 15:05:01] 🔄 CTB Auto-Update 폴링 시작...
[2026-06-07 15:05:01] ✅ CTB updated: 100% | Local: Phase2A=ready | Phase2B=ready | Phase2C=ready | Production: Vercel=OK
[2026-06-07 15:10:01] 🔄 CTB Auto-Update 폴링 시작...
[2026-06-07 15:10:01] ✅ CTB updated: 100% | Local: Phase2A=ready | Phase2B=ready | Phase2C=ready | Production: Vercel=OK
[2026-06-07 15:15:01] 🔄 CTB Auto-Update 폴링 시작...
[2026-06-07 15:15:02] ✅ CTB updated: 100% | Local: Phase2A=ready | Phase2B=ready | Phase2C=ready | Production: Vercel=OK
[2026-06-07 15:20:01] 🔄 CTB Auto-Update 폴링 시작...
[2026-06-07 15:20:02] ✅ CTB updated: 100% | Local: Phase2A=ready | Phase2B=ready | Phase2C=ready | Production: Vercel=OK
[2026-06-07 15:22:15] 🔄 CTB Auto-Update 폴링 시작...
[2026-06-07 15:22:15] ✅ CTB updated: 100% | Cycle 813 | Local: Phase2A=ready | Phase2B=ready | Phase2C=ready | Production: Vercel=OK | Build: 143 pages PASS | Projects: AUDIT/DISCORD-BOT/BM/TRAVEL all 100% | Blocker: db/36 migration (user action pending)
[2026-06-07 15:25:01] 🔄 CTB Auto-Update 폴링 시작...
[2026-06-07 15:25:01] ✅ CTB updated: 100% | Local: Phase2A=ready | Phase2B=ready | Phase2C=ready | Production: Vercel=OK
[2026-06-07 15:30:01] 🔄 CTB Auto-Update 폴링 시작...
[2026-06-07 15:30:01] ✅ CTB updated: 100% | Local: Phase2A=ready | Phase2B=ready | Phase2C=ready | Production: Vercel=OK
[2026-06-07 15:35:01] 🔄 CTB Auto-Update 폴링 시작...
[2026-06-07 15:35:01] ✅ CTB updated: 100% | Local: Phase2A=ready | Phase2B=ready | Phase2C=ready | Production: Vercel=OK
[2026-06-07 15:40:01] 🔄 CTB Auto-Update 폴링 시작...
[2026-06-07 15:40:01] ✅ CTB updated: 100% | Local: Phase2A=ready | Phase2B=ready | Phase2C=ready | Production: Vercel=OK
[2026-06-07 15:45:01] 🔄 CTB Auto-Update 폴링 시작...
[2026-06-07 15:45:02] ✅ CTB updated: 100% | Local: Phase2A=ready | Phase2B=ready | Phase2C=ready | Production: Vercel=OK
[2026-06-07 15:50:01] 🔄 CTB Auto-Update 폴링 시작...
[2026-06-07 15:50:02] ✅ CTB updated: 100% | Local: Phase2A=ready | Phase2B=ready | Phase2C=ready | Production: Vercel=OK
[2026-06-07 15:55:01] 🔄 CTB Auto-Update 폴링 시작...
[2026-06-07 15:55:01] ✅ CTB updated: 100% | Local: Phase2A=ready | Phase2B=ready | Phase2C=ready | Production: Vercel=OK
[2026-06-07 16:00:01] 🔄 CTB Auto-Update 폴링 시작...
[2026-06-07 16:00:02] ✅ CTB updated: 100% | Local: Phase2A=ready | Phase2B=ready | Phase2C=ready | Production: Vercel=OK
[2026-06-07 16:05:01] 🔄 CTB Auto-Update 폴링 시작...
[2026-06-07 16:05:01] ✅ CTB updated: 100% | Local: Phase2A=ready | Phase2B=ready | Phase2C=ready | Production: Vercel=OK
[2026-06-07 16:10:01] 🔄 CTB Auto-Update 폴링 시작...
[2026-06-07 16:10:02] ✅ CTB updated: 100% | Local: Phase2A=ready | Phase2B=ready | Phase2C=ready | Production: Vercel=OK
[2026-06-07 16:15:01] 🔄 CTB Auto-Update 폴링 시작...
[2026-06-07 16:15:01] ✅ CTB updated: 100% | Local: Phase2A=ready | Phase2B=ready | Phase2C=ready | Production: Vercel=OK
[2026-06-07 16:20:01] 🔄 CTB Auto-Update 폴링 시작...
[2026-06-07 16:20:01] ✅ CTB updated: 100% | Local: Phase2A=ready | Phase2B=ready | Phase2C=ready | Production: Vercel=OK
[2026-06-07 16:25:01] 🔄 CTB Auto-Update 폴링 시작...
[2026-06-07 16:25:01] ✅ CTB updated: 100% | Local: Phase2A=ready | Phase2B=ready | Phase2C=ready | Production: Vercel=OK
[2026-06-07 16:30:01] 🔄 CTB Auto-Update 폴링 시작...
[2026-06-07 16:30:01] ✅ CTB updated: 100% | Local: Phase2A=ready | Phase2B=ready | Phase2C=ready | Production: Vercel=OK
[2026-06-07 16:35:01] 🔄 CTB Auto-Update 폴링 시작...
[2026-06-07 16:35:01] ✅ CTB updated: 100% | Local: Phase2A=ready | Phase2B=ready | Phase2C=ready | Production: Vercel=OK
[2026-06-07 16:34:04] 🔄 CTB Auto-Update 폴링 시작 (Cycle 827)...
[2026-06-07 16:34:04] ✅ CTB updated: 100% (Phase2A: ready | Phase2B: ready | Phase2C: ready)
[2026-06-07 16:34:04] ✅ Build status: 143 pages PASSING
[2026-06-07 16:34:04] ✅ All services LISTEN: FMS:3000, Phase2A/B/C:3009/3010/3011, Gateway:19001
[2026-06-07 16:34:04] ✅ Projects: AUDIT 100% (0cf3c1ba), DISCORD-BOT 100% (585db4d5), BM 100% (ecc13a9f), TRAVEL 60% (e9396c74)
[2026-06-07 16:34:04] ✅ Reliability: 100%, Blockers: 0
[2026-06-07 16:34:04] ✅ Vercel HTTP: 200 OK
[2026-06-07 16:34:04] ✅ Cycle 827 completed. Next: Cycle 828 @ 16:39 KST
[2026-06-07 16:40:01] 🔄 CTB Auto-Update 폴링 시작...
[2026-06-07 16:40:01] ✅ CTB updated: 100% | Local: Phase2A=ready | Phase2B=ready | Phase2C=ready | Production: Vercel=OK
[2026-06-07 16:45:01] 🔄 CTB Auto-Update 폴링 시작...
[2026-06-07 16:45:01] ✅ CTB updated: 100% | Local: Phase2A=ready | Phase2B=ready | Phase2C=ready | Production: Vercel=OK
[2026-06-07 16:50:01] 🔄 CTB Auto-Update 폴링 시작...
[2026-06-07 16:50:01] ✅ CTB updated: 100% | Local: Phase2A=ready | Phase2B=ready | Phase2C=ready | Production: Vercel=OK
[2026-06-07 16:55:01] 🔄 CTB Auto-Update 폴링 시작...
[2026-06-07 16:55:01] ✅ CTB updated: 100% | Local: Phase2A=ready | Phase2B=ready | Phase2C=ready | Production: Vercel=OK
[2026-06-07 17:00:01] 🔄 CTB Auto-Update 폴링 시작...
[2026-06-07 17:00:01] ✅ CTB updated: 100% | Local: Phase2A=ready | Phase2B=ready | Phase2C=ready | Production: Vercel=OK
[2026-06-07 17:05:01] 🔄 CTB Auto-Update 폴링 시작...
[2026-06-07 17:05:02] ✅ CTB updated: 100% | Local: Phase2A=ready | Phase2B=ready | Phase2C=ready | Production: Vercel=OK
[2026-06-07 17:10:01] 🔄 CTB Auto-Update 폴링 시작...
[2026-06-07 17:10:02] ✅ CTB updated: 100% | Local: Phase2A=ready | Phase2B=ready | Phase2C=ready | Production: Vercel=OK
[2026-06-07 17:15:01] 🔄 CTB Auto-Update 폴링 시작...
[2026-06-07 17:15:01] ✅ CTB updated: 100% | Local: Phase2A=ready | Phase2B=ready | Phase2C=ready | Production: Vercel=OK
[2026-06-07 17:20:01] 🔄 CTB Auto-Update 폴링 시작...
[2026-06-07 17:20:01] ✅ CTB updated: 100% | Local: Phase2A=ready | Phase2B=ready | Phase2C=ready | Production: Vercel=OK
[2026-06-07 17:25:01] 🔄 CTB Auto-Update 폴링 시작...
[2026-06-07 17:25:01] ✅ CTB updated: 100% | Local: Phase2A=ready | Phase2B=ready | Phase2C=ready | Production: Vercel=OK
[2026-06-07 17:30:01] 🔄 CTB Auto-Update 폴링 시작...
[2026-06-07 17:30:01] ✅ CTB updated: 100% | Local: Phase2A=ready | Phase2B=ready | Phase2C=ready | Production: Vercel=OK
[2026-06-07 17:35:01] 🔄 CTB Auto-Update 폴링 시작...
[2026-06-07 17:35:02] ✅ CTB updated: 100% | Local: Phase2A=ready | Phase2B=ready | Phase2C=ready | Production: Vercel=OK
[2026-06-07 17:40:01] 🔄 CTB Auto-Update 폴링 시작...
[2026-06-07 17:40:01] ✅ CTB updated: 100% | Local: Phase2A=ready | Phase2B=ready | Phase2C=ready | Production: Vercel=OK
[2026-06-07 17:45:01] 🔄 CTB Auto-Update 폴링 시작...
[2026-06-07 17:45:01] ✅ CTB updated: 100% | Local: Phase2A=ready | Phase2B=ready | Phase2C=ready | Production: Vercel=OK
[2026-06-07 17:50:01] 🔄 CTB Auto-Update 폴링 시작...
[2026-06-07 17:50:01] ✅ CTB updated: 100% | Local: Phase2A=ready | Phase2B=ready | Phase2C=ready | Production: Vercel=OK
[2026-06-07 17:55:01] 🔄 CTB Auto-Update 폴링 시작...
[2026-06-07 17:55:01] ✅ CTB updated: 100% | Local: Phase2A=ready | Phase2B=ready | Phase2C=ready | Production: Vercel=OK
