[2026-06-09 17:01:00] 🔄 CTB 폴링 커밋 생성 시작...
[2026-06-09 17:01:00] 생성된 메시지: chore(ctb): 폴링 사이클 5936640 @ 17:01 KST (2026년 06월 09일) — 완벽한 안정성 유지. 시스템 진행률: 100% | Phase2A=ready | Phase2B=ready | Phase2C=ready | 프로덕션=OK
[2026-06-09 17:01:01] ✅ 커밋 성공: chore(ctb): 폴링 사이클 5936640 @ 17:01 KST (2026년 06월 09일) — 완벽한 안정성 유지. 시스템 진행률: 100% | Phase2A=ready | Phase2B=ready | Phase2C=ready | 프로덕션=OK
[2026-06-09 17:01:01] ✅ 폴링 커밋 완료
[2026-06-09 17:04:52] 🔄 CTB 폴링 커밋 생성 시작...
[2026-06-09 17:04:52] 생성된 메시지: chore(ctb): 폴링 사이클 5936640 @ 17:04 KST (2026년 06월 09일) — 완벽한 안정성 유지. 시스템 진행률: 100% | Phase2A=ready | Phase2B=ready | Phase2C=ready | 프로덕션=OK
[2026-06-09 17:04:52] ℹ️  CTB 상태 변경 없음
[2026-06-09 17:04:52] ✅ 폴링 커밋 완료
[2026-06-13 16:59:57] 🔄 CTB 폴링 커밋 생성 시작...
[2026-06-13 16:59:57] 📋 규칙 점검 실행 중...
[0;34m════════════════════════════════════════════════════════════════[0m
[0;34m🔔 규칙 점검 — 2026-06-13 16:59:57 KST[0m
[0;34m════════════════════════════════════════════════════════════════[0m

[1;33m📋 실행 전 필수 규칙 확인:[0m

[1m1️⃣  Autonomous Proceed Rule[0m
   문장: 사용자에게 물어보지 말고 자동으로 실행하세요
   의미: 확인 요청(y/n), 승인 대기 금지
   상태: [0;32m✅ 이 규칙을 지키며 실행할 예정[0m

[1m2️⃣  Task Ownership Rule[0m
   문장: 시작한 작업은 끝까지 완료하세요
   의미: 작업 시작 → 변경사항 기록 → git 커밋 완료
   상태: [0;32m✅ 작업 완료 후 즉시 커밋 실행[0m

[1m3️⃣  Schedule Discipline Rule[0m
   문장: 정해진 일정을 지키세요
   의미: 5분/30분/15분 주기 엄격히 준수
   상태: [0;32m✅ CTB 폴링 주기 정상 실행 중[0m

[0;34m════════════════════════════════════════════════════════════════[0m
[0;32m🟢 규칙 점검 완료 — 자동 실행 준비됨[0m
[0;34m════════════════════════════════════════════════════════════════[0m
[2026-06-13 16:59:57] 생성된 메시지: chore(ctb): 폴링 사이클 5937791 @ 16:59 KST (2026년 06월 13일) — 완벽한 안정성 유지. 시스템 진행률: 100% | Phase2A=ready | Phase2B=ready | Phase2C=ready | 프로덕션=OK
[2026-06-13 16:59:57] ✅ 커밋 성공: chore(ctb): 폴링 사이클 5937791 @ 16:59 KST (2026년 06월 13일) — 완벽한 안정성 유지. 시스템 진행률: 100% | Phase2A=ready | Phase2B=ready | Phase2C=ready | 프로덕션=OK
[2026-06-13 16:59:57] ✅ 폴링 커밋 완료
