[2026-06-15 14:42:54] 🔄 P1 로컬 모니터링 시작 (GitHub 토큰 불필요)...
[2026-06-15 14:42:54] 🔍 P1 엔드포인트 3회 연속 확인 시작...
[2026-06-15 14:42:54] 📍 확인 1/3...
[2026-06-15 14:42:54]    ❌ AUDIT-P1 → HTTP 404
[2026-06-15 14:42:54]    ❌ DISCORD-BOT-P1 → HTTP 404
[2026-06-15 14:42:54]    ❌ BM-P1 → HTTP 404
[2026-06-15 14:42:54]    ❌ TRAVEL-P2-UI → HTTP 404
[2026-06-15 14:42:54] ⚠️  확인 1 실패 (카운트 리셋)
[2026-06-15 14:43:04] 📍 확인 2/3...
[2026-06-15 14:43:04]    ❌ AUDIT-P1 → HTTP 404
[2026-06-15 14:43:05]    ❌ DISCORD-BOT-P1 → HTTP 404
[2026-06-15 14:43:05]    ❌ BM-P1 → HTTP 404
[2026-06-15 14:43:05]    ❌ TRAVEL-P2-UI → HTTP 404
[2026-06-15 14:43:05] ⚠️  확인 2 실패 (카운트 리셋)
[2026-06-15 14:43:15] 📍 확인 3/3...
[2026-06-15 14:43:15]    ❌ AUDIT-P1 → HTTP 404
[2026-06-15 14:43:15]    ❌ DISCORD-BOT-P1 → HTTP 404
[2026-06-15 14:43:15]    ❌ BM-P1 → HTTP 404
[2026-06-15 14:43:16]    ❌ TRAVEL-P2-UI → HTTP 404
[2026-06-15 14:43:16] ⚠️  확인 3 실패 (카운트 리셋)
[2026-06-15 14:43:16] 🔴 P1 엔드포인트 3회 연속 확인 실패
[2026-06-15 14:43:16] 📊 최종 상태: 4/4 DOWN (UNHEALTHY)
[2026-06-15 14:43:16] ❌ P1 엔드포인트 장애
[2026-06-15 14:43:16] ⚠️  DISCORD_WEBHOOK_URL 미설정 (알림 스킵)
[2026-06-15 14:45:01] 🔄 P1 로컬 모니터링 시작 (GitHub 토큰 불필요)...
[2026-06-15 14:45:01] 🔍 P1 엔드포인트 3회 연속 확인 시작...
[2026-06-15 14:45:01] 📍 확인 1/3...
[2026-06-15 14:45:01]    ❌ AUDIT-P1 → HTTP 404
[2026-06-15 14:45:01]    ❌ DISCORD-BOT-P1 → HTTP 404
[2026-06-15 14:45:01]    ❌ BM-P1 → HTTP 404
[2026-06-15 14:45:01]    ❌ TRAVEL-P2-UI → HTTP 404
[2026-06-15 14:45:01] ⚠️  확인 1 실패 (카운트 리셋)
[2026-06-15 14:45:11] 📍 확인 2/3...
[2026-06-15 14:45:11]    ❌ AUDIT-P1 → HTTP 404
[2026-06-15 14:45:12]    ❌ DISCORD-BOT-P1 → HTTP 404
[2026-06-15 14:45:12]    ❌ BM-P1 → HTTP 404
[2026-06-15 14:45:12]    ❌ TRAVEL-P2-UI → HTTP 404
[2026-06-15 14:45:12] ⚠️  확인 2 실패 (카운트 리셋)
[2026-06-15 14:45:22] 📍 확인 3/3...
[2026-06-15 14:45:22]    ❌ AUDIT-P1 → HTTP 404
[2026-06-15 14:45:22]    ❌ DISCORD-BOT-P1 → HTTP 404
[2026-06-15 14:45:22]    ❌ BM-P1 → HTTP 404
[2026-06-15 14:45:23]    ❌ TRAVEL-P2-UI → HTTP 404
[2026-06-15 14:45:23] ⚠️  확인 3 실패 (카운트 리셋)
[2026-06-15 14:45:23] 🔴 P1 엔드포인트 3회 연속 확인 실패
[2026-06-15 14:45:23] 📊 최종 상태: 4/4 DOWN (UNHEALTHY)
[2026-06-15 14:45:23] ❌ P1 엔드포인트 장애
[2026-06-15 14:45:23] ⚠️  DISCORD_WEBHOOK_URL 미설정 (알림 스킵)
[2026-06-15 14:50:01] 🔄 P1 로컬 모니터링 시작 (GitHub 토큰 불필요)...
[2026-06-15 14:50:01] 🔍 P1 엔드포인트 3회 연속 확인 시작...
[2026-06-15 14:50:01] 📍 확인 1/3...
[2026-06-15 14:50:02]    ❌ AUDIT-P1 → HTTP 404
[2026-06-15 14:50:02]    ❌ DISCORD-BOT-P1 → HTTP 404
[2026-06-15 14:50:02]    ❌ BM-P1 → HTTP 404
[2026-06-15 14:50:02]    ❌ TRAVEL-P2-UI → HTTP 404
[2026-06-15 14:50:02] ⚠️  확인 1 실패 (카운트 리셋)
[2026-06-15 14:50:12] 📍 확인 2/3...
[2026-06-15 14:50:12]    ❌ AUDIT-P1 → HTTP 404
[2026-06-15 14:50:12]    ❌ DISCORD-BOT-P1 → HTTP 404
[2026-06-15 14:50:13]    ❌ BM-P1 → HTTP 404
[2026-06-15 14:50:13]    ❌ TRAVEL-P2-UI → HTTP 404
[2026-06-15 14:50:13] ⚠️  확인 2 실패 (카운트 리셋)
[2026-06-15 14:50:23] 📍 확인 3/3...
[2026-06-15 14:50:23]    ❌ AUDIT-P1 → HTTP 404
[2026-06-15 14:50:23]    ❌ DISCORD-BOT-P1 → HTTP 404
[2026-06-15 14:50:23]    ❌ BM-P1 → HTTP 404
[2026-06-15 14:50:23]    ❌ TRAVEL-P2-UI → HTTP 404
[2026-06-15 14:50:23] ⚠️  확인 3 실패 (카운트 리셋)
[2026-06-15 14:50:23] 🔴 P1 엔드포인트 3회 연속 확인 실패
[2026-06-15 14:50:23] 📊 최종 상태: 4/4 DOWN (UNHEALTHY)
[2026-06-15 14:50:23] ❌ P1 엔드포인트 장애
[2026-06-15 14:50:23] ⚠️  DISCORD_WEBHOOK_URL 미설정 (알림 스킵)
[2026-06-15 14:55:01] 🔄 P1 로컬 모니터링 시작 (GitHub 토큰 불필요)...
[2026-06-15 14:55:01] 🔍 P1 엔드포인트 3회 연속 확인 시작...
[2026-06-15 14:55:01] 📍 확인 1/3...
[2026-06-15 14:55:01]    ❌ AUDIT-P1 → HTTP 404
[2026-06-15 14:55:02]    ❌ DISCORD-BOT-P1 → HTTP 404
[2026-06-15 14:55:02]    ❌ BM-P1 → HTTP 404
[2026-06-15 14:55:02]    ❌ TRAVEL-P2-UI → HTTP 404
[2026-06-15 14:55:02] ⚠️  확인 1 실패 (카운트 리셋)
[2026-06-15 14:55:12] 📍 확인 2/3...
[2026-06-15 14:55:12]    ❌ AUDIT-P1 → HTTP 404
[2026-06-15 14:55:12]    ❌ DISCORD-BOT-P1 → HTTP 404
[2026-06-15 14:55:12]    ❌ BM-P1 → HTTP 404
[2026-06-15 14:55:13]    ❌ TRAVEL-P2-UI → HTTP 404
[2026-06-15 14:55:13] ⚠️  확인 2 실패 (카운트 리셋)
[2026-06-15 14:55:23] 📍 확인 3/3...
[2026-06-15 14:55:23]    ❌ AUDIT-P1 → HTTP 404
[2026-06-15 14:55:23]    ❌ DISCORD-BOT-P1 → HTTP 404
[2026-06-15 14:55:23]    ❌ BM-P1 → HTTP 404
[2026-06-15 14:55:23]    ❌ TRAVEL-P2-UI → HTTP 404
[2026-06-15 14:55:23] ⚠️  확인 3 실패 (카운트 리셋)
[2026-06-15 14:55:23] 🔴 P1 엔드포인트 3회 연속 확인 실패
[2026-06-15 14:55:23] 📊 최종 상태: 4/4 DOWN (UNHEALTHY)
[2026-06-15 14:55:23] ❌ P1 엔드포인트 장애
[2026-06-15 14:55:23] ⚠️  DISCORD_WEBHOOK_URL 미설정 (알림 스킵)
[2026-06-15 15:00:01] 🔄 P1 로컬 모니터링 시작 (GitHub 토큰 불필요)...
[2026-06-15 15:00:01] 🔍 P1 엔드포인트 3회 연속 확인 시작...
[2026-06-15 15:00:01] 📍 확인 1/3...
[2026-06-15 15:00:01]    ❌ AUDIT-P1 → HTTP 404
[2026-06-15 15:00:01]    ❌ DISCORD-BOT-P1 → HTTP 404
[2026-06-15 15:00:02]    ❌ BM-P1 → HTTP 404
[2026-06-15 15:00:02]    ❌ TRAVEL-P2-UI → HTTP 404
[2026-06-15 15:00:02] ⚠️  확인 1 실패 (카운트 리셋)
[2026-06-15 15:00:12] 📍 확인 2/3...
[2026-06-15 15:00:12]    ❌ AUDIT-P1 → HTTP 404
[2026-06-15 15:00:12]    ❌ DISCORD-BOT-P1 → HTTP 404
[2026-06-15 15:00:12]    ❌ BM-P1 → HTTP 404
[2026-06-15 15:00:12]    ❌ TRAVEL-P2-UI → HTTP 404
[2026-06-15 15:00:12] ⚠️  확인 2 실패 (카운트 리셋)
[2026-06-15 15:00:22] 📍 확인 3/3...
[2026-06-15 15:00:23]    ❌ AUDIT-P1 → HTTP 404
[2026-06-15 15:00:23]    ❌ DISCORD-BOT-P1 → HTTP 404
[2026-06-15 15:00:23]    ❌ BM-P1 → HTTP 404
[2026-06-15 15:00:23]    ❌ TRAVEL-P2-UI → HTTP 404
[2026-06-15 15:00:23] ⚠️  확인 3 실패 (카운트 리셋)
[2026-06-15 15:00:23] 🔴 P1 엔드포인트 3회 연속 확인 실패
[2026-06-15 15:00:23] 📊 최종 상태: 4/4 DOWN (UNHEALTHY)
[2026-06-15 15:00:23] ❌ P1 엔드포인트 장애
[2026-06-15 15:00:23] ⚠️  DISCORD_WEBHOOK_URL 미설정 (알림 스킵)
[2026-06-15 15:05:01] 🔄 P1 로컬 모니터링 시작 (GitHub 토큰 불필요)...
[2026-06-15 15:05:01] 🔍 P1 엔드포인트 3회 연속 확인 시작...
[2026-06-15 15:05:01] 📍 확인 1/3...
[2026-06-15 15:05:02]    ✅ AUDIT-P1 → HTTP 200
[2026-06-15 15:05:02]    ✅ DISCORD-BOT-P1 → HTTP 200
[2026-06-15 15:05:03]    ✅ BM-P1 → HTTP 200
[2026-06-15 15:05:03]    ❌ TRAVEL-P2-UI → HTTP 404
[2026-06-15 15:05:03] ⚠️  확인 1 실패 (카운트 리셋)
[2026-06-15 15:05:13] 📍 확인 2/3...
[2026-06-15 15:05:13]    ✅ AUDIT-P1 → HTTP 200
[2026-06-15 15:05:13]    ✅ DISCORD-BOT-P1 → HTTP 200
[2026-06-15 15:05:13]    ✅ BM-P1 → HTTP 200
[2026-06-15 15:05:14]    ✅ TRAVEL-P2-UI → HTTP 200
[2026-06-15 15:05:14] ✅ 확인 2 성공 (1/3)
[2026-06-15 15:05:24] 📍 확인 3/3...
[2026-06-15 15:05:24]    ✅ AUDIT-P1 → HTTP 200
[2026-06-15 15:05:24]    ✅ DISCORD-BOT-P1 → HTTP 200
[2026-06-15 15:05:24]    ✅ BM-P1 → HTTP 200
[2026-06-15 15:05:24]    ✅ TRAVEL-P2-UI → HTTP 200
[2026-06-15 15:05:24] ✅ 확인 3 성공 (2/3)
[2026-06-15 15:05:24] 🔴 P1 엔드포인트 3회 연속 확인 실패
[2026-06-15 15:05:24] 📊 최종 상태: 1/4 DOWN (UNHEALTHY)
[2026-06-15 15:05:24] ❌ P1 엔드포인트 장애
[2026-06-15 15:05:24] ⚠️  DISCORD_WEBHOOK_URL 미설정 (알림 스킵)
