[2026-06-15 14:45:01] 🔄 P1 로컬 모니터링 시작 (GitHub 토큰 불필요)...
[2026-06-15 14:45:01] 🔍 P1 엔드포인트 3회 연속 확인 시작...
[2026-06-15 14:45:01] 📍 확인 1/3...
[2026-06-15 14:45:01]    ❌ AUDIT-P1 → HTTP 404
[2026-06-15 14:45:01]    ❌ DISCORD-BOT-P1 → HTTP 404
[2026-06-15 14:45:01]    ❌ BM-P1 → HTTP 404
[2026-06-15 14:45:01]    ❌ TRAVEL-P2-UI → HTTP 404
[2026-06-15 14:45:01] ⚠️  확인 1 실패 (카운트 리셋)
[2026-06-15 14:45:11] 📍 확인 2/3...
[2026-06-15 14:45:11]    ❌ AUDIT-P1 → HTTP 404
[2026-06-15 14:45:12]    ❌ DISCORD-BOT-P1 → HTTP 404
[2026-06-15 14:45:12]    ❌ BM-P1 → HTTP 404
[2026-06-15 14:45:12]    ❌ TRAVEL-P2-UI → HTTP 404
[2026-06-15 14:45:12] ⚠️  확인 2 실패 (카운트 리셋)
[2026-06-15 14:45:22] 📍 확인 3/3...
[2026-06-15 14:45:22]    ❌ AUDIT-P1 → HTTP 404
[2026-06-15 14:45:22]    ❌ DISCORD-BOT-P1 → HTTP 404
[2026-06-15 14:45:22]    ❌ BM-P1 → HTTP 404
[2026-06-15 14:45:23]    ❌ TRAVEL-P2-UI → HTTP 404
[2026-06-15 14:45:23] ⚠️  확인 3 실패 (카운트 리셋)
[2026-06-15 14:45:23] 🔴 P1 엔드포인트 3회 연속 확인 실패
[2026-06-15 14:45:23] 📊 최종 상태: 4/4 DOWN (UNHEALTHY)
[2026-06-15 14:45:23] ❌ P1 엔드포인트 장애
[main 340bd666] 🟢 P1 로컬 모니터링: UNHEALTHY (14:45 KST)
 1 file changed, 2 insertions(+), 2 deletions(-)
[2026-06-15 14:45:23] ⚠️  DISCORD_WEBHOOK_URL 미설정 (알림 스킵)
[2026-06-15 14:50:01] 🔄 P1 로컬 모니터링 시작 (GitHub 토큰 불필요)...
[2026-06-15 14:50:01] 🔍 P1 엔드포인트 3회 연속 확인 시작...
[2026-06-15 14:50:01] 📍 확인 1/3...
[2026-06-15 14:50:02]    ❌ AUDIT-P1 → HTTP 404
[2026-06-15 14:50:02]    ❌ DISCORD-BOT-P1 → HTTP 404
[2026-06-15 14:50:02]    ❌ BM-P1 → HTTP 404
[2026-06-15 14:50:02]    ❌ TRAVEL-P2-UI → HTTP 404
[2026-06-15 14:50:02] ⚠️  확인 1 실패 (카운트 리셋)
[2026-06-15 14:50:12] 📍 확인 2/3...
[2026-06-15 14:50:12]    ❌ AUDIT-P1 → HTTP 404
[2026-06-15 14:50:12]    ❌ DISCORD-BOT-P1 → HTTP 404
[2026-06-15 14:50:13]    ❌ BM-P1 → HTTP 404
[2026-06-15 14:50:13]    ❌ TRAVEL-P2-UI → HTTP 404
[2026-06-15 14:50:13] ⚠️  확인 2 실패 (카운트 리셋)
[2026-06-15 14:50:23] 📍 확인 3/3...
[2026-06-15 14:50:23]    ❌ AUDIT-P1 → HTTP 404
[2026-06-15 14:50:23]    ❌ DISCORD-BOT-P1 → HTTP 404
[2026-06-15 14:50:23]    ❌ BM-P1 → HTTP 404
[2026-06-15 14:50:23]    ❌ TRAVEL-P2-UI → HTTP 404
[2026-06-15 14:50:23] ⚠️  확인 3 실패 (카운트 리셋)
[2026-06-15 14:50:23] 🔴 P1 엔드포인트 3회 연속 확인 실패
[2026-06-15 14:50:23] 📊 최종 상태: 4/4 DOWN (UNHEALTHY)
[2026-06-15 14:50:23] ❌ P1 엔드포인트 장애
[main 5b9f1add] 🟢 P1 로컬 모니터링: UNHEALTHY (14:50 KST)
 2 files changed, 103 insertions(+), 2 deletions(-)
 create mode 100644 .github/workflows/p2-vercel-auto-recovery.yml
[2026-06-15 14:50:23] ⚠️  DISCORD_WEBHOOK_URL 미설정 (알림 스킵)
[2026-06-15 14:55:01] 🔄 P1 로컬 모니터링 시작 (GitHub 토큰 불필요)...
[2026-06-15 14:55:01] 🔍 P1 엔드포인트 3회 연속 확인 시작...
[2026-06-15 14:55:01] 📍 확인 1/3...
[2026-06-15 14:55:01]    ❌ AUDIT-P1 → HTTP 404
[2026-06-15 14:55:02]    ❌ DISCORD-BOT-P1 → HTTP 404
[2026-06-15 14:55:02]    ❌ BM-P1 → HTTP 404
[2026-06-15 14:55:02]    ❌ TRAVEL-P2-UI → HTTP 404
[2026-06-15 14:55:02] ⚠️  확인 1 실패 (카운트 리셋)
[2026-06-15 14:55:12] 📍 확인 2/3...
[2026-06-15 14:55:12]    ❌ AUDIT-P1 → HTTP 404
[2026-06-15 14:55:12]    ❌ DISCORD-BOT-P1 → HTTP 404
[2026-06-15 14:55:12]    ❌ BM-P1 → HTTP 404
[2026-06-15 14:55:13]    ❌ TRAVEL-P2-UI → HTTP 404
[2026-06-15 14:55:13] ⚠️  확인 2 실패 (카운트 리셋)
[2026-06-15 14:55:23] 📍 확인 3/3...
[2026-06-15 14:55:23]    ❌ AUDIT-P1 → HTTP 404
[2026-06-15 14:55:23]    ❌ DISCORD-BOT-P1 → HTTP 404
[2026-06-15 14:55:23]    ❌ BM-P1 → HTTP 404
[2026-06-15 14:55:23]    ❌ TRAVEL-P2-UI → HTTP 404
[2026-06-15 14:55:23] ⚠️  확인 3 실패 (카운트 리셋)
[2026-06-15 14:55:23] 🔴 P1 엔드포인트 3회 연속 확인 실패
[2026-06-15 14:55:23] 📊 최종 상태: 4/4 DOWN (UNHEALTHY)
[2026-06-15 14:55:23] ❌ P1 엔드포인트 장애
[main ef3d54c9] 🟢 P1 로컬 모니터링: UNHEALTHY (14:55 KST)
 1 file changed, 2 insertions(+), 2 deletions(-)
[2026-06-15 14:55:23] ⚠️  DISCORD_WEBHOOK_URL 미설정 (알림 스킵)
[2026-06-15 15:00:01] 🔄 P1 로컬 모니터링 시작 (GitHub 토큰 불필요)...
[2026-06-15 15:00:01] 🔍 P1 엔드포인트 3회 연속 확인 시작...
[2026-06-15 15:00:01] 📍 확인 1/3...
[2026-06-15 15:00:01]    ❌ AUDIT-P1 → HTTP 404
[2026-06-15 15:00:01]    ❌ DISCORD-BOT-P1 → HTTP 404
[2026-06-15 15:00:02]    ❌ BM-P1 → HTTP 404
[2026-06-15 15:00:02]    ❌ TRAVEL-P2-UI → HTTP 404
[2026-06-15 15:00:02] ⚠️  확인 1 실패 (카운트 리셋)
[2026-06-15 15:00:12] 📍 확인 2/3...
[2026-06-15 15:00:12]    ❌ AUDIT-P1 → HTTP 404
[2026-06-15 15:00:12]    ❌ DISCORD-BOT-P1 → HTTP 404
[2026-06-15 15:00:12]    ❌ BM-P1 → HTTP 404
[2026-06-15 15:00:12]    ❌ TRAVEL-P2-UI → HTTP 404
[2026-06-15 15:00:12] ⚠️  확인 2 실패 (카운트 리셋)
[2026-06-15 15:00:22] 📍 확인 3/3...
[2026-06-15 15:00:23]    ❌ AUDIT-P1 → HTTP 404
[2026-06-15 15:00:23]    ❌ DISCORD-BOT-P1 → HTTP 404
[2026-06-15 15:00:23]    ❌ BM-P1 → HTTP 404
[2026-06-15 15:00:23]    ❌ TRAVEL-P2-UI → HTTP 404
[2026-06-15 15:00:23] ⚠️  확인 3 실패 (카운트 리셋)
[2026-06-15 15:00:23] 🔴 P1 엔드포인트 3회 연속 확인 실패
[2026-06-15 15:00:23] 📊 최종 상태: 4/4 DOWN (UNHEALTHY)
[2026-06-15 15:00:23] ❌ P1 엔드포인트 장애
[main 6561f41c] 🟢 P1 로컬 모니터링: UNHEALTHY (15:00 KST)
 1 file changed, 2 insertions(+), 2 deletions(-)
[2026-06-15 15:00:23] ⚠️  DISCORD_WEBHOOK_URL 미설정 (알림 스킵)
[2026-06-15 15:05:01] 🔄 P1 로컬 모니터링 시작 (GitHub 토큰 불필요)...
[2026-06-15 15:05:01] 🔍 P1 엔드포인트 3회 연속 확인 시작...
[2026-06-15 15:05:01] 📍 확인 1/3...
[2026-06-15 15:05:02]    ✅ AUDIT-P1 → HTTP 200
[2026-06-15 15:05:02]    ✅ DISCORD-BOT-P1 → HTTP 200
[2026-06-15 15:05:03]    ✅ BM-P1 → HTTP 200
[2026-06-15 15:05:03]    ❌ TRAVEL-P2-UI → HTTP 404
[2026-06-15 15:05:03] ⚠️  확인 1 실패 (카운트 리셋)
[2026-06-15 15:05:13] 📍 확인 2/3...
[2026-06-15 15:05:13]    ✅ AUDIT-P1 → HTTP 200
[2026-06-15 15:05:13]    ✅ DISCORD-BOT-P1 → HTTP 200
[2026-06-15 15:05:13]    ✅ BM-P1 → HTTP 200
[2026-06-15 15:05:14]    ✅ TRAVEL-P2-UI → HTTP 200
[2026-06-15 15:05:14] ✅ 확인 2 성공 (1/3)
[2026-06-15 15:05:24] 📍 확인 3/3...
[2026-06-15 15:05:24]    ✅ AUDIT-P1 → HTTP 200
[2026-06-15 15:05:24]    ✅ DISCORD-BOT-P1 → HTTP 200
[2026-06-15 15:05:24]    ✅ BM-P1 → HTTP 200
[2026-06-15 15:05:24]    ✅ TRAVEL-P2-UI → HTTP 200
[2026-06-15 15:05:24] ✅ 확인 3 성공 (2/3)
[2026-06-15 15:05:24] 🔴 P1 엔드포인트 3회 연속 확인 실패
[2026-06-15 15:05:24] 📊 최종 상태: 1/4 DOWN (UNHEALTHY)
[2026-06-15 15:05:24] ❌ P1 엔드포인트 장애
[main 2d03c00f] 🟢 P1 로컬 모니터링: UNHEALTHY (15:05 KST)
 1 file changed, 2 insertions(+), 2 deletions(-)
[2026-06-15 15:05:24] ⚠️  DISCORD_WEBHOOK_URL 미설정 (알림 스킵)
[2026-06-15 15:10:01] 🔄 P1 로컬 모니터링 시작 (GitHub 토큰 불필요)...
[2026-06-15 15:10:01] 🔍 P1 엔드포인트 3회 연속 확인 시작...
[2026-06-15 15:10:01] 📍 확인 1/3...
[2026-06-15 15:10:01]    ✅ AUDIT-P1 → HTTP 200
[2026-06-15 15:10:02]    ✅ DISCORD-BOT-P1 → HTTP 200
[2026-06-15 15:10:02]    ✅ BM-P1 → HTTP 200
[2026-06-15 15:10:02]    ✅ TRAVEL-P2-UI → HTTP 200
[2026-06-15 15:10:02] ✅ 확인 1 성공 (1/3)
[2026-06-15 15:10:12] 📍 확인 2/3...
[2026-06-15 15:10:12]    ✅ AUDIT-P1 → HTTP 200
[2026-06-15 15:10:12]    ✅ DISCORD-BOT-P1 → HTTP 200
[2026-06-15 15:10:13]    ✅ BM-P1 → HTTP 200
[2026-06-15 15:10:13]    ✅ TRAVEL-P2-UI → HTTP 200
[2026-06-15 15:10:13] ✅ 확인 2 성공 (2/3)
[2026-06-15 15:10:23] 📍 확인 3/3...
[2026-06-15 15:10:23]    ✅ AUDIT-P1 → HTTP 200
[2026-06-15 15:10:23]    ✅ DISCORD-BOT-P1 → HTTP 200
[2026-06-15 15:10:23]    ✅ BM-P1 → HTTP 200
[2026-06-15 15:10:23]    ✅ TRAVEL-P2-UI → HTTP 200
[2026-06-15 15:10:23] ✅ 확인 3 성공 (3/3)
[2026-06-15 15:10:23] 🎉 3회 연속 확인 성공 - 상태 변경 승인
[2026-06-15 15:10:23] 📊 최종 상태: 4/4 UP (HEALTHY)
[2026-06-15 15:10:23] ✅ P1 엔드포인트 정상
[main 71227aaa] 🟢 P1 로컬 모니터링: HEALTHY (15:10 KST)
 1 file changed, 3 insertions(+), 3 deletions(-)
[2026-06-15 15:15:01] 🔄 P1 로컬 모니터링 시작 (GitHub 토큰 불필요)...
[2026-06-15 15:15:01] 🔍 P1 엔드포인트 3회 연속 확인 시작...
[2026-06-15 15:15:01] 📍 확인 1/3...
[2026-06-15 15:15:02]    ✅ AUDIT-P1 → HTTP 200
[2026-06-15 15:15:02]    ✅ DISCORD-BOT-P1 → HTTP 200
[2026-06-15 15:15:02]    ✅ BM-P1 → HTTP 200
[2026-06-15 15:15:02]    ✅ TRAVEL-P2-UI → HTTP 200
[2026-06-15 15:15:02] ✅ 확인 1 성공 (1/3)
[2026-06-15 15:15:12] 📍 확인 2/3...
[2026-06-15 15:15:12]    ✅ AUDIT-P1 → HTTP 200
[2026-06-15 15:15:13]    ✅ DISCORD-BOT-P1 → HTTP 200
[2026-06-15 15:15:13]    ✅ BM-P1 → HTTP 200
[2026-06-15 15:15:13]    ✅ TRAVEL-P2-UI → HTTP 200
[2026-06-15 15:15:13] ✅ 확인 2 성공 (2/3)
[2026-06-15 15:15:23] 📍 확인 3/3...
[2026-06-15 15:15:23]    ✅ AUDIT-P1 → HTTP 200
[2026-06-15 15:15:23]    ✅ DISCORD-BOT-P1 → HTTP 200
[2026-06-15 15:15:23]    ✅ BM-P1 → HTTP 200
[2026-06-15 15:15:24]    ✅ TRAVEL-P2-UI → HTTP 200
[2026-06-15 15:15:24] ✅ 확인 3 성공 (3/3)
[2026-06-15 15:15:24] 🎉 3회 연속 확인 성공 - 상태 변경 승인
[2026-06-15 15:15:24] 📊 최종 상태: 4/4 UP (HEALTHY)
[2026-06-15 15:15:24] ✅ P1 엔드포인트 정상
[main 0f88745d] 🟢 P1 로컬 모니터링: HEALTHY (15:15 KST)
 1 file changed, 2 insertions(+), 2 deletions(-)
[2026-06-15 15:20:01] 🔄 P1 로컬 모니터링 시작 (GitHub 토큰 불필요)...
[2026-06-15 15:20:01] 🔍 P1 엔드포인트 3회 연속 확인 시작...
[2026-06-15 15:20:01] 📍 확인 1/3...
[2026-06-15 15:20:02]    ✅ AUDIT-P1 → HTTP 200
[2026-06-15 15:20:02]    ✅ DISCORD-BOT-P1 → HTTP 200
[2026-06-15 15:20:02]    ✅ BM-P1 → HTTP 200
[2026-06-15 15:20:02]    ✅ TRAVEL-P2-UI → HTTP 200
[2026-06-15 15:20:02] ✅ 확인 1 성공 (1/3)
[2026-06-15 15:20:12] 📍 확인 2/3...
[2026-06-15 15:20:12]    ✅ AUDIT-P1 → HTTP 200
[2026-06-15 15:20:13]    ✅ DISCORD-BOT-P1 → HTTP 200
[2026-06-15 15:20:13]    ✅ BM-P1 → HTTP 200
[2026-06-15 15:20:13]    ✅ TRAVEL-P2-UI → HTTP 200
[2026-06-15 15:20:13] ✅ 확인 2 성공 (2/3)
[2026-06-15 15:20:23] 📍 확인 3/3...
[2026-06-15 15:20:23]    ✅ AUDIT-P1 → HTTP 200
[2026-06-15 15:20:23]    ✅ DISCORD-BOT-P1 → HTTP 200
[2026-06-15 15:20:24]    ✅ BM-P1 → HTTP 200
[2026-06-15 15:20:24]    ✅ TRAVEL-P2-UI → HTTP 200
[2026-06-15 15:20:24] ✅ 확인 3 성공 (3/3)
[2026-06-15 15:20:24] 🎉 3회 연속 확인 성공 - 상태 변경 승인
[2026-06-15 15:20:24] 📊 최종 상태: 4/4 UP (HEALTHY)
[2026-06-15 15:20:24] ✅ P1 엔드포인트 정상
[main a222061d] 🟢 P1 로컬 모니터링: HEALTHY (15:20 KST)
 1 file changed, 2 insertions(+), 2 deletions(-)
[2026-06-15 15:25:01] 🔄 P1 로컬 모니터링 시작 (GitHub 토큰 불필요)...
[2026-06-15 15:25:01] 🔍 P1 엔드포인트 3회 연속 확인 시작...
[2026-06-15 15:25:01] 📍 확인 1/3...
[2026-06-15 15:25:01]    ✅ AUDIT-P1 → HTTP 200
[2026-06-15 15:25:01]    ✅ DISCORD-BOT-P1 → HTTP 200
[2026-06-15 15:25:01]    ✅ BM-P1 → HTTP 200
[2026-06-15 15:25:02]    ✅ TRAVEL-P2-UI → HTTP 200
[2026-06-15 15:25:02] ✅ 확인 1 성공 (1/3)
[2026-06-15 15:25:12] 📍 확인 2/3...
[2026-06-15 15:25:12]    ✅ AUDIT-P1 → HTTP 200
[2026-06-15 15:25:12]    ✅ DISCORD-BOT-P1 → HTTP 200
[2026-06-15 15:25:12]    ✅ BM-P1 → HTTP 200
[2026-06-15 15:25:12]    ✅ TRAVEL-P2-UI → HTTP 200
[2026-06-15 15:25:12] ✅ 확인 2 성공 (2/3)
[2026-06-15 15:25:22] 📍 확인 3/3...
[2026-06-15 15:25:22]    ✅ AUDIT-P1 → HTTP 200
[2026-06-15 15:25:23]    ✅ DISCORD-BOT-P1 → HTTP 200
[2026-06-15 15:25:23]    ✅ BM-P1 → HTTP 200
[2026-06-15 15:25:23]    ✅ TRAVEL-P2-UI → HTTP 200
[2026-06-15 15:25:23] ✅ 확인 3 성공 (3/3)
[2026-06-15 15:25:23] 🎉 3회 연속 확인 성공 - 상태 변경 승인
[2026-06-15 15:25:23] 📊 최종 상태: 4/4 UP (HEALTHY)
[2026-06-15 15:25:23] ✅ P1 엔드포인트 정상
[main c0562e21] 🟢 P1 로컬 모니터링: HEALTHY (15:25 KST)
 1 file changed, 2 insertions(+), 2 deletions(-)
[2026-06-15 15:30:01] 🔄 P1 로컬 모니터링 시작 (GitHub 토큰 불필요)...
[2026-06-15 15:30:01] 🔍 P1 엔드포인트 3회 연속 확인 시작...
[2026-06-15 15:30:01] 📍 확인 1/3...
[2026-06-15 15:30:01]    ✅ AUDIT-P1 → HTTP 200
[2026-06-15 15:30:01]    ✅ DISCORD-BOT-P1 → HTTP 200
[2026-06-15 15:30:02]    ✅ BM-P1 → HTTP 200
[2026-06-15 15:30:02]    ✅ TRAVEL-P2-UI → HTTP 200
[2026-06-15 15:30:02] ✅ 확인 1 성공 (1/3)
[2026-06-15 15:30:12] 📍 확인 2/3...
[2026-06-15 15:30:12]    ✅ AUDIT-P1 → HTTP 200
[2026-06-15 15:30:12]    ✅ DISCORD-BOT-P1 → HTTP 200
[2026-06-15 15:30:12]    ✅ BM-P1 → HTTP 200
[2026-06-15 15:30:12]    ✅ TRAVEL-P2-UI → HTTP 200
[2026-06-15 15:30:12] ✅ 확인 2 성공 (2/3)
[2026-06-15 15:30:22] 📍 확인 3/3...
[2026-06-15 15:30:23]    ✅ AUDIT-P1 → HTTP 200
[2026-06-15 15:30:23]    ✅ DISCORD-BOT-P1 → HTTP 200
[2026-06-15 15:30:23]    ✅ BM-P1 → HTTP 200
[2026-06-15 15:30:23]    ✅ TRAVEL-P2-UI → HTTP 200
[2026-06-15 15:30:23] ✅ 확인 3 성공 (3/3)
[2026-06-15 15:30:23] 🎉 3회 연속 확인 성공 - 상태 변경 승인
[2026-06-15 15:30:23] 📊 최종 상태: 4/4 UP (HEALTHY)
[2026-06-15 15:30:23] ✅ P1 엔드포인트 정상
[main 561d33bb] 🟢 P1 로컬 모니터링: HEALTHY (15:30 KST)
 1 file changed, 2 insertions(+), 2 deletions(-)
[2026-06-15 15:35:01] 🔄 P1 로컬 모니터링 시작 (GitHub 토큰 불필요)...
[2026-06-15 15:35:01] 🔍 P1 엔드포인트 3회 연속 확인 시작...
[2026-06-15 15:35:01] 📍 확인 1/3...
[2026-06-15 15:35:01]    ✅ AUDIT-P1 → HTTP 200
[2026-06-15 15:35:01]    ✅ DISCORD-BOT-P1 → HTTP 200
[2026-06-15 15:35:01]    ✅ BM-P1 → HTTP 200
[2026-06-15 15:35:01]    ✅ TRAVEL-P2-UI → HTTP 200
[2026-06-15 15:35:01] ✅ 확인 1 성공 (1/3)
[2026-06-15 15:35:11] 📍 확인 2/3...
[2026-06-15 15:35:11]    ✅ AUDIT-P1 → HTTP 200
[2026-06-15 15:35:12]    ✅ DISCORD-BOT-P1 → HTTP 200
[2026-06-15 15:35:12]    ✅ BM-P1 → HTTP 200
[2026-06-15 15:35:12]    ✅ TRAVEL-P2-UI → HTTP 200
[2026-06-15 15:35:12] ✅ 확인 2 성공 (2/3)
[2026-06-15 15:35:22] 📍 확인 3/3...
[2026-06-15 15:35:22]    ✅ AUDIT-P1 → HTTP 200
[2026-06-15 15:35:22]    ✅ DISCORD-BOT-P1 → HTTP 200
[2026-06-15 15:35:23]    ✅ BM-P1 → HTTP 200
[2026-06-15 15:35:23]    ✅ TRAVEL-P2-UI → HTTP 200
[2026-06-15 15:35:23] ✅ 확인 3 성공 (3/3)
[2026-06-15 15:35:23] 🎉 3회 연속 확인 성공 - 상태 변경 승인
[2026-06-15 15:35:23] 📊 최종 상태: 4/4 UP (HEALTHY)
[2026-06-15 15:35:23] ✅ P1 엔드포인트 정상
[main 58b218b7] 🟢 P1 로컬 모니터링: HEALTHY (15:35 KST)
 1 file changed, 2 insertions(+), 2 deletions(-)
[2026-06-15 15:40:01] 🔄 P1 로컬 모니터링 시작 (GitHub 토큰 불필요)...
[2026-06-15 15:40:01] 🔍 P1 엔드포인트 3회 연속 확인 시작...
[2026-06-15 15:40:01] 📍 확인 1/3...
[2026-06-15 15:40:01]    ✅ AUDIT-P1 → HTTP 200
[2026-06-15 15:40:01]    ✅ DISCORD-BOT-P1 → HTTP 200
[2026-06-15 15:40:01]    ✅ BM-P1 → HTTP 200
[2026-06-15 15:40:02]    ✅ TRAVEL-P2-UI → HTTP 200
[2026-06-15 15:40:02] ✅ 확인 1 성공 (1/3)
[2026-06-15 15:40:12] 📍 확인 2/3...
[2026-06-15 15:40:12]    ✅ AUDIT-P1 → HTTP 200
[2026-06-15 15:40:12]    ✅ DISCORD-BOT-P1 → HTTP 200
[2026-06-15 15:40:12]    ✅ BM-P1 → HTTP 200
[2026-06-15 15:40:12]    ✅ TRAVEL-P2-UI → HTTP 200
[2026-06-15 15:40:12] ✅ 확인 2 성공 (2/3)
[2026-06-15 15:40:22] 📍 확인 3/3...
[2026-06-15 15:40:23]    ✅ AUDIT-P1 → HTTP 200
[2026-06-15 15:40:23]    ✅ DISCORD-BOT-P1 → HTTP 200
[2026-06-15 15:40:23]    ✅ BM-P1 → HTTP 200
[2026-06-15 15:40:23]    ✅ TRAVEL-P2-UI → HTTP 200
[2026-06-15 15:40:23] ✅ 확인 3 성공 (3/3)
[2026-06-15 15:40:23] 🎉 3회 연속 확인 성공 - 상태 변경 승인
[2026-06-15 15:40:23] 📊 최종 상태: 4/4 UP (HEALTHY)
[2026-06-15 15:40:23] ✅ P1 엔드포인트 정상
[main 5bbe5d03] 🟢 P1 로컬 모니터링: HEALTHY (15:40 KST)
 1 file changed, 2 insertions(+), 2 deletions(-)
[2026-06-15 15:45:01] 🔄 P1 로컬 모니터링 시작 (GitHub 토큰 불필요)...
[2026-06-15 15:45:01] 🔍 P1 엔드포인트 3회 연속 확인 시작...
[2026-06-15 15:45:01] 📍 확인 1/3...
[2026-06-15 15:45:01]    ✅ AUDIT-P1 → HTTP 200
[2026-06-15 15:45:02]    ✅ DISCORD-BOT-P1 → HTTP 200
[2026-06-15 15:45:02]    ✅ BM-P1 → HTTP 200
[2026-06-15 15:45:02]    ✅ TRAVEL-P2-UI → HTTP 200
[2026-06-15 15:45:02] ✅ 확인 1 성공 (1/3)
[2026-06-15 15:45:12] 📍 확인 2/3...
[2026-06-15 15:45:12]    ✅ AUDIT-P1 → HTTP 200
[2026-06-15 15:45:12]    ✅ DISCORD-BOT-P1 → HTTP 200
[2026-06-15 15:45:13]    ✅ BM-P1 → HTTP 200
[2026-06-15 15:45:13]    ✅ TRAVEL-P2-UI → HTTP 200
[2026-06-15 15:45:13] ✅ 확인 2 성공 (2/3)
[2026-06-15 15:45:23] 📍 확인 3/3...
[2026-06-15 15:45:23]    ✅ AUDIT-P1 → HTTP 200
[2026-06-15 15:45:23]    ✅ DISCORD-BOT-P1 → HTTP 200
[2026-06-15 15:45:23]    ✅ BM-P1 → HTTP 200
[2026-06-15 15:45:23]    ✅ TRAVEL-P2-UI → HTTP 200
[2026-06-15 15:45:23] ✅ 확인 3 성공 (3/3)
[2026-06-15 15:45:23] 🎉 3회 연속 확인 성공 - 상태 변경 승인
[2026-06-15 15:45:23] 📊 최종 상태: 4/4 UP (HEALTHY)
[2026-06-15 15:45:23] ✅ P1 엔드포인트 정상
[main f2ae2cf0] 🟢 P1 로컬 모니터링: HEALTHY (15:45 KST)
 1 file changed, 2 insertions(+), 2 deletions(-)
[2026-06-15 15:50:01] 🔄 P1 로컬 모니터링 시작 (GitHub 토큰 불필요)...
[2026-06-15 15:50:01] 🔍 P1 엔드포인트 3회 연속 확인 시작...
[2026-06-15 15:50:01] 📍 확인 1/3...
[2026-06-15 15:50:02]    ✅ AUDIT-P1 → HTTP 200
[2026-06-15 15:50:02]    ✅ DISCORD-BOT-P1 → HTTP 200
[2026-06-15 15:50:03]    ✅ BM-P1 → HTTP 200
[2026-06-15 15:50:03]    ✅ TRAVEL-P2-UI → HTTP 200
[2026-06-15 15:50:03] ✅ 확인 1 성공 (1/3)
[2026-06-15 15:50:13] 📍 확인 2/3...
[2026-06-15 15:50:13]    ✅ AUDIT-P1 → HTTP 200
[2026-06-15 15:50:13]    ✅ DISCORD-BOT-P1 → HTTP 200
[2026-06-15 15:50:14]    ✅ BM-P1 → HTTP 200
[2026-06-15 15:50:14]    ✅ TRAVEL-P2-UI → HTTP 200
[2026-06-15 15:50:14] ✅ 확인 2 성공 (2/3)
[2026-06-15 15:50:24] 📍 확인 3/3...
[2026-06-15 15:50:25]    ✅ AUDIT-P1 → HTTP 200
[2026-06-15 15:50:25]    ✅ DISCORD-BOT-P1 → HTTP 200
[2026-06-15 15:50:25]    ✅ BM-P1 → HTTP 200
[2026-06-15 15:50:25]    ✅ TRAVEL-P2-UI → HTTP 200
[2026-06-15 15:50:25] ✅ 확인 3 성공 (3/3)
[2026-06-15 15:50:25] 🎉 3회 연속 확인 성공 - 상태 변경 승인
[2026-06-15 15:50:25] 📊 최종 상태: 4/4 UP (HEALTHY)
[2026-06-15 15:50:25] ✅ P1 엔드포인트 정상
[main 22cba02d] 🟢 P1 로컬 모니터링: HEALTHY (15:50 KST)
 1 file changed, 2 insertions(+), 2 deletions(-)
[2026-06-15 15:55:01] 🔄 P1 로컬 모니터링 시작 (GitHub 토큰 불필요)...
[2026-06-15 15:55:01] 🔍 P1 엔드포인트 3회 연속 확인 시작...
[2026-06-15 15:55:01] 📍 확인 1/3...
[2026-06-15 15:55:01]    ✅ AUDIT-P1 → HTTP 200
[2026-06-15 15:55:02]    ✅ DISCORD-BOT-P1 → HTTP 200
[2026-06-15 15:55:02]    ✅ BM-P1 → HTTP 200
[2026-06-15 15:55:02]    ✅ TRAVEL-P2-UI → HTTP 200
[2026-06-15 15:55:02] ✅ 확인 1 성공 (1/3)
[2026-06-15 15:55:12] 📍 확인 2/3...
[2026-06-15 15:55:12]    ✅ AUDIT-P1 → HTTP 200
[2026-06-15 15:55:12]    ✅ DISCORD-BOT-P1 → HTTP 200
[2026-06-15 15:55:13]    ✅ BM-P1 → HTTP 200
[2026-06-15 15:55:13]    ✅ TRAVEL-P2-UI → HTTP 200
[2026-06-15 15:55:13] ✅ 확인 2 성공 (2/3)
[2026-06-15 15:55:23] 📍 확인 3/3...
[2026-06-15 15:55:23]    ✅ AUDIT-P1 → HTTP 200
[2026-06-15 15:55:23]    ✅ DISCORD-BOT-P1 → HTTP 200
[2026-06-15 15:55:23]    ✅ BM-P1 → HTTP 200
[2026-06-15 15:55:24]    ✅ TRAVEL-P2-UI → HTTP 200
[2026-06-15 15:55:24] ✅ 확인 3 성공 (3/3)
[2026-06-15 15:55:24] 🎉 3회 연속 확인 성공 - 상태 변경 승인
[2026-06-15 15:55:24] 📊 최종 상태: 4/4 UP (HEALTHY)
[2026-06-15 15:55:24] ✅ P1 엔드포인트 정상
[main 1ee4edd1] 🟢 P1 로컬 모니터링: HEALTHY (15:55 KST)
 1 file changed, 2 insertions(+), 2 deletions(-)
[2026-06-15 16:00:01] 🔄 P1 로컬 모니터링 시작 (GitHub 토큰 불필요)...
[2026-06-15 16:00:01] 🔍 P1 엔드포인트 3회 연속 확인 시작...
[2026-06-15 16:00:01] 📍 확인 1/3...
[2026-06-15 16:00:01]    ✅ AUDIT-P1 → HTTP 200
[2026-06-15 16:00:01]    ✅ DISCORD-BOT-P1 → HTTP 200
[2026-06-15 16:00:01]    ✅ BM-P1 → HTTP 200
[2026-06-15 16:00:01]    ✅ TRAVEL-P2-UI → HTTP 200
[2026-06-15 16:00:01] ✅ 확인 1 성공 (1/3)
[2026-06-15 16:00:11] 📍 확인 2/3...
[2026-06-15 16:00:11]    ✅ AUDIT-P1 → HTTP 200
[2026-06-15 16:00:12]    ✅ DISCORD-BOT-P1 → HTTP 200
[2026-06-15 16:00:12]    ✅ BM-P1 → HTTP 200
[2026-06-15 16:00:12]    ✅ TRAVEL-P2-UI → HTTP 200
[2026-06-15 16:00:12] ✅ 확인 2 성공 (2/3)
[2026-06-15 16:00:22] 📍 확인 3/3...
[2026-06-15 16:00:22]    ✅ AUDIT-P1 → HTTP 200
[2026-06-15 16:00:23]    ✅ DISCORD-BOT-P1 → HTTP 200
[2026-06-15 16:00:23]    ✅ BM-P1 → HTTP 200
[2026-06-15 16:00:23]    ✅ TRAVEL-P2-UI → HTTP 200
[2026-06-15 16:00:23] ✅ 확인 3 성공 (3/3)
[2026-06-15 16:00:23] 🎉 3회 연속 확인 성공 - 상태 변경 승인
[2026-06-15 16:00:23] 📊 최종 상태: 4/4 UP (HEALTHY)
[2026-06-15 16:00:23] ✅ P1 엔드포인트 정상
[main 2518fe13] 🟢 P1 로컬 모니터링: HEALTHY (16:00 KST)
 1 file changed, 2 insertions(+), 2 deletions(-)
[2026-06-15 16:05:01] 🔄 P1 로컬 모니터링 시작 (GitHub 토큰 불필요)...
[2026-06-15 16:05:01] 🔍 P1 엔드포인트 3회 연속 확인 시작...
[2026-06-15 16:05:01] 📍 확인 1/3...
[2026-06-15 16:05:01]    ✅ AUDIT-P1 → HTTP 200
[2026-06-15 16:05:01]    ✅ DISCORD-BOT-P1 → HTTP 200
[2026-06-15 16:05:02]    ✅ BM-P1 → HTTP 200
[2026-06-15 16:05:02]    ✅ TRAVEL-P2-UI → HTTP 200
[2026-06-15 16:05:02] ✅ 확인 1 성공 (1/3)
[2026-06-15 16:05:12] 📍 확인 2/3...
[2026-06-15 16:05:12]    ✅ AUDIT-P1 → HTTP 200
[2026-06-15 16:05:12]    ✅ DISCORD-BOT-P1 → HTTP 200
[2026-06-15 16:05:12]    ✅ BM-P1 → HTTP 200
[2026-06-15 16:05:12]    ✅ TRAVEL-P2-UI → HTTP 200
[2026-06-15 16:05:12] ✅ 확인 2 성공 (2/3)
[2026-06-15 16:05:22] 📍 확인 3/3...
[2026-06-15 16:05:23]    ✅ AUDIT-P1 → HTTP 200
[2026-06-15 16:05:23]    ✅ DISCORD-BOT-P1 → HTTP 200
[2026-06-15 16:05:23]    ✅ BM-P1 → HTTP 200
[2026-06-15 16:05:23]    ✅ TRAVEL-P2-UI → HTTP 200
[2026-06-15 16:05:23] ✅ 확인 3 성공 (3/3)
[2026-06-15 16:05:23] 🎉 3회 연속 확인 성공 - 상태 변경 승인
[2026-06-15 16:05:23] 📊 최종 상태: 4/4 UP (HEALTHY)
[2026-06-15 16:05:23] ✅ P1 엔드포인트 정상
[main 7bfc8a42] 🟢 P1 로컬 모니터링: HEALTHY (16:05 KST)
 1 file changed, 2 insertions(+), 2 deletions(-)
[2026-06-15 16:10:01] 🔄 P1 로컬 모니터링 시작 (GitHub 토큰 불필요)...
[2026-06-15 16:10:01] 🔍 P1 엔드포인트 3회 연속 확인 시작...
[2026-06-15 16:10:01] 📍 확인 1/3...
[2026-06-15 16:10:01]    ✅ AUDIT-P1 → HTTP 200
[2026-06-15 16:10:01]    ✅ DISCORD-BOT-P1 → HTTP 200
[2026-06-15 16:10:01]    ✅ BM-P1 → HTTP 200
[2026-06-15 16:10:01]    ✅ TRAVEL-P2-UI → HTTP 200
[2026-06-15 16:10:01] ✅ 확인 1 성공 (1/3)
[2026-06-15 16:10:11] 📍 확인 2/3...
[2026-06-15 16:10:12]    ✅ AUDIT-P1 → HTTP 200
[2026-06-15 16:10:12]    ✅ DISCORD-BOT-P1 → HTTP 200
[2026-06-15 16:10:12]    ✅ BM-P1 → HTTP 200
[2026-06-15 16:10:12]    ✅ TRAVEL-P2-UI → HTTP 200
[2026-06-15 16:10:12] ✅ 확인 2 성공 (2/3)
[2026-06-15 16:10:22] 📍 확인 3/3...
[2026-06-15 16:10:22]    ✅ AUDIT-P1 → HTTP 200
[2026-06-15 16:10:23]    ✅ DISCORD-BOT-P1 → HTTP 200
[2026-06-15 16:10:23]    ✅ BM-P1 → HTTP 200
[2026-06-15 16:10:23]    ✅ TRAVEL-P2-UI → HTTP 200
[2026-06-15 16:10:23] ✅ 확인 3 성공 (3/3)
[2026-06-15 16:10:23] 🎉 3회 연속 확인 성공 - 상태 변경 승인
[2026-06-15 16:10:23] 📊 최종 상태: 4/4 UP (HEALTHY)
[2026-06-15 16:10:23] ✅ P1 엔드포인트 정상
[main 9c1066a2] 🟢 P1 로컬 모니터링: HEALTHY (16:10 KST)
 1 file changed, 2 insertions(+), 2 deletions(-)
[2026-06-15 16:15:01] 🔄 P1 로컬 모니터링 시작 (GitHub 토큰 불필요)...
[2026-06-15 16:15:01] 🔍 P1 엔드포인트 3회 연속 확인 시작...
[2026-06-15 16:15:01] 📍 확인 1/3...
[2026-06-15 16:15:01]    ✅ AUDIT-P1 → HTTP 200
[2026-06-15 16:15:02]    ✅ DISCORD-BOT-P1 → HTTP 200
[2026-06-15 16:15:02]    ✅ BM-P1 → HTTP 200
[2026-06-15 16:15:02]    ✅ TRAVEL-P2-UI → HTTP 200
[2026-06-15 16:15:02] ✅ 확인 1 성공 (1/3)
[2026-06-15 16:15:12] 📍 확인 2/3...
[2026-06-15 16:15:12]    ✅ AUDIT-P1 → HTTP 200
[2026-06-15 16:15:12]    ✅ DISCORD-BOT-P1 → HTTP 200
[2026-06-15 16:15:12]    ✅ BM-P1 → HTTP 200
[2026-06-15 16:15:13]    ✅ TRAVEL-P2-UI → HTTP 200
[2026-06-15 16:15:13] ✅ 확인 2 성공 (2/3)
[2026-06-15 16:15:23] 📍 확인 3/3...
[2026-06-15 16:15:23]    ✅ AUDIT-P1 → HTTP 200
[2026-06-15 16:15:23]    ✅ DISCORD-BOT-P1 → HTTP 200
[2026-06-15 16:15:23]    ✅ BM-P1 → HTTP 200
[2026-06-15 16:15:23]    ✅ TRAVEL-P2-UI → HTTP 200
[2026-06-15 16:15:23] ✅ 확인 3 성공 (3/3)
[2026-06-15 16:15:23] 🎉 3회 연속 확인 성공 - 상태 변경 승인
[2026-06-15 16:15:23] 📊 최종 상태: 4/4 UP (HEALTHY)
[2026-06-15 16:15:23] ✅ P1 엔드포인트 정상
[main 4565a428] 🟢 P1 로컬 모니터링: HEALTHY (16:15 KST)
 1 file changed, 2 insertions(+), 2 deletions(-)
[2026-06-15 16:20:01] 🔄 P1 로컬 모니터링 시작 (GitHub 토큰 불필요)...
[2026-06-15 16:20:01] 🔍 P1 엔드포인트 3회 연속 확인 시작...
[2026-06-15 16:20:01] 📍 확인 1/3...
[2026-06-15 16:20:02]    ✅ AUDIT-P1 → HTTP 200
[2026-06-15 16:20:02]    ✅ DISCORD-BOT-P1 → HTTP 200
[2026-06-15 16:20:02]    ✅ BM-P1 → HTTP 200
[2026-06-15 16:20:02]    ✅ TRAVEL-P2-UI → HTTP 200
[2026-06-15 16:20:02] ✅ 확인 1 성공 (1/3)
[2026-06-15 16:20:12] 📍 확인 2/3...
[2026-06-15 16:20:12]    ✅ AUDIT-P1 → HTTP 200
[2026-06-15 16:20:12]    ✅ DISCORD-BOT-P1 → HTTP 200
[2026-06-15 16:20:13]    ✅ BM-P1 → HTTP 200
[2026-06-15 16:20:13]    ✅ TRAVEL-P2-UI → HTTP 200
[2026-06-15 16:20:13] ✅ 확인 2 성공 (2/3)
[2026-06-15 16:20:23] 📍 확인 3/3...
[2026-06-15 16:20:23]    ✅ AUDIT-P1 → HTTP 200
[2026-06-15 16:20:23]    ✅ DISCORD-BOT-P1 → HTTP 200
[2026-06-15 16:20:23]    ✅ BM-P1 → HTTP 200
[2026-06-15 16:20:23]    ✅ TRAVEL-P2-UI → HTTP 200
[2026-06-15 16:20:23] ✅ 확인 3 성공 (3/3)
[2026-06-15 16:20:23] 🎉 3회 연속 확인 성공 - 상태 변경 승인
[2026-06-15 16:20:23] 📊 최종 상태: 4/4 UP (HEALTHY)
[2026-06-15 16:20:23] ✅ P1 엔드포인트 정상
[main 187f1d42] 🟢 P1 로컬 모니터링: HEALTHY (16:20 KST)
 1 file changed, 2 insertions(+), 2 deletions(-)
[2026-06-15 16:25:01] 🔄 P1 로컬 모니터링 시작 (GitHub 토큰 불필요)...
[2026-06-15 16:25:01] 🔍 P1 엔드포인트 3회 연속 확인 시작...
[2026-06-15 16:25:01] 📍 확인 1/3...
[2026-06-15 16:25:02]    ✅ AUDIT-P1 → HTTP 200
[2026-06-15 16:25:02]    ✅ DISCORD-BOT-P1 → HTTP 200
[2026-06-15 16:25:02]    ✅ BM-P1 → HTTP 200
[2026-06-15 16:25:02]    ✅ TRAVEL-P2-UI → HTTP 200
[2026-06-15 16:25:02] ✅ 확인 1 성공 (1/3)
[2026-06-15 16:25:12] 📍 확인 2/3...
[2026-06-15 16:25:12]    ✅ AUDIT-P1 → HTTP 200
[2026-06-15 16:25:13]    ✅ DISCORD-BOT-P1 → HTTP 200
[2026-06-15 16:25:13]    ✅ BM-P1 → HTTP 200
[2026-06-15 16:25:13]    ✅ TRAVEL-P2-UI → HTTP 200
[2026-06-15 16:25:13] ✅ 확인 2 성공 (2/3)
[2026-06-15 16:25:23] 📍 확인 3/3...
[2026-06-15 16:25:23]    ✅ AUDIT-P1 → HTTP 200
[2026-06-15 16:25:23]    ✅ DISCORD-BOT-P1 → HTTP 200
[2026-06-15 16:25:23]    ✅ BM-P1 → HTTP 200
[2026-06-15 16:25:24]    ✅ TRAVEL-P2-UI → HTTP 200
[2026-06-15 16:25:24] ✅ 확인 3 성공 (3/3)
[2026-06-15 16:25:24] 🎉 3회 연속 확인 성공 - 상태 변경 승인
[2026-06-15 16:25:24] 📊 최종 상태: 4/4 UP (HEALTHY)
[2026-06-15 16:25:24] ✅ P1 엔드포인트 정상
[main 7d8debc0] 🟢 P1 로컬 모니터링: HEALTHY (16:25 KST)
 1 file changed, 2 insertions(+), 2 deletions(-)
[2026-06-15 16:30:01] 🔄 P1 로컬 모니터링 시작 (GitHub 토큰 불필요)...
[2026-06-15 16:30:02] 🔍 P1 엔드포인트 3회 연속 확인 시작...
[2026-06-15 16:30:02] 📍 확인 1/3...
[2026-06-15 16:30:02]    ✅ AUDIT-P1 → HTTP 200
[2026-06-15 16:30:02]    ✅ DISCORD-BOT-P1 → HTTP 200
[2026-06-15 16:30:02]    ✅ BM-P1 → HTTP 200
[2026-06-15 16:30:02]    ✅ TRAVEL-P2-UI → HTTP 200
[2026-06-15 16:30:02] ✅ 확인 1 성공 (1/3)
[2026-06-15 16:30:12] 📍 확인 2/3...
[2026-06-15 16:30:13]    ✅ AUDIT-P1 → HTTP 200
[2026-06-15 16:30:13]    ✅ DISCORD-BOT-P1 → HTTP 200
[2026-06-15 16:30:13]    ✅ BM-P1 → HTTP 200
[2026-06-15 16:30:13]    ✅ TRAVEL-P2-UI → HTTP 200
[2026-06-15 16:30:13] ✅ 확인 2 성공 (2/3)
[2026-06-15 16:30:23] 📍 확인 3/3...
[2026-06-15 16:30:23]    ✅ AUDIT-P1 → HTTP 200
[2026-06-15 16:30:24]    ✅ DISCORD-BOT-P1 → HTTP 200
[2026-06-15 16:30:24]    ✅ BM-P1 → HTTP 200
[2026-06-15 16:30:24]    ✅ TRAVEL-P2-UI → HTTP 200
[2026-06-15 16:30:24] ✅ 확인 3 성공 (3/3)
[2026-06-15 16:30:24] 🎉 3회 연속 확인 성공 - 상태 변경 승인
[2026-06-15 16:30:24] 📊 최종 상태: 4/4 UP (HEALTHY)
[2026-06-15 16:30:24] ✅ P1 엔드포인트 정상
[main 4ca7dfce] 🟢 P1 로컬 모니터링: HEALTHY (16:30 KST)
 1 file changed, 2 insertions(+), 2 deletions(-)
[2026-06-15 16:35:01] 🔄 P1 로컬 모니터링 시작 (GitHub 토큰 불필요)...
[2026-06-15 16:35:01] 🔍 P1 엔드포인트 3회 연속 확인 시작...
[2026-06-15 16:35:01] 📍 확인 1/3...
[2026-06-15 16:35:01]    ✅ AUDIT-P1 → HTTP 200
[2026-06-15 16:35:01]    ✅ DISCORD-BOT-P1 → HTTP 200
[2026-06-15 16:35:01]    ✅ BM-P1 → HTTP 200
[2026-06-15 16:35:01]    ✅ TRAVEL-P2-UI → HTTP 200
[2026-06-15 16:35:01] ✅ 확인 1 성공 (1/3)
[2026-06-15 16:35:11] 📍 확인 2/3...
[2026-06-15 16:35:12]    ✅ AUDIT-P1 → HTTP 200
[2026-06-15 16:35:12]    ✅ DISCORD-BOT-P1 → HTTP 200
[2026-06-15 16:35:12]    ✅ BM-P1 → HTTP 200
[2026-06-15 16:35:12]    ✅ TRAVEL-P2-UI → HTTP 200
[2026-06-15 16:35:12] ✅ 확인 2 성공 (2/3)
[2026-06-15 16:35:22] 📍 확인 3/3...
[2026-06-15 16:35:22]    ✅ AUDIT-P1 → HTTP 200
[2026-06-15 16:35:22]    ✅ DISCORD-BOT-P1 → HTTP 200
[2026-06-15 16:35:23]    ✅ BM-P1 → HTTP 200
[2026-06-15 16:35:23]    ✅ TRAVEL-P2-UI → HTTP 200
[2026-06-15 16:35:23] ✅ 확인 3 성공 (3/3)
[2026-06-15 16:35:23] 🎉 3회 연속 확인 성공 - 상태 변경 승인
[2026-06-15 16:35:23] 📊 최종 상태: 4/4 UP (HEALTHY)
[2026-06-15 16:35:23] ✅ P1 엔드포인트 정상
[main 6042f5eb] 🟢 P1 로컬 모니터링: HEALTHY (16:35 KST)
 1 file changed, 2 insertions(+), 2 deletions(-)
[2026-06-15 16:40:01] 🔄 P1 로컬 모니터링 시작 (GitHub 토큰 불필요)...
[2026-06-15 16:40:01] 🔍 P1 엔드포인트 3회 연속 확인 시작...
[2026-06-15 16:40:01] 📍 확인 1/3...
[2026-06-15 16:40:01]    ✅ AUDIT-P1 → HTTP 200
[2026-06-15 16:40:01]    ✅ DISCORD-BOT-P1 → HTTP 200
[2026-06-15 16:40:01]    ✅ BM-P1 → HTTP 200
[2026-06-15 16:40:01]    ✅ TRAVEL-P2-UI → HTTP 200
[2026-06-15 16:40:01] ✅ 확인 1 성공 (1/3)
[2026-06-15 16:40:11] 📍 확인 2/3...
[2026-06-15 16:40:12]    ✅ AUDIT-P1 → HTTP 200
[2026-06-15 16:40:12]    ✅ DISCORD-BOT-P1 → HTTP 200
[2026-06-15 16:40:12]    ✅ BM-P1 → HTTP 200
[2026-06-15 16:40:12]    ✅ TRAVEL-P2-UI → HTTP 200
[2026-06-15 16:40:12] ✅ 확인 2 성공 (2/3)
[2026-06-15 16:40:22] 📍 확인 3/3...
[2026-06-15 16:40:22]    ✅ AUDIT-P1 → HTTP 200
[2026-06-15 16:40:22]    ✅ DISCORD-BOT-P1 → HTTP 200
[2026-06-15 16:40:23]    ✅ BM-P1 → HTTP 200
[2026-06-15 16:40:23]    ✅ TRAVEL-P2-UI → HTTP 200
[2026-06-15 16:40:23] ✅ 확인 3 성공 (3/3)
[2026-06-15 16:40:23] 🎉 3회 연속 확인 성공 - 상태 변경 승인
[2026-06-15 16:40:23] 📊 최종 상태: 4/4 UP (HEALTHY)
[2026-06-15 16:40:23] ✅ P1 엔드포인트 정상
[main 62d7603a] 🟢 P1 로컬 모니터링: HEALTHY (16:40 KST)
 1 file changed, 2 insertions(+), 2 deletions(-)
[2026-06-15 16:45:01] 🔄 P1 로컬 모니터링 시작 (GitHub 토큰 불필요)...
[2026-06-15 16:45:01] 🔍 P1 엔드포인트 3회 연속 확인 시작...
[2026-06-15 16:45:01] 📍 확인 1/3...
[2026-06-15 16:45:01]    ✅ AUDIT-P1 → HTTP 200
[2026-06-15 16:45:01]    ✅ DISCORD-BOT-P1 → HTTP 200
[2026-06-15 16:45:01]    ✅ BM-P1 → HTTP 200
[2026-06-15 16:45:01]    ✅ TRAVEL-P2-UI → HTTP 200
[2026-06-15 16:45:01] ✅ 확인 1 성공 (1/3)
[2026-06-15 16:45:11] 📍 확인 2/3...
[2026-06-15 16:45:11]    ✅ AUDIT-P1 → HTTP 200
[2026-06-15 16:45:12]    ✅ DISCORD-BOT-P1 → HTTP 200
[2026-06-15 16:45:12]    ✅ BM-P1 → HTTP 200
[2026-06-15 16:45:12]    ✅ TRAVEL-P2-UI → HTTP 200
[2026-06-15 16:45:12] ✅ 확인 2 성공 (2/3)
[2026-06-15 16:45:22] 📍 확인 3/3...
[2026-06-15 16:45:22]    ✅ AUDIT-P1 → HTTP 200
[2026-06-15 16:45:22]    ✅ DISCORD-BOT-P1 → HTTP 200
[2026-06-15 16:45:23]    ✅ BM-P1 → HTTP 200
[2026-06-15 16:45:23]    ✅ TRAVEL-P2-UI → HTTP 200
[2026-06-15 16:45:23] ✅ 확인 3 성공 (3/3)
[2026-06-15 16:45:23] 🎉 3회 연속 확인 성공 - 상태 변경 승인
[2026-06-15 16:45:23] 📊 최종 상태: 4/4 UP (HEALTHY)
[2026-06-15 16:45:23] ✅ P1 엔드포인트 정상
[main 5436ccec] 🟢 P1 로컬 모니터링: HEALTHY (16:45 KST)
 1 file changed, 2 insertions(+), 2 deletions(-)
[2026-06-15 16:50:01] 🔄 P1 로컬 모니터링 시작 (GitHub 토큰 불필요)...
[2026-06-15 16:50:01] 🔍 P1 엔드포인트 3회 연속 확인 시작...
[2026-06-15 16:50:01] 📍 확인 1/3...
[2026-06-15 16:50:01]    ✅ AUDIT-P1 → HTTP 200
[2026-06-15 16:50:01]    ✅ DISCORD-BOT-P1 → HTTP 200
[2026-06-15 16:50:01]    ✅ BM-P1 → HTTP 200
[2026-06-15 16:50:01]    ✅ TRAVEL-P2-UI → HTTP 200
[2026-06-15 16:50:01] ✅ 확인 1 성공 (1/3)
[2026-06-15 16:50:11] 📍 확인 2/3...
[2026-06-15 16:50:12]    ✅ AUDIT-P1 → HTTP 200
[2026-06-15 16:50:12]    ✅ DISCORD-BOT-P1 → HTTP 200
[2026-06-15 16:50:12]    ✅ BM-P1 → HTTP 200
[2026-06-15 16:50:12]    ✅ TRAVEL-P2-UI → HTTP 200
[2026-06-15 16:50:12] ✅ 확인 2 성공 (2/3)
[2026-06-15 16:50:22] 📍 확인 3/3...
[2026-06-15 16:50:22]    ✅ AUDIT-P1 → HTTP 200
[2026-06-15 16:50:23]    ✅ DISCORD-BOT-P1 → HTTP 200
[2026-06-15 16:50:23]    ✅ BM-P1 → HTTP 200
[2026-06-15 16:50:23]    ✅ TRAVEL-P2-UI → HTTP 200
[2026-06-15 16:50:23] ✅ 확인 3 성공 (3/3)
[2026-06-15 16:50:23] 🎉 3회 연속 확인 성공 - 상태 변경 승인
[2026-06-15 16:50:23] 📊 최종 상태: 4/4 UP (HEALTHY)
[2026-06-15 16:50:23] ✅ P1 엔드포인트 정상
[main 8898320a] 🟢 P1 로컬 모니터링: HEALTHY (16:50 KST)
 1 file changed, 2 insertions(+), 2 deletions(-)
[2026-06-15 16:55:01] 🔄 P1 로컬 모니터링 시작 (GitHub 토큰 불필요)...
[2026-06-15 16:55:01] 🔍 P1 엔드포인트 3회 연속 확인 시작...
[2026-06-15 16:55:01] 📍 확인 1/3...
[2026-06-15 16:55:01]    ✅ AUDIT-P1 → HTTP 200
[2026-06-15 16:55:01]    ✅ DISCORD-BOT-P1 → HTTP 200
[2026-06-15 16:55:01]    ✅ BM-P1 → HTTP 200
[2026-06-15 16:55:01]    ✅ TRAVEL-P2-UI → HTTP 200
[2026-06-15 16:55:01] ✅ 확인 1 성공 (1/3)
[2026-06-15 16:55:12] 📍 확인 2/3...
[2026-06-15 16:55:12]    ✅ AUDIT-P1 → HTTP 200
[2026-06-15 16:55:12]    ✅ DISCORD-BOT-P1 → HTTP 200
[2026-06-15 16:55:12]    ✅ BM-P1 → HTTP 200
[2026-06-15 16:55:12]    ✅ TRAVEL-P2-UI → HTTP 200
[2026-06-15 16:55:12] ✅ 확인 2 성공 (2/3)
[2026-06-15 16:55:22] 📍 확인 3/3...
[2026-06-15 16:55:22]    ✅ AUDIT-P1 → HTTP 200
[2026-06-15 16:55:22]    ✅ DISCORD-BOT-P1 → HTTP 200
[2026-06-15 16:55:23]    ✅ BM-P1 → HTTP 200
[2026-06-15 16:55:23]    ✅ TRAVEL-P2-UI → HTTP 200
[2026-06-15 16:55:23] ✅ 확인 3 성공 (3/3)
[2026-06-15 16:55:23] 🎉 3회 연속 확인 성공 - 상태 변경 승인
[2026-06-15 16:55:23] 📊 최종 상태: 4/4 UP (HEALTHY)
[2026-06-15 16:55:23] ✅ P1 엔드포인트 정상
[main cf53e733] 🟢 P1 로컬 모니터링: HEALTHY (16:55 KST)
 1 file changed, 2 insertions(+), 2 deletions(-)
[2026-06-15 17:00:01] 🔄 P1 로컬 모니터링 시작 (GitHub 토큰 불필요)...
[2026-06-15 17:00:01] 🔍 P1 엔드포인트 3회 연속 확인 시작...
[2026-06-15 17:00:01] 📍 확인 1/3...
[2026-06-15 17:00:01]    ✅ AUDIT-P1 → HTTP 200
[2026-06-15 17:00:01]    ✅ DISCORD-BOT-P1 → HTTP 200
[2026-06-15 17:00:01]    ✅ BM-P1 → HTTP 200
[2026-06-15 17:00:01]    ✅ TRAVEL-P2-UI → HTTP 200
[2026-06-15 17:00:01] ✅ 확인 1 성공 (1/3)
[2026-06-15 17:00:11] 📍 확인 2/3...
[2026-06-15 17:00:12]    ✅ AUDIT-P1 → HTTP 200
[2026-06-15 17:00:12]    ✅ DISCORD-BOT-P1 → HTTP 200
[2026-06-15 17:00:12]    ✅ BM-P1 → HTTP 200
[2026-06-15 17:00:12]    ✅ TRAVEL-P2-UI → HTTP 200
[2026-06-15 17:00:12] ✅ 확인 2 성공 (2/3)
[2026-06-15 17:00:22] 📍 확인 3/3...
[2026-06-15 17:00:23]    ✅ AUDIT-P1 → HTTP 200
[2026-06-15 17:00:23]    ✅ DISCORD-BOT-P1 → HTTP 200
[2026-06-15 17:00:23]    ✅ BM-P1 → HTTP 200
[2026-06-15 17:00:23]    ✅ TRAVEL-P2-UI → HTTP 200
[2026-06-15 17:00:23] ✅ 확인 3 성공 (3/3)
[2026-06-15 17:00:23] 🎉 3회 연속 확인 성공 - 상태 변경 승인
[2026-06-15 17:00:23] 📊 최종 상태: 4/4 UP (HEALTHY)
[2026-06-15 17:00:23] ✅ P1 엔드포인트 정상
[main 2c666d15] 🟢 P1 로컬 모니터링: HEALTHY (17:00 KST)
 1 file changed, 2 insertions(+), 2 deletions(-)
