
> dsc-fms-portal@1.0.0 dev
> next dev

   ▲ Next.js 14.0.0
   - Local:        http://localhost:3000
   - Environments: .env.local

 ✓ Ready in 2.1s
 ○ Compiling /page ...
 ✓ Compiled /page in 1621ms (412 modules)
<w> [webpack.cache.PackFileCacheStrategy] Caching failed for pack: Error: ENOENT: no such file or directory, stat '/home/jeepney/.openclaw/workspace-dev/dsc-fms-portal/.next/cache/webpack/server-development/0.pack.gz'
 ✓ Compiled /assets/page in 246ms (418 modules)
 ✓ Compiled /page in 43ms (209 modules)
 ✓ Compiled in 531ms (430 modules)
 ✓ Compiled /assets/page in 116ms (209 modules)
 ⨯ TypeError: __webpack_modules__[moduleId] is not a function
    at __webpack_require__ (/home/jeepney/.openclaw/workspace-dev/dsc-fms-portal/.next/server/webpack-runtime.js:33:42)
    at JSON.parse (<anonymous>)
TypeError: __webpack_modules__[moduleId] is not a function
    at __webpack_require__ (/home/jeepney/.openclaw/workspace-dev/dsc-fms-portal/.next/server/webpack-runtime.js:33:42)
    at /home/jeepney/.openclaw/workspace-dev/dsc-fms-portal/node_modules/next/dist/compiled/next-server/app-page.runtime.dev.js:35:100881
    at eo (/home/jeepney/.openclaw/workspace-dev/dsc-fms-portal/node_modules/next/dist/compiled/next-server/app-page.runtime.dev.js:35:101066)
    at /home/jeepney/.openclaw/workspace-dev/dsc-fms-portal/node_modules/next/dist/compiled/next-server/app-page.runtime.dev.js:35:103499
    at Object._fromJSON (/home/jeepney/.openclaw/workspace-dev/dsc-fms-portal/node_modules/next/dist/compiled/next-server/app-page.runtime.dev.js:35:103851)
    at JSON.parse (<anonymous>)
    at eu (/home/jeepney/.openclaw/workspace-dev/dsc-fms-portal/node_modules/next/dist/compiled/next-server/app-page.runtime.dev.js:35:101560)
    at en (/home/jeepney/.openclaw/workspace-dev/dsc-fms-portal/node_modules/next/dist/compiled/next-server/app-page.runtime.dev.js:35:100628)
    at K (/home/jeepney/.openclaw/workspace-dev/dsc-fms-portal/node_modules/next/dist/compiled/next-server/app-page.runtime.dev.js:35:99620)
    at e (/home/jeepney/.openclaw/workspace-dev/dsc-fms-portal/node_modules/next/dist/compiled/next-server/app-page.runtime.dev.js:35:46019)
    at ah (/home/jeepney/.openclaw/workspace-dev/dsc-fms-portal/node_modules/next/dist/compiled/next-server/app-page.runtime.dev.js:35:47773)
    at ac (/home/jeepney/.openclaw/workspace-dev/dsc-fms-portal/node_modules/next/dist/compiled/next-server/app-page.runtime.dev.js:35:7923)
    at /home/jeepney/.openclaw/workspace-dev/dsc-fms-portal/node_modules/next/dist/compiled/next-server/app-page.runtime.dev.js:35:13014
    at ap (/home/jeepney/.openclaw/workspace-dev/dsc-fms-portal/node_modules/next/dist/compiled/next-server/app-page.runtime.dev.js:35:13038)
    at e (/home/jeepney/.openclaw/workspace-dev/dsc-fms-portal/node_modules/next/dist/compiled/next-server/app-page.runtime.dev.js:35:45795)
    at ah (/home/jeepney/.openclaw/workspace-dev/dsc-fms-portal/node_modules/next/dist/compiled/next-server/app-page.runtime.dev.js:35:47773)
    at /home/jeepney/.openclaw/workspace-dev/dsc-fms-portal/node_modules/next/dist/compiled/next-server/app-page.runtime.dev.js:35:53606
    at /home/jeepney/.openclaw/workspace-dev/dsc-fms-portal/node_modules/next/dist/compiled/next-server/app-page.runtime.dev.js:35:54286
    at ak (/home/jeepney/.openclaw/workspace-dev/dsc-fms-portal/node_modules/next/dist/compiled/next-server/app-page.runtime.dev.js:35:54294)
    at Timeout._onTimeout (/home/jeepney/.openclaw/workspace-dev/dsc-fms-portal/node_modules/next/dist/compiled/next-server/app-page.runtime.dev.js:35:4037)
    at listOnTimeout (node:internal/timers:581:17)
    at process.processTimers (node:internal/timers:519:7)
 ⨯ TypeError: __webpack_modules__[moduleId] is not a function
    at __webpack_require__ (/home/jeepney/.openclaw/workspace-dev/dsc-fms-portal/.next/server/webpack-runtime.js:33:42)
    at /home/jeepney/.openclaw/workspace-dev/dsc-fms-portal/node_modules/next/dist/compiled/next-server/app-page.runtime.dev.js:35:100881
    at eo (/home/jeepney/.openclaw/workspace-dev/dsc-fms-portal/node_modules/next/dist/compiled/next-server/app-page.runtime.dev.js:35:101066)
    at /home/jeepney/.openclaw/workspace-dev/dsc-fms-portal/node_modules/next/dist/compiled/next-server/app-page.runtime.dev.js:35:103499
    at Object._fromJSON (/home/jeepney/.openclaw/workspace-dev/dsc-fms-portal/node_modules/next/dist/compiled/next-server/app-page.runtime.dev.js:35:103851)
    at JSON.parse (<anonymous>)
    at eu (/home/jeepney/.openclaw/workspace-dev/dsc-fms-portal/node_modules/next/dist/compiled/next-server/app-page.runtime.dev.js:35:101560)
    at en (/home/jeepney/.openclaw/workspace-dev/dsc-fms-portal/node_modules/next/dist/compiled/next-server/app-page.runtime.dev.js:35:100628)
    at K (/home/jeepney/.openclaw/workspace-dev/dsc-fms-portal/node_modules/next/dist/compiled/next-server/app-page.runtime.dev.js:35:99620)
    at e (/home/jeepney/.openclaw/workspace-dev/dsc-fms-portal/node_modules/next/dist/compiled/next-server/app-page.runtime.dev.js:35:46019)
    at ah (/home/jeepney/.openclaw/workspace-dev/dsc-fms-portal/node_modules/next/dist/compiled/next-server/app-page.runtime.dev.js:35:47773)
    at ac (/home/jeepney/.openclaw/workspace-dev/dsc-fms-portal/node_modules/next/dist/compiled/next-server/app-page.runtime.dev.js:35:7923)
    at /home/jeepney/.openclaw/workspace-dev/dsc-fms-portal/node_modules/next/dist/compiled/next-server/app-page.runtime.dev.js:35:13014
    at ap (/home/jeepney/.openclaw/workspace-dev/dsc-fms-portal/node_modules/next/dist/compiled/next-server/app-page.runtime.dev.js:35:13038)
    at e (/home/jeepney/.openclaw/workspace-dev/dsc-fms-portal/node_modules/next/dist/compiled/next-server/app-page.runtime.dev.js:35:45795)
    at ah (/home/jeepney/.openclaw/workspace-dev/dsc-fms-portal/node_modules/next/dist/compiled/next-server/app-page.runtime.dev.js:35:47773)
    at /home/jeepney/.openclaw/workspace-dev/dsc-fms-portal/node_modules/next/dist/compiled/next-server/app-page.runtime.dev.js:35:53606
    at /home/jeepney/.openclaw/workspace-dev/dsc-fms-portal/node_modules/next/dist/compiled/next-server/app-page.runtime.dev.js:35:54286
    at ak (/home/jeepney/.openclaw/workspace-dev/dsc-fms-portal/node_modules/next/dist/compiled/next-server/app-page.runtime.dev.js:35:54294)
    at Timeout._onTimeout (/home/jeepney/.openclaw/workspace-dev/dsc-fms-portal/node_modules/next/dist/compiled/next-server/app-page.runtime.dev.js:35:4037)
    at listOnTimeout (node:internal/timers:581:17)
    at process.processTimers (node:internal/timers:519:7) {
  page: '/assets'
}
 ○ Compiling /_error ...
 ✓ Compiled /_error in 881ms (581 modules)
 ⨯ Error: Cannot find module './4611.js'
Require stack:
- /home/jeepney/.openclaw/workspace-dev/dsc-fms-portal/.next/server/webpack-runtime.js
- /home/jeepney/.openclaw/workspace-dev/dsc-fms-portal/.next/server/pages/_document.js
- /home/jeepney/.openclaw/workspace-dev/dsc-fms-portal/node_modules/next/dist/server/require.js
- /home/jeepney/.openclaw/workspace-dev/dsc-fms-portal/node_modules/next/dist/server/load-components.js
- /home/jeepney/.openclaw/workspace-dev/dsc-fms-portal/node_modules/next/dist/build/utils.js
- /home/jeepney/.openclaw/workspace-dev/dsc-fms-portal/node_modules/next/dist/server/dev/hot-middleware.js
- /home/jeepney/.openclaw/workspace-dev/dsc-fms-portal/node_modules/next/dist/server/dev/hot-reloader-webpack.js
- /home/jeepney/.openclaw/workspace-dev/dsc-fms-portal/node_modules/next/dist/server/lib/router-utils/setup-dev-bundler.js
- /home/jeepney/.openclaw/workspace-dev/dsc-fms-portal/node_modules/next/dist/server/lib/router-server.js
- /home/jeepney/.openclaw/workspace-dev/dsc-fms-portal/node_modules/next/dist/server/lib/start-server.js
    at Module._resolveFilename (node:internal/modules/cjs/loader:1207:15)
    at /home/jeepney/.openclaw/workspace-dev/dsc-fms-portal/node_modules/next/dist/server/require-hook.js:54:36
    at Module._load (node:internal/modules/cjs/loader:1038:27)
    at Module.require (node:internal/modules/cjs/loader:1289:19)
    at mod.require (/home/jeepney/.openclaw/workspace-dev/dsc-fms-portal/node_modules/next/dist/server/require-hook.js:64:28)
    at require (node:internal/modules/helpers:182:18)
    at __webpack_require__.f.require (/home/jeepney/.openclaw/workspace-dev/dsc-fms-portal/.next/server/webpack-runtime.js:198:28)
    at /home/jeepney/.openclaw/workspace-dev/dsc-fms-portal/.next/server/webpack-runtime.js:111:40
    at Array.reduce (<anonymous>)
    at __webpack_require__.e (/home/jeepney/.openclaw/workspace-dev/dsc-fms-portal/.next/server/webpack-runtime.js:110:67)
    at Array.map (<anonymous>)
    at __webpack_require__.X (/home/jeepney/.openclaw/workspace-dev/dsc-fms-portal/.next/server/webpack-runtime.js:162:22)
    at /home/jeepney/.openclaw/workspace-dev/dsc-fms-portal/.next/server/app/page.js:1:2547
    at Object.<anonymous> (/home/jeepney/.openclaw/workspace-dev/dsc-fms-portal/.next/server/app/page.js:1:2610)
    at Module._compile (node:internal/modules/cjs/loader:1521:14)
    at Module._extensions..js (node:internal/modules/cjs/loader:1623:10)
    at Module.load (node:internal/modules/cjs/loader:1266:32)
    at Module._load (node:internal/modules/cjs/loader:1091:12)
    at Module.require (node:internal/modules/cjs/loader:1289:19)
    at mod.require (/home/jeepney/.openclaw/workspace-dev/dsc-fms-portal/node_modules/next/dist/server/require-hook.js:64:28)
    at require (node:internal/modules/helpers:182:18)
    at requirePage (/home/jeepney/.openclaw/workspace-dev/dsc-fms-portal/node_modules/next/dist/server/require.js:109:84)
    at /home/jeepney/.openclaw/workspace-dev/dsc-fms-portal/node_modules/next/dist/server/load-components.js:59:84
    at async loadComponentsImpl (/home/jeepney/.openclaw/workspace-dev/dsc-fms-portal/node_modules/next/dist/server/load-components.js:59:26)
    at async DevServer.findPageComponentsImpl (/home/jeepney/.openclaw/workspace-dev/dsc-fms-portal/node_modules/next/dist/server/next-server.js:666:36) {
  code: 'MODULE_NOT_FOUND',
  requireStack: [
    '/home/jeepney/.openclaw/workspace-dev/dsc-fms-portal/.next/server/webpack-runtime.js',
    '/home/jeepney/.openclaw/workspace-dev/dsc-fms-portal/.next/server/pages/_document.js',
    '/home/jeepney/.openclaw/workspace-dev/dsc-fms-portal/node_modules/next/dist/server/require.js',
    '/home/jeepney/.openclaw/workspace-dev/dsc-fms-portal/node_modules/next/dist/server/load-components.js',
    '/home/jeepney/.openclaw/workspace-dev/dsc-fms-portal/node_modules/next/dist/build/utils.js',
    '/home/jeepney/.openclaw/workspace-dev/dsc-fms-portal/node_modules/next/dist/server/dev/hot-middleware.js',
    '/home/jeepney/.openclaw/workspace-dev/dsc-fms-portal/node_modules/next/dist/server/dev/hot-reloader-webpack.js',
    '/home/jeepney/.openclaw/workspace-dev/dsc-fms-portal/node_modules/next/dist/server/lib/router-utils/setup-dev-bundler.js',
    '/home/jeepney/.openclaw/workspace-dev/dsc-fms-portal/node_modules/next/dist/server/lib/router-server.js',
    '/home/jeepney/.openclaw/workspace-dev/dsc-fms-portal/node_modules/next/dist/server/lib/start-server.js'
  ],
  page: '/'
}
 ⨯ Error: Cannot find module './4611.js'
Require stack:
- /home/jeepney/.openclaw/workspace-dev/dsc-fms-portal/.next/server/webpack-runtime.js
- /home/jeepney/.openclaw/workspace-dev/dsc-fms-portal/.next/server/pages/_document.js
- /home/jeepney/.openclaw/workspace-dev/dsc-fms-portal/node_modules/next/dist/server/require.js
- /home/jeepney/.openclaw/workspace-dev/dsc-fms-portal/node_modules/next/dist/server/load-components.js
- /home/jeepney/.openclaw/workspace-dev/dsc-fms-portal/node_modules/next/dist/build/utils.js
- /home/jeepney/.openclaw/workspace-dev/dsc-fms-portal/node_modules/next/dist/server/dev/hot-middleware.js
- /home/jeepney/.openclaw/workspace-dev/dsc-fms-portal/node_modules/next/dist/server/dev/hot-reloader-webpack.js
- /home/jeepney/.openclaw/workspace-dev/dsc-fms-portal/node_modules/next/dist/server/lib/router-utils/setup-dev-bundler.js
- /home/jeepney/.openclaw/workspace-dev/dsc-fms-portal/node_modules/next/dist/server/lib/router-server.js
- /home/jeepney/.openclaw/workspace-dev/dsc-fms-portal/node_modules/next/dist/server/lib/start-server.js
    at Module._resolveFilename (node:internal/modules/cjs/loader:1207:15)
    at /home/jeepney/.openclaw/workspace-dev/dsc-fms-portal/node_modules/next/dist/server/require-hook.js:54:36
    at Module._load (node:internal/modules/cjs/loader:1038:27)
    at Module.require (node:internal/modules/cjs/loader:1289:19)
    at mod.require (/home/jeepney/.openclaw/workspace-dev/dsc-fms-portal/node_modules/next/dist/server/require-hook.js:64:28)
    at require (node:internal/modules/helpers:182:18)
    at __webpack_require__.f.require (/home/jeepney/.openclaw/workspace-dev/dsc-fms-portal/.next/server/webpack-runtime.js:198:28)
    at /home/jeepney/.openclaw/workspace-dev/dsc-fms-portal/.next/server/webpack-runtime.js:111:40
    at Array.reduce (<anonymous>)
    at __webpack_require__.e (/home/jeepney/.openclaw/workspace-dev/dsc-fms-portal/.next/server/webpack-runtime.js:110:67)
    at Array.map (<anonymous>)
    at __webpack_require__.X (/home/jeepney/.openclaw/workspace-dev/dsc-fms-portal/.next/server/webpack-runtime.js:162:22)
    at /home/jeepney/.openclaw/workspace-dev/dsc-fms-portal/.next/server/app/page.js:1:2547
    at Object.<anonymous> (/home/jeepney/.openclaw/workspace-dev/dsc-fms-portal/.next/server/app/page.js:1:2610)
    at Module._compile (node:internal/modules/cjs/loader:1521:14)
    at Module._extensions..js (node:internal/modules/cjs/loader:1623:10)
    at Module.load (node:internal/modules/cjs/loader:1266:32)
    at Module._load (node:internal/modules/cjs/loader:1091:12)
    at Module.require (node:internal/modules/cjs/loader:1289:19)
    at mod.require (/home/jeepney/.openclaw/workspace-dev/dsc-fms-portal/node_modules/next/dist/server/require-hook.js:64:28)
    at require (node:internal/modules/helpers:182:18)
    at requirePage (/home/jeepney/.openclaw/workspace-dev/dsc-fms-portal/node_modules/next/dist/server/require.js:109:84)
    at /home/jeepney/.openclaw/workspace-dev/dsc-fms-portal/node_modules/next/dist/server/load-components.js:59:84
    at async loadComponentsImpl (/home/jeepney/.openclaw/workspace-dev/dsc-fms-portal/node_modules/next/dist/server/load-components.js:59:26)
    at async DevServer.findPageComponentsImpl (/home/jeepney/.openclaw/workspace-dev/dsc-fms-portal/node_modules/next/dist/server/next-server.js:666:36) {
  code: 'MODULE_NOT_FOUND',
  requireStack: [
    '/home/jeepney/.openclaw/workspace-dev/dsc-fms-portal/.next/server/webpack-runtime.js',
    '/home/jeepney/.openclaw/workspace-dev/dsc-fms-portal/.next/server/pages/_document.js',
    '/home/jeepney/.openclaw/workspace-dev/dsc-fms-portal/node_modules/next/dist/server/require.js',
    '/home/jeepney/.openclaw/workspace-dev/dsc-fms-portal/node_modules/next/dist/server/load-components.js',
    '/home/jeepney/.openclaw/workspace-dev/dsc-fms-portal/node_modules/next/dist/build/utils.js',
    '/home/jeepney/.openclaw/workspace-dev/dsc-fms-portal/node_modules/next/dist/server/dev/hot-middleware.js',
    '/home/jeepney/.openclaw/workspace-dev/dsc-fms-portal/node_modules/next/dist/server/dev/hot-reloader-webpack.js',
    '/home/jeepney/.openclaw/workspace-dev/dsc-fms-portal/node_modules/next/dist/server/lib/router-utils/setup-dev-bundler.js',
    '/home/jeepney/.openclaw/workspace-dev/dsc-fms-portal/node_modules/next/dist/server/lib/router-server.js',
    '/home/jeepney/.openclaw/workspace-dev/dsc-fms-portal/node_modules/next/dist/server/lib/start-server.js'
  ],
  page: '/'
}
 ⨯ Error: Cannot find module './4611.js'
Require stack:
- /home/jeepney/.openclaw/workspace-dev/dsc-fms-portal/.next/server/webpack-runtime.js
- /home/jeepney/.openclaw/workspace-dev/dsc-fms-portal/.next/server/pages/_document.js
- /home/jeepney/.openclaw/workspace-dev/dsc-fms-portal/node_modules/next/dist/server/require.js
- /home/jeepney/.openclaw/workspace-dev/dsc-fms-portal/node_modules/next/dist/server/load-components.js
- /home/jeepney/.openclaw/workspace-dev/dsc-fms-portal/node_modules/next/dist/build/utils.js
- /home/jeepney/.openclaw/workspace-dev/dsc-fms-portal/node_modules/next/dist/server/dev/hot-middleware.js
- /home/jeepney/.openclaw/workspace-dev/dsc-fms-portal/node_modules/next/dist/server/dev/hot-reloader-webpack.js
- /home/jeepney/.openclaw/workspace-dev/dsc-fms-portal/node_modules/next/dist/server/lib/router-utils/setup-dev-bundler.js
- /home/jeepney/.openclaw/workspace-dev/dsc-fms-portal/node_modules/next/dist/server/lib/router-server.js
- /home/jeepney/.openclaw/workspace-dev/dsc-fms-portal/node_modules/next/dist/server/lib/start-server.js
    at Module._resolveFilename (node:internal/modules/cjs/loader:1207:15)
    at /home/jeepney/.openclaw/workspace-dev/dsc-fms-portal/node_modules/next/dist/server/require-hook.js:54:36
    at Module._load (node:internal/modules/cjs/loader:1038:27)
    at Module.require (node:internal/modules/cjs/loader:1289:19)
    at mod.require (/home/jeepney/.openclaw/workspace-dev/dsc-fms-portal/node_modules/next/dist/server/require-hook.js:64:28)
    at require (node:internal/modules/helpers:182:18)
    at __webpack_require__.f.require (/home/jeepney/.openclaw/workspace-dev/dsc-fms-portal/.next/server/webpack-runtime.js:198:28)
    at /home/jeepney/.openclaw/workspace-dev/dsc-fms-portal/.next/server/webpack-runtime.js:111:40
    at Array.reduce (<anonymous>)
    at __webpack_require__.e (/home/jeepney/.openclaw/workspace-dev/dsc-fms-portal/.next/server/webpack-runtime.js:110:67)
    at Array.map (<anonymous>)
    at __webpack_require__.X (/home/jeepney/.openclaw/workspace-dev/dsc-fms-portal/.next/server/webpack-runtime.js:162:22)
    at /home/jeepney/.openclaw/workspace-dev/dsc-fms-portal/.next/server/app/page.js:1:2547
    at Object.<anonymous> (/home/jeepney/.openclaw/workspace-dev/dsc-fms-portal/.next/server/app/page.js:1:2610)
    at Module._compile (node:internal/modules/cjs/loader:1521:14)
    at Module._extensions..js (node:internal/modules/cjs/loader:1623:10)
    at Module.load (node:internal/modules/cjs/loader:1266:32)
    at Module._load (node:internal/modules/cjs/loader:1091:12)
    at Module.require (node:internal/modules/cjs/loader:1289:19)
    at mod.require (/home/jeepney/.openclaw/workspace-dev/dsc-fms-portal/node_modules/next/dist/server/require-hook.js:64:28)
    at require (node:internal/modules/helpers:182:18)
    at requirePage (/home/jeepney/.openclaw/workspace-dev/dsc-fms-portal/node_modules/next/dist/server/require.js:109:84)
    at /home/jeepney/.openclaw/workspace-dev/dsc-fms-portal/node_modules/next/dist/server/load-components.js:59:84
    at async loadComponentsImpl (/home/jeepney/.openclaw/workspace-dev/dsc-fms-portal/node_modules/next/dist/server/load-components.js:59:26)
    at async DevServer.findPageComponentsImpl (/home/jeepney/.openclaw/workspace-dev/dsc-fms-portal/node_modules/next/dist/server/next-server.js:666:36) {
  code: 'MODULE_NOT_FOUND',
  requireStack: [
    '/home/jeepney/.openclaw/workspace-dev/dsc-fms-portal/.next/server/webpack-runtime.js',
    '/home/jeepney/.openclaw/workspace-dev/dsc-fms-portal/.next/server/pages/_document.js',
    '/home/jeepney/.openclaw/workspace-dev/dsc-fms-portal/node_modules/next/dist/server/require.js',
    '/home/jeepney/.openclaw/workspace-dev/dsc-fms-portal/node_modules/next/dist/server/load-components.js',
    '/home/jeepney/.openclaw/workspace-dev/dsc-fms-portal/node_modules/next/dist/build/utils.js',
    '/home/jeepney/.openclaw/workspace-dev/dsc-fms-portal/node_modules/next/dist/server/dev/hot-middleware.js',
    '/home/jeepney/.openclaw/workspace-dev/dsc-fms-portal/node_modules/next/dist/server/dev/hot-reloader-webpack.js',
    '/home/jeepney/.openclaw/workspace-dev/dsc-fms-portal/node_modules/next/dist/server/lib/router-utils/setup-dev-bundler.js',
    '/home/jeepney/.openclaw/workspace-dev/dsc-fms-portal/node_modules/next/dist/server/lib/router-server.js',
    '/home/jeepney/.openclaw/workspace-dev/dsc-fms-portal/node_modules/next/dist/server/lib/start-server.js'
  ],
  page: '/'
}
 ⨯ Error: Cannot find module './4611.js'
Require stack:
- /home/jeepney/.openclaw/workspace-dev/dsc-fms-portal/.next/server/webpack-runtime.js
- /home/jeepney/.openclaw/workspace-dev/dsc-fms-portal/.next/server/pages/_document.js
- /home/jeepney/.openclaw/workspace-dev/dsc-fms-portal/node_modules/next/dist/server/require.js
- /home/jeepney/.openclaw/workspace-dev/dsc-fms-portal/node_modules/next/dist/server/load-components.js
- /home/jeepney/.openclaw/workspace-dev/dsc-fms-portal/node_modules/next/dist/build/utils.js
- /home/jeepney/.openclaw/workspace-dev/dsc-fms-portal/node_modules/next/dist/server/dev/hot-middleware.js
- /home/jeepney/.openclaw/workspace-dev/dsc-fms-portal/node_modules/next/dist/server/dev/hot-reloader-webpack.js
- /home/jeepney/.openclaw/workspace-dev/dsc-fms-portal/node_modules/next/dist/server/lib/router-utils/setup-dev-bundler.js
- /home/jeepney/.openclaw/workspace-dev/dsc-fms-portal/node_modules/next/dist/server/lib/router-server.js
- /home/jeepney/.openclaw/workspace-dev/dsc-fms-portal/node_modules/next/dist/server/lib/start-server.js
    at Module._resolveFilename (node:internal/modules/cjs/loader:1207:15)
    at /home/jeepney/.openclaw/workspace-dev/dsc-fms-portal/node_modules/next/dist/server/require-hook.js:54:36
    at Module._load (node:internal/modules/cjs/loader:1038:27)
    at Module.require (node:internal/modules/cjs/loader:1289:19)
    at mod.require (/home/jeepney/.openclaw/workspace-dev/dsc-fms-portal/node_modules/next/dist/server/require-hook.js:64:28)
    at require (node:internal/modules/helpers:182:18)
    at __webpack_require__.f.require (/home/jeepney/.openclaw/workspace-dev/dsc-fms-portal/.next/server/webpack-runtime.js:198:28)
    at /home/jeepney/.openclaw/workspace-dev/dsc-fms-portal/.next/server/webpack-runtime.js:111:40
    at Array.reduce (<anonymous>)
    at __webpack_require__.e (/home/jeepney/.openclaw/workspace-dev/dsc-fms-portal/.next/server/webpack-runtime.js:110:67)
    at Array.map (<anonymous>)
    at __webpack_require__.X (/home/jeepney/.openclaw/workspace-dev/dsc-fms-portal/.next/server/webpack-runtime.js:162:22)
    at /home/jeepney/.openclaw/workspace-dev/dsc-fms-portal/.next/server/app/page.js:1:2547
    at Object.<anonymous> (/home/jeepney/.openclaw/workspace-dev/dsc-fms-portal/.next/server/app/page.js:1:2610)
    at Module._compile (node:internal/modules/cjs/loader:1521:14)
    at Module._extensions..js (node:internal/modules/cjs/loader:1623:10)
    at Module.load (node:internal/modules/cjs/loader:1266:32)
    at Module._load (node:internal/modules/cjs/loader:1091:12)
    at Module.require (node:internal/modules/cjs/loader:1289:19)
    at mod.require (/home/jeepney/.openclaw/workspace-dev/dsc-fms-portal/node_modules/next/dist/server/require-hook.js:64:28)
    at require (node:internal/modules/helpers:182:18)
    at requirePage (/home/jeepney/.openclaw/workspace-dev/dsc-fms-portal/node_modules/next/dist/server/require.js:109:84)
    at /home/jeepney/.openclaw/workspace-dev/dsc-fms-portal/node_modules/next/dist/server/load-components.js:59:84
    at async loadComponentsImpl (/home/jeepney/.openclaw/workspace-dev/dsc-fms-portal/node_modules/next/dist/server/load-components.js:59:26)
    at async DevServer.findPageComponentsImpl (/home/jeepney/.openclaw/workspace-dev/dsc-fms-portal/node_modules/next/dist/server/next-server.js:666:36) {
  code: 'MODULE_NOT_FOUND',
  requireStack: [
    '/home/jeepney/.openclaw/workspace-dev/dsc-fms-portal/.next/server/webpack-runtime.js',
    '/home/jeepney/.openclaw/workspace-dev/dsc-fms-portal/.next/server/pages/_document.js',
    '/home/jeepney/.openclaw/workspace-dev/dsc-fms-portal/node_modules/next/dist/server/require.js',
    '/home/jeepney/.openclaw/workspace-dev/dsc-fms-portal/node_modules/next/dist/server/load-components.js',
    '/home/jeepney/.openclaw/workspace-dev/dsc-fms-portal/node_modules/next/dist/build/utils.js',
    '/home/jeepney/.openclaw/workspace-dev/dsc-fms-portal/node_modules/next/dist/server/dev/hot-middleware.js',
    '/home/jeepney/.openclaw/workspace-dev/dsc-fms-portal/node_modules/next/dist/server/dev/hot-reloader-webpack.js',
    '/home/jeepney/.openclaw/workspace-dev/dsc-fms-portal/node_modules/next/dist/server/lib/router-utils/setup-dev-bundler.js',
    '/home/jeepney/.openclaw/workspace-dev/dsc-fms-portal/node_modules/next/dist/server/lib/router-server.js',
    '/home/jeepney/.openclaw/workspace-dev/dsc-fms-portal/node_modules/next/dist/server/lib/start-server.js'
  ],
  page: '/'
}
 ⨯ Error: Cannot find module './4611.js'
Require stack:
- /home/jeepney/.openclaw/workspace-dev/dsc-fms-portal/.next/server/webpack-runtime.js
- /home/jeepney/.openclaw/workspace-dev/dsc-fms-portal/.next/server/pages/_document.js
- /home/jeepney/.openclaw/workspace-dev/dsc-fms-portal/node_modules/next/dist/server/require.js
- /home/jeepney/.openclaw/workspace-dev/dsc-fms-portal/node_modules/next/dist/server/load-components.js
- /home/jeepney/.openclaw/workspace-dev/dsc-fms-portal/node_modules/next/dist/build/utils.js
- /home/jeepney/.openclaw/workspace-dev/dsc-fms-portal/node_modules/next/dist/server/dev/hot-middleware.js
- /home/jeepney/.openclaw/workspace-dev/dsc-fms-portal/node_modules/next/dist/server/dev/hot-reloader-webpack.js
- /home/jeepney/.openclaw/workspace-dev/dsc-fms-portal/node_modules/next/dist/server/lib/router-utils/setup-dev-bundler.js
- /home/jeepney/.openclaw/workspace-dev/dsc-fms-portal/node_modules/next/dist/server/lib/router-server.js
- /home/jeepney/.openclaw/workspace-dev/dsc-fms-portal/node_modules/next/dist/server/lib/start-server.js
    at Module._resolveFilename (node:internal/modules/cjs/loader:1207:15)
    at /home/jeepney/.openclaw/workspace-dev/dsc-fms-portal/node_modules/next/dist/server/require-hook.js:54:36
    at Module._load (node:internal/modules/cjs/loader:1038:27)
    at Module.require (node:internal/modules/cjs/loader:1289:19)
    at mod.require (/home/jeepney/.openclaw/workspace-dev/dsc-fms-portal/node_modules/next/dist/server/require-hook.js:64:28)
    at require (node:internal/modules/helpers:182:18)
    at __webpack_require__.f.require (/home/jeepney/.openclaw/workspace-dev/dsc-fms-portal/.next/server/webpack-runtime.js:198:28)
    at /home/jeepney/.openclaw/workspace-dev/dsc-fms-portal/.next/server/webpack-runtime.js:111:40
    at Array.reduce (<anonymous>)
    at __webpack_require__.e (/home/jeepney/.openclaw/workspace-dev/dsc-fms-portal/.next/server/webpack-runtime.js:110:67)
    at Array.map (<anonymous>)
    at __webpack_require__.X (/home/jeepney/.openclaw/workspace-dev/dsc-fms-portal/.next/server/webpack-runtime.js:162:22)
    at /home/jeepney/.openclaw/workspace-dev/dsc-fms-portal/.next/server/app/page.js:1:2547
    at Object.<anonymous> (/home/jeepney/.openclaw/workspace-dev/dsc-fms-portal/.next/server/app/page.js:1:2610)
    at Module._compile (node:internal/modules/cjs/loader:1521:14)
    at Module._extensions..js (node:internal/modules/cjs/loader:1623:10)
    at Module.load (node:internal/modules/cjs/loader:1266:32)
    at Module._load (node:internal/modules/cjs/loader:1091:12)
    at Module.require (node:internal/modules/cjs/loader:1289:19)
    at mod.require (/home/jeepney/.openclaw/workspace-dev/dsc-fms-portal/node_modules/next/dist/server/require-hook.js:64:28)
    at require (node:internal/modules/helpers:182:18)
    at requirePage (/home/jeepney/.openclaw/workspace-dev/dsc-fms-portal/node_modules/next/dist/server/require.js:109:84)
    at /home/jeepney/.openclaw/workspace-dev/dsc-fms-portal/node_modules/next/dist/server/load-components.js:59:84
    at async loadComponentsImpl (/home/jeepney/.openclaw/workspace-dev/dsc-fms-portal/node_modules/next/dist/server/load-components.js:59:26)
    at async DevServer.findPageComponentsImpl (/home/jeepney/.openclaw/workspace-dev/dsc-fms-portal/node_modules/next/dist/server/next-server.js:666:36) {
  code: 'MODULE_NOT_FOUND',
  requireStack: [
    '/home/jeepney/.openclaw/workspace-dev/dsc-fms-portal/.next/server/webpack-runtime.js',
    '/home/jeepney/.openclaw/workspace-dev/dsc-fms-portal/.next/server/pages/_document.js',
    '/home/jeepney/.openclaw/workspace-dev/dsc-fms-portal/node_modules/next/dist/server/require.js',
    '/home/jeepney/.openclaw/workspace-dev/dsc-fms-portal/node_modules/next/dist/server/load-components.js',
    '/home/jeepney/.openclaw/workspace-dev/dsc-fms-portal/node_modules/next/dist/build/utils.js',
    '/home/jeepney/.openclaw/workspace-dev/dsc-fms-portal/node_modules/next/dist/server/dev/hot-middleware.js',
    '/home/jeepney/.openclaw/workspace-dev/dsc-fms-portal/node_modules/next/dist/server/dev/hot-reloader-webpack.js',
    '/home/jeepney/.openclaw/workspace-dev/dsc-fms-portal/node_modules/next/dist/server/lib/router-utils/setup-dev-bundler.js',
    '/home/jeepney/.openclaw/workspace-dev/dsc-fms-portal/node_modules/next/dist/server/lib/router-server.js',
    '/home/jeepney/.openclaw/workspace-dev/dsc-fms-portal/node_modules/next/dist/server/lib/start-server.js'
  ],
  page: '/'
}
 ⨯ Error: Cannot find module './4611.js'
Require stack:
- /home/jeepney/.openclaw/workspace-dev/dsc-fms-portal/.next/server/webpack-runtime.js
- /home/jeepney/.openclaw/workspace-dev/dsc-fms-portal/.next/server/pages/_document.js
- /home/jeepney/.openclaw/workspace-dev/dsc-fms-portal/node_modules/next/dist/server/require.js
- /home/jeepney/.openclaw/workspace-dev/dsc-fms-portal/node_modules/next/dist/server/load-components.js
- /home/jeepney/.openclaw/workspace-dev/dsc-fms-portal/node_modules/next/dist/build/utils.js
- /home/jeepney/.openclaw/workspace-dev/dsc-fms-portal/node_modules/next/dist/server/dev/hot-middleware.js
- /home/jeepney/.openclaw/workspace-dev/dsc-fms-portal/node_modules/next/dist/server/dev/hot-reloader-webpack.js
- /home/jeepney/.openclaw/workspace-dev/dsc-fms-portal/node_modules/next/dist/server/lib/router-utils/setup-dev-bundler.js
- /home/jeepney/.openclaw/workspace-dev/dsc-fms-portal/node_modules/next/dist/server/lib/router-server.js
- /home/jeepney/.openclaw/workspace-dev/dsc-fms-portal/node_modules/next/dist/server/lib/start-server.js
    at Module._resolveFilename (node:internal/modules/cjs/loader:1207:15)
    at /home/jeepney/.openclaw/workspace-dev/dsc-fms-portal/node_modules/next/dist/server/require-hook.js:54:36
    at Module._load (node:internal/modules/cjs/loader:1038:27)
    at Module.require (node:internal/modules/cjs/loader:1289:19)
    at mod.require (/home/jeepney/.openclaw/workspace-dev/dsc-fms-portal/node_modules/next/dist/server/require-hook.js:64:28)
    at require (node:internal/modules/helpers:182:18)
    at __webpack_require__.f.require (/home/jeepney/.openclaw/workspace-dev/dsc-fms-portal/.next/server/webpack-runtime.js:198:28)
    at /home/jeepney/.openclaw/workspace-dev/dsc-fms-portal/.next/server/webpack-runtime.js:111:40
    at Array.reduce (<anonymous>)
    at __webpack_require__.e (/home/jeepney/.openclaw/workspace-dev/dsc-fms-portal/.next/server/webpack-runtime.js:110:67)
    at Array.map (<anonymous>)
    at __webpack_require__.X (/home/jeepney/.openclaw/workspace-dev/dsc-fms-portal/.next/server/webpack-runtime.js:162:22)
    at /home/jeepney/.openclaw/workspace-dev/dsc-fms-portal/.next/server/app/assets/page.js:1:12719
    at Object.<anonymous> (/home/jeepney/.openclaw/workspace-dev/dsc-fms-portal/.next/server/app/assets/page.js:1:12787)
    at Module._compile (node:internal/modules/cjs/loader:1521:14)
    at Module._extensions..js (node:internal/modules/cjs/loader:1623:10)
    at Module.load (node:internal/modules/cjs/loader:1266:32)
    at Module._load (node:internal/modules/cjs/loader:1091:12)
    at Module.require (node:internal/modules/cjs/loader:1289:19)
    at mod.require (/home/jeepney/.openclaw/workspace-dev/dsc-fms-portal/node_modules/next/dist/server/require-hook.js:64:28)
    at require (node:internal/modules/helpers:182:18)
    at requirePage (/home/jeepney/.openclaw/workspace-dev/dsc-fms-portal/node_modules/next/dist/server/require.js:109:84)
    at /home/jeepney/.openclaw/workspace-dev/dsc-fms-portal/node_modules/next/dist/server/load-components.js:59:84
    at async loadComponentsImpl (/home/jeepney/.openclaw/workspace-dev/dsc-fms-portal/node_modules/next/dist/server/load-components.js:59:26)
    at async DevServer.findPageComponentsImpl (/home/jeepney/.openclaw/workspace-dev/dsc-fms-portal/node_modules/next/dist/server/next-server.js:666:36) {
  code: 'MODULE_NOT_FOUND',
  requireStack: [
    '/home/jeepney/.openclaw/workspace-dev/dsc-fms-portal/.next/server/webpack-runtime.js',
    '/home/jeepney/.openclaw/workspace-dev/dsc-fms-portal/.next/server/pages/_document.js',
    '/home/jeepney/.openclaw/workspace-dev/dsc-fms-portal/node_modules/next/dist/server/require.js',
    '/home/jeepney/.openclaw/workspace-dev/dsc-fms-portal/node_modules/next/dist/server/load-components.js',
    '/home/jeepney/.openclaw/workspace-dev/dsc-fms-portal/node_modules/next/dist/build/utils.js',
    '/home/jeepney/.openclaw/workspace-dev/dsc-fms-portal/node_modules/next/dist/server/dev/hot-middleware.js',
    '/home/jeepney/.openclaw/workspace-dev/dsc-fms-portal/node_modules/next/dist/server/dev/hot-reloader-webpack.js',
    '/home/jeepney/.openclaw/workspace-dev/dsc-fms-portal/node_modules/next/dist/server/lib/router-utils/setup-dev-bundler.js',
    '/home/jeepney/.openclaw/workspace-dev/dsc-fms-portal/node_modules/next/dist/server/lib/router-server.js',
    '/home/jeepney/.openclaw/workspace-dev/dsc-fms-portal/node_modules/next/dist/server/lib/start-server.js'
  ],
  page: '/assets'
}
 ✓ Compiled /not-found in 194ms (582 modules)
 ✓ Compiled /page in 48ms (248 modules)
