[2026-06-06 12:30:01] 🔄 조직도 & 업무현황 스냅샷 생성 시작...
[2026-06-06 12:30:01] ✅ 스냅샷 완료: /home/jeepney/.openclaw/workspace-dev/ORGANIZATION_STATUS_SNAPSHOT_2026_06_06_1230.json
[2026-06-06 12:30:01]   Phase2A:  | Phase2B:  | Phase2C: 
[2026-06-06 12:30:01]   Disk: 3% | Memory: 15.8% | Load: 0.12, 0.73, 0.83
[2026-06-06 13:00:01] 🔄 조직도 & 업무현황 스냅샷 생성 시작...
[2026-06-06 13:00:01] ✅ 스냅샷 완료: /home/jeepney/.openclaw/workspace-dev/ORGANIZATION_STATUS_SNAPSHOT_2026_06_06_1300.json
[2026-06-06 13:00:01]   Phase2A:  | Phase2B:  | Phase2C: 
[2026-06-06 13:00:01]   Disk: 3% | Memory: 17.2% | Load: 0.90, 0.69, 0.60
[2026-06-06 13:30:01] 🔄 조직도 & 업무현황 스냅샷 생성 시작...
[2026-06-06 13:30:01] ✅ 스냅샷 완료: /home/jeepney/.openclaw/workspace-dev/ORGANIZATION_STATUS_SNAPSHOT_2026_06_06_1330.json
[2026-06-06 13:30:01]   Phase2A:  | Phase2B:  | Phase2C: 
[2026-06-06 13:30:01]   Disk: 3% | Memory: 14.5% | Load: 0.25, 0.13, 0.16
[2026-06-06 18:00:01] 🔄 조직도 & 업무현황 스냅샷 생성 시작...
[2026-06-06 18:00:01] ✅ 스냅샷 완료: /home/jeepney/.openclaw/workspace-dev/ORGANIZATION_STATUS_SNAPSHOT_2026_06_06_1800.json
[2026-06-06 18:00:01]   Phase2A:  | Phase2B:  | Phase2C: 
[2026-06-06 18:00:01]   Disk: 3% | Memory: 17.7% | Load: 0.53, 0.79, 0.39
[2026-06-06 18:30:01] 🔄 조직도 & 업무현황 스냅샷 생성 시작...
[2026-06-06 18:30:01] ✅ 스냅샷 완료: /home/jeepney/.openclaw/workspace-dev/ORGANIZATION_STATUS_SNAPSHOT_2026_06_06_1830.json
[2026-06-06 18:30:01]   Phase2A:  | Phase2B:  | Phase2C: 
[2026-06-06 18:30:01]   Disk: 3% | Memory: 24.8% | Load: 0.86, 0.75, 0.44
[2026-06-06 19:00:01] 🔄 조직도 & 업무현황 스냅샷 생성 시작...
[2026-06-06 19:00:01] ✅ 스냅샷 완료: /home/jeepney/.openclaw/workspace-dev/ORGANIZATION_STATUS_SNAPSHOT_2026_06_06_1900.json
[2026-06-06 19:00:01]   Phase2A:  | Phase2B:  | Phase2C: 
[2026-06-06 19:00:01]   Disk: 3% | Memory: 23.7% | Load: 0.17, 0.24, 0.31
[2026-06-06 19:30:01] 🔄 조직도 & 업무현황 스냅샷 생성 시작...
[2026-06-06 19:30:01] ✅ 스냅샷 완료: /home/jeepney/.openclaw/workspace-dev/ORGANIZATION_STATUS_SNAPSHOT_2026_06_06_1930.json
[2026-06-06 19:30:01]   Phase2A:  | Phase2B:  | Phase2C: 
[2026-06-06 19:30:01]   Disk: 3% | Memory: 22.5% | Load: 0.14, 0.37, 0.40
[2026-06-06 20:00:01] 🔄 조직도 & 업무현황 스냅샷 생성 시작...
[2026-06-06 20:00:01] ✅ 스냅샷 완료: /home/jeepney/.openclaw/workspace-dev/ORGANIZATION_STATUS_SNAPSHOT_2026_06_06_2000.json
[2026-06-06 20:00:01]   Phase2A:  | Phase2B:  | Phase2C: 
[2026-06-06 20:00:01]   Disk: 3% | Memory: 24.1% | Load: 0.39, 0.48, 0.36
[2026-06-06 20:30:01] 🔄 조직도 & 업무현황 스냅샷 생성 시작...
[2026-06-06 20:30:01] ✅ 스냅샷 완료: /home/jeepney/.openclaw/workspace-dev/ORGANIZATION_STATUS_SNAPSHOT_2026_06_06_2030.json
[2026-06-06 20:30:01]   Phase2A:  | Phase2B:  | Phase2C: 
[2026-06-06 20:30:01]   Disk: 3% | Memory: 23.0% | Load: 0.02, 0.04, 0.09
[2026-06-06 21:00:01] 🔄 조직도 & 업무현황 스냅샷 생성 시작...
[2026-06-06 21:00:01] ✅ 스냅샷 완료: /home/jeepney/.openclaw/workspace-dev/ORGANIZATION_STATUS_SNAPSHOT_2026_06_06_2100.json
[2026-06-06 21:00:01]   Phase2A:  | Phase2B:  | Phase2C: 
[2026-06-06 21:00:01]   Disk: 3% | Memory: 23.6% | Load: 0.02, 0.10, 0.17
[2026-06-06 21:30:02] 🔄 조직도 & 업무현황 스냅샷 생성 시작...
[2026-06-06 21:30:02] ✅ 스냅샷 완료: /home/jeepney/.openclaw/workspace-dev/ORGANIZATION_STATUS_SNAPSHOT_2026_06_06_2130.json
[2026-06-06 21:30:02]   Phase2A:  | Phase2B:  | Phase2C: 
[2026-06-06 21:30:02]   Disk: 3% | Memory: 25.4% | Load: 0.51, 0.72, 0.53
[2026-06-06 22:00:01] 🔄 조직도 & 업무현황 스냅샷 생성 시작...
[2026-06-06 22:00:01] ✅ 스냅샷 완료: /home/jeepney/.openclaw/workspace-dev/ORGANIZATION_STATUS_SNAPSHOT_2026_06_06_2200.json
[2026-06-06 22:00:01]   Phase2A:  | Phase2B:  | Phase2C: 
[2026-06-06 22:00:01]   Disk: 3% | Memory: 18.9% | Load: 0.08, 0.32, 0.36
[2026-06-06 22:30:01] 🔄 조직도 & 업무현황 스냅샷 생성 시작...
[2026-06-06 22:30:01] ✅ 스냅샷 완료: /home/jeepney/.openclaw/workspace-dev/ORGANIZATION_STATUS_SNAPSHOT_2026_06_06_2230.json
[2026-06-06 22:30:01]   Phase2A:  | Phase2B:  | Phase2C: 
[2026-06-06 22:30:01]   Disk: 3% | Memory: 17.4% | Load: 0.05, 0.24, 0.39
[2026-06-06 23:00:01] 🔄 조직도 & 업무현황 스냅샷 생성 시작...
[2026-06-06 23:00:01] ✅ 스냅샷 완료: /home/jeepney/.openclaw/workspace-dev/ORGANIZATION_STATUS_SNAPSHOT_2026_06_06_2300.json
[2026-06-06 23:00:01]   Phase2A:  | Phase2B:  | Phase2C: 
[2026-06-06 23:00:01]   Disk: 3% | Memory: 18.4% | Load: 0.12, 0.20, 0.27
[2026-06-06 23:30:01] 🔄 조직도 & 업무현황 스냅샷 생성 시작...
[2026-06-06 23:30:01] ✅ 스냅샷 완료: /home/jeepney/.openclaw/workspace-dev/ORGANIZATION_STATUS_SNAPSHOT_2026_06_06_2330.json
[2026-06-06 23:30:01]   Phase2A:  | Phase2B:  | Phase2C: 
[2026-06-06 23:30:01]   Disk: 3% | Memory: 17.5% | Load: 1.99, 1.26, 0.69
[2026-06-07 00:00:01] 🔄 조직도 & 업무현황 스냅샷 생성 시작...
[2026-06-07 00:00:01] ✅ 스냅샷 완료: /home/jeepney/.openclaw/workspace-dev/ORGANIZATION_STATUS_SNAPSHOT_2026_06_07_0000.json
[2026-06-07 00:00:01]   Phase2A:  | Phase2B:  | Phase2C: 
[2026-06-07 00:00:01]   Disk: 3% | Memory: 16.1% | Load: 0.59, 0.42, 0.34
[2026-06-07 00:30:01] 🔄 조직도 & 업무현황 스냅샷 생성 시작...
[2026-06-07 00:30:01] ✅ 스냅샷 완료: /home/jeepney/.openclaw/workspace-dev/ORGANIZATION_STATUS_SNAPSHOT_2026_06_07_0030.json
[2026-06-07 00:30:01]   Phase2A:  | Phase2B:  | Phase2C: 
[2026-06-07 00:30:01]   Disk: 3% | Memory: 15.4% | Load: 0.06, 0.05, 0.13
[2026-06-07 01:00:01] 🔄 조직도 & 업무현황 스냅샷 생성 시작...
[2026-06-07 01:00:01] ✅ 스냅샷 완료: /home/jeepney/.openclaw/workspace-dev/ORGANIZATION_STATUS_SNAPSHOT_2026_06_07_0100.json
[2026-06-07 01:00:01]   Phase2A:  | Phase2B:  | Phase2C: 
[2026-06-07 01:00:01]   Disk: 3% | Memory: 16.4% | Load: 0.43, 0.52, 0.37
[2026-06-07 01:30:01] 🔄 조직도 & 업무현황 스냅샷 생성 시작...
[2026-06-07 01:30:02] ✅ 스냅샷 완료: /home/jeepney/.openclaw/workspace-dev/ORGANIZATION_STATUS_SNAPSHOT_2026_06_07_0130.json
[2026-06-07 01:30:02]   Phase2A:  | Phase2B:  | Phase2C: 
[2026-06-07 01:30:02]   Disk: 3% | Memory: 16.7% | Load: 0.37, 0.40, 0.37
[2026-06-07 02:00:01] 🔄 조직도 & 업무현황 스냅샷 생성 시작...
[2026-06-07 02:00:01] ✅ 스냅샷 완료: /home/jeepney/.openclaw/workspace-dev/ORGANIZATION_STATUS_SNAPSHOT_2026_06_07_0200.json
[2026-06-07 02:00:01]   Phase2A:  | Phase2B:  | Phase2C: 
[2026-06-07 02:00:01]   Disk: 3% | Memory: 16.7% | Load: 0.19, 0.42, 0.42
[2026-06-07 02:30:01] 🔄 조직도 & 업무현황 스냅샷 생성 시작...
[2026-06-07 02:30:01] ✅ 스냅샷 완료: /home/jeepney/.openclaw/workspace-dev/ORGANIZATION_STATUS_SNAPSHOT_2026_06_07_0230.json
[2026-06-07 02:30:01]   Phase2A:  | Phase2B:  | Phase2C: 
[2026-06-07 02:30:01]   Disk: 3% | Memory: 17.8% | Load: 0.01, 0.12, 0.22
[2026-06-07 03:00:01] 🔄 조직도 & 업무현황 스냅샷 생성 시작...
[2026-06-07 03:00:01] ✅ 스냅샷 완료: /home/jeepney/.openclaw/workspace-dev/ORGANIZATION_STATUS_SNAPSHOT_2026_06_07_0300.json
[2026-06-07 03:00:01]   Phase2A:  | Phase2B:  | Phase2C: 
[2026-06-07 03:00:01]   Disk: 3% | Memory: 16.6% | Load: 0.18, 0.13, 0.11
[2026-06-07 03:30:01] 🔄 조직도 & 업무현황 스냅샷 생성 시작...
[2026-06-07 03:30:01] ✅ 스냅샷 완료: /home/jeepney/.openclaw/workspace-dev/ORGANIZATION_STATUS_SNAPSHOT_2026_06_07_0330.json
[2026-06-07 03:30:01]   Phase2A:  | Phase2B:  | Phase2C: 
[2026-06-07 03:30:01]   Disk: 3% | Memory: 16.7% | Load: 0.03, 0.09, 0.11
[2026-06-07 04:00:01] 🔄 조직도 & 업무현황 스냅샷 생성 시작...
[2026-06-07 04:00:01] ✅ 스냅샷 완료: /home/jeepney/.openclaw/workspace-dev/ORGANIZATION_STATUS_SNAPSHOT_2026_06_07_0400.json
[2026-06-07 04:00:01]   Phase2A:  | Phase2B:  | Phase2C: 
[2026-06-07 04:00:01]   Disk: 3% | Memory: 16.7% | Load: 0.06, 0.11, 0.14
[2026-06-07 04:30:01] 🔄 조직도 & 업무현황 스냅샷 생성 시작...
[2026-06-07 04:30:01] ✅ 스냅샷 완료: /home/jeepney/.openclaw/workspace-dev/ORGANIZATION_STATUS_SNAPSHOT_2026_06_07_0430.json
[2026-06-07 04:30:01]   Phase2A:  | Phase2B:  | Phase2C: 
[2026-06-07 04:30:01]   Disk: 3% | Memory: 16.6% | Load: 0.06, 0.12, 0.16
[2026-06-07 05:00:01] 🔄 조직도 & 업무현황 스냅샷 생성 시작...
[2026-06-07 05:00:01] ✅ 스냅샷 완료: /home/jeepney/.openclaw/workspace-dev/ORGANIZATION_STATUS_SNAPSHOT_2026_06_07_0500.json
[2026-06-07 05:00:01]   Phase2A:  | Phase2B:  | Phase2C: 
[2026-06-07 05:00:01]   Disk: 3% | Memory: 16.9% | Load: 1.07, 0.81, 0.38
[2026-06-07 05:30:01] 🔄 조직도 & 업무현황 스냅샷 생성 시작...
[2026-06-07 05:30:01] ✅ 스냅샷 완료: /home/jeepney/.openclaw/workspace-dev/ORGANIZATION_STATUS_SNAPSHOT_2026_06_07_0530.json
[2026-06-07 05:30:01]   Phase2A:  | Phase2B:  | Phase2C: 
[2026-06-07 05:30:01]   Disk: 3% | Memory: 16.8% | Load: 0.76, 0.35, 0.24
[2026-06-07 06:00:01] 🔄 조직도 & 업무현황 스냅샷 생성 시작...
[2026-06-07 06:00:01] ✅ 스냅샷 완료: /home/jeepney/.openclaw/workspace-dev/ORGANIZATION_STATUS_SNAPSHOT_2026_06_07_0600.json
[2026-06-07 06:00:01]   Phase2A:  | Phase2B:  | Phase2C: 
[2026-06-07 06:00:01]   Disk: 3% | Memory: 16.4% | Load: 0.03, 0.09, 0.17
[2026-06-07 06:30:01] 🔄 조직도 & 업무현황 스냅샷 생성 시작...
[2026-06-07 06:30:01] ✅ 스냅샷 완료: /home/jeepney/.openclaw/workspace-dev/ORGANIZATION_STATUS_SNAPSHOT_2026_06_07_0630.json
[2026-06-07 06:30:01]   Phase2A:  | Phase2B:  | Phase2C: 
[2026-06-07 06:30:01]   Disk: 3% | Memory: 16.2% | Load: 0.28, 0.41, 0.31
[2026-06-07 07:00:01] 🔄 조직도 & 업무현황 스냅샷 생성 시작...
[2026-06-07 07:00:01] ✅ 스냅샷 완료: /home/jeepney/.openclaw/workspace-dev/ORGANIZATION_STATUS_SNAPSHOT_2026_06_07_0700.json
[2026-06-07 07:00:01]   Phase2A:  | Phase2B:  | Phase2C: 
[2026-06-07 07:00:01]   Disk: 3% | Memory: 15.5% | Load: 0.00, 0.23, 0.35
[2026-06-07 07:30:01] 🔄 조직도 & 업무현황 스냅샷 생성 시작...
[2026-06-07 07:30:01] ✅ 스냅샷 완료: /home/jeepney/.openclaw/workspace-dev/ORGANIZATION_STATUS_SNAPSHOT_2026_06_07_0730.json
[2026-06-07 07:30:01]   Phase2A:  | Phase2B:  | Phase2C: 
[2026-06-07 07:30:01]   Disk: 3% | Memory: 16.2% | Load: 0.03, 0.09, 0.17
[2026-06-07 08:00:01] 🔄 조직도 & 업무현황 스냅샷 생성 시작...
[2026-06-07 08:00:01] ✅ 스냅샷 완료: /home/jeepney/.openclaw/workspace-dev/ORGANIZATION_STATUS_SNAPSHOT_2026_06_07_0800.json
[2026-06-07 08:00:01]   Phase2A:  | Phase2B:  | Phase2C: 
[2026-06-07 08:00:01]   Disk: 3% | Memory: 16.2% | Load: 0.15, 0.14, 0.17
[2026-06-07 08:30:01] 🔄 조직도 & 업무현황 스냅샷 생성 시작...
[2026-06-07 08:30:01] ✅ 스냅샷 완료: /home/jeepney/.openclaw/workspace-dev/ORGANIZATION_STATUS_SNAPSHOT_2026_06_07_0830.json
[2026-06-07 08:30:01]   Phase2A:  | Phase2B:  | Phase2C: 
[2026-06-07 08:30:01]   Disk: 3% | Memory: 15.6% | Load: 0.29, 0.37, 0.33
[2026-06-07 09:00:01] 🔄 조직도 & 업무현황 스냅샷 생성 시작...
[2026-06-07 09:00:01] ✅ 스냅샷 완료: /home/jeepney/.openclaw/workspace-dev/ORGANIZATION_STATUS_SNAPSHOT_2026_06_07_0900.json
[2026-06-07 09:00:01]   Phase2A:  | Phase2B:  | Phase2C: 
[2026-06-07 09:00:01]   Disk: 3% | Memory: 15.9% | Load: 0.60, 0.48, 0.37
[2026-06-07 09:30:01] 🔄 조직도 & 업무현황 스냅샷 생성 시작...
[2026-06-07 09:30:01] ✅ 스냅샷 완료: /home/jeepney/.openclaw/workspace-dev/ORGANIZATION_STATUS_SNAPSHOT_2026_06_07_0930.json
[2026-06-07 09:30:01]   Phase2A:  | Phase2B:  | Phase2C: 
[2026-06-07 09:30:01]   Disk: 3% | Memory: 15.4% | Load: 0.10, 0.27, 0.29
[2026-06-07 10:00:01] 🔄 조직도 & 업무현황 스냅샷 생성 시작...
[2026-06-07 10:00:01] ✅ 스냅샷 완료: /home/jeepney/.openclaw/workspace-dev/ORGANIZATION_STATUS_SNAPSHOT_2026_06_07_1000.json
[2026-06-07 10:00:01]   Phase2A:  | Phase2B:  | Phase2C: 
[2026-06-07 10:00:01]   Disk: 3% | Memory: 14.9% | Load: 0.46, 0.33, 0.34
[2026-06-07 10:30:01] 🔄 조직도 & 업무현황 스냅샷 생성 시작...
[2026-06-07 10:30:01] ✅ 스냅샷 완료: /home/jeepney/.openclaw/workspace-dev/ORGANIZATION_STATUS_SNAPSHOT_2026_06_07_1030.json
[2026-06-07 10:30:01]   Phase2A:  | Phase2B:  | Phase2C: 
[2026-06-07 10:30:01]   Disk: 3% | Memory: 16.5% | Load: 0.17, 0.22, 0.23
[2026-06-07 11:00:01] 🔄 조직도 & 업무현황 스냅샷 생성 시작...
[2026-06-07 11:00:01] ✅ 스냅샷 완료: /home/jeepney/.openclaw/workspace-dev/ORGANIZATION_STATUS_SNAPSHOT_2026_06_07_1100.json
[2026-06-07 11:00:01]   Phase2A:  | Phase2B:  | Phase2C: 
[2026-06-07 11:00:01]   Disk: 3% | Memory: 16.6% | Load: 0.02, 0.11, 0.22
[2026-06-07 11:30:01] 🔄 조직도 & 업무현황 스냅샷 생성 시작...
[2026-06-07 11:30:01] ✅ 스냅샷 완료: /home/jeepney/.openclaw/workspace-dev/ORGANIZATION_STATUS_SNAPSHOT_2026_06_07_1130.json
[2026-06-07 11:30:01]   Phase2A:  | Phase2B:  | Phase2C: 
[2026-06-07 11:30:01]   Disk: 3% | Memory: 15.6% | Load: 0.85, 0.37, 0.35
[2026-06-07 12:00:02] 🔄 조직도 & 업무현황 스냅샷 생성 시작...
[2026-06-07 12:00:02] ✅ 스냅샷 완료: /home/jeepney/.openclaw/workspace-dev/ORGANIZATION_STATUS_SNAPSHOT_2026_06_07_1200.json
[2026-06-07 12:00:02]   Phase2A:  | Phase2B:  | Phase2C: 
[2026-06-07 12:00:02]   Disk: 3% | Memory: 15.3% | Load: 0.09, 0.30, 0.36
[2026-06-07 12:30:01] 🔄 조직도 & 업무현황 스냅샷 생성 시작...
[2026-06-07 12:30:01] ✅ 스냅샷 완료: /home/jeepney/.openclaw/workspace-dev/ORGANIZATION_STATUS_SNAPSHOT_2026_06_07_1230.json
[2026-06-07 12:30:01]   Phase2A:  | Phase2B:  | Phase2C: 
[2026-06-07 12:30:01]   Disk: 3% | Memory: 15.7% | Load: 0.00, 0.08, 0.19
[2026-06-07 13:00:01] 🔄 조직도 & 업무현황 스냅샷 생성 시작...
[2026-06-07 13:00:01] ✅ 스냅샷 완료: /home/jeepney/.openclaw/workspace-dev/ORGANIZATION_STATUS_SNAPSHOT_2026_06_07_1300.json
[2026-06-07 13:00:01]   Phase2A:  | Phase2B:  | Phase2C: 
[2026-06-07 13:00:01]   Disk: 3% | Memory: 15.5% | Load: 0.02, 0.32, 0.35
[2026-06-07 13:30:01] 🔄 조직도 & 업무현황 스냅샷 생성 시작...
[2026-06-07 13:30:01] ✅ 스냅샷 완료: /home/jeepney/.openclaw/workspace-dev/ORGANIZATION_STATUS_SNAPSHOT_2026_06_07_1330.json
[2026-06-07 13:30:01]   Phase2A:  | Phase2B:  | Phase2C: 
[2026-06-07 13:30:01]   Disk: 3% | Memory: 15.5% | Load: 0.05, 0.22, 0.21
[2026-06-07 14:00:01] 🔄 조직도 & 업무현황 스냅샷 생성 시작...
[2026-06-07 14:00:01] ✅ 스냅샷 완료: /home/jeepney/.openclaw/workspace-dev/ORGANIZATION_STATUS_SNAPSHOT_2026_06_07_1400.json
[2026-06-07 14:00:01]   Phase2A:  | Phase2B:  | Phase2C: 
[2026-06-07 14:00:01]   Disk: 3% | Memory: 17.5% | Load: 0.23, 0.40, 0.45
[2026-06-07 14:30:01] 🔄 조직도 & 업무현황 스냅샷 생성 시작...
[2026-06-07 14:30:01] ✅ 스냅샷 완료: /home/jeepney/.openclaw/workspace-dev/ORGANIZATION_STATUS_SNAPSHOT_2026_06_07_1430.json
[2026-06-07 14:30:01]   Phase2A:  | Phase2B:  | Phase2C: 
[2026-06-07 14:30:01]   Disk: 3% | Memory: 16.3% | Load: 0.16, 0.18, 0.33
[2026-06-07 15:00:01] 🔄 조직도 & 업무현황 스냅샷 생성 시작...
[2026-06-07 15:00:01] ✅ 스냅샷 완료: /home/jeepney/.openclaw/workspace-dev/ORGANIZATION_STATUS_SNAPSHOT_2026_06_07_1500.json
[2026-06-07 15:00:01]   Phase2A:  | Phase2B:  | Phase2C: 
[2026-06-07 15:00:01]   Disk: 3% | Memory: 17.3% | Load: 0.02, 0.11, 0.16
[2026-06-07 15:30:01] 🔄 조직도 & 업무현황 스냅샷 생성 시작...
[2026-06-07 15:30:01] ✅ 스냅샷 완료: /home/jeepney/.openclaw/workspace-dev/ORGANIZATION_STATUS_SNAPSHOT_2026_06_07_1530.json
[2026-06-07 15:30:01]   Phase2A:  | Phase2B:  | Phase2C: 
[2026-06-07 15:30:01]   Disk: 3% | Memory: 17.4% | Load: 0.24, 0.18, 0.19
[2026-06-07 16:00:01] 🔄 조직도 & 업무현황 스냅샷 생성 시작...
[2026-06-07 16:00:01] ✅ 스냅샷 완료: /home/jeepney/.openclaw/workspace-dev/ORGANIZATION_STATUS_SNAPSHOT_2026_06_07_1600.json
[2026-06-07 16:00:01]   Phase2A:  | Phase2B:  | Phase2C: 
[2026-06-07 16:00:01]   Disk: 3% | Memory: 16.2% | Load: 0.01, 0.11, 0.20
[2026-06-07 16:30:01] 🔄 조직도 & 업무현황 스냅샷 생성 시작...
[2026-06-07 16:30:01] ✅ 스냅샷 완료: /home/jeepney/.openclaw/workspace-dev/ORGANIZATION_STATUS_SNAPSHOT_2026_06_07_1630.json
[2026-06-07 16:30:01]   Phase2A:  | Phase2B:  | Phase2C: 
[2026-06-07 16:30:01]   Disk: 3% | Memory: 15.6% | Load: 0.03, 0.13, 0.26
[2026-06-07 17:00:01] 🔄 조직도 & 업무현황 스냅샷 생성 시작...
[2026-06-07 17:00:01] ✅ 스냅샷 완료: /home/jeepney/.openclaw/workspace-dev/ORGANIZATION_STATUS_SNAPSHOT_2026_06_07_1700.json
[2026-06-07 17:00:01]   Phase2A:  | Phase2B:  | Phase2C: 
[2026-06-07 17:00:01]   Disk: 3% | Memory: 14.5% | Load: 0.42, 0.70, 0.45
[2026-06-07 17:30:01] 🔄 조직도 & 업무현황 스냅샷 생성 시작...
[2026-06-07 17:30:01] ✅ 스냅샷 완료: /home/jeepney/.openclaw/workspace-dev/ORGANIZATION_STATUS_SNAPSHOT_2026_06_07_1730.json
[2026-06-07 17:30:01]   Phase2A:  | Phase2B:  | Phase2C: 
[2026-06-07 17:30:01]   Disk: 3% | Memory: 14.9% | Load: 0.12, 0.20, 0.34
[2026-06-07 18:00:01] 🔄 조직도 & 업무현황 스냅샷 생성 시작...
[2026-06-07 18:00:01] ✅ 스냅샷 완료: /home/jeepney/.openclaw/workspace-dev/ORGANIZATION_STATUS_SNAPSHOT_2026_06_07_1800.json
[2026-06-07 18:00:01]   Phase2A:  | Phase2B:  | Phase2C: 
[2026-06-07 18:00:01]   Disk: 3% | Memory: 14.8% | Load: 0.10, 0.20, 0.24
[2026-06-07 18:30:01] 🔄 조직도 & 업무현황 스냅샷 생성 시작...
[2026-06-07 18:30:01] ✅ 스냅샷 완료: /home/jeepney/.openclaw/workspace-dev/ORGANIZATION_STATUS_SNAPSHOT_2026_06_07_1830.json
[2026-06-07 18:30:01]   Phase2A:  | Phase2B:  | Phase2C: 
[2026-06-07 18:30:01]   Disk: 3% | Memory: 15.9% | Load: 0.16, 0.17, 0.21
[2026-06-07 19:00:01] 🔄 조직도 & 업무현황 스냅샷 생성 시작...
[2026-06-07 19:00:01] ✅ 스냅샷 완료: /home/jeepney/.openclaw/workspace-dev/ORGANIZATION_STATUS_SNAPSHOT_2026_06_07_1900.json
[2026-06-07 19:00:01]   Phase2A:  | Phase2B:  | Phase2C: 
[2026-06-07 19:00:01]   Disk: 3% | Memory: 16.0% | Load: 0.04, 0.10, 0.12
[2026-06-07 19:30:01] 🔄 조직도 & 업무현황 스냅샷 생성 시작...
[2026-06-07 19:30:01] ✅ 스냅샷 완료: /home/jeepney/.openclaw/workspace-dev/ORGANIZATION_STATUS_SNAPSHOT_2026_06_07_1930.json
[2026-06-07 19:30:01]   Phase2A:  | Phase2B:  | Phase2C: 
[2026-06-07 19:30:01]   Disk: 3% | Memory: 16.0% | Load: 0.01, 0.08, 0.20
[2026-06-07 20:00:01] 🔄 조직도 & 업무현황 스냅샷 생성 시작...
[2026-06-07 20:00:01] ✅ 스냅샷 완료: /home/jeepney/.openclaw/workspace-dev/ORGANIZATION_STATUS_SNAPSHOT_2026_06_07_2000.json
[2026-06-07 20:00:01]   Phase2A:  | Phase2B:  | Phase2C: 
[2026-06-07 20:00:01]   Disk: 3% | Memory: 14.9% | Load: 0.10, 0.11, 0.09
[2026-06-07 20:30:01] 🔄 조직도 & 업무현황 스냅샷 생성 시작...
[2026-06-07 20:30:01] ✅ 스냅샷 완료: /home/jeepney/.openclaw/workspace-dev/ORGANIZATION_STATUS_SNAPSHOT_2026_06_07_2030.json
[2026-06-07 20:30:01]   Phase2A:  | Phase2B:  | Phase2C: 
[2026-06-07 20:30:01]   Disk: 3% | Memory: 16.1% | Load: 0.26, 0.35, 0.41
[2026-06-07 21:00:01] 🔄 조직도 & 업무현황 스냅샷 생성 시작...
[2026-06-07 21:00:01] ✅ 스냅샷 완료: /home/jeepney/.openclaw/workspace-dev/ORGANIZATION_STATUS_SNAPSHOT_2026_06_07_2100.json
[2026-06-07 21:00:01]   Phase2A:  | Phase2B:  | Phase2C: 
[2026-06-07 21:00:01]   Disk: 3% | Memory: 14.7% | Load: 0.05, 0.19, 0.41
[2026-06-07 21:30:01] 🔄 조직도 & 업무현황 스냅샷 생성 시작...
[2026-06-07 21:30:01] ✅ 스냅샷 완료: /home/jeepney/.openclaw/workspace-dev/ORGANIZATION_STATUS_SNAPSHOT_2026_06_07_2130.json
[2026-06-07 21:30:01]   Phase2A:  | Phase2B:  | Phase2C: 
[2026-06-07 21:30:01]   Disk: 3% | Memory: 16.1% | Load: 0.10, 0.13, 0.23
[2026-06-07 22:00:01] 🔄 조직도 & 업무현황 스냅샷 생성 시작...
[2026-06-07 22:00:01] ✅ 스냅샷 완료: /home/jeepney/.openclaw/workspace-dev/ORGANIZATION_STATUS_SNAPSHOT_2026_06_07_2200.json
[2026-06-07 22:00:01]   Phase2A:  | Phase2B:  | Phase2C: 
[2026-06-07 22:00:01]   Disk: 3% | Memory: 16.9% | Load: 0.08, 0.16, 0.32
[2026-06-07 22:30:01] 🔄 조직도 & 업무현황 스냅샷 생성 시작...
[2026-06-07 22:30:01] ✅ 스냅샷 완료: /home/jeepney/.openclaw/workspace-dev/ORGANIZATION_STATUS_SNAPSHOT_2026_06_07_2230.json
[2026-06-07 22:30:01]   Phase2A:  | Phase2B:  | Phase2C: 
[2026-06-07 22:30:01]   Disk: 3% | Memory: 23.1% | Load: 3.50, 2.30, 1.68
[2026-06-07 23:00:01] 🔄 조직도 & 업무현황 스냅샷 생성 시작...
[2026-06-07 23:00:01] ✅ 스냅샷 완료: /home/jeepney/.openclaw/workspace-dev/ORGANIZATION_STATUS_SNAPSHOT_2026_06_07_2300.json
[2026-06-07 23:00:01]   Phase2A:  | Phase2B:  | Phase2C: 
[2026-06-07 23:00:01]   Disk: 3% | Memory: 15.3% | Load: 0.03, 0.44, 0.96
[2026-06-07 23:30:01] 🔄 조직도 & 업무현황 스냅샷 생성 시작...
[2026-06-07 23:30:01] ✅ 스냅샷 완료: /home/jeepney/.openclaw/workspace-dev/ORGANIZATION_STATUS_SNAPSHOT_2026_06_07_2330.json
[2026-06-07 23:30:01]   Phase2A:  | Phase2B:  | Phase2C: 
[2026-06-07 23:30:01]   Disk: 3% | Memory: 16.3% | Load: 0.08, 0.21, 0.58
[2026-06-08 00:00:01] 🔄 조직도 & 업무현황 스냅샷 생성 시작...
[2026-06-08 00:00:01] ✅ 스냅샷 완료: /home/jeepney/.openclaw/workspace-dev/ORGANIZATION_STATUS_SNAPSHOT_2026_06_08_0000.json
[2026-06-08 00:00:01]   Phase2A:  | Phase2B:  | Phase2C: 
[2026-06-08 00:00:01]   Disk: 3% | Memory: 14.9% | Load: 0.27, 0.26, 0.42
[2026-06-08 00:30:01] 🔄 조직도 & 업무현황 스냅샷 생성 시작...
[2026-06-08 00:30:01] ✅ 스냅샷 완료: /home/jeepney/.openclaw/workspace-dev/ORGANIZATION_STATUS_SNAPSHOT_2026_06_08_0030.json
[2026-06-08 00:30:01]   Phase2A:  | Phase2B:  | Phase2C: 
[2026-06-08 00:30:01]   Disk: 3% | Memory: 13.9% | Load: 0.30, 0.48, 0.42
[2026-06-08 01:00:01] 🔄 조직도 & 업무현황 스냅샷 생성 시작...
[2026-06-08 01:00:01] ✅ 스냅샷 완료: /home/jeepney/.openclaw/workspace-dev/ORGANIZATION_STATUS_SNAPSHOT_2026_06_08_0100.json
[2026-06-08 01:00:01]   Phase2A:  | Phase2B:  | Phase2C: 
[2026-06-08 01:00:01]   Disk: 3% | Memory: 16.2% | Load: 0.41, 0.25, 0.37
[2026-06-08 01:30:01] 🔄 조직도 & 업무현황 스냅샷 생성 시작...
[2026-06-08 01:30:01] ✅ 스냅샷 완료: /home/jeepney/.openclaw/workspace-dev/ORGANIZATION_STATUS_SNAPSHOT_2026_06_08_0130.json
[2026-06-08 01:30:01]   Phase2A:  | Phase2B:  | Phase2C: 
[2026-06-08 01:30:01]   Disk: 3% | Memory: 16.2% | Load: 0.45, 0.46, 0.33
[2026-06-08 02:00:01] 🔄 조직도 & 업무현황 스냅샷 생성 시작...
[2026-06-08 02:00:01] ✅ 스냅샷 완료: /home/jeepney/.openclaw/workspace-dev/ORGANIZATION_STATUS_SNAPSHOT_2026_06_08_0200.json
[2026-06-08 02:00:01]   Phase2A:  | Phase2B:  | Phase2C: 
[2026-06-08 02:00:01]   Disk: 3% | Memory: 17.9% | Load: 0.19, 0.29, 0.39
[2026-06-08 02:30:01] 🔄 조직도 & 업무현황 스냅샷 생성 시작...
[2026-06-08 02:30:01] ✅ 스냅샷 완료: /home/jeepney/.openclaw/workspace-dev/ORGANIZATION_STATUS_SNAPSHOT_2026_06_08_0230.json
[2026-06-08 02:30:01]   Phase2A:  | Phase2B:  | Phase2C: 
[2026-06-08 02:30:01]   Disk: 3% | Memory: 14.4% | Load: 0.00, 0.19, 0.50
[2026-06-08 03:00:01] 🔄 조직도 & 업무현황 스냅샷 생성 시작...
[2026-06-08 03:00:01] ✅ 스냅샷 완료: /home/jeepney/.openclaw/workspace-dev/ORGANIZATION_STATUS_SNAPSHOT_2026_06_08_0300.json
[2026-06-08 03:00:01]   Phase2A:  | Phase2B:  | Phase2C: 
[2026-06-08 03:00:01]   Disk: 3% | Memory: 15.5% | Load: 0.96, 0.49, 0.31
[2026-06-08 03:30:01] 🔄 조직도 & 업무현황 스냅샷 생성 시작...
[2026-06-08 03:30:01] ✅ 스냅샷 완료: /home/jeepney/.openclaw/workspace-dev/ORGANIZATION_STATUS_SNAPSHOT_2026_06_08_0330.json
[2026-06-08 03:30:01]   Phase2A:  | Phase2B:  | Phase2C: 
[2026-06-08 03:30:01]   Disk: 3% | Memory: 14.5% | Load: 0.15, 0.34, 0.27
[2026-06-08 04:00:01] 🔄 조직도 & 업무현황 스냅샷 생성 시작...
[2026-06-08 04:00:01] ✅ 스냅샷 완료: /home/jeepney/.openclaw/workspace-dev/ORGANIZATION_STATUS_SNAPSHOT_2026_06_08_0400.json
[2026-06-08 04:00:01]   Phase2A:  | Phase2B:  | Phase2C: 
[2026-06-08 04:00:01]   Disk: 3% | Memory: 11.9% | Load: 0.04, 0.05, 0.09
[2026-06-08 04:30:01] 🔄 조직도 & 업무현황 스냅샷 생성 시작...
[2026-06-08 04:30:01] ✅ 스냅샷 완료: /home/jeepney/.openclaw/workspace-dev/ORGANIZATION_STATUS_SNAPSHOT_2026_06_08_0430.json
[2026-06-08 04:30:01]   Phase2A:  | Phase2B:  | Phase2C: 
[2026-06-08 04:30:01]   Disk: 3% | Memory: 12.2% | Load: 0.00, 0.00, 0.00
[2026-06-08 05:00:01] 🔄 조직도 & 업무현황 스냅샷 생성 시작...
[2026-06-08 05:00:01] ✅ 스냅샷 완료: /home/jeepney/.openclaw/workspace-dev/ORGANIZATION_STATUS_SNAPSHOT_2026_06_08_0500.json
[2026-06-08 05:00:01]   Phase2A:  | Phase2B:  | Phase2C: 
[2026-06-08 05:00:01]   Disk: 3% | Memory: 12.2% | Load: 0.04, 0.06, 0.03
[2026-06-08 05:30:01] 🔄 조직도 & 업무현황 스냅샷 생성 시작...
[2026-06-08 05:30:01] ✅ 스냅샷 완료: /home/jeepney/.openclaw/workspace-dev/ORGANIZATION_STATUS_SNAPSHOT_2026_06_08_0530.json
[2026-06-08 05:30:01]   Phase2A:  | Phase2B:  | Phase2C: 
[2026-06-08 05:30:01]   Disk: 3% | Memory: 12.1% | Load: 0.00, 0.00, 0.00
[2026-06-08 06:00:01] 🔄 조직도 & 업무현황 스냅샷 생성 시작...
[2026-06-08 06:00:01] ✅ 스냅샷 완료: /home/jeepney/.openclaw/workspace-dev/ORGANIZATION_STATUS_SNAPSHOT_2026_06_08_0600.json
[2026-06-08 06:00:01]   Phase2A:  | Phase2B:  | Phase2C: 
[2026-06-08 06:00:01]   Disk: 3% | Memory: 11.1% | Load: 0.15, 0.04, 0.01
[2026-06-08 06:30:01] 🔄 조직도 & 업무현황 스냅샷 생성 시작...
[2026-06-08 06:30:01] ✅ 스냅샷 완료: /home/jeepney/.openclaw/workspace-dev/ORGANIZATION_STATUS_SNAPSHOT_2026_06_08_0630.json
[2026-06-08 06:30:01]   Phase2A:  | Phase2B:  | Phase2C: 
[2026-06-08 06:30:01]   Disk: 3% | Memory: 11.3% | Load: 0.10, 0.06, 0.02
[2026-06-08 07:00:01] 🔄 조직도 & 업무현황 스냅샷 생성 시작...
[2026-06-08 07:00:01] ✅ 스냅샷 완료: /home/jeepney/.openclaw/workspace-dev/ORGANIZATION_STATUS_SNAPSHOT_2026_06_08_0700.json
[2026-06-08 07:00:01]   Phase2A:  | Phase2B:  | Phase2C: 
[2026-06-08 07:00:01]   Disk: 3% | Memory: 11.3% | Load: 0.00, 0.00, 0.00
[2026-06-08 07:30:01] 🔄 조직도 & 업무현황 스냅샷 생성 시작...
[2026-06-08 07:30:01] ✅ 스냅샷 완료: /home/jeepney/.openclaw/workspace-dev/ORGANIZATION_STATUS_SNAPSHOT_2026_06_08_0730.json
[2026-06-08 07:30:02]   Phase2A:  | Phase2B:  | Phase2C: 
[2026-06-08 07:30:02]   Disk: 3% | Memory: 11.4% | Load: 0.00, 0.00, 0.00
[2026-06-08 08:00:01] 🔄 조직도 & 업무현황 스냅샷 생성 시작...
[2026-06-08 08:00:01] ✅ 스냅샷 완료: /home/jeepney/.openclaw/workspace-dev/ORGANIZATION_STATUS_SNAPSHOT_2026_06_08_0800.json
[2026-06-08 08:00:01]   Phase2A:  | Phase2B:  | Phase2C: 
[2026-06-08 08:00:01]   Disk: 3% | Memory: 11.6% | Load: 0.00, 0.00, 0.00
[2026-06-08 08:30:01] 🔄 조직도 & 업무현황 스냅샷 생성 시작...
[2026-06-08 08:30:01] ✅ 스냅샷 완료: /home/jeepney/.openclaw/workspace-dev/ORGANIZATION_STATUS_SNAPSHOT_2026_06_08_0830.json
[2026-06-08 08:30:01]   Phase2A:  | Phase2B:  | Phase2C: 
[2026-06-08 08:30:01]   Disk: 3% | Memory: 11.4% | Load: 0.06, 0.04, 0.00
[2026-06-08 09:00:01] 🔄 조직도 & 업무현황 스냅샷 생성 시작...
[2026-06-08 09:00:01] ✅ 스냅샷 완료: /home/jeepney/.openclaw/workspace-dev/ORGANIZATION_STATUS_SNAPSHOT_2026_06_08_0900.json
[2026-06-08 09:00:01]   Phase2A:  | Phase2B:  | Phase2C: 
[2026-06-08 09:00:01]   Disk: 3% | Memory: 11.0% | Load: 0.00, 0.00, 0.00
[2026-06-08 09:30:01] 🔄 조직도 & 업무현황 스냅샷 생성 시작...
[2026-06-08 09:30:01] ✅ 스냅샷 완료: /home/jeepney/.openclaw/workspace-dev/ORGANIZATION_STATUS_SNAPSHOT_2026_06_08_0930.json
[2026-06-08 09:30:01]   Phase2A:  | Phase2B:  | Phase2C: 
[2026-06-08 09:30:01]   Disk: 3% | Memory: 11.4% | Load: 0.01, 0.02, 0.00
[2026-06-08 10:00:01] 🔄 조직도 & 업무현황 스냅샷 생성 시작...
[2026-06-08 10:00:01] ✅ 스냅샷 완료: /home/jeepney/.openclaw/workspace-dev/ORGANIZATION_STATUS_SNAPSHOT_2026_06_08_1000.json
[2026-06-08 10:00:01]   Phase2A:  | Phase2B:  | Phase2C: 
[2026-06-08 10:00:01]   Disk: 3% | Memory: 11.4% | Load: 0.01, 0.01, 0.00
[2026-06-08 10:30:01] 🔄 조직도 & 업무현황 스냅샷 생성 시작...
[2026-06-08 10:30:01] ✅ 스냅샷 완료: /home/jeepney/.openclaw/workspace-dev/ORGANIZATION_STATUS_SNAPSHOT_2026_06_08_1030.json
[2026-06-08 10:30:01]   Phase2A:  | Phase2B:  | Phase2C: 
[2026-06-08 10:30:01]   Disk: 3% | Memory: 11.4% | Load: 0.02, 0.05, 0.00
[2026-06-08 11:30:01] 🔄 조직도 & 업무현황 스냅샷 생성 시작...
[2026-06-08 11:30:01] ✅ 스냅샷 완료: /home/jeepney/.openclaw/workspace-dev/ORGANIZATION_STATUS_SNAPSHOT_2026_06_08_1130.json
[2026-06-08 11:30:01]   Phase2A:  | Phase2B:  | Phase2C: 
[2026-06-08 11:30:01]   Disk: 3% | Memory: 11.5% | Load: 0.00, 0.00, 0.00
[2026-06-08 12:00:01] 🔄 조직도 & 업무현황 스냅샷 생성 시작...
[2026-06-08 12:00:01] ✅ 스냅샷 완료: /home/jeepney/.openclaw/workspace-dev/ORGANIZATION_STATUS_SNAPSHOT_2026_06_08_1200.json
[2026-06-08 12:00:01]   Phase2A:  | Phase2B:  | Phase2C: 
[2026-06-08 12:00:01]   Disk: 3% | Memory: 11.6% | Load: 0.00, 0.00, 0.00
[2026-06-08 12:30:01] 🔄 조직도 & 업무현황 스냅샷 생성 시작...
[2026-06-08 12:30:01] ✅ 스냅샷 완료: /home/jeepney/.openclaw/workspace-dev/ORGANIZATION_STATUS_SNAPSHOT_2026_06_08_1230.json
[2026-06-08 12:30:01]   Phase2A:  | Phase2B:  | Phase2C: 
[2026-06-08 12:30:01]   Disk: 3% | Memory: 11.7% | Load: 0.00, 0.00, 0.00
[2026-06-08 13:00:01] 🔄 조직도 & 업무현황 스냅샷 생성 시작...
[2026-06-08 13:00:01] ✅ 스냅샷 완료: /home/jeepney/.openclaw/workspace-dev/ORGANIZATION_STATUS_SNAPSHOT_2026_06_08_1300.json
[2026-06-08 13:00:01]   Phase2A:  | Phase2B:  | Phase2C: 
[2026-06-08 13:00:01]   Disk: 3% | Memory: 11.7% | Load: 0.02, 0.05, 0.02
[2026-06-08 13:30:01] 🔄 조직도 & 업무현황 스냅샷 생성 시작...
[2026-06-08 13:30:01] ✅ 스냅샷 완료: /home/jeepney/.openclaw/workspace-dev/ORGANIZATION_STATUS_SNAPSHOT_2026_06_08_1330.json
[2026-06-08 13:30:01]   Phase2A:  | Phase2B:  | Phase2C: 
[2026-06-08 13:30:01]   Disk: 3% | Memory: 11.8% | Load: 0.11, 0.09, 0.03
[2026-06-08 14:00:01] 🔄 조직도 & 업무현황 스냅샷 생성 시작...
[2026-06-08 14:00:02] ✅ 스냅샷 완료: /home/jeepney/.openclaw/workspace-dev/ORGANIZATION_STATUS_SNAPSHOT_2026_06_08_1400.json
[2026-06-08 14:00:02]   Phase2A:  | Phase2B:  | Phase2C: 
[2026-06-08 14:00:02]   Disk: 3% | Memory: 11.6% | Load: 0.11, 0.14, 0.08
[2026-06-08 14:30:01] 🔄 조직도 & 업무현황 스냅샷 생성 시작...
[2026-06-08 14:30:01] ✅ 스냅샷 완료: /home/jeepney/.openclaw/workspace-dev/ORGANIZATION_STATUS_SNAPSHOT_2026_06_08_1430.json
[2026-06-08 14:30:01]   Phase2A:  | Phase2B:  | Phase2C: 
[2026-06-08 14:30:01]   Disk: 3% | Memory: 36.6% | Load: 4.28, 1.03, 0.36
[2026-06-08 15:00:01] 🔄 조직도 & 업무현황 스냅샷 생성 시작...
[2026-06-08 15:00:01] ✅ 스냅샷 완료: /home/jeepney/.openclaw/workspace-dev/ORGANIZATION_STATUS_SNAPSHOT_2026_06_08_1500.json
[2026-06-08 15:00:01]   Phase2A:  | Phase2B:  | Phase2C: 
[2026-06-08 15:00:01]   Disk: 3% | Memory: 17.4% | Load: 0.08, 0.27, 0.50
[2026-06-08 15:30:01] 🔄 조직도 & 업무현황 스냅샷 생성 시작...
[2026-06-08 15:30:01] ✅ 스냅샷 완료: /home/jeepney/.openclaw/workspace-dev/ORGANIZATION_STATUS_SNAPSHOT_2026_06_08_1530.json
[2026-06-08 15:30:01]   Phase2A:  | Phase2B:  | Phase2C: 
[2026-06-08 15:30:01]   Disk: 3% | Memory: 14.3% | Load: 0.16, 0.12, 0.16
[2026-06-08 16:00:01] 🔄 조직도 & 업무현황 스냅샷 생성 시작...
[2026-06-08 16:00:01] ✅ 스냅샷 완료: /home/jeepney/.openclaw/workspace-dev/ORGANIZATION_STATUS_SNAPSHOT_2026_06_08_1600.json
[2026-06-08 16:00:01]   Phase2A:  | Phase2B:  | Phase2C: 
[2026-06-08 16:00:01]   Disk: 3% | Memory: 14.1% | Load: 0.02, 0.07, 0.17
[2026-06-08 16:30:01] 🔄 조직도 & 업무현황 스냅샷 생성 시작...
[2026-06-08 16:30:01] ✅ 스냅샷 완료: /home/jeepney/.openclaw/workspace-dev/ORGANIZATION_STATUS_SNAPSHOT_2026_06_08_1630.json
[2026-06-08 16:30:01]   Phase2A:  | Phase2B:  | Phase2C: 
[2026-06-08 16:30:01]   Disk: 3% | Memory: 15.9% | Load: 0.50, 0.45, 0.41
[2026-06-08 17:00:01] 🔄 조직도 & 업무현황 스냅샷 생성 시작...
[2026-06-08 17:00:01] ✅ 스냅샷 완료: /home/jeepney/.openclaw/workspace-dev/ORGANIZATION_STATUS_SNAPSHOT_2026_06_08_1700.json
[2026-06-08 17:00:01]   Phase2A:  | Phase2B:  | Phase2C: 
[2026-06-08 17:00:01]   Disk: 3% | Memory: 15.1% | Load: 0.27, 0.37, 0.27
[2026-06-08 17:30:01] 🔄 조직도 & 업무현황 스냅샷 생성 시작...
[2026-06-08 17:30:01] ✅ 스냅샷 완료: /home/jeepney/.openclaw/workspace-dev/ORGANIZATION_STATUS_SNAPSHOT_2026_06_08_1730.json
[2026-06-08 17:30:01]   Phase2A:  | Phase2B:  | Phase2C: 
[2026-06-08 17:30:01]   Disk: 3% | Memory: 15.1% | Load: 0.40, 1.50, 1.08
[2026-06-08 18:00:01] 🔄 조직도 & 업무현황 스냅샷 생성 시작...
[2026-06-08 18:00:01] ✅ 스냅샷 완료: /home/jeepney/.openclaw/workspace-dev/ORGANIZATION_STATUS_SNAPSHOT_2026_06_08_1800.json
[2026-06-08 18:00:01]   Phase2A:  | Phase2B:  | Phase2C: 
[2026-06-08 18:00:01]   Disk: 3% | Memory: 14.0% | Load: 4.66, 1.93, 0.74
[2026-06-08 18:30:01] 🔄 조직도 & 업무현황 스냅샷 생성 시작...
[2026-06-08 18:30:01] ✅ 스냅샷 완료: /home/jeepney/.openclaw/workspace-dev/ORGANIZATION_STATUS_SNAPSHOT_2026_06_08_1830.json
[2026-06-08 18:30:01]   Phase2A:  | Phase2B:  | Phase2C: 
[2026-06-08 18:30:01]   Disk: 3% | Memory: 17.7% | Load: 0.89, 0.47, 0.61
[2026-06-08 19:00:01] 🔄 조직도 & 업무현황 스냅샷 생성 시작...
[2026-06-08 19:00:01] ✅ 스냅샷 완료: /home/jeepney/.openclaw/workspace-dev/ORGANIZATION_STATUS_SNAPSHOT_2026_06_08_1900.json
[2026-06-08 19:00:01]   Phase2A:  | Phase2B:  | Phase2C: 
[2026-06-08 19:00:01]   Disk: 3% | Memory: 29.4% | Load: 1.93, 1.02, 0.74
[2026-06-08 19:30:01] 🔄 조직도 & 업무현황 스냅샷 생성 시작...
[2026-06-08 19:30:01] ✅ 스냅샷 완료: /home/jeepney/.openclaw/workspace-dev/ORGANIZATION_STATUS_SNAPSHOT_2026_06_08_1930.json
[2026-06-08 19:30:01]   Phase2A:  | Phase2B:  | Phase2C: 
[2026-06-08 19:30:01]   Disk: 3% | Memory: 19.8% | Load: 1.76, 1.49, 1.27
[2026-06-09 13:00:01] 🔄 조직도 & 업무현황 스냅샷 생성 시작...
[2026-06-09 13:00:01] ✅ 스냅샷 완료: /home/jeepney/.openclaw/workspace-dev/ORGANIZATION_STATUS_SNAPSHOT_2026_06_09_1300.json
[2026-06-09 13:00:01]   Phase2A:  | Phase2B:  | Phase2C: 
[2026-06-09 13:00:01]   Disk: 4% | Memory: 14.0% | Load: 0.05, 0.25, 0.37
[2026-06-09 13:30:01] 🔄 조직도 & 업무현황 스냅샷 생성 시작...
[2026-06-09 13:30:01] ✅ 스냅샷 완료: /home/jeepney/.openclaw/workspace-dev/ORGANIZATION_STATUS_SNAPSHOT_2026_06_09_1330.json
[2026-06-09 13:30:01]   Phase2A:  | Phase2B:  | Phase2C: 
[2026-06-09 13:30:01]   Disk: 4% | Memory: 26.8% | Load: 3.13, 2.25, 1.32
[2026-06-09 14:00:01] 🔄 조직도 & 업무현황 스냅샷 생성 시작...
[2026-06-09 14:00:01] ✅ 스냅샷 완료: /home/jeepney/.openclaw/workspace-dev/ORGANIZATION_STATUS_SNAPSHOT_2026_06_09_1400.json
[2026-06-09 14:00:01]   Phase2A:  | Phase2B:  | Phase2C: 
[2026-06-09 14:00:01]   Disk: 4% | Memory: 16.0% | Load: 0.12, 0.24, 0.56
[2026-06-09 14:30:01] 🔄 조직도 & 업무현황 스냅샷 생성 시작...
[2026-06-09 14:30:01] ✅ 스냅샷 완료: /home/jeepney/.openclaw/workspace-dev/ORGANIZATION_STATUS_SNAPSHOT_2026_06_09_1430.json
[2026-06-09 14:30:01]   Phase2A:  | Phase2B:  | Phase2C: 
[2026-06-09 14:30:01]   Disk: 4% | Memory: 17.2% | Load: 0.34, 0.47, 0.52
[2026-06-09 15:00:01] 🔄 조직도 & 업무현황 스냅샷 생성 시작...
[2026-06-09 15:00:01] ✅ 스냅샷 완료: /home/jeepney/.openclaw/workspace-dev/ORGANIZATION_STATUS_SNAPSHOT_2026_06_09_1500.json
[2026-06-09 15:00:01]   Phase2A:  | Phase2B:  | Phase2C: 
[2026-06-09 15:00:01]   Disk: 4% | Memory: 17.0% | Load: 2.42, 0.91, 0.65
[2026-06-09 15:30:01] 🔄 조직도 & 업무현황 스냅샷 생성 시작...
[2026-06-09 15:30:01] ✅ 스냅샷 완료: /home/jeepney/.openclaw/workspace-dev/ORGANIZATION_STATUS_SNAPSHOT_2026_06_09_1530.json
[2026-06-09 15:30:01]   Phase2A:  | Phase2B:  | Phase2C: 
[2026-06-09 15:30:01]   Disk: 4% | Memory: 13.3% | Load: 0.13, 0.31, 0.52
[2026-06-09 16:00:01] 🔄 조직도 & 업무현황 스냅샷 생성 시작...
[2026-06-09 16:00:01] ✅ 스냅샷 완료: /home/jeepney/.openclaw/workspace-dev/ORGANIZATION_STATUS_SNAPSHOT_2026_06_09_1600.json
[2026-06-09 16:00:01]   Phase2A:  | Phase2B:  | Phase2C: 
[2026-06-09 16:00:02]   Disk: 4% | Memory: 16.0% | Load: 0.14, 0.28, 0.37
[2026-06-09 16:30:01] 🔄 조직도 & 업무현황 스냅샷 생성 시작...
[2026-06-09 16:30:01] ✅ 스냅샷 완료: /home/jeepney/.openclaw/workspace-dev/ORGANIZATION_STATUS_SNAPSHOT_2026_06_09_1630.json
[2026-06-09 16:30:01]   Phase2A:  | Phase2B:  | Phase2C: 
[2026-06-09 16:30:01]   Disk: 4% | Memory: 15.9% | Load: 0.05, 0.07, 0.14
[2026-06-09 17:00:01] 🔄 조직도 & 업무현황 스냅샷 생성 시작...
[2026-06-09 17:00:01] ✅ 스냅샷 완료: /home/jeepney/.openclaw/workspace-dev/ORGANIZATION_STATUS_SNAPSHOT_2026_06_09_1700.json
[2026-06-09 17:00:01]   Phase2A:  | Phase2B:  | Phase2C: 
[2026-06-09 17:00:01]   Disk: 4% | Memory: 16.9% | Load: 0.19, 0.25, 0.25
[2026-06-09 17:30:01] 🔄 조직도 & 업무현황 스냅샷 생성 시작...
[2026-06-09 17:30:01] ✅ 스냅샷 완료: /home/jeepney/.openclaw/workspace-dev/ORGANIZATION_STATUS_SNAPSHOT_2026_06_09_1730.json
[2026-06-09 17:30:01]   Phase2A:  | Phase2B:  | Phase2C: 
[2026-06-09 17:30:01]   Disk: 4% | Memory: 20.3% | Load: 4.09, 1.74, 0.84
[2026-06-09 18:00:01] 🔄 조직도 & 업무현황 스냅샷 생성 시작...
[2026-06-09 18:00:01] ✅ 스냅샷 완료: /home/jeepney/.openclaw/workspace-dev/ORGANIZATION_STATUS_SNAPSHOT_2026_06_09_1800.json
[2026-06-09 18:00:01]   Phase2A:  | Phase2B:  | Phase2C: 
[2026-06-09 18:00:01]   Disk: 4% | Memory: 21.9% | Load: 0.85, 0.79, 0.75
[2026-06-09 18:30:01] 🔄 조직도 & 업무현황 스냅샷 생성 시작...
[2026-06-09 18:30:01] ✅ 스냅샷 완료: /home/jeepney/.openclaw/workspace-dev/ORGANIZATION_STATUS_SNAPSHOT_2026_06_09_1830.json
[2026-06-09 18:30:01]   Phase2A:  | Phase2B:  | Phase2C: 
[2026-06-09 18:30:01]   Disk: 4% | Memory: 11.9% | Load: 2.09, 1.39, 0.58
[2026-06-09 19:00:01] 🔄 조직도 & 업무현황 스냅샷 생성 시작...
[2026-06-09 19:00:01] ✅ 스냅샷 완료: /home/jeepney/.openclaw/workspace-dev/ORGANIZATION_STATUS_SNAPSHOT_2026_06_09_1900.json
[2026-06-09 19:00:01]   Phase2A:  | Phase2B:  | Phase2C: 
[2026-06-09 19:00:01]   Disk: 4% | Memory: 18.9% | Load: 0.13, 0.24, 0.26
[2026-06-09 19:30:01] 🔄 조직도 & 업무현황 스냅샷 생성 시작...
[2026-06-09 19:30:01] ✅ 스냅샷 완료: /home/jeepney/.openclaw/workspace-dev/ORGANIZATION_STATUS_SNAPSHOT_2026_06_09_1930.json
[2026-06-09 19:30:01]   Phase2A:  | Phase2B:  | Phase2C: 
[2026-06-09 19:30:01]   Disk: 4% | Memory: 15.3% | Load: 0.14, 0.23, 0.23
[2026-06-09 21:00:01] 🔄 조직도 & 업무현황 스냅샷 생성 시작...
[2026-06-09 21:00:01] ✅ 스냅샷 완료: /home/jeepney/.openclaw/workspace-dev/ORGANIZATION_STATUS_SNAPSHOT_2026_06_09_2100.json
[2026-06-09 21:00:01]   Phase2A:  | Phase2B:  | Phase2C: 
[2026-06-09 21:00:01]   Disk: 4% | Memory: 13.4% | Load: 0.05, 0.09, 0.15
[2026-06-09 21:30:01] 🔄 조직도 & 업무현황 스냅샷 생성 시작...
[2026-06-09 21:30:01] ✅ 스냅샷 완료: /home/jeepney/.openclaw/workspace-dev/ORGANIZATION_STATUS_SNAPSHOT_2026_06_09_2130.json
[2026-06-09 21:30:01]   Phase2A:  | Phase2B:  | Phase2C: 
[2026-06-09 21:30:01]   Disk: 4% | Memory: 13.0% | Load: 0.05, 0.15, 0.09
[2026-06-09 22:00:01] 🔄 조직도 & 업무현황 스냅샷 생성 시작...
[2026-06-09 22:00:01] ✅ 스냅샷 완료: /home/jeepney/.openclaw/workspace-dev/ORGANIZATION_STATUS_SNAPSHOT_2026_06_09_2200.json
[2026-06-09 22:00:01]   Phase2A:  | Phase2B:  | Phase2C: 
[2026-06-09 22:00:01]   Disk: 4% | Memory: 14.6% | Load: 0.32, 0.18, 0.11
[2026-06-09 22:30:01] 🔄 조직도 & 업무현황 스냅샷 생성 시작...
[2026-06-09 22:30:01] ✅ 스냅샷 완료: /home/jeepney/.openclaw/workspace-dev/ORGANIZATION_STATUS_SNAPSHOT_2026_06_09_2230.json
[2026-06-09 22:30:01]   Phase2A:  | Phase2B:  | Phase2C: 
[2026-06-09 22:30:01]   Disk: 4% | Memory: 13.5% | Load: 0.11, 0.06, 0.09
[2026-06-09 23:00:01] 🔄 조직도 & 업무현황 스냅샷 생성 시작...
[2026-06-09 23:00:01] ✅ 스냅샷 완료: /home/jeepney/.openclaw/workspace-dev/ORGANIZATION_STATUS_SNAPSHOT_2026_06_09_2300.json
[2026-06-09 23:00:01]   Phase2A:  | Phase2B:  | Phase2C: 
[2026-06-09 23:00:01]   Disk: 4% | Memory: 16.0% | Load: 0.22, 0.18, 0.15
[2026-06-09 23:30:01] 🔄 조직도 & 업무현황 스냅샷 생성 시작...
[2026-06-09 23:30:01] ✅ 스냅샷 완료: /home/jeepney/.openclaw/workspace-dev/ORGANIZATION_STATUS_SNAPSHOT_2026_06_09_2330.json
[2026-06-09 23:30:01]   Phase2A:  | Phase2B:  | Phase2C: 
[2026-06-09 23:30:01]   Disk: 4% | Memory: 16.0% | Load: 0.04, 0.08, 0.11
[2026-06-10 00:00:01] 🔄 조직도 & 업무현황 스냅샷 생성 시작...
[2026-06-10 00:00:02] ✅ 스냅샷 완료: /home/jeepney/.openclaw/workspace-dev/ORGANIZATION_STATUS_SNAPSHOT_2026_06_10_0000.json
[2026-06-10 00:00:02]   Phase2A:  | Phase2B:  | Phase2C: 
[2026-06-10 00:00:02]   Disk: 4% | Memory: 16.9% | Load: 0.12, 0.09, 0.09
[2026-06-10 00:30:01] 🔄 조직도 & 업무현황 스냅샷 생성 시작...
[2026-06-10 00:30:01] ✅ 스냅샷 완료: /home/jeepney/.openclaw/workspace-dev/ORGANIZATION_STATUS_SNAPSHOT_2026_06_10_0030.json
[2026-06-10 00:30:01]   Phase2A:  | Phase2B:  | Phase2C: 
[2026-06-10 00:30:01]   Disk: 4% | Memory: 15.0% | Load: 0.00, 0.08, 0.16
[2026-06-10 01:00:01] 🔄 조직도 & 업무현황 스냅샷 생성 시작...
[2026-06-10 01:00:01] ✅ 스냅샷 완료: /home/jeepney/.openclaw/workspace-dev/ORGANIZATION_STATUS_SNAPSHOT_2026_06_10_0100.json
[2026-06-10 01:00:01]   Phase2A:  | Phase2B:  | Phase2C: 
[2026-06-10 01:00:01]   Disk: 4% | Memory: 16.1% | Load: 0.05, 0.03, 0.06
[2026-06-10 01:30:01] 🔄 조직도 & 업무현황 스냅샷 생성 시작...
[2026-06-10 01:30:01] ✅ 스냅샷 완료: /home/jeepney/.openclaw/workspace-dev/ORGANIZATION_STATUS_SNAPSHOT_2026_06_10_0130.json
[2026-06-10 01:30:01]   Phase2A:  | Phase2B:  | Phase2C: 
[2026-06-10 01:30:01]   Disk: 4% | Memory: 14.8% | Load: 0.13, 0.07, 0.09
[2026-06-10 02:00:01] 🔄 조직도 & 업무현황 스냅샷 생성 시작...
[2026-06-10 02:00:01] ✅ 스냅샷 완료: /home/jeepney/.openclaw/workspace-dev/ORGANIZATION_STATUS_SNAPSHOT_2026_06_10_0200.json
[2026-06-10 02:00:01]   Phase2A:  | Phase2B:  | Phase2C: 
[2026-06-10 02:00:01]   Disk: 4% | Memory: 15.0% | Load: 0.08, 0.24, 0.17
[2026-06-10 02:30:01] 🔄 조직도 & 업무현황 스냅샷 생성 시작...
[2026-06-10 02:30:01] ✅ 스냅샷 완료: /home/jeepney/.openclaw/workspace-dev/ORGANIZATION_STATUS_SNAPSHOT_2026_06_10_0230.json
[2026-06-10 02:30:01]   Phase2A:  | Phase2B:  | Phase2C: 
[2026-06-10 02:30:01]   Disk: 4% | Memory: 15.3% | Load: 0.34, 0.13, 0.10
[2026-06-10 03:00:01] 🔄 조직도 & 업무현황 스냅샷 생성 시작...
[2026-06-10 03:00:01] ✅ 스냅샷 완료: /home/jeepney/.openclaw/workspace-dev/ORGANIZATION_STATUS_SNAPSHOT_2026_06_10_0300.json
[2026-06-10 03:00:01]   Phase2A:  | Phase2B:  | Phase2C: 
[2026-06-10 03:00:01]   Disk: 4% | Memory: 15.2% | Load: 0.29, 0.14, 0.09
[2026-06-10 03:30:01] 🔄 조직도 & 업무현황 스냅샷 생성 시작...
[2026-06-10 03:30:01] ✅ 스냅샷 완료: /home/jeepney/.openclaw/workspace-dev/ORGANIZATION_STATUS_SNAPSHOT_2026_06_10_0330.json
[2026-06-10 03:30:01]   Phase2A:  | Phase2B:  | Phase2C: 
[2026-06-10 03:30:01]   Disk: 4% | Memory: 12.4% | Load: 0.15, 0.15, 0.22
[2026-06-10 04:00:01] 🔄 조직도 & 업무현황 스냅샷 생성 시작...
[2026-06-10 04:00:01] ✅ 스냅샷 완료: /home/jeepney/.openclaw/workspace-dev/ORGANIZATION_STATUS_SNAPSHOT_2026_06_10_0400.json
[2026-06-10 04:00:01]   Phase2A:  | Phase2B:  | Phase2C: 
[2026-06-10 04:00:01]   Disk: 4% | Memory: 13.9% | Load: 0.37, 0.24, 0.16
[2026-06-10 04:30:01] 🔄 조직도 & 업무현황 스냅샷 생성 시작...
[2026-06-10 04:30:01] ✅ 스냅샷 완료: /home/jeepney/.openclaw/workspace-dev/ORGANIZATION_STATUS_SNAPSHOT_2026_06_10_0430.json
[2026-06-10 04:30:01]   Phase2A:  | Phase2B:  | Phase2C: 
[2026-06-10 04:30:01]   Disk: 4% | Memory: 15.9% | Load: 0.01, 0.02, 0.04
[2026-06-10 05:00:01] 🔄 조직도 & 업무현황 스냅샷 생성 시작...
[2026-06-10 05:00:01] ✅ 스냅샷 완료: /home/jeepney/.openclaw/workspace-dev/ORGANIZATION_STATUS_SNAPSHOT_2026_06_10_0500.json
[2026-06-10 05:00:01]   Phase2A:  | Phase2B:  | Phase2C: 
[2026-06-10 05:00:01]   Disk: 4% | Memory: 13.8% | Load: 0.15, 0.08, 0.07
[2026-06-10 05:30:01] 🔄 조직도 & 업무현황 스냅샷 생성 시작...
[2026-06-10 05:30:01] ✅ 스냅샷 완료: /home/jeepney/.openclaw/workspace-dev/ORGANIZATION_STATUS_SNAPSHOT_2026_06_10_0530.json
[2026-06-10 05:30:01]   Phase2A:  | Phase2B:  | Phase2C: 
[2026-06-10 05:30:01]   Disk: 4% | Memory: 17.8% | Load: 0.05, 0.13, 0.10
[2026-06-10 06:00:01] 🔄 조직도 & 업무현황 스냅샷 생성 시작...
[2026-06-10 06:00:01] ✅ 스냅샷 완료: /home/jeepney/.openclaw/workspace-dev/ORGANIZATION_STATUS_SNAPSHOT_2026_06_10_0600.json
[2026-06-10 06:00:01]   Phase2A:  | Phase2B:  | Phase2C: 
[2026-06-10 06:00:01]   Disk: 4% | Memory: 15.8% | Load: 0.00, 0.07, 0.15
[2026-06-10 06:30:01] 🔄 조직도 & 업무현황 스냅샷 생성 시작...
[2026-06-10 06:30:01] ✅ 스냅샷 완료: /home/jeepney/.openclaw/workspace-dev/ORGANIZATION_STATUS_SNAPSHOT_2026_06_10_0630.json
[2026-06-10 06:30:01]   Phase2A:  | Phase2B:  | Phase2C: 
[2026-06-10 06:30:01]   Disk: 4% | Memory: 18.3% | Load: 0.12, 0.16, 0.16
[2026-06-10 07:00:01] 🔄 조직도 & 업무현황 스냅샷 생성 시작...
[2026-06-10 07:00:01] ✅ 스냅샷 완료: /home/jeepney/.openclaw/workspace-dev/ORGANIZATION_STATUS_SNAPSHOT_2026_06_10_0700.json
[2026-06-10 07:00:01]   Phase2A:  | Phase2B:  | Phase2C: 
[2026-06-10 07:00:01]   Disk: 4% | Memory: 15.9% | Load: 0.00, 0.04, 0.07
[2026-06-10 07:30:01] 🔄 조직도 & 업무현황 스냅샷 생성 시작...
[2026-06-10 07:30:01] ✅ 스냅샷 완료: /home/jeepney/.openclaw/workspace-dev/ORGANIZATION_STATUS_SNAPSHOT_2026_06_10_0730.json
[2026-06-10 07:30:01]   Phase2A:  | Phase2B:  | Phase2C: 
[2026-06-10 07:30:01]   Disk: 4% | Memory: 18.1% | Load: 0.06, 0.14, 0.16
[2026-06-10 08:00:01] 🔄 조직도 & 업무현황 스냅샷 생성 시작...
[2026-06-10 08:00:01] ✅ 스냅샷 완료: /home/jeepney/.openclaw/workspace-dev/ORGANIZATION_STATUS_SNAPSHOT_2026_06_10_0800.json
[2026-06-10 08:00:01]   Phase2A:  | Phase2B:  | Phase2C: 
[2026-06-10 08:00:01]   Disk: 4% | Memory: 16.1% | Load: 0.41, 0.22, 0.13
[2026-06-10 08:30:01] 🔄 조직도 & 업무현황 스냅샷 생성 시작...
[2026-06-10 08:30:01] ✅ 스냅샷 완료: /home/jeepney/.openclaw/workspace-dev/ORGANIZATION_STATUS_SNAPSHOT_2026_06_10_0830.json
[2026-06-10 08:30:01]   Phase2A:  | Phase2B:  | Phase2C: 
[2026-06-10 08:30:01]   Disk: 4% | Memory: 18.2% | Load: 0.50, 0.38, 0.32
[2026-06-10 09:00:01] 🔄 조직도 & 업무현황 스냅샷 생성 시작...
[2026-06-10 09:00:01] ✅ 스냅샷 완료: /home/jeepney/.openclaw/workspace-dev/ORGANIZATION_STATUS_SNAPSHOT_2026_06_10_0900.json
[2026-06-10 09:00:01]   Phase2A:  | Phase2B:  | Phase2C: 
[2026-06-10 09:00:01]   Disk: 4% | Memory: 17.0% | Load: 0.16, 0.11, 0.11
[2026-06-10 09:30:01] 🔄 조직도 & 업무현황 스냅샷 생성 시작...
[2026-06-10 09:30:01] ✅ 스냅샷 완료: /home/jeepney/.openclaw/workspace-dev/ORGANIZATION_STATUS_SNAPSHOT_2026_06_10_0930.json
[2026-06-10 09:30:01]   Phase2A:  | Phase2B:  | Phase2C: 
[2026-06-10 09:30:01]   Disk: 4% | Memory: 11.3% | Load: 0.12, 0.11, 0.09
[2026-06-10 10:00:01] 🔄 조직도 & 업무현황 스냅샷 생성 시작...
[2026-06-10 10:00:01] ✅ 스냅샷 완료: /home/jeepney/.openclaw/workspace-dev/ORGANIZATION_STATUS_SNAPSHOT_2026_06_10_1000.json
[2026-06-10 10:00:01]   Phase2A:  | Phase2B:  | Phase2C: 
[2026-06-10 10:00:01]   Disk: 4% | Memory: 13.5% | Load: 0.02, 0.02, 0.03
[2026-06-10 10:30:01] 🔄 조직도 & 업무현황 스냅샷 생성 시작...
[2026-06-10 10:30:01] ✅ 스냅샷 완료: /home/jeepney/.openclaw/workspace-dev/ORGANIZATION_STATUS_SNAPSHOT_2026_06_10_1030.json
[2026-06-10 10:30:01]   Phase2A:  | Phase2B:  | Phase2C: 
[2026-06-10 10:30:01]   Disk: 4% | Memory: 13.5% | Load: 0.02, 0.03, 0.08
[2026-06-10 12:00:01] 🔄 조직도 & 업무현황 스냅샷 생성 시작...
[2026-06-10 12:00:01] ✅ 스냅샷 완료: /home/jeepney/.openclaw/workspace-dev/ORGANIZATION_STATUS_SNAPSHOT_2026_06_10_1200.json
[2026-06-10 12:00:01]   Phase2A:  | Phase2B:  | Phase2C: 
[2026-06-10 12:00:01]   Disk: 4% | Memory: 14.8% | Load: 0.23, 0.12, 0.09
[2026-06-10 12:30:01] 🔄 조직도 & 업무현황 스냅샷 생성 시작...
[2026-06-10 12:30:01] ✅ 스냅샷 완료: /home/jeepney/.openclaw/workspace-dev/ORGANIZATION_STATUS_SNAPSHOT_2026_06_10_1230.json
[2026-06-10 12:30:01]   Phase2A:  | Phase2B:  | Phase2C: 
[2026-06-10 12:30:01]   Disk: 4% | Memory: 15.2% | Load: 0.06, 0.11, 0.14
[2026-06-10 13:00:01] 🔄 조직도 & 업무현황 스냅샷 생성 시작...
[2026-06-10 13:00:01] ✅ 스냅샷 완료: /home/jeepney/.openclaw/workspace-dev/ORGANIZATION_STATUS_SNAPSHOT_2026_06_10_1300.json
[2026-06-10 13:00:01]   Phase2A:  | Phase2B:  | Phase2C: 
[2026-06-10 13:00:01]   Disk: 4% | Memory: 20.0% | Load: 0.37, 0.28, 0.29
[2026-06-10 13:30:01] 🔄 조직도 & 업무현황 스냅샷 생성 시작...
[2026-06-10 13:30:01] ✅ 스냅샷 완료: /home/jeepney/.openclaw/workspace-dev/ORGANIZATION_STATUS_SNAPSHOT_2026_06_10_1330.json
[2026-06-10 13:30:01]   Phase2A:  | Phase2B:  | Phase2C: 
[2026-06-10 13:30:01]   Disk: 4% | Memory: 20.0% | Load: 0.18, 0.22, 0.19
[2026-06-10 14:00:01] 🔄 조직도 & 업무현황 스냅샷 생성 시작...
[2026-06-10 14:00:01] ✅ 스냅샷 완료: /home/jeepney/.openclaw/workspace-dev/ORGANIZATION_STATUS_SNAPSHOT_2026_06_10_1400.json
[2026-06-10 14:00:01]   Phase2A:  | Phase2B:  | Phase2C: 
[2026-06-10 14:00:01]   Disk: 4% | Memory: 17.4% | Load: 0.63, 0.90, 0.55
[2026-06-10 14:30:01] 🔄 조직도 & 업무현황 스냅샷 생성 시작...
[2026-06-10 14:30:01] ✅ 스냅샷 완료: /home/jeepney/.openclaw/workspace-dev/ORGANIZATION_STATUS_SNAPSHOT_2026_06_10_1430.json
[2026-06-10 14:30:01]   Phase2A:  | Phase2B:  | Phase2C: 
[2026-06-10 14:30:01]   Disk: 4% | Memory: 22.0% | Load: 0.01, 0.09, 0.18
[2026-06-10 15:00:01] 🔄 조직도 & 업무현황 스냅샷 생성 시작...
[2026-06-10 15:00:01] ✅ 스냅샷 완료: /home/jeepney/.openclaw/workspace-dev/ORGANIZATION_STATUS_SNAPSHOT_2026_06_10_1500.json
[2026-06-10 15:00:01]   Phase2A:  | Phase2B:  | Phase2C: 
[2026-06-10 15:00:01]   Disk: 4% | Memory: 20.8% | Load: 0.06, 0.17, 0.22
[2026-06-10 15:30:01] 🔄 조직도 & 업무현황 스냅샷 생성 시작...
[2026-06-10 15:30:01] ✅ 스냅샷 완료: /home/jeepney/.openclaw/workspace-dev/ORGANIZATION_STATUS_SNAPSHOT_2026_06_10_1530.json
[2026-06-10 15:30:01]   Phase2A:  | Phase2B:  | Phase2C: 
[2026-06-10 15:30:01]   Disk: 4% | Memory: 21.1% | Load: 0.43, 0.26, 0.26
[2026-06-10 16:00:01] 🔄 조직도 & 업무현황 스냅샷 생성 시작...
[2026-06-10 16:00:01] ✅ 스냅샷 완료: /home/jeepney/.openclaw/workspace-dev/ORGANIZATION_STATUS_SNAPSHOT_2026_06_10_1600.json
[2026-06-10 16:00:01]   Phase2A:  | Phase2B:  | Phase2C: 
[2026-06-10 16:00:01]   Disk: 4% | Memory: 21.2% | Load: 0.04, 0.12, 0.16
[2026-06-10 16:30:01] 🔄 조직도 & 업무현황 스냅샷 생성 시작...
[2026-06-10 16:30:01] ✅ 스냅샷 완료: /home/jeepney/.openclaw/workspace-dev/ORGANIZATION_STATUS_SNAPSHOT_2026_06_10_1630.json
[2026-06-10 16:30:01]   Phase2A:  | Phase2B:  | Phase2C: 
[2026-06-10 16:30:01]   Disk: 4% | Memory: 20.9% | Load: 0.18, 0.20, 0.14
[2026-06-10 17:00:01] 🔄 조직도 & 업무현황 스냅샷 생성 시작...
[2026-06-10 17:00:01] ✅ 스냅샷 완료: /home/jeepney/.openclaw/workspace-dev/ORGANIZATION_STATUS_SNAPSHOT_2026_06_10_1700.json
[2026-06-10 17:00:01]   Phase2A:  | Phase2B:  | Phase2C: 
[2026-06-10 17:00:01]   Disk: 4% | Memory: 20.7% | Load: 0.68, 0.33, 0.22
[2026-06-10 17:30:01] 🔄 조직도 & 업무현황 스냅샷 생성 시작...
[2026-06-10 17:30:01] ✅ 스냅샷 완료: /home/jeepney/.openclaw/workspace-dev/ORGANIZATION_STATUS_SNAPSHOT_2026_06_10_1730.json
[2026-06-10 17:30:01]   Phase2A:  | Phase2B:  | Phase2C: 
[2026-06-10 17:30:01]   Disk: 4% | Memory: 21.2% | Load: 0.19, 0.22, 0.19
[2026-06-10 18:00:01] 🔄 조직도 & 업무현황 스냅샷 생성 시작...
[2026-06-10 18:00:01] ✅ 스냅샷 완료: /home/jeepney/.openclaw/workspace-dev/ORGANIZATION_STATUS_SNAPSHOT_2026_06_10_1800.json
[2026-06-10 18:00:01]   Phase2A:  | Phase2B:  | Phase2C: 
[2026-06-10 18:00:01]   Disk: 4% | Memory: 14.4% | Load: 0.08, 0.24, 0.30
[2026-06-10 18:30:01] 🔄 조직도 & 업무현황 스냅샷 생성 시작...
[2026-06-10 18:30:01] ✅ 스냅샷 완료: /home/jeepney/.openclaw/workspace-dev/ORGANIZATION_STATUS_SNAPSHOT_2026_06_10_1830.json
[2026-06-10 18:30:01]   Phase2A:  | Phase2B:  | Phase2C: 
[2026-06-10 18:30:01]   Disk: 4% | Memory: 19.1% | Load: 0.15, 0.22, 0.30
[2026-06-10 19:00:01] 🔄 조직도 & 업무현황 스냅샷 생성 시작...
[2026-06-10 19:00:01] ✅ 스냅샷 완료: /home/jeepney/.openclaw/workspace-dev/ORGANIZATION_STATUS_SNAPSHOT_2026_06_10_1900.json
[2026-06-10 19:00:01]   Phase2A:  | Phase2B:  | Phase2C: 
[2026-06-10 19:00:01]   Disk: 4% | Memory: 16.2% | Load: 0.06, 0.10, 0.09
[2026-06-10 19:30:01] 🔄 조직도 & 업무현황 스냅샷 생성 시작...
[2026-06-10 19:30:01] ✅ 스냅샷 완료: /home/jeepney/.openclaw/workspace-dev/ORGANIZATION_STATUS_SNAPSHOT_2026_06_10_1930.json
[2026-06-10 19:30:01]   Phase2A:  | Phase2B:  | Phase2C: 
[2026-06-10 19:30:01]   Disk: 4% | Memory: 16.6% | Load: 0.13, 0.16, 0.18
[2026-06-10 20:00:01] 🔄 조직도 & 업무현황 스냅샷 생성 시작...
[2026-06-10 20:00:01] ✅ 스냅샷 완료: /home/jeepney/.openclaw/workspace-dev/ORGANIZATION_STATUS_SNAPSHOT_2026_06_10_2000.json
[2026-06-10 20:00:01]   Phase2A:  | Phase2B:  | Phase2C: 
[2026-06-10 20:00:01]   Disk: 4% | Memory: 16.5% | Load: 0.81, 0.24, 0.14
[2026-06-11 18:00:01] 🔄 조직도 & 업무현황 스냅샷 생성 시작...
[2026-06-11 18:00:01] ✅ 스냅샷 완료: /home/jeepney/.openclaw/workspace-dev/ORGANIZATION_STATUS_SNAPSHOT_2026_06_11_1800.json
[2026-06-11 18:00:01]   Phase2A:  | Phase2B:  | Phase2C: 
[2026-06-11 18:00:01]   Disk: 4% | Memory: 14.1% | Load: 0.25, 0.08, 0.03
[2026-06-11 18:30:01] 🔄 조직도 & 업무현황 스냅샷 생성 시작...
[2026-06-11 18:30:01] ✅ 스냅샷 완료: /home/jeepney/.openclaw/workspace-dev/ORGANIZATION_STATUS_SNAPSHOT_2026_06_11_1830.json
[2026-06-11 18:30:01]   Phase2A:  | Phase2B:  | Phase2C: 
[2026-06-11 18:30:01]   Disk: 4% | Memory: 12.3% | Load: 0.01, 0.06, 0.07
[2026-06-11 19:00:01] 🔄 조직도 & 업무현황 스냅샷 생성 시작...
[2026-06-11 19:00:01] ✅ 스냅샷 완료: /home/jeepney/.openclaw/workspace-dev/ORGANIZATION_STATUS_SNAPSHOT_2026_06_11_1900.json
[2026-06-11 19:00:01]   Phase2A:  | Phase2B:  | Phase2C: 
[2026-06-11 19:00:01]   Disk: 4% | Memory: 12.3% | Load: 0.01, 0.04, 0.04
[2026-06-11 19:30:01] 🔄 조직도 & 업무현황 스냅샷 생성 시작...
[2026-06-11 19:30:01] ✅ 스냅샷 완료: /home/jeepney/.openclaw/workspace-dev/ORGANIZATION_STATUS_SNAPSHOT_2026_06_11_1930.json
[2026-06-11 19:30:01]   Phase2A:  | Phase2B:  | Phase2C: 
[2026-06-11 19:30:02]   Disk: 4% | Memory: 12.5% | Load: 0.00, 0.00, 0.00
[2026-06-11 20:00:01] 🔄 조직도 & 업무현황 스냅샷 생성 시작...
[2026-06-11 20:00:02] ✅ 스냅샷 완료: /home/jeepney/.openclaw/workspace-dev/ORGANIZATION_STATUS_SNAPSHOT_2026_06_11_2000.json
[2026-06-11 20:00:02]   Phase2A:  | Phase2B:  | Phase2C: 
[2026-06-11 20:00:02]   Disk: 4% | Memory: 11.5% | Load: 0.02, 0.05, 0.01
[2026-06-11 20:30:01] 🔄 조직도 & 업무현황 스냅샷 생성 시작...
[2026-06-11 20:30:01] ✅ 스냅샷 완료: /home/jeepney/.openclaw/workspace-dev/ORGANIZATION_STATUS_SNAPSHOT_2026_06_11_2030.json
[2026-06-11 20:30:01]   Phase2A:  | Phase2B:  | Phase2C: 
[2026-06-11 20:30:01]   Disk: 4% | Memory: 12.4% | Load: 0.01, 0.04, 0.01
[2026-06-11 21:00:01] 🔄 조직도 & 업무현황 스냅샷 생성 시작...
[2026-06-11 21:00:01] ✅ 스냅샷 완료: /home/jeepney/.openclaw/workspace-dev/ORGANIZATION_STATUS_SNAPSHOT_2026_06_11_2100.json
[2026-06-11 21:00:01]   Phase2A:  | Phase2B:  | Phase2C: 
[2026-06-11 21:00:01]   Disk: 4% | Memory: 11.6% | Load: 0.05, 0.06, 0.03
[2026-06-11 21:30:01] 🔄 조직도 & 업무현황 스냅샷 생성 시작...
[2026-06-11 21:30:01] ✅ 스냅샷 완료: /home/jeepney/.openclaw/workspace-dev/ORGANIZATION_STATUS_SNAPSHOT_2026_06_11_2130.json
[2026-06-11 21:30:01]   Phase2A:  | Phase2B:  | Phase2C: 
[2026-06-11 21:30:01]   Disk: 4% | Memory: 11.6% | Load: 0.11, 0.05, 0.01
[2026-06-11 22:00:01] 🔄 조직도 & 업무현황 스냅샷 생성 시작...
[2026-06-11 22:00:01] ✅ 스냅샷 완료: /home/jeepney/.openclaw/workspace-dev/ORGANIZATION_STATUS_SNAPSHOT_2026_06_11_2200.json
[2026-06-11 22:00:01]   Phase2A:  | Phase2B:  | Phase2C: 
[2026-06-11 22:00:01]   Disk: 4% | Memory: 11.5% | Load: 0.06, 0.08, 0.02
[2026-06-11 22:30:02] 🔄 조직도 & 업무현황 스냅샷 생성 시작...
[2026-06-11 22:30:02] ✅ 스냅샷 완료: /home/jeepney/.openclaw/workspace-dev/ORGANIZATION_STATUS_SNAPSHOT_2026_06_11_2230.json
[2026-06-11 22:30:02]   Phase2A:  | Phase2B:  | Phase2C: 
[2026-06-11 22:30:02]   Disk: 4% | Memory: 11.7% | Load: 0.13, 0.08, 0.03
[2026-06-11 23:00:01] 🔄 조직도 & 업무현황 스냅샷 생성 시작...
[2026-06-11 23:00:01] ✅ 스냅샷 완료: /home/jeepney/.openclaw/workspace-dev/ORGANIZATION_STATUS_SNAPSHOT_2026_06_11_2300.json
[2026-06-11 23:00:01]   Phase2A:  | Phase2B:  | Phase2C: 
[2026-06-11 23:00:01]   Disk: 4% | Memory: 11.6% | Load: 0.70, 0.18, 0.06
[2026-06-11 23:30:02] 🔄 조직도 & 업무현황 스냅샷 생성 시작...
[2026-06-11 23:30:02] ✅ 스냅샷 완료: /home/jeepney/.openclaw/workspace-dev/ORGANIZATION_STATUS_SNAPSHOT_2026_06_11_2330.json
[2026-06-11 23:30:02]   Phase2A:  | Phase2B:  | Phase2C: 
[2026-06-11 23:30:02]   Disk: 4% | Memory: 11.6% | Load: 0.07, 0.07, 0.05
[2026-06-12 00:00:01] 🔄 조직도 & 업무현황 스냅샷 생성 시작...
[2026-06-12 00:00:01] ✅ 스냅샷 완료: /home/jeepney/.openclaw/workspace-dev/ORGANIZATION_STATUS_SNAPSHOT_2026_06_12_0000.json
[2026-06-12 00:00:01]   Phase2A:  | Phase2B:  | Phase2C: 
[2026-06-12 00:00:01]   Disk: 4% | Memory: 12.2% | Load: 0.11, 0.03, 0.01
[2026-06-12 00:30:01] 🔄 조직도 & 업무현황 스냅샷 생성 시작...
[2026-06-12 00:30:01] ✅ 스냅샷 완료: /home/jeepney/.openclaw/workspace-dev/ORGANIZATION_STATUS_SNAPSHOT_2026_06_12_0030.json
[2026-06-12 00:30:01]   Phase2A:  | Phase2B:  | Phase2C: 
[2026-06-12 00:30:01]   Disk: 4% | Memory: 11.3% | Load: 0.03, 0.05, 0.00
[2026-06-12 01:00:01] 🔄 조직도 & 업무현황 스냅샷 생성 시작...
[2026-06-12 01:00:01] ✅ 스냅샷 완료: /home/jeepney/.openclaw/workspace-dev/ORGANIZATION_STATUS_SNAPSHOT_2026_06_12_0100.json
[2026-06-12 01:00:01]   Phase2A:  | Phase2B:  | Phase2C: 
[2026-06-12 01:00:01]   Disk: 4% | Memory: 11.5% | Load: 0.08, 0.04, 0.01
[2026-06-12 11:30:01] 🔄 조직도 & 업무현황 스냅샷 생성 시작...
[2026-06-12 11:30:01] ✅ 스냅샷 완료: /home/jeepney/.openclaw/workspace-dev/ORGANIZATION_STATUS_SNAPSHOT_2026_06_12_1130.json
[2026-06-12 11:30:01]   Phase2A:  | Phase2B:  | Phase2C: 
[2026-06-12 11:30:01]   Disk: 4% | Memory: 13.9% | Load: 0.08, 0.12, 0.08
[2026-06-12 12:00:01] 🔄 조직도 & 업무현황 스냅샷 생성 시작...
[2026-06-12 12:00:01] ✅ 스냅샷 완료: /home/jeepney/.openclaw/workspace-dev/ORGANIZATION_STATUS_SNAPSHOT_2026_06_12_1200.json
[2026-06-12 12:00:01]   Phase2A:  | Phase2B:  | Phase2C: 
[2026-06-12 12:00:01]   Disk: 4% | Memory: 13.9% | Load: 0.18, 0.11, 0.12
[2026-06-12 12:30:01] 🔄 조직도 & 업무현황 스냅샷 생성 시작...
[2026-06-12 12:30:02] ✅ 스냅샷 완료: /home/jeepney/.openclaw/workspace-dev/ORGANIZATION_STATUS_SNAPSHOT_2026_06_12_1230.json
[2026-06-12 12:30:02]   Phase2A:  | Phase2B:  | Phase2C: 
[2026-06-12 12:30:02]   Disk: 4% | Memory: 12.7% | Load: 0.78, 0.23, 0.22
[2026-06-12 13:00:01] 🔄 조직도 & 업무현황 스냅샷 생성 시작...
[2026-06-12 13:00:01] ✅ 스냅샷 완료: /home/jeepney/.openclaw/workspace-dev/ORGANIZATION_STATUS_SNAPSHOT_2026_06_12_1300.json
[2026-06-12 13:00:01]   Phase2A:  | Phase2B:  | Phase2C: 
[2026-06-12 13:00:01]   Disk: 4% | Memory: 16.8% | Load: 0.12, 0.15, 0.16
[2026-06-12 13:30:01] 🔄 조직도 & 업무현황 스냅샷 생성 시작...
[2026-06-12 13:30:01] ✅ 스냅샷 완료: /home/jeepney/.openclaw/workspace-dev/ORGANIZATION_STATUS_SNAPSHOT_2026_06_12_1330.json
[2026-06-12 13:30:01]   Phase2A:  | Phase2B:  | Phase2C: 
[2026-06-12 13:30:01]   Disk: 4% | Memory: 15.2% | Load: 0.28, 0.10, 0.08
[2026-06-12 14:00:01] 🔄 조직도 & 업무현황 스냅샷 생성 시작...
[2026-06-12 14:00:01] ✅ 스냅샷 완료: /home/jeepney/.openclaw/workspace-dev/ORGANIZATION_STATUS_SNAPSHOT_2026_06_12_1400.json
[2026-06-12 14:00:01]   Phase2A:  | Phase2B:  | Phase2C: 
[2026-06-12 14:00:01]   Disk: 4% | Memory: 19.3% | Load: 0.09, 0.13, 0.12
[2026-06-12 14:30:01] 🔄 조직도 & 업무현황 스냅샷 생성 시작...
[2026-06-12 14:30:01] ✅ 스냅샷 완료: /home/jeepney/.openclaw/workspace-dev/ORGANIZATION_STATUS_SNAPSHOT_2026_06_12_1430.json
[2026-06-12 14:30:01]   Phase2A:  | Phase2B:  | Phase2C: 
[2026-06-12 14:30:01]   Disk: 4% | Memory: 15.0% | Load: 0.10, 0.33, 0.36
[2026-06-12 15:00:01] 🔄 조직도 & 업무현황 스냅샷 생성 시작...
[2026-06-12 15:00:01] ✅ 스냅샷 완료: /home/jeepney/.openclaw/workspace-dev/ORGANIZATION_STATUS_SNAPSHOT_2026_06_12_1500.json
[2026-06-12 15:00:01]   Phase2A:  | Phase2B:  | Phase2C: 
[2026-06-12 15:00:01]   Disk: 4% | Memory: 26.2% | Load: 1.01, 0.80, 0.51
[2026-06-12 15:30:01] 🔄 조직도 & 업무현황 스냅샷 생성 시작...
[2026-06-12 15:30:01] ✅ 스냅샷 완료: /home/jeepney/.openclaw/workspace-dev/ORGANIZATION_STATUS_SNAPSHOT_2026_06_12_1530.json
[2026-06-12 15:30:01]   Phase2A:  | Phase2B:  | Phase2C: 
[2026-06-12 15:30:01]   Disk: 4% | Memory: 26.6% | Load: 0.43, 0.49, 0.53
[2026-06-12 16:00:01] 🔄 조직도 & 업무현황 스냅샷 생성 시작...
[2026-06-12 16:00:01] ✅ 스냅샷 완료: /home/jeepney/.openclaw/workspace-dev/ORGANIZATION_STATUS_SNAPSHOT_2026_06_12_1600.json
[2026-06-12 16:00:01]   Phase2A:  | Phase2B:  | Phase2C: 
[2026-06-12 16:00:01]   Disk: 4% | Memory: 24.2% | Load: 0.08, 0.07, 0.13
[2026-06-12 16:30:01] 🔄 조직도 & 업무현황 스냅샷 생성 시작...
[2026-06-12 16:30:01] ✅ 스냅샷 완료: /home/jeepney/.openclaw/workspace-dev/ORGANIZATION_STATUS_SNAPSHOT_2026_06_12_1630.json
[2026-06-12 16:30:01]   Phase2A:  | Phase2B:  | Phase2C: 
[2026-06-12 16:30:01]   Disk: 4% | Memory: 26.0% | Load: 2.36, 1.02, 0.47
[2026-06-12 17:00:01] 🔄 조직도 & 업무현황 스냅샷 생성 시작...
[2026-06-12 17:00:01] ✅ 스냅샷 완료: /home/jeepney/.openclaw/workspace-dev/ORGANIZATION_STATUS_SNAPSHOT_2026_06_12_1700.json
[2026-06-12 17:00:01]   Phase2A:  | Phase2B:  | Phase2C: 
[2026-06-12 17:00:01]   Disk: 4% | Memory: 20.4% | Load: 0.15, 0.47, 0.40
[2026-06-12 17:30:01] 🔄 조직도 & 업무현황 스냅샷 생성 시작...
[2026-06-12 17:30:02] ✅ 스냅샷 완료: /home/jeepney/.openclaw/workspace-dev/ORGANIZATION_STATUS_SNAPSHOT_2026_06_12_1730.json
[2026-06-12 17:30:02]   Phase2A:  | Phase2B:  | Phase2C: 
[2026-06-12 17:30:02]   Disk: 4% | Memory: 27.5% | Load: 0.07, 0.21, 0.38
[2026-06-12 18:00:01] 🔄 조직도 & 업무현황 스냅샷 생성 시작...
[2026-06-12 18:00:01] ✅ 스냅샷 완료: /home/jeepney/.openclaw/workspace-dev/ORGANIZATION_STATUS_SNAPSHOT_2026_06_12_1800.json
[2026-06-12 18:00:01]   Phase2A:  | Phase2B:  | Phase2C: 
[2026-06-12 18:00:01]   Disk: 4% | Memory: 15.6% | Load: 0.11, 0.07, 0.09
[2026-06-12 18:30:01] 🔄 조직도 & 업무현황 스냅샷 생성 시작...
[2026-06-12 18:30:01] ✅ 스냅샷 완료: /home/jeepney/.openclaw/workspace-dev/ORGANIZATION_STATUS_SNAPSHOT_2026_06_12_1830.json
[2026-06-12 18:30:01]   Phase2A:  | Phase2B:  | Phase2C: 
[2026-06-12 18:30:01]   Disk: 4% | Memory: 15.0% | Load: 0.18, 0.14, 0.15
[2026-06-12 21:30:01] 🔄 조직도 & 업무현황 스냅샷 생성 시작...
[2026-06-12 21:30:01] ✅ 스냅샷 완료: /home/jeepney/.openclaw/workspace-dev/ORGANIZATION_STATUS_SNAPSHOT_2026_06_12_2130.json
[2026-06-12 21:30:02]   Phase2A:  | Phase2B:  | Phase2C: 
[2026-06-12 21:30:02]   Disk: 4% | Memory: 16.3% | Load: 0.06, 0.12, 0.14
[2026-06-12 22:00:01] 🔄 조직도 & 업무현황 스냅샷 생성 시작...
[2026-06-12 22:00:02] ✅ 스냅샷 완료: /home/jeepney/.openclaw/workspace-dev/ORGANIZATION_STATUS_SNAPSHOT_2026_06_12_2200.json
[2026-06-12 22:00:02]   Phase2A:  | Phase2B:  | Phase2C: 
[2026-06-12 22:00:02]   Disk: 4% | Memory: 17.0% | Load: 0.00, 0.53, 0.69
[2026-06-12 22:30:01] 🔄 조직도 & 업무현황 스냅샷 생성 시작...
[2026-06-12 22:30:01] ✅ 스냅샷 완료: /home/jeepney/.openclaw/workspace-dev/ORGANIZATION_STATUS_SNAPSHOT_2026_06_12_2230.json
[2026-06-12 22:30:01]   Phase2A:  | Phase2B:  | Phase2C: 
[2026-06-12 22:30:01]   Disk: 4% | Memory: 17.1% | Load: 0.05, 0.13, 0.31
[2026-06-12 23:00:01] 🔄 조직도 & 업무현황 스냅샷 생성 시작...
[2026-06-12 23:00:01] ✅ 스냅샷 완료: /home/jeepney/.openclaw/workspace-dev/ORGANIZATION_STATUS_SNAPSHOT_2026_06_12_2300.json
[2026-06-12 23:00:01]   Phase2A:  | Phase2B:  | Phase2C: 
[2026-06-12 23:00:01]   Disk: 4% | Memory: 17.1% | Load: 0.34, 0.33, 0.27
[2026-06-12 23:30:01] 🔄 조직도 & 업무현황 스냅샷 생성 시작...
[2026-06-12 23:30:01] ✅ 스냅샷 완료: /home/jeepney/.openclaw/workspace-dev/ORGANIZATION_STATUS_SNAPSHOT_2026_06_12_2330.json
[2026-06-12 23:30:01]   Phase2A:  | Phase2B:  | Phase2C: 
[2026-06-12 23:30:01]   Disk: 4% | Memory: 16.8% | Load: 0.02, 0.11, 0.14
[2026-06-13 00:00:02] 🔄 조직도 & 업무현황 스냅샷 생성 시작...
[2026-06-13 00:00:02] ✅ 스냅샷 완료: /home/jeepney/.openclaw/workspace-dev/ORGANIZATION_STATUS_SNAPSHOT_2026_06_13_0000.json
[2026-06-13 00:00:02]   Phase2A:  | Phase2B:  | Phase2C: 
[2026-06-13 00:00:02]   Disk: 4% | Memory: 17.2% | Load: 1.36, 0.39, 0.21
[2026-06-13 00:30:02] 🔄 조직도 & 업무현황 스냅샷 생성 시작...
[2026-06-13 00:30:02] ✅ 스냅샷 완료: /home/jeepney/.openclaw/workspace-dev/ORGANIZATION_STATUS_SNAPSHOT_2026_06_13_0030.json
[2026-06-13 00:30:02]   Phase2A:  | Phase2B:  | Phase2C: 
[2026-06-13 00:30:02]   Disk: 4% | Memory: 17.4% | Load: 0.17, 0.23, 0.25
[2026-06-13 01:00:01] 🔄 조직도 & 업무현황 스냅샷 생성 시작...
[2026-06-13 01:00:01] ✅ 스냅샷 완료: /home/jeepney/.openclaw/workspace-dev/ORGANIZATION_STATUS_SNAPSHOT_2026_06_13_0100.json
[2026-06-13 01:00:01]   Phase2A:  | Phase2B:  | Phase2C: 
[2026-06-13 01:00:01]   Disk: 4% | Memory: 18.2% | Load: 0.38, 0.27, 0.28
[2026-06-13 01:30:01] 🔄 조직도 & 업무현황 스냅샷 생성 시작...
[2026-06-13 01:30:01] ✅ 스냅샷 완료: /home/jeepney/.openclaw/workspace-dev/ORGANIZATION_STATUS_SNAPSHOT_2026_06_13_0130.json
[2026-06-13 01:30:01]   Phase2A:  | Phase2B:  | Phase2C: 
[2026-06-13 01:30:01]   Disk: 4% | Memory: 17.6% | Load: 1.94, 0.48, 0.23
[2026-06-13 02:00:01] 🔄 조직도 & 업무현황 스냅샷 생성 시작...
[2026-06-13 02:00:01] ✅ 스냅샷 완료: /home/jeepney/.openclaw/workspace-dev/ORGANIZATION_STATUS_SNAPSHOT_2026_06_13_0200.json
[2026-06-13 02:00:01]   Phase2A:  | Phase2B:  | Phase2C: 
[2026-06-13 02:00:01]   Disk: 4% | Memory: 18.0% | Load: 0.17, 0.11, 0.13
[2026-06-13 02:30:01] 🔄 조직도 & 업무현황 스냅샷 생성 시작...
[2026-06-13 02:30:01] ✅ 스냅샷 완료: /home/jeepney/.openclaw/workspace-dev/ORGANIZATION_STATUS_SNAPSHOT_2026_06_13_0230.json
[2026-06-13 02:30:01]   Phase2A:  | Phase2B:  | Phase2C: 
[2026-06-13 02:30:01]   Disk: 4% | Memory: 16.4% | Load: 0.03, 0.06, 0.08
[2026-06-13 03:00:01] 🔄 조직도 & 업무현황 스냅샷 생성 시작...
[2026-06-13 03:00:01] ✅ 스냅샷 완료: /home/jeepney/.openclaw/workspace-dev/ORGANIZATION_STATUS_SNAPSHOT_2026_06_13_0300.json
[2026-06-13 03:00:01]   Phase2A:  | Phase2B:  | Phase2C: 
[2026-06-13 03:00:01]   Disk: 4% | Memory: 16.9% | Load: 0.10, 0.06, 0.07
[2026-06-13 03:30:01] 🔄 조직도 & 업무현황 스냅샷 생성 시작...
[2026-06-13 03:30:01] ✅ 스냅샷 완료: /home/jeepney/.openclaw/workspace-dev/ORGANIZATION_STATUS_SNAPSHOT_2026_06_13_0330.json
[2026-06-13 03:30:01]   Phase2A:  | Phase2B:  | Phase2C: 
[2026-06-13 03:30:01]   Disk: 4% | Memory: 16.8% | Load: 0.12, 0.07, 0.08
[2026-06-13 04:00:01] 🔄 조직도 & 업무현황 스냅샷 생성 시작...
[2026-06-13 04:00:01] ✅ 스냅샷 완료: /home/jeepney/.openclaw/workspace-dev/ORGANIZATION_STATUS_SNAPSHOT_2026_06_13_0400.json
[2026-06-13 04:00:01]   Phase2A:  | Phase2B:  | Phase2C: 
[2026-06-13 04:00:01]   Disk: 4% | Memory: 16.8% | Load: 0.00, 0.03, 0.04
[2026-06-13 04:30:01] 🔄 조직도 & 업무현황 스냅샷 생성 시작...
[2026-06-13 04:30:01] ✅ 스냅샷 완료: /home/jeepney/.openclaw/workspace-dev/ORGANIZATION_STATUS_SNAPSHOT_2026_06_13_0430.json
[2026-06-13 04:30:01]   Phase2A:  | Phase2B:  | Phase2C: 
[2026-06-13 04:30:01]   Disk: 4% | Memory: 16.6% | Load: 0.00, 0.04, 0.06
[2026-06-13 05:00:01] 🔄 조직도 & 업무현황 스냅샷 생성 시작...
[2026-06-13 05:00:01] ✅ 스냅샷 완료: /home/jeepney/.openclaw/workspace-dev/ORGANIZATION_STATUS_SNAPSHOT_2026_06_13_0500.json
[2026-06-13 05:00:01]   Phase2A:  | Phase2B:  | Phase2C: 
[2026-06-13 05:00:01]   Disk: 4% | Memory: 17.9% | Load: 0.09, 0.12, 0.09
[2026-06-13 05:30:02] 🔄 조직도 & 업무현황 스냅샷 생성 시작...
[2026-06-13 05:30:02] ✅ 스냅샷 완료: /home/jeepney/.openclaw/workspace-dev/ORGANIZATION_STATUS_SNAPSHOT_2026_06_13_0530.json
[2026-06-13 05:30:02]   Phase2A:  | Phase2B:  | Phase2C: 
[2026-06-13 05:30:02]   Disk: 4% | Memory: 16.7% | Load: 0.03, 0.06, 0.07
[2026-06-13 06:00:01] 🔄 조직도 & 업무현황 스냅샷 생성 시작...
[2026-06-13 06:00:01] ✅ 스냅샷 완료: /home/jeepney/.openclaw/workspace-dev/ORGANIZATION_STATUS_SNAPSHOT_2026_06_13_0600.json
[2026-06-13 06:00:01]   Phase2A:  | Phase2B:  | Phase2C: 
[2026-06-13 06:00:01]   Disk: 4% | Memory: 17.9% | Load: 0.09, 0.10, 0.09
[2026-06-13 06:30:01] 🔄 조직도 & 업무현황 스냅샷 생성 시작...
[2026-06-13 06:30:01] ✅ 스냅샷 완료: /home/jeepney/.openclaw/workspace-dev/ORGANIZATION_STATUS_SNAPSHOT_2026_06_13_0630.json
[2026-06-13 06:30:01]   Phase2A:  | Phase2B:  | Phase2C: 
[2026-06-13 06:30:01]   Disk: 4% | Memory: 16.8% | Load: 0.34, 0.10, 0.10
[2026-06-13 07:00:01] 🔄 조직도 & 업무현황 스냅샷 생성 시작...
[2026-06-13 07:00:01] ✅ 스냅샷 완료: /home/jeepney/.openclaw/workspace-dev/ORGANIZATION_STATUS_SNAPSHOT_2026_06_13_0700.json
[2026-06-13 07:00:01]   Phase2A:  | Phase2B:  | Phase2C: 
[2026-06-13 07:00:01]   Disk: 4% | Memory: 17.2% | Load: 0.00, 0.02, 0.03
[2026-06-13 07:30:01] 🔄 조직도 & 업무현황 스냅샷 생성 시작...
[2026-06-13 07:30:01] ✅ 스냅샷 완료: /home/jeepney/.openclaw/workspace-dev/ORGANIZATION_STATUS_SNAPSHOT_2026_06_13_0730.json
[2026-06-13 07:30:01]   Phase2A:  | Phase2B:  | Phase2C: 
[2026-06-13 07:30:01]   Disk: 4% | Memory: 15.6% | Load: 0.14, 0.12, 0.04
[2026-06-13 08:00:01] 🔄 조직도 & 업무현황 스냅샷 생성 시작...
[2026-06-13 08:00:01] ✅ 스냅샷 완료: /home/jeepney/.openclaw/workspace-dev/ORGANIZATION_STATUS_SNAPSHOT_2026_06_13_0800.json
[2026-06-13 08:00:01]   Phase2A:  | Phase2B:  | Phase2C: 
[2026-06-13 08:00:01]   Disk: 4% | Memory: 18.7% | Load: 0.09, 0.04, 0.02
[2026-06-13 08:30:01] 🔄 조직도 & 업무현황 스냅샷 생성 시작...
[2026-06-13 08:30:01] ✅ 스냅샷 완료: /home/jeepney/.openclaw/workspace-dev/ORGANIZATION_STATUS_SNAPSHOT_2026_06_13_0830.json
[2026-06-13 08:30:01]   Phase2A:  | Phase2B:  | Phase2C: 
[2026-06-13 08:30:01]   Disk: 4% | Memory: 14.5% | Load: 0.89, 0.25, 0.15
[2026-06-13 09:00:01] 🔄 조직도 & 업무현황 스냅샷 생성 시작...
[2026-06-13 09:00:02] ✅ 스냅샷 완료: /home/jeepney/.openclaw/workspace-dev/ORGANIZATION_STATUS_SNAPSHOT_2026_06_13_0900.json
[2026-06-13 09:00:02]   Phase2A:  | Phase2B:  | Phase2C: 
[2026-06-13 09:00:02]   Disk: 4% | Memory: 18.7% | Load: 0.16, 0.11, 0.09
[2026-06-13 09:30:01] 🔄 조직도 & 업무현황 스냅샷 생성 시작...
[2026-06-13 09:30:01] ✅ 스냅샷 완료: /home/jeepney/.openclaw/workspace-dev/ORGANIZATION_STATUS_SNAPSHOT_2026_06_13_0930.json
[2026-06-13 09:30:01]   Phase2A:  | Phase2B:  | Phase2C: 
[2026-06-13 09:30:01]   Disk: 4% | Memory: 15.6% | Load: 0.02, 0.04, 0.06
[2026-06-13 10:00:01] 🔄 조직도 & 업무현황 스냅샷 생성 시작...
[2026-06-13 10:00:01] ✅ 스냅샷 완료: /home/jeepney/.openclaw/workspace-dev/ORGANIZATION_STATUS_SNAPSHOT_2026_06_13_1000.json
[2026-06-13 10:00:01]   Phase2A:  | Phase2B:  | Phase2C: 
[2026-06-13 10:00:01]   Disk: 4% | Memory: 17.9% | Load: 0.05, 0.07, 0.07
[2026-06-13 10:30:01] 🔄 조직도 & 업무현황 스냅샷 생성 시작...
[2026-06-13 10:30:01] ✅ 스냅샷 완료: /home/jeepney/.openclaw/workspace-dev/ORGANIZATION_STATUS_SNAPSHOT_2026_06_13_1030.json
[2026-06-13 10:30:01]   Phase2A:  | Phase2B:  | Phase2C: 
[2026-06-13 10:30:01]   Disk: 4% | Memory: 16.0% | Load: 0.00, 0.04, 0.07
[2026-06-13 11:00:01] 🔄 조직도 & 업무현황 스냅샷 생성 시작...
[2026-06-13 11:00:01] ✅ 스냅샷 완료: /home/jeepney/.openclaw/workspace-dev/ORGANIZATION_STATUS_SNAPSHOT_2026_06_13_1100.json
[2026-06-13 11:00:01]   Phase2A:  | Phase2B:  | Phase2C: 
[2026-06-13 11:00:01]   Disk: 4% | Memory: 18.5% | Load: 0.00, 0.04, 0.08
[2026-06-13 11:30:01] 🔄 조직도 & 업무현황 스냅샷 생성 시작...
[2026-06-13 11:30:01] ✅ 스냅샷 완료: /home/jeepney/.openclaw/workspace-dev/ORGANIZATION_STATUS_SNAPSHOT_2026_06_13_1130.json
[2026-06-13 11:30:01]   Phase2A:  | Phase2B:  | Phase2C: 
[2026-06-13 11:30:01]   Disk: 4% | Memory: 19.5% | Load: 0.07, 0.23, 0.34
[2026-06-13 12:00:01] 🔄 조직도 & 업무현황 스냅샷 생성 시작...
[2026-06-13 12:00:01] ✅ 스냅샷 완료: /home/jeepney/.openclaw/workspace-dev/ORGANIZATION_STATUS_SNAPSHOT_2026_06_13_1200.json
[2026-06-13 12:00:01]   Phase2A:  | Phase2B:  | Phase2C: 
[2026-06-13 12:00:01]   Disk: 4% | Memory: 19.2% | Load: 0.24, 0.14, 0.19
[2026-06-13 12:30:01] 🔄 조직도 & 업무현황 스냅샷 생성 시작...
[2026-06-13 12:30:01] ✅ 스냅샷 완료: /home/jeepney/.openclaw/workspace-dev/ORGANIZATION_STATUS_SNAPSHOT_2026_06_13_1230.json
[2026-06-13 12:30:01]   Phase2A:  | Phase2B:  | Phase2C: 
[2026-06-13 12:30:01]   Disk: 4% | Memory: 16.3% | Load: 0.00, 0.06, 0.12
[2026-06-13 13:00:01] 🔄 조직도 & 업무현황 스냅샷 생성 시작...
[2026-06-13 13:00:01] ✅ 스냅샷 완료: /home/jeepney/.openclaw/workspace-dev/ORGANIZATION_STATUS_SNAPSHOT_2026_06_13_1300.json
[2026-06-13 13:00:01]   Phase2A:  | Phase2B:  | Phase2C: 
[2026-06-13 13:00:01]   Disk: 4% | Memory: 18.0% | Load: 0.04, 0.13, 0.13
[2026-06-13 13:30:01] 🔄 조직도 & 업무현황 스냅샷 생성 시작...
[2026-06-13 13:30:01] ✅ 스냅샷 완료: /home/jeepney/.openclaw/workspace-dev/ORGANIZATION_STATUS_SNAPSHOT_2026_06_13_1330.json
[2026-06-13 13:30:01]   Phase2A:  | Phase2B:  | Phase2C: 
[2026-06-13 13:30:01]   Disk: 4% | Memory: 16.2% | Load: 0.08, 0.06, 0.10
[2026-06-13 14:00:01] 🔄 조직도 & 업무현황 스냅샷 생성 시작...
[2026-06-13 14:00:01] ✅ 스냅샷 완료: /home/jeepney/.openclaw/workspace-dev/ORGANIZATION_STATUS_SNAPSHOT_2026_06_13_1400.json
[2026-06-13 14:00:01]   Phase2A:  | Phase2B:  | Phase2C: 
[2026-06-13 14:00:01]   Disk: 4% | Memory: 25.1% | Load: 0.17, 0.45, 0.40
[2026-06-13 14:30:01] 🔄 조직도 & 업무현황 스냅샷 생성 시작...
[2026-06-13 14:30:01] ✅ 스냅샷 완료: /home/jeepney/.openclaw/workspace-dev/ORGANIZATION_STATUS_SNAPSHOT_2026_06_13_1430.json
[2026-06-13 14:30:01]   Phase2A:  | Phase2B:  | Phase2C: 
[2026-06-13 14:30:01]   Disk: 4% | Memory: 12.4% | Load: 0.00, 0.05, 0.12
