[2026-06-03 00:00:01] === P0 AUTO-RECOVERY CHECK ===
[2026-06-03 00:00:01] Checking service health...
[2026-06-03 00:00:01] ✅ Phase 2A (port 3009) OK
[2026-06-03 00:00:01] ✅ Phase 2B (port 3010) OK
[2026-06-03 00:00:01] ✅ Phase 2C (port 3011) OK
[2026-06-03 00:00:01] Checking critical cron jobs...
[2026-06-03 00:00:01] ✅ Phase 2B cron job present
[2026-06-03 00:00:01] ✅ Phase 2D cron job present
[2026-06-03 00:00:01] === P0 CHECK COMPLETE ===
[2026-06-03 01:00:01] === P0 AUTO-RECOVERY CHECK ===
[2026-06-03 01:00:01] Checking service health...
[2026-06-03 01:00:01] ✅ Phase 2A (port 3009) OK
[2026-06-03 01:00:01] ✅ Phase 2B (port 3010) OK
[2026-06-03 01:00:01] ✅ Phase 2C (port 3011) OK
[2026-06-03 01:00:01] Checking critical cron jobs...
[2026-06-03 01:00:01] ✅ Phase 2B cron job present
[2026-06-03 01:00:01] ✅ Phase 2D cron job present
[2026-06-03 01:00:01] === P0 CHECK COMPLETE ===
[2026-06-03 02:00:01] === P0 AUTO-RECOVERY CHECK ===
[2026-06-03 02:00:01] Checking service health...
[2026-06-03 02:00:01] ✅ Phase 2A (port 3009) OK
[2026-06-03 02:00:01] ✅ Phase 2B (port 3010) OK
[2026-06-03 02:00:01] ✅ Phase 2C (port 3011) OK
[2026-06-03 02:00:01] Checking critical cron jobs...
[2026-06-03 02:00:01] ✅ Phase 2B cron job present
[2026-06-03 02:00:01] ✅ Phase 2D cron job present
[2026-06-03 02:00:02] === P0 CHECK COMPLETE ===
[2026-06-03 03:00:01] === P0 AUTO-RECOVERY CHECK ===
[2026-06-03 03:00:01] Checking service health...
[2026-06-03 03:00:01] ✅ Phase 2A (port 3009) OK
[2026-06-03 03:00:01] ✅ Phase 2B (port 3010) OK
[2026-06-03 03:00:01] ✅ Phase 2C (port 3011) OK
[2026-06-03 03:00:01] Checking critical cron jobs...
[2026-06-03 03:00:01] ✅ Phase 2B cron job present
[2026-06-03 03:00:01] ✅ Phase 2D cron job present
[2026-06-03 03:00:01] === P0 CHECK COMPLETE ===
[2026-06-03 04:00:01] === P0 AUTO-RECOVERY CHECK ===
[2026-06-03 04:00:01] Checking service health...
[2026-06-03 04:00:01] ✅ Phase 2A (port 3009) OK
[2026-06-03 04:00:01] ✅ Phase 2B (port 3010) OK
[2026-06-03 04:00:01] ✅ Phase 2C (port 3011) OK
[2026-06-03 04:00:01] Checking critical cron jobs...
[2026-06-03 04:00:01] ✅ Phase 2B cron job present
[2026-06-03 04:00:01] ✅ Phase 2D cron job present
[2026-06-03 04:00:01] === P0 CHECK COMPLETE ===
[2026-06-03 05:00:01] === P0 AUTO-RECOVERY CHECK ===
[2026-06-03 05:00:01] Checking service health...
[2026-06-03 05:00:01] ✅ Phase 2A (port 3009) OK
[2026-06-03 05:00:01] ✅ Phase 2B (port 3010) OK
[2026-06-03 05:00:01] ✅ Phase 2C (port 3011) OK
[2026-06-03 05:00:01] Checking critical cron jobs...
[2026-06-03 05:00:01] ✅ Phase 2B cron job present
[2026-06-03 05:00:01] ✅ Phase 2D cron job present
[2026-06-03 05:00:01] === P0 CHECK COMPLETE ===
[2026-06-03 06:00:01] === P0 AUTO-RECOVERY CHECK ===
[2026-06-03 06:00:01] Checking service health...
[2026-06-03 06:00:01] ✅ Phase 2A (port 3009) OK
[2026-06-03 06:00:01] ✅ Phase 2B (port 3010) OK
[2026-06-03 06:00:01] ✅ Phase 2C (port 3011) OK
[2026-06-03 06:00:01] Checking critical cron jobs...
[2026-06-03 06:00:01] ✅ Phase 2B cron job present
[2026-06-03 06:00:01] ✅ Phase 2D cron job present
[2026-06-03 06:00:01] === P0 CHECK COMPLETE ===
[2026-06-03 07:00:01] === P0 AUTO-RECOVERY CHECK ===
[2026-06-03 07:00:01] Checking service health...
[2026-06-03 07:00:01] ✅ Phase 2A (port 3009) OK
[2026-06-03 07:00:01] ✅ Phase 2B (port 3010) OK
[2026-06-03 07:00:01] ✅ Phase 2C (port 3011) OK
[2026-06-03 07:00:01] Checking critical cron jobs...
[2026-06-03 07:00:01] ✅ Phase 2B cron job present
[2026-06-03 07:00:01] ✅ Phase 2D cron job present
[2026-06-03 07:00:01] === P0 CHECK COMPLETE ===
[2026-06-03 08:00:01] === P0 AUTO-RECOVERY CHECK ===
[2026-06-03 08:00:01] Checking service health...
[2026-06-03 08:00:01] ✅ Phase 2A (port 3009) OK
[2026-06-03 08:00:01] ✅ Phase 2B (port 3010) OK
[2026-06-03 08:00:01] ✅ Phase 2C (port 3011) OK
[2026-06-03 08:00:01] Checking critical cron jobs...
[2026-06-03 08:00:01] ✅ Phase 2B cron job present
[2026-06-03 08:00:01] ✅ Phase 2D cron job present
[2026-06-03 08:00:01] === P0 CHECK COMPLETE ===
