[2026-06-02 16:25:39] Current trust score: 84%
[2026-06-02 16:25:39] ✅ System healthy. Score: 84%
[2026-06-02 16:30:01] Current trust score: 84%
[2026-06-02 16:30:01] ✅ System healthy. Score: 84%
[2026-06-02 16:35:01] Current trust score: 84%
[2026-06-02 16:35:01] ✅ System healthy. Score: 84%
[2026-06-02 16:40:01] Current trust score: 84%
[2026-06-02 16:40:01] ✅ System healthy. Score: 84%
[2026-06-02 16:45:01] Current trust score: 99%
[2026-06-02 16:45:01] ✅ System healthy. Score: 99%
[2026-06-02 16:50:01] Current trust score: 99%
[2026-06-02 16:50:01] ✅ System healthy. Score: 99%
[2026-06-02 16:55:01] Current trust score: 99%
[2026-06-02 16:55:01] ✅ System healthy. Score: 99%
[2026-06-02 17:00:01] Current trust score: 99%
[2026-06-02 17:00:01] ✅ System healthy. Score: 99%
[2026-06-02 17:05:01] Current trust score: 99%
[2026-06-02 17:05:01] ✅ System healthy. Score: 99%
[2026-06-02 17:10:01] Current trust score: 99%
[2026-06-02 17:10:01] ✅ System healthy. Score: 99%
[2026-06-02 17:15:01] Current trust score: 99%
[2026-06-02 17:15:01] ✅ System healthy. Score: 99%
[2026-06-02 17:20:01] Current trust score: 99%
[2026-06-02 17:20:01] ✅ System healthy. Score: 99%
[2026-06-02 17:25:01] Current trust score: 99%
[2026-06-02 17:25:01] ✅ System healthy. Score: 99%
[2026-06-02 17:30:01] Current trust score: 0%
[2026-06-02 17:30:01] 🔴 Trust score < 70% detected. Reason: Health score 0% < 70%
[2026-06-02 17:30:01] Triggering P1 Auto-Improvement Agent spawn...
[2026-06-02 17:30:01] ✅ P1 trigger logged. Parent agent should spawn evaluator.
[2026-06-02 17:35:01] Current trust score: 0%
[2026-06-02 17:35:01] 🔴 Trust score < 70% detected. Reason: Health score 0% < 70%
[2026-06-02 17:35:01] Triggering P1 Auto-Improvement Agent spawn...
[2026-06-02 17:35:01] ✅ P1 trigger logged. Parent agent should spawn evaluator.
[2026-06-02 17:40:01] Current trust score: 0%
[2026-06-02 17:40:01] 🔴 Trust score < 70% detected. Reason: Health score 0% < 70%
[2026-06-02 17:40:01] Triggering P1 Auto-Improvement Agent spawn...
[2026-06-02 17:40:01] ✅ P1 trigger logged. Parent agent should spawn evaluator.
[2026-06-02 17:45:01] Current trust score: 0%
[2026-06-02 17:45:01] 🔴 Trust score < 70% detected. Reason: Health score 0% < 70%
[2026-06-02 17:45:01] Triggering P1 Auto-Improvement Agent spawn...
[2026-06-02 17:45:01] ✅ P1 trigger logged. Parent agent should spawn evaluator.
[2026-06-02 17:50:01] Current trust score: 0%
[2026-06-02 17:50:01] 🔴 Trust score < 70% detected. Reason: Health score 0% < 70%
[2026-06-02 17:50:01] Triggering P1 Auto-Improvement Agent spawn...
[2026-06-02 17:50:01] ✅ P1 trigger logged. Parent agent should spawn evaluator.
[2026-06-02 17:55:01] Current trust score: 46%
[2026-06-02 17:55:01] 🔴 Trust score < 70% detected. Reason: Health score 46% < 70%
[2026-06-02 17:55:01] Triggering P1 Auto-Improvement Agent spawn...
[2026-06-02 17:55:01] ✅ P1 trigger logged. Parent agent should spawn evaluator.
[2026-06-02 18:00:01] Current trust score: 46%
[2026-06-02 18:00:01] 🔴 Trust score < 70% detected. Reason: Health score 46% < 70%
[2026-06-02 18:00:01] Triggering P1 Auto-Improvement Agent spawn...
[2026-06-02 18:00:01] ✅ P1 trigger logged. Parent agent should spawn evaluator.
[2026-06-02 18:05:01] Current trust score: 79%
[2026-06-02 18:05:01] ✅ System healthy. Score: 79%
[2026-06-02 18:10:01] Current trust score: 79%
[2026-06-02 18:10:01] ✅ System healthy. Score: 79%
[2026-06-02 18:15:01] Current trust score: 79%
[2026-06-02 18:15:01] ✅ System healthy. Score: 79%
[2026-06-02 18:20:01] Current trust score: 79%
[2026-06-02 18:20:02] ✅ System healthy. Score: 79%
[2026-06-02 18:25:01] Current trust score: 79%
[2026-06-02 18:25:01] ✅ System healthy. Score: 79%
[2026-06-02 18:30:01] Current trust score: 79%
[2026-06-02 18:30:01] ✅ System healthy. Score: 79%
[2026-06-02 18:35:01] Current trust score: 79%
[2026-06-02 18:35:01] ✅ System healthy. Score: 79%
[2026-06-02 18:40:01] Current trust score: 79%
[2026-06-02 18:40:01] ✅ System healthy. Score: 79%
[2026-06-02 18:45:01] Current trust score: 79%
[2026-06-02 18:45:01] ✅ System healthy. Score: 79%
[2026-06-02 18:50:01] Current trust score: 79%
[2026-06-02 18:50:01] ✅ System healthy. Score: 79%
[2026-06-02 18:55:01] Current trust score: 79%
[2026-06-02 18:55:01] ✅ System healthy. Score: 79%
[2026-06-02 19:00:01] Current trust score: 79%
[2026-06-02 19:00:01] ✅ System healthy. Score: 79%
[2026-06-02 19:05:01] Current trust score: 64%
[2026-06-02 19:05:01] 🔴 Trust score < 70% detected. Reason: Health score 64% < 70%
[2026-06-02 19:05:01] Triggering P1 Auto-Improvement Agent spawn...
[2026-06-02 19:05:01] ✅ P1 trigger logged. Parent agent should spawn evaluator.
[2026-06-02 19:10:01] Current trust score: 64%
[2026-06-02 19:10:01] 🔴 Trust score < 70% detected. Reason: Health score 64% < 70%
[2026-06-02 19:10:01] Triggering P1 Auto-Improvement Agent spawn...
[2026-06-02 19:10:01] ✅ P1 trigger logged. Parent agent should spawn evaluator.
[2026-06-02 19:15:01] Current trust score: 64%
[2026-06-02 19:15:01] 🔴 Trust score < 70% detected. Reason: Health score 64% < 70%
[2026-06-02 19:15:01] Triggering P1 Auto-Improvement Agent spawn...
[2026-06-02 19:15:01] ✅ P1 trigger logged. Parent agent should spawn evaluator.
