[2026-06-03 00:00:01] Current trust score: 64%
[2026-06-03 00:00:01] 🔴 Trust score < 70% detected. Reason: Health score 64% < 70%
[2026-06-03 00:00:01] Triggering P1 Auto-Improvement Agent spawn...
[2026-06-03 00:00:01] ✅ P1 trigger logged. Parent agent should spawn evaluator.
[2026-06-03 00:05:01] Current trust score: 64%
[2026-06-03 00:05:01] 🔴 Trust score < 70% detected. Reason: Health score 64% < 70%
[2026-06-03 00:05:01] Triggering P1 Auto-Improvement Agent spawn...
[2026-06-03 00:05:01] ✅ P1 trigger logged. Parent agent should spawn evaluator.
[2026-06-03 00:10:01] Current trust score: 64%
[2026-06-03 00:10:01] 🔴 Trust score < 70% detected. Reason: Health score 64% < 70%
[2026-06-03 00:10:01] Triggering P1 Auto-Improvement Agent spawn...
[2026-06-03 00:10:01] ✅ P1 trigger logged. Parent agent should spawn evaluator.
[2026-06-03 00:15:01] Current trust score: 64%
[2026-06-03 00:15:01] 🔴 Trust score < 70% detected. Reason: Health score 64% < 70%
[2026-06-03 00:15:01] Triggering P1 Auto-Improvement Agent spawn...
[2026-06-03 00:15:01] ✅ P1 trigger logged. Parent agent should spawn evaluator.
[2026-06-03 00:20:01] Current trust score: 64%
[2026-06-03 00:20:01] 🔴 Trust score < 70% detected. Reason: Health score 64% < 70%
[2026-06-03 00:20:01] Triggering P1 Auto-Improvement Agent spawn...
[2026-06-03 00:20:01] ✅ P1 trigger logged. Parent agent should spawn evaluator.
[2026-06-03 00:25:01] Current trust score: 64%
[2026-06-03 00:25:01] 🔴 Trust score < 70% detected. Reason: Health score 64% < 70%
[2026-06-03 00:25:01] Triggering P1 Auto-Improvement Agent spawn...
[2026-06-03 00:25:01] ✅ P1 trigger logged. Parent agent should spawn evaluator.
[2026-06-03 00:30:01] Current trust score: 64%
[2026-06-03 00:30:01] 🔴 Trust score < 70% detected. Reason: Health score 64% < 70%
[2026-06-03 00:30:01] Triggering P1 Auto-Improvement Agent spawn...
[2026-06-03 00:30:01] ✅ P1 trigger logged. Parent agent should spawn evaluator.
[2026-06-03 00:35:01] Current trust score: 64%
[2026-06-03 00:35:01] 🔴 Trust score < 70% detected. Reason: Health score 64% < 70%
[2026-06-03 00:35:01] Triggering P1 Auto-Improvement Agent spawn...
[2026-06-03 00:35:01] ✅ P1 trigger logged. Parent agent should spawn evaluator.
[2026-06-03 00:40:01] Current trust score: 64%
[2026-06-03 00:40:01] 🔴 Trust score < 70% detected. Reason: Health score 64% < 70%
[2026-06-03 00:40:01] Triggering P1 Auto-Improvement Agent spawn...
[2026-06-03 00:40:01] ✅ P1 trigger logged. Parent agent should spawn evaluator.
[2026-06-03 00:45:01] Current trust score: 64%
[2026-06-03 00:45:01] 🔴 Trust score < 70% detected. Reason: Health score 64% < 70%
[2026-06-03 00:45:01] Triggering P1 Auto-Improvement Agent spawn...
[2026-06-03 00:45:01] ✅ P1 trigger logged. Parent agent should spawn evaluator.
[2026-06-03 00:50:01] Current trust score: 64%
[2026-06-03 00:50:01] 🔴 Trust score < 70% detected. Reason: Health score 64% < 70%
[2026-06-03 00:50:01] Triggering P1 Auto-Improvement Agent spawn...
[2026-06-03 00:50:01] ✅ P1 trigger logged. Parent agent should spawn evaluator.
[2026-06-03 00:55:01] Current trust score: 64%
[2026-06-03 00:55:01] 🔴 Trust score < 70% detected. Reason: Health score 64% < 70%
[2026-06-03 00:55:01] Triggering P1 Auto-Improvement Agent spawn...
[2026-06-03 00:55:01] ✅ P1 trigger logged. Parent agent should spawn evaluator.
[2026-06-03 01:00:01] Current trust score: 64%
[2026-06-03 01:00:01] 🔴 Trust score < 70% detected. Reason: Health score 64% < 70%
[2026-06-03 01:00:01] Triggering P1 Auto-Improvement Agent spawn...
[2026-06-03 01:00:01] ✅ P1 trigger logged. Parent agent should spawn evaluator.
[2026-06-03 01:05:01] Current trust score: 64%
[2026-06-03 01:05:01] 🔴 Trust score < 70% detected. Reason: Health score 64% < 70%
[2026-06-03 01:05:01] Triggering P1 Auto-Improvement Agent spawn...
[2026-06-03 01:05:01] ✅ P1 trigger logged. Parent agent should spawn evaluator.
[2026-06-03 01:10:01] Current trust score: 64%
[2026-06-03 01:10:01] 🔴 Trust score < 70% detected. Reason: Health score 64% < 70%
[2026-06-03 01:10:01] Triggering P1 Auto-Improvement Agent spawn...
[2026-06-03 01:10:01] ✅ P1 trigger logged. Parent agent should spawn evaluator.
[2026-06-03 01:15:01] Current trust score: 64%
[2026-06-03 01:15:01] 🔴 Trust score < 70% detected. Reason: Health score 64% < 70%
[2026-06-03 01:15:01] Triggering P1 Auto-Improvement Agent spawn...
[2026-06-03 01:15:01] ✅ P1 trigger logged. Parent agent should spawn evaluator.
[2026-06-03 01:20:01] Current trust score: 64%
[2026-06-03 01:20:01] 🔴 Trust score < 70% detected. Reason: Health score 64% < 70%
[2026-06-03 01:20:01] Triggering P1 Auto-Improvement Agent spawn...
[2026-06-03 01:20:01] ✅ P1 trigger logged. Parent agent should spawn evaluator.
[2026-06-03 01:25:01] Current trust score: 64%
[2026-06-03 01:25:01] 🔴 Trust score < 70% detected. Reason: Health score 64% < 70%
[2026-06-03 01:25:01] Triggering P1 Auto-Improvement Agent spawn...
[2026-06-03 01:25:01] ✅ P1 trigger logged. Parent agent should spawn evaluator.
[2026-06-03 01:30:01] Current trust score: 64%
[2026-06-03 01:30:01] 🔴 Trust score < 70% detected. Reason: Health score 64% < 70%
[2026-06-03 01:30:01] Triggering P1 Auto-Improvement Agent spawn...
[2026-06-03 01:30:01] ✅ P1 trigger logged. Parent agent should spawn evaluator.
[2026-06-03 01:35:01] Current trust score: 64%
[2026-06-03 01:35:01] 🔴 Trust score < 70% detected. Reason: Health score 64% < 70%
[2026-06-03 01:35:01] Triggering P1 Auto-Improvement Agent spawn...
[2026-06-03 01:35:01] ✅ P1 trigger logged. Parent agent should spawn evaluator.
[2026-06-03 01:40:01] Current trust score: 64%
[2026-06-03 01:40:01] 🔴 Trust score < 70% detected. Reason: Health score 64% < 70%
[2026-06-03 01:40:01] Triggering P1 Auto-Improvement Agent spawn...
[2026-06-03 01:40:01] ✅ P1 trigger logged. Parent agent should spawn evaluator.
[2026-06-03 01:45:01] Current trust score: 64%
[2026-06-03 01:45:01] 🔴 Trust score < 70% detected. Reason: Health score 64% < 70%
[2026-06-03 01:45:01] Triggering P1 Auto-Improvement Agent spawn...
[2026-06-03 01:45:01] ✅ P1 trigger logged. Parent agent should spawn evaluator.
[2026-06-03 01:50:01] Current trust score: 64%
[2026-06-03 01:50:01] 🔴 Trust score < 70% detected. Reason: Health score 64% < 70%
[2026-06-03 01:50:01] Triggering P1 Auto-Improvement Agent spawn...
[2026-06-03 01:50:01] ✅ P1 trigger logged. Parent agent should spawn evaluator.
[2026-06-03 01:55:01] Current trust score: 64%
[2026-06-03 01:55:01] 🔴 Trust score < 70% detected. Reason: Health score 64% < 70%
[2026-06-03 01:55:01] Triggering P1 Auto-Improvement Agent spawn...
[2026-06-03 01:55:01] ✅ P1 trigger logged. Parent agent should spawn evaluator.
[2026-06-03 02:00:01] Current trust score: 99%
[2026-06-03 02:00:01] ✅ System healthy. Score: 99%
[2026-06-03 02:05:01] Current trust score: 99%
[2026-06-03 02:05:01] ✅ System healthy. Score: 99%
[2026-06-03 02:10:02] Current trust score: 99%
[2026-06-03 02:10:02] ✅ System healthy. Score: 99%
[2026-06-03 02:15:01] Current trust score: 99%
[2026-06-03 02:15:01] ✅ System healthy. Score: 99%
[2026-06-03 02:20:01] Current trust score: 99%
[2026-06-03 02:20:01] ✅ System healthy. Score: 99%
[2026-06-03 02:25:01] Current trust score: 99%
[2026-06-03 02:25:01] ✅ System healthy. Score: 99%
[2026-06-03 02:30:01] Current trust score: 99%
[2026-06-03 02:30:01] ✅ System healthy. Score: 99%
[2026-06-03 02:35:01] Current trust score: 99%
[2026-06-03 02:35:01] ✅ System healthy. Score: 99%
[2026-06-03 02:40:01] Current trust score: 99%
[2026-06-03 02:40:01] ✅ System healthy. Score: 99%
[2026-06-03 02:45:01] Current trust score: 99%
[2026-06-03 02:45:01] ✅ System healthy. Score: 99%
[2026-06-03 02:50:01] Current trust score: 99%
[2026-06-03 02:50:01] ✅ System healthy. Score: 99%
[2026-06-03 02:55:01] Current trust score: 99%
[2026-06-03 02:55:01] ✅ System healthy. Score: 99%
[2026-06-03 03:00:01] Current trust score: 99%
[2026-06-03 03:00:01] ✅ System healthy. Score: 99%
[2026-06-03 03:05:01] Current trust score: 99%
[2026-06-03 03:05:01] ✅ System healthy. Score: 99%
[2026-06-03 03:10:01] Current trust score: 99%
[2026-06-03 03:10:01] ✅ System healthy. Score: 99%
[2026-06-03 03:15:01] Current trust score: 99%
[2026-06-03 03:15:01] ✅ System healthy. Score: 99%
[2026-06-03 03:20:01] Current trust score: 99%
[2026-06-03 03:20:01] ✅ System healthy. Score: 99%
[2026-06-03 03:25:01] Current trust score: 99%
[2026-06-03 03:25:01] ✅ System healthy. Score: 99%
[2026-06-03 03:30:01] Current trust score: 99%
[2026-06-03 03:30:01] ✅ System healthy. Score: 99%
[2026-06-03 03:35:01] Current trust score: 99%
[2026-06-03 03:35:01] ✅ System healthy. Score: 99%
[2026-06-03 03:40:01] Current trust score: 99%
[2026-06-03 03:40:01] ✅ System healthy. Score: 99%
[2026-06-03 03:45:01] Current trust score: 99%
[2026-06-03 03:45:01] ✅ System healthy. Score: 99%
[2026-06-03 03:50:01] Current trust score: 99%
[2026-06-03 03:50:01] ✅ System healthy. Score: 99%
[2026-06-03 03:55:01] Current trust score: 99%
[2026-06-03 03:55:01] ✅ System healthy. Score: 99%
[2026-06-03 04:00:01] Current trust score: 99%
[2026-06-03 04:00:01] ✅ System healthy. Score: 99%
[2026-06-03 04:05:01] Current trust score: 99%
[2026-06-03 04:05:01] ✅ System healthy. Score: 99%
[2026-06-03 04:10:01] Current trust score: 99%
[2026-06-03 04:10:01] ✅ System healthy. Score: 99%
[2026-06-03 04:15:01] Current trust score: 99%
[2026-06-03 04:15:01] ✅ System healthy. Score: 99%
[2026-06-03 04:20:01] Current trust score: 99%
[2026-06-03 04:20:01] ✅ System healthy. Score: 99%
[2026-06-03 04:25:01] Current trust score: 99%
[2026-06-03 04:25:01] ✅ System healthy. Score: 99%
[2026-06-03 04:30:01] Current trust score: 99%
[2026-06-03 04:30:01] ✅ System healthy. Score: 99%
[2026-06-03 04:35:02] Current trust score: 99%
[2026-06-03 04:35:02] ✅ System healthy. Score: 99%
[2026-06-03 04:40:02] Current trust score: 99%
[2026-06-03 04:40:02] ✅ System healthy. Score: 99%
[2026-06-03 04:45:01] Current trust score: 99%
[2026-06-03 04:45:01] ✅ System healthy. Score: 99%
[2026-06-03 04:50:01] Current trust score: 99%
[2026-06-03 04:50:01] ✅ System healthy. Score: 99%
[2026-06-03 04:55:01] Current trust score: 99%
[2026-06-03 04:55:01] ✅ System healthy. Score: 99%
[2026-06-03 05:00:01] Current trust score: 99%
[2026-06-03 05:00:01] ✅ System healthy. Score: 99%
[2026-06-03 05:05:01] Current trust score: 99%
[2026-06-03 05:05:01] ✅ System healthy. Score: 99%
[2026-06-03 05:10:01] Current trust score: 99%
[2026-06-03 05:10:01] ✅ System healthy. Score: 99%
[2026-06-03 05:15:01] Current trust score: 99%
[2026-06-03 05:15:01] ✅ System healthy. Score: 99%
[2026-06-03 05:20:01] Current trust score: 99%
[2026-06-03 05:20:01] ✅ System healthy. Score: 99%
[2026-06-03 05:25:01] Current trust score: 99%
[2026-06-03 05:25:01] ✅ System healthy. Score: 99%
[2026-06-03 05:30:01] Current trust score: 99%
[2026-06-03 05:30:01] ✅ System healthy. Score: 99%
[2026-06-03 05:35:01] Current trust score: 99%
[2026-06-03 05:35:01] ✅ System healthy. Score: 99%
[2026-06-03 05:40:01] Current trust score: 99%
[2026-06-03 05:40:01] ✅ System healthy. Score: 99%
[2026-06-03 05:45:01] Current trust score: 99%
[2026-06-03 05:45:01] ✅ System healthy. Score: 99%
[2026-06-03 05:50:01] Current trust score: 99%
[2026-06-03 05:50:01] ✅ System healthy. Score: 99%
[2026-06-03 05:55:01] Current trust score: 99%
[2026-06-03 05:55:01] ✅ System healthy. Score: 99%
[2026-06-03 06:00:01] Current trust score: 99%
[2026-06-03 06:00:01] ✅ System healthy. Score: 99%
[2026-06-03 06:05:01] Current trust score: 99%
[2026-06-03 06:05:01] ✅ System healthy. Score: 99%
[2026-06-03 06:10:01] Current trust score: 99%
[2026-06-03 06:10:01] ✅ System healthy. Score: 99%
[2026-06-03 06:15:01] Current trust score: 99%
[2026-06-03 06:15:01] ✅ System healthy. Score: 99%
[2026-06-03 06:20:01] Current trust score: 99%
[2026-06-03 06:20:01] ✅ System healthy. Score: 99%
[2026-06-03 06:25:01] Current trust score: 99%
[2026-06-03 06:25:01] ✅ System healthy. Score: 99%
[2026-06-03 06:30:01] Current trust score: 99%
[2026-06-03 06:30:01] ✅ System healthy. Score: 99%
[2026-06-03 06:35:01] Current trust score: 99%
[2026-06-03 06:35:01] ✅ System healthy. Score: 99%
[2026-06-03 06:40:01] Current trust score: 99%
[2026-06-03 06:40:01] ✅ System healthy. Score: 99%
[2026-06-03 06:45:01] Current trust score: 99%
[2026-06-03 06:45:01] ✅ System healthy. Score: 99%
[2026-06-03 06:50:01] Current trust score: 99%
[2026-06-03 06:50:01] ✅ System healthy. Score: 99%
[2026-06-03 06:55:01] Current trust score: 99%
[2026-06-03 06:55:01] ✅ System healthy. Score: 99%
[2026-06-03 07:00:01] Current trust score: 99%
[2026-06-03 07:00:01] ✅ System healthy. Score: 99%
[2026-06-03 07:05:01] Current trust score: 99%
[2026-06-03 07:05:01] ✅ System healthy. Score: 99%
[2026-06-03 07:10:01] Current trust score: 99%
[2026-06-03 07:10:01] ✅ System healthy. Score: 99%
[2026-06-03 07:15:01] Current trust score: 99%
[2026-06-03 07:15:01] ✅ System healthy. Score: 99%
[2026-06-03 07:20:01] Current trust score: 99%
[2026-06-03 07:20:01] ✅ System healthy. Score: 99%
[2026-06-03 07:25:01] Current trust score: 99%
[2026-06-03 07:25:01] ✅ System healthy. Score: 99%
[2026-06-03 07:30:01] Current trust score: 99%
[2026-06-03 07:30:01] ✅ System healthy. Score: 99%
[2026-06-03 07:35:02] Current trust score: 99%
[2026-06-03 07:35:02] ✅ System healthy. Score: 99%
[2026-06-03 07:40:01] Current trust score: 99%
[2026-06-03 07:40:01] ✅ System healthy. Score: 99%
[2026-06-03 07:45:01] Current trust score: 99%
[2026-06-03 07:45:01] ✅ System healthy. Score: 99%
[2026-06-03 07:50:01] Current trust score: 99%
[2026-06-03 07:50:01] ✅ System healthy. Score: 99%
[2026-06-03 07:55:01] Current trust score: 99%
[2026-06-03 07:55:01] ✅ System healthy. Score: 99%
[2026-06-03 08:00:01] Current trust score: 99%
[2026-06-03 08:00:01] ✅ System healthy. Score: 99%
[2026-06-03 08:05:01] Current trust score: 99%
[2026-06-03 08:05:01] ✅ System healthy. Score: 99%
[2026-06-03 08:10:01] Current trust score: 99%
[2026-06-03 08:10:01] ✅ System healthy. Score: 99%
[2026-06-03 08:15:01] Current trust score: 99%
[2026-06-03 08:15:01] ✅ System healthy. Score: 99%
[2026-06-03 08:20:01] Current trust score: 99%
[2026-06-03 08:20:01] ✅ System healthy. Score: 99%
[2026-06-03 08:25:01] Current trust score: 99%
[2026-06-03 08:25:01] ✅ System healthy. Score: 99%
[2026-06-03 08:30:01] Current trust score: 99%
[2026-06-03 08:30:01] ✅ System healthy. Score: 99%
[2026-06-03 08:35:01] Current trust score: 99%
[2026-06-03 08:35:01] ✅ System healthy. Score: 99%
[2026-06-03 08:40:01] Current trust score: 99%
[2026-06-03 08:40:01] ✅ System healthy. Score: 99%
[2026-06-03 08:45:01] Current trust score: 99%
[2026-06-03 08:45:01] ✅ System healthy. Score: 99%
