[2026-06-02 16:30:01] Current trust score: 84%
[2026-06-02 16:30:01] ✅ System healthy. Score: 84%
[2026-06-02 16:35:01] Current trust score: 84%
[2026-06-02 16:35:01] ✅ System healthy. Score: 84%
[2026-06-02 16:40:01] Current trust score: 84%
[2026-06-02 16:40:01] ✅ System healthy. Score: 84%
[2026-06-02 16:45:01] Current trust score: 99%
[2026-06-02 16:45:01] ✅ System healthy. Score: 99%
[2026-06-02 16:50:01] Current trust score: 99%
[2026-06-02 16:50:01] ✅ System healthy. Score: 99%
[2026-06-02 16:55:01] Current trust score: 99%
[2026-06-02 16:55:01] ✅ System healthy. Score: 99%
[2026-06-02 17:00:01] Current trust score: 99%
[2026-06-02 17:00:01] ✅ System healthy. Score: 99%
[2026-06-02 17:05:01] Current trust score: 99%
[2026-06-02 17:05:01] ✅ System healthy. Score: 99%
[2026-06-02 17:10:01] Current trust score: 99%
[2026-06-02 17:10:01] ✅ System healthy. Score: 99%
[2026-06-02 17:15:01] Current trust score: 99%
[2026-06-02 17:15:01] ✅ System healthy. Score: 99%
[2026-06-02 17:20:01] Current trust score: 99%
[2026-06-02 17:20:01] ✅ System healthy. Score: 99%
[2026-06-02 17:25:01] Current trust score: 99%
[2026-06-02 17:25:01] ✅ System healthy. Score: 99%
[2026-06-02 17:30:01] Current trust score: 0%
[2026-06-02 17:30:01] 🔴 Trust score < 70% detected. Reason: Health score 0% < 70%
[2026-06-02 17:30:01] Triggering P1 Auto-Improvement Agent spawn...
[2026-06-02 17:30:01] ✅ P1 trigger logged. Parent agent should spawn evaluator.
[2026-06-02 17:35:01] Current trust score: 0%
[2026-06-02 17:35:01] 🔴 Trust score < 70% detected. Reason: Health score 0% < 70%
[2026-06-02 17:35:01] Triggering P1 Auto-Improvement Agent spawn...
[2026-06-02 17:35:01] ✅ P1 trigger logged. Parent agent should spawn evaluator.
[2026-06-02 17:40:01] Current trust score: 0%
[2026-06-02 17:40:01] 🔴 Trust score < 70% detected. Reason: Health score 0% < 70%
[2026-06-02 17:40:01] Triggering P1 Auto-Improvement Agent spawn...
[2026-06-02 17:40:01] ✅ P1 trigger logged. Parent agent should spawn evaluator.
[2026-06-02 17:45:01] Current trust score: 0%
[2026-06-02 17:45:01] 🔴 Trust score < 70% detected. Reason: Health score 0% < 70%
[2026-06-02 17:45:01] Triggering P1 Auto-Improvement Agent spawn...
[2026-06-02 17:45:01] ✅ P1 trigger logged. Parent agent should spawn evaluator.
[2026-06-02 17:50:01] Current trust score: 0%
[2026-06-02 17:50:01] 🔴 Trust score < 70% detected. Reason: Health score 0% < 70%
[2026-06-02 17:50:01] Triggering P1 Auto-Improvement Agent spawn...
[2026-06-02 17:50:01] ✅ P1 trigger logged. Parent agent should spawn evaluator.
[2026-06-02 17:55:01] Current trust score: 46%
[2026-06-02 17:55:01] 🔴 Trust score < 70% detected. Reason: Health score 46% < 70%
[2026-06-02 17:55:01] Triggering P1 Auto-Improvement Agent spawn...
[2026-06-02 17:55:01] ✅ P1 trigger logged. Parent agent should spawn evaluator.
[2026-06-02 18:00:01] Current trust score: 46%
[2026-06-02 18:00:01] 🔴 Trust score < 70% detected. Reason: Health score 46% < 70%
[2026-06-02 18:00:01] Triggering P1 Auto-Improvement Agent spawn...
[2026-06-02 18:00:01] ✅ P1 trigger logged. Parent agent should spawn evaluator.
[2026-06-02 18:05:01] Current trust score: 79%
[2026-06-02 18:05:01] ✅ System healthy. Score: 79%
[2026-06-02 18:10:01] Current trust score: 79%
[2026-06-02 18:10:01] ✅ System healthy. Score: 79%
[2026-06-02 18:15:01] Current trust score: 79%
[2026-06-02 18:15:01] ✅ System healthy. Score: 79%
[2026-06-02 18:20:01] Current trust score: 79%
[2026-06-02 18:20:02] ✅ System healthy. Score: 79%
[2026-06-02 18:25:01] Current trust score: 79%
[2026-06-02 18:25:01] ✅ System healthy. Score: 79%
[2026-06-02 18:30:01] Current trust score: 79%
[2026-06-02 18:30:01] ✅ System healthy. Score: 79%
[2026-06-02 18:35:01] Current trust score: 79%
[2026-06-02 18:35:01] ✅ System healthy. Score: 79%
[2026-06-02 18:40:01] Current trust score: 79%
[2026-06-02 18:40:01] ✅ System healthy. Score: 79%
[2026-06-02 18:45:01] Current trust score: 79%
[2026-06-02 18:45:01] ✅ System healthy. Score: 79%
[2026-06-02 18:50:01] Current trust score: 79%
[2026-06-02 18:50:01] ✅ System healthy. Score: 79%
[2026-06-02 18:55:01] Current trust score: 79%
[2026-06-02 18:55:01] ✅ System healthy. Score: 79%
[2026-06-02 19:00:01] Current trust score: 79%
[2026-06-02 19:00:01] ✅ System healthy. Score: 79%
[2026-06-02 19:05:01] Current trust score: 64%
[2026-06-02 19:05:01] 🔴 Trust score < 70% detected. Reason: Health score 64% < 70%
[2026-06-02 19:05:01] Triggering P1 Auto-Improvement Agent spawn...
[2026-06-02 19:05:01] ✅ P1 trigger logged. Parent agent should spawn evaluator.
[2026-06-02 19:10:01] Current trust score: 64%
[2026-06-02 19:10:01] 🔴 Trust score < 70% detected. Reason: Health score 64% < 70%
[2026-06-02 19:10:01] Triggering P1 Auto-Improvement Agent spawn...
[2026-06-02 19:10:01] ✅ P1 trigger logged. Parent agent should spawn evaluator.
[2026-06-02 19:15:01] Current trust score: 64%
[2026-06-02 19:15:01] 🔴 Trust score < 70% detected. Reason: Health score 64% < 70%
[2026-06-02 19:15:01] Triggering P1 Auto-Improvement Agent spawn...
[2026-06-02 19:15:01] ✅ P1 trigger logged. Parent agent should spawn evaluator.
[2026-06-02 19:20:01] Current trust score: 79%
[2026-06-02 19:20:01] ✅ System healthy. Score: 79%
[2026-06-02 19:25:01] Current trust score: 79%
[2026-06-02 19:25:01] ✅ System healthy. Score: 79%
[2026-06-02 19:30:01] Current trust score: 79%
[2026-06-02 19:30:01] ✅ System healthy. Score: 79%
[2026-06-02 19:35:01] Current trust score: 79%
[2026-06-02 19:35:01] ✅ System healthy. Score: 79%
[2026-06-02 19:40:01] Current trust score: 79%
[2026-06-02 19:40:01] ✅ System healthy. Score: 79%
[2026-06-02 19:45:01] Current trust score: 79%
[2026-06-02 19:45:01] ✅ System healthy. Score: 79%
[2026-06-02 19:50:01] Current trust score: 79%
[2026-06-02 19:50:01] ✅ System healthy. Score: 79%
[2026-06-02 19:55:01] Current trust score: 79%
[2026-06-02 19:55:01] ✅ System healthy. Score: 79%
[2026-06-02 20:00:01] Current trust score: 79%
[2026-06-02 20:00:01] ✅ System healthy. Score: 79%
[2026-06-02 20:05:01] Current trust score: 79%
[2026-06-02 20:05:01] ✅ System healthy. Score: 79%
[2026-06-02 21:10:02] Current trust score: 0%
[2026-06-02 21:10:02] 🔴 Trust score < 70% detected. Reason: Health score 0% < 70%
[2026-06-02 21:10:02] Triggering P1 Auto-Improvement Agent spawn...
[2026-06-02 21:10:02] ✅ P1 trigger logged. Parent agent should spawn evaluator.
[2026-06-02 21:15:01] Current trust score: 0%
[2026-06-02 21:15:01] 🔴 Trust score < 70% detected. Reason: Health score 0% < 70%
[2026-06-02 21:15:01] Triggering P1 Auto-Improvement Agent spawn...
[2026-06-02 21:15:01] ✅ P1 trigger logged. Parent agent should spawn evaluator.
[2026-06-02 21:20:01] Current trust score: 0%
[2026-06-02 21:20:01] 🔴 Trust score < 70% detected. Reason: Health score 0% < 70%
[2026-06-02 21:20:01] Triggering P1 Auto-Improvement Agent spawn...
[2026-06-02 21:20:01] ✅ P1 trigger logged. Parent agent should spawn evaluator.
[2026-06-02 21:25:01] Current trust score: 0%
[2026-06-02 21:25:01] 🔴 Trust score < 70% detected. Reason: Health score 0% < 70%
[2026-06-02 21:25:01] Triggering P1 Auto-Improvement Agent spawn...
[2026-06-02 21:25:01] ✅ P1 trigger logged. Parent agent should spawn evaluator.
[2026-06-02 21:30:01] Current trust score: 0%
[2026-06-02 21:30:01] 🔴 Trust score < 70% detected. Reason: Health score 0% < 70%
[2026-06-02 21:30:01] Triggering P1 Auto-Improvement Agent spawn...
[2026-06-02 21:30:01] ✅ P1 trigger logged. Parent agent should spawn evaluator.
[2026-06-02 21:35:01] Current trust score: 0%
[2026-06-02 21:35:01] 🔴 Trust score < 70% detected. Reason: Health score 0% < 70%
[2026-06-02 21:35:01] Triggering P1 Auto-Improvement Agent spawn...
[2026-06-02 21:35:01] ✅ P1 trigger logged. Parent agent should spawn evaluator.
[2026-06-02 21:40:01] Current trust score: 0%
[2026-06-02 21:40:01] 🔴 Trust score < 70% detected. Reason: Health score 0% < 70%
[2026-06-02 21:40:01] Triggering P1 Auto-Improvement Agent spawn...
[2026-06-02 21:40:01] ✅ P1 trigger logged. Parent agent should spawn evaluator.
[2026-06-02 21:45:01] Current trust score: 0%
[2026-06-02 21:45:01] 🔴 Trust score < 70% detected. Reason: Health score 0% < 70%
[2026-06-02 21:45:01] Triggering P1 Auto-Improvement Agent spawn...
[2026-06-02 21:45:01] ✅ P1 trigger logged. Parent agent should spawn evaluator.
[2026-06-02 21:50:01] Current trust score: 0%
[2026-06-02 21:50:01] 🔴 Trust score < 70% detected. Reason: Health score 0% < 70%
[2026-06-02 21:50:01] Triggering P1 Auto-Improvement Agent spawn...
[2026-06-02 21:50:01] ✅ P1 trigger logged. Parent agent should spawn evaluator.
[2026-06-02 21:55:01] Current trust score: 0%
[2026-06-02 21:55:01] 🔴 Trust score < 70% detected. Reason: Health score 0% < 70%
[2026-06-02 21:55:01] Triggering P1 Auto-Improvement Agent spawn...
[2026-06-02 21:55:01] ✅ P1 trigger logged. Parent agent should spawn evaluator.
[2026-06-02 22:00:01] Current trust score: 0%
[2026-06-02 22:00:01] 🔴 Trust score < 70% detected. Reason: Health score 0% < 70%
[2026-06-02 22:00:01] Triggering P1 Auto-Improvement Agent spawn...
[2026-06-02 22:00:01] ✅ P1 trigger logged. Parent agent should spawn evaluator.
[2026-06-02 22:05:01] Current trust score: 64%
[2026-06-02 22:05:01] 🔴 Trust score < 70% detected. Reason: Health score 64% < 70%
[2026-06-02 22:05:01] Triggering P1 Auto-Improvement Agent spawn...
[2026-06-02 22:05:01] ✅ P1 trigger logged. Parent agent should spawn evaluator.
[2026-06-02 22:10:01] Current trust score: 64%
[2026-06-02 22:10:01] 🔴 Trust score < 70% detected. Reason: Health score 64% < 70%
[2026-06-02 22:10:01] Triggering P1 Auto-Improvement Agent spawn...
[2026-06-02 22:10:01] ✅ P1 trigger logged. Parent agent should spawn evaluator.
[2026-06-02 22:15:01] Current trust score: 64%
[2026-06-02 22:15:01] 🔴 Trust score < 70% detected. Reason: Health score 64% < 70%
[2026-06-02 22:15:01] Triggering P1 Auto-Improvement Agent spawn...
[2026-06-02 22:15:01] ✅ P1 trigger logged. Parent agent should spawn evaluator.
[2026-06-02 22:20:01] Current trust score: 64%
[2026-06-02 22:20:01] 🔴 Trust score < 70% detected. Reason: Health score 64% < 70%
[2026-06-02 22:20:01] Triggering P1 Auto-Improvement Agent spawn...
[2026-06-02 22:20:01] ✅ P1 trigger logged. Parent agent should spawn evaluator.
[2026-06-02 22:25:01] Current trust score: 64%
[2026-06-02 22:25:01] 🔴 Trust score < 70% detected. Reason: Health score 64% < 70%
[2026-06-02 22:25:01] Triggering P1 Auto-Improvement Agent spawn...
[2026-06-02 22:25:01] ✅ P1 trigger logged. Parent agent should spawn evaluator.
[2026-06-02 22:30:01] Current trust score: 0%
[2026-06-02 22:30:01] 🔴 Trust score < 70% detected. Reason: Health score 0% < 70%
[2026-06-02 22:30:01] Triggering P1 Auto-Improvement Agent spawn...
[2026-06-02 22:30:01] ✅ P1 trigger logged. Parent agent should spawn evaluator.
[2026-06-02 22:35:01] Current trust score: 0%
[2026-06-02 22:35:01] 🔴 Trust score < 70% detected. Reason: Health score 0% < 70%
[2026-06-02 22:35:01] Triggering P1 Auto-Improvement Agent spawn...
[2026-06-02 22:35:01] ✅ P1 trigger logged. Parent agent should spawn evaluator.
[2026-06-02 22:40:01] Current trust score: 0%
[2026-06-02 22:40:01] 🔴 Trust score < 70% detected. Reason: Health score 0% < 70%
[2026-06-02 22:40:01] Triggering P1 Auto-Improvement Agent spawn...
[2026-06-02 22:40:01] ✅ P1 trigger logged. Parent agent should spawn evaluator.
[2026-06-02 22:45:01] Current trust score: 0%
[2026-06-02 22:45:01] 🔴 Trust score < 70% detected. Reason: Health score 0% < 70%
[2026-06-02 22:45:01] Triggering P1 Auto-Improvement Agent spawn...
[2026-06-02 22:45:01] ✅ P1 trigger logged. Parent agent should spawn evaluator.
[2026-06-02 22:50:02] Current trust score: 0%
[2026-06-02 22:50:02] 🔴 Trust score < 70% detected. Reason: Health score 0% < 70%
[2026-06-02 22:50:02] Triggering P1 Auto-Improvement Agent spawn...
[2026-06-02 22:50:02] ✅ P1 trigger logged. Parent agent should spawn evaluator.
[2026-06-02 22:55:01] Current trust score: 0%
[2026-06-02 22:55:01] 🔴 Trust score < 70% detected. Reason: Health score 0% < 70%
[2026-06-02 22:55:01] Triggering P1 Auto-Improvement Agent spawn...
[2026-06-02 22:55:01] ✅ P1 trigger logged. Parent agent should spawn evaluator.
[2026-06-02 23:00:01] Current trust score: 0%
[2026-06-02 23:00:01] 🔴 Trust score < 70% detected. Reason: Health score 0% < 70%
[2026-06-02 23:00:01] Triggering P1 Auto-Improvement Agent spawn...
[2026-06-02 23:00:01] ✅ P1 trigger logged. Parent agent should spawn evaluator.
[2026-06-02 23:05:01] Current trust score: 64%
[2026-06-02 23:05:01] 🔴 Trust score < 70% detected. Reason: Health score 64% < 70%
[2026-06-02 23:05:01] Triggering P1 Auto-Improvement Agent spawn...
[2026-06-02 23:05:01] ✅ P1 trigger logged. Parent agent should spawn evaluator.
[2026-06-02 23:10:01] Current trust score: 64%
[2026-06-02 23:10:01] 🔴 Trust score < 70% detected. Reason: Health score 64% < 70%
[2026-06-02 23:10:01] Triggering P1 Auto-Improvement Agent spawn...
[2026-06-02 23:10:01] ✅ P1 trigger logged. Parent agent should spawn evaluator.
[2026-06-02 23:15:01] Current trust score: 64%
[2026-06-02 23:15:01] 🔴 Trust score < 70% detected. Reason: Health score 64% < 70%
[2026-06-02 23:15:01] Triggering P1 Auto-Improvement Agent spawn...
[2026-06-02 23:15:01] ✅ P1 trigger logged. Parent agent should spawn evaluator.
[2026-06-02 23:20:01] Current trust score: 64%
[2026-06-02 23:20:01] 🔴 Trust score < 70% detected. Reason: Health score 64% < 70%
[2026-06-02 23:20:01] Triggering P1 Auto-Improvement Agent spawn...
[2026-06-02 23:20:01] ✅ P1 trigger logged. Parent agent should spawn evaluator.
[2026-06-02 23:25:01] Current trust score: 64%
[2026-06-02 23:25:01] 🔴 Trust score < 70% detected. Reason: Health score 64% < 70%
[2026-06-02 23:25:01] Triggering P1 Auto-Improvement Agent spawn...
[2026-06-02 23:25:01] ✅ P1 trigger logged. Parent agent should spawn evaluator.
[2026-06-02 23:30:01] Current trust score: 64%
[2026-06-02 23:30:01] 🔴 Trust score < 70% detected. Reason: Health score 64% < 70%
[2026-06-02 23:30:01] Triggering P1 Auto-Improvement Agent spawn...
[2026-06-02 23:30:01] ✅ P1 trigger logged. Parent agent should spawn evaluator.
[2026-06-02 23:35:01] Current trust score: 64%
[2026-06-02 23:35:01] 🔴 Trust score < 70% detected. Reason: Health score 64% < 70%
[2026-06-02 23:35:01] Triggering P1 Auto-Improvement Agent spawn...
[2026-06-02 23:35:01] ✅ P1 trigger logged. Parent agent should spawn evaluator.
[2026-06-02 23:40:01] Current trust score: 64%
[2026-06-02 23:40:01] 🔴 Trust score < 70% detected. Reason: Health score 64% < 70%
[2026-06-02 23:40:01] Triggering P1 Auto-Improvement Agent spawn...
[2026-06-02 23:40:01] ✅ P1 trigger logged. Parent agent should spawn evaluator.
[2026-06-02 23:45:01] Current trust score: 64%
[2026-06-02 23:45:01] 🔴 Trust score < 70% detected. Reason: Health score 64% < 70%
[2026-06-02 23:45:01] Triggering P1 Auto-Improvement Agent spawn...
[2026-06-02 23:45:01] ✅ P1 trigger logged. Parent agent should spawn evaluator.
[2026-06-02 23:50:01] Current trust score: 64%
[2026-06-02 23:50:01] 🔴 Trust score < 70% detected. Reason: Health score 64% < 70%
[2026-06-02 23:50:01] Triggering P1 Auto-Improvement Agent spawn...
[2026-06-02 23:50:01] ✅ P1 trigger logged. Parent agent should spawn evaluator.
[2026-06-02 23:55:01] Current trust score: 64%
[2026-06-02 23:55:01] 🔴 Trust score < 70% detected. Reason: Health score 64% < 70%
[2026-06-02 23:55:01] Triggering P1 Auto-Improvement Agent spawn...
[2026-06-02 23:55:01] ✅ P1 trigger logged. Parent agent should spawn evaluator.
[2026-06-03 00:00:01] Current trust score: 64%
[2026-06-03 00:00:01] 🔴 Trust score < 70% detected. Reason: Health score 64% < 70%
[2026-06-03 00:00:01] Triggering P1 Auto-Improvement Agent spawn...
[2026-06-03 00:00:01] ✅ P1 trigger logged. Parent agent should spawn evaluator.
[2026-06-03 00:05:01] Current trust score: 64%
[2026-06-03 00:05:01] 🔴 Trust score < 70% detected. Reason: Health score 64% < 70%
[2026-06-03 00:05:01] Triggering P1 Auto-Improvement Agent spawn...
[2026-06-03 00:05:01] ✅ P1 trigger logged. Parent agent should spawn evaluator.
[2026-06-03 00:10:01] Current trust score: 64%
[2026-06-03 00:10:01] 🔴 Trust score < 70% detected. Reason: Health score 64% < 70%
[2026-06-03 00:10:01] Triggering P1 Auto-Improvement Agent spawn...
[2026-06-03 00:10:01] ✅ P1 trigger logged. Parent agent should spawn evaluator.
[2026-06-03 00:15:01] Current trust score: 64%
[2026-06-03 00:15:01] 🔴 Trust score < 70% detected. Reason: Health score 64% < 70%
[2026-06-03 00:15:01] Triggering P1 Auto-Improvement Agent spawn...
[2026-06-03 00:15:01] ✅ P1 trigger logged. Parent agent should spawn evaluator.
[2026-06-03 00:20:01] Current trust score: 64%
[2026-06-03 00:20:01] 🔴 Trust score < 70% detected. Reason: Health score 64% < 70%
[2026-06-03 00:20:01] Triggering P1 Auto-Improvement Agent spawn...
[2026-06-03 00:20:01] ✅ P1 trigger logged. Parent agent should spawn evaluator.
[2026-06-03 00:25:01] Current trust score: 64%
[2026-06-03 00:25:01] 🔴 Trust score < 70% detected. Reason: Health score 64% < 70%
[2026-06-03 00:25:01] Triggering P1 Auto-Improvement Agent spawn...
[2026-06-03 00:25:01] ✅ P1 trigger logged. Parent agent should spawn evaluator.
[2026-06-03 00:30:01] Current trust score: 64%
[2026-06-03 00:30:01] 🔴 Trust score < 70% detected. Reason: Health score 64% < 70%
[2026-06-03 00:30:01] Triggering P1 Auto-Improvement Agent spawn...
[2026-06-03 00:30:01] ✅ P1 trigger logged. Parent agent should spawn evaluator.
[2026-06-03 00:35:01] Current trust score: 64%
[2026-06-03 00:35:01] 🔴 Trust score < 70% detected. Reason: Health score 64% < 70%
[2026-06-03 00:35:01] Triggering P1 Auto-Improvement Agent spawn...
[2026-06-03 00:35:01] ✅ P1 trigger logged. Parent agent should spawn evaluator.
[2026-06-03 00:40:01] Current trust score: 64%
[2026-06-03 00:40:01] 🔴 Trust score < 70% detected. Reason: Health score 64% < 70%
[2026-06-03 00:40:01] Triggering P1 Auto-Improvement Agent spawn...
[2026-06-03 00:40:01] ✅ P1 trigger logged. Parent agent should spawn evaluator.
[2026-06-03 00:45:01] Current trust score: 64%
[2026-06-03 00:45:01] 🔴 Trust score < 70% detected. Reason: Health score 64% < 70%
[2026-06-03 00:45:01] Triggering P1 Auto-Improvement Agent spawn...
[2026-06-03 00:45:01] ✅ P1 trigger logged. Parent agent should spawn evaluator.
[2026-06-03 00:50:01] Current trust score: 64%
[2026-06-03 00:50:01] 🔴 Trust score < 70% detected. Reason: Health score 64% < 70%
[2026-06-03 00:50:01] Triggering P1 Auto-Improvement Agent spawn...
[2026-06-03 00:50:01] ✅ P1 trigger logged. Parent agent should spawn evaluator.
[2026-06-03 00:55:01] Current trust score: 64%
[2026-06-03 00:55:01] 🔴 Trust score < 70% detected. Reason: Health score 64% < 70%
[2026-06-03 00:55:01] Triggering P1 Auto-Improvement Agent spawn...
[2026-06-03 00:55:01] ✅ P1 trigger logged. Parent agent should spawn evaluator.
[2026-06-03 01:00:01] Current trust score: 64%
[2026-06-03 01:00:01] 🔴 Trust score < 70% detected. Reason: Health score 64% < 70%
[2026-06-03 01:00:01] Triggering P1 Auto-Improvement Agent spawn...
[2026-06-03 01:00:01] ✅ P1 trigger logged. Parent agent should spawn evaluator.
[2026-06-03 01:05:01] Current trust score: 64%
[2026-06-03 01:05:01] 🔴 Trust score < 70% detected. Reason: Health score 64% < 70%
[2026-06-03 01:05:01] Triggering P1 Auto-Improvement Agent spawn...
[2026-06-03 01:05:01] ✅ P1 trigger logged. Parent agent should spawn evaluator.
[2026-06-03 01:10:01] Current trust score: 64%
[2026-06-03 01:10:01] 🔴 Trust score < 70% detected. Reason: Health score 64% < 70%
[2026-06-03 01:10:01] Triggering P1 Auto-Improvement Agent spawn...
[2026-06-03 01:10:01] ✅ P1 trigger logged. Parent agent should spawn evaluator.
[2026-06-03 01:15:01] Current trust score: 64%
[2026-06-03 01:15:01] 🔴 Trust score < 70% detected. Reason: Health score 64% < 70%
[2026-06-03 01:15:01] Triggering P1 Auto-Improvement Agent spawn...
[2026-06-03 01:15:01] ✅ P1 trigger logged. Parent agent should spawn evaluator.
[2026-06-03 01:20:01] Current trust score: 64%
[2026-06-03 01:20:01] 🔴 Trust score < 70% detected. Reason: Health score 64% < 70%
[2026-06-03 01:20:01] Triggering P1 Auto-Improvement Agent spawn...
[2026-06-03 01:20:01] ✅ P1 trigger logged. Parent agent should spawn evaluator.
[2026-06-03 01:25:01] Current trust score: 64%
[2026-06-03 01:25:01] 🔴 Trust score < 70% detected. Reason: Health score 64% < 70%
[2026-06-03 01:25:01] Triggering P1 Auto-Improvement Agent spawn...
[2026-06-03 01:25:01] ✅ P1 trigger logged. Parent agent should spawn evaluator.
[2026-06-03 01:30:01] Current trust score: 64%
[2026-06-03 01:30:01] 🔴 Trust score < 70% detected. Reason: Health score 64% < 70%
[2026-06-03 01:30:01] Triggering P1 Auto-Improvement Agent spawn...
[2026-06-03 01:30:01] ✅ P1 trigger logged. Parent agent should spawn evaluator.
[2026-06-03 01:35:01] Current trust score: 64%
[2026-06-03 01:35:01] 🔴 Trust score < 70% detected. Reason: Health score 64% < 70%
[2026-06-03 01:35:01] Triggering P1 Auto-Improvement Agent spawn...
[2026-06-03 01:35:01] ✅ P1 trigger logged. Parent agent should spawn evaluator.
[2026-06-03 01:40:01] Current trust score: 64%
[2026-06-03 01:40:01] 🔴 Trust score < 70% detected. Reason: Health score 64% < 70%
[2026-06-03 01:40:01] Triggering P1 Auto-Improvement Agent spawn...
[2026-06-03 01:40:01] ✅ P1 trigger logged. Parent agent should spawn evaluator.
[2026-06-03 01:45:01] Current trust score: 64%
[2026-06-03 01:45:01] 🔴 Trust score < 70% detected. Reason: Health score 64% < 70%
[2026-06-03 01:45:01] Triggering P1 Auto-Improvement Agent spawn...
[2026-06-03 01:45:01] ✅ P1 trigger logged. Parent agent should spawn evaluator.
[2026-06-03 01:50:01] Current trust score: 64%
[2026-06-03 01:50:01] 🔴 Trust score < 70% detected. Reason: Health score 64% < 70%
[2026-06-03 01:50:01] Triggering P1 Auto-Improvement Agent spawn...
[2026-06-03 01:50:01] ✅ P1 trigger logged. Parent agent should spawn evaluator.
[2026-06-03 01:55:01] Current trust score: 64%
[2026-06-03 01:55:01] 🔴 Trust score < 70% detected. Reason: Health score 64% < 70%
[2026-06-03 01:55:01] Triggering P1 Auto-Improvement Agent spawn...
[2026-06-03 01:55:01] ✅ P1 trigger logged. Parent agent should spawn evaluator.
[2026-06-03 02:00:01] Current trust score: 99%
[2026-06-03 02:00:01] ✅ System healthy. Score: 99%
[2026-06-03 02:05:01] Current trust score: 99%
[2026-06-03 02:05:01] ✅ System healthy. Score: 99%
[2026-06-03 02:10:02] Current trust score: 99%
[2026-06-03 02:10:02] ✅ System healthy. Score: 99%
[2026-06-03 02:15:01] Current trust score: 99%
[2026-06-03 02:15:01] ✅ System healthy. Score: 99%
[2026-06-03 02:20:01] Current trust score: 99%
[2026-06-03 02:20:01] ✅ System healthy. Score: 99%
[2026-06-03 02:25:01] Current trust score: 99%
[2026-06-03 02:25:01] ✅ System healthy. Score: 99%
[2026-06-03 02:30:01] Current trust score: 99%
[2026-06-03 02:30:01] ✅ System healthy. Score: 99%
[2026-06-03 02:35:01] Current trust score: 99%
[2026-06-03 02:35:01] ✅ System healthy. Score: 99%
[2026-06-03 02:40:01] Current trust score: 99%
[2026-06-03 02:40:01] ✅ System healthy. Score: 99%
[2026-06-03 02:45:01] Current trust score: 99%
[2026-06-03 02:45:01] ✅ System healthy. Score: 99%
[2026-06-03 02:50:01] Current trust score: 99%
[2026-06-03 02:50:01] ✅ System healthy. Score: 99%
[2026-06-03 02:55:01] Current trust score: 99%
[2026-06-03 02:55:01] ✅ System healthy. Score: 99%
[2026-06-03 03:00:01] Current trust score: 99%
[2026-06-03 03:00:01] ✅ System healthy. Score: 99%
[2026-06-03 03:05:01] Current trust score: 99%
[2026-06-03 03:05:01] ✅ System healthy. Score: 99%
[2026-06-03 03:10:01] Current trust score: 99%
[2026-06-03 03:10:01] ✅ System healthy. Score: 99%
[2026-06-03 03:15:01] Current trust score: 99%
[2026-06-03 03:15:01] ✅ System healthy. Score: 99%
[2026-06-03 03:20:01] Current trust score: 99%
[2026-06-03 03:20:01] ✅ System healthy. Score: 99%
[2026-06-03 03:25:01] Current trust score: 99%
[2026-06-03 03:25:01] ✅ System healthy. Score: 99%
[2026-06-03 03:30:01] Current trust score: 99%
[2026-06-03 03:30:01] ✅ System healthy. Score: 99%
[2026-06-03 03:35:01] Current trust score: 99%
[2026-06-03 03:35:01] ✅ System healthy. Score: 99%
[2026-06-03 03:40:01] Current trust score: 99%
[2026-06-03 03:40:01] ✅ System healthy. Score: 99%
[2026-06-03 03:45:01] Current trust score: 99%
[2026-06-03 03:45:01] ✅ System healthy. Score: 99%
[2026-06-03 03:50:01] Current trust score: 99%
[2026-06-03 03:50:01] ✅ System healthy. Score: 99%
[2026-06-03 03:55:01] Current trust score: 99%
[2026-06-03 03:55:01] ✅ System healthy. Score: 99%
[2026-06-03 04:00:01] Current trust score: 99%
[2026-06-03 04:00:01] ✅ System healthy. Score: 99%
[2026-06-03 04:05:01] Current trust score: 99%
[2026-06-03 04:05:01] ✅ System healthy. Score: 99%
[2026-06-03 04:10:01] Current trust score: 99%
[2026-06-03 04:10:01] ✅ System healthy. Score: 99%
[2026-06-03 04:15:01] Current trust score: 99%
[2026-06-03 04:15:01] ✅ System healthy. Score: 99%
[2026-06-03 04:20:01] Current trust score: 99%
[2026-06-03 04:20:01] ✅ System healthy. Score: 99%
[2026-06-03 04:25:01] Current trust score: 99%
[2026-06-03 04:25:01] ✅ System healthy. Score: 99%
[2026-06-03 04:30:01] Current trust score: 99%
[2026-06-03 04:30:01] ✅ System healthy. Score: 99%
[2026-06-03 04:35:02] Current trust score: 99%
[2026-06-03 04:35:02] ✅ System healthy. Score: 99%
[2026-06-03 04:40:02] Current trust score: 99%
[2026-06-03 04:40:02] ✅ System healthy. Score: 99%
[2026-06-03 04:45:01] Current trust score: 99%
[2026-06-03 04:45:01] ✅ System healthy. Score: 99%
[2026-06-03 04:50:01] Current trust score: 99%
[2026-06-03 04:50:01] ✅ System healthy. Score: 99%
[2026-06-03 04:55:01] Current trust score: 99%
[2026-06-03 04:55:01] ✅ System healthy. Score: 99%
[2026-06-03 05:00:01] Current trust score: 99%
[2026-06-03 05:00:01] ✅ System healthy. Score: 99%
[2026-06-03 05:05:01] Current trust score: 99%
[2026-06-03 05:05:01] ✅ System healthy. Score: 99%
[2026-06-03 05:10:01] Current trust score: 99%
[2026-06-03 05:10:01] ✅ System healthy. Score: 99%
[2026-06-03 05:15:01] Current trust score: 99%
[2026-06-03 05:15:01] ✅ System healthy. Score: 99%
[2026-06-03 05:20:01] Current trust score: 99%
[2026-06-03 05:20:01] ✅ System healthy. Score: 99%
[2026-06-03 05:25:01] Current trust score: 99%
[2026-06-03 05:25:01] ✅ System healthy. Score: 99%
[2026-06-03 05:30:01] Current trust score: 99%
[2026-06-03 05:30:01] ✅ System healthy. Score: 99%
[2026-06-03 05:35:01] Current trust score: 99%
[2026-06-03 05:35:01] ✅ System healthy. Score: 99%
[2026-06-03 05:40:01] Current trust score: 99%
[2026-06-03 05:40:01] ✅ System healthy. Score: 99%
[2026-06-03 05:45:01] Current trust score: 99%
[2026-06-03 05:45:01] ✅ System healthy. Score: 99%
[2026-06-03 05:50:01] Current trust score: 99%
[2026-06-03 05:50:01] ✅ System healthy. Score: 99%
[2026-06-03 05:55:01] Current trust score: 99%
[2026-06-03 05:55:01] ✅ System healthy. Score: 99%
[2026-06-03 06:00:01] Current trust score: 99%
[2026-06-03 06:00:01] ✅ System healthy. Score: 99%
[2026-06-03 06:05:01] Current trust score: 99%
[2026-06-03 06:05:01] ✅ System healthy. Score: 99%
[2026-06-03 06:10:01] Current trust score: 99%
[2026-06-03 06:10:01] ✅ System healthy. Score: 99%
[2026-06-03 06:15:01] Current trust score: 99%
[2026-06-03 06:15:01] ✅ System healthy. Score: 99%
[2026-06-03 06:20:01] Current trust score: 99%
[2026-06-03 06:20:01] ✅ System healthy. Score: 99%
[2026-06-03 06:25:01] Current trust score: 99%
[2026-06-03 06:25:01] ✅ System healthy. Score: 99%
[2026-06-03 06:30:01] Current trust score: 99%
[2026-06-03 06:30:01] ✅ System healthy. Score: 99%
[2026-06-03 06:35:01] Current trust score: 99%
[2026-06-03 06:35:01] ✅ System healthy. Score: 99%
[2026-06-03 06:40:01] Current trust score: 99%
[2026-06-03 06:40:01] ✅ System healthy. Score: 99%
[2026-06-03 06:45:01] Current trust score: 99%
[2026-06-03 06:45:01] ✅ System healthy. Score: 99%
[2026-06-03 06:50:01] Current trust score: 99%
[2026-06-03 06:50:01] ✅ System healthy. Score: 99%
[2026-06-03 06:55:01] Current trust score: 99%
[2026-06-03 06:55:01] ✅ System healthy. Score: 99%
[2026-06-03 07:00:01] Current trust score: 99%
[2026-06-03 07:00:01] ✅ System healthy. Score: 99%
[2026-06-03 07:05:01] Current trust score: 99%
[2026-06-03 07:05:01] ✅ System healthy. Score: 99%
[2026-06-03 07:10:01] Current trust score: 99%
[2026-06-03 07:10:01] ✅ System healthy. Score: 99%
[2026-06-03 07:15:01] Current trust score: 99%
[2026-06-03 07:15:01] ✅ System healthy. Score: 99%
[2026-06-03 07:20:01] Current trust score: 99%
[2026-06-03 07:20:01] ✅ System healthy. Score: 99%
[2026-06-03 07:25:01] Current trust score: 99%
[2026-06-03 07:25:01] ✅ System healthy. Score: 99%
[2026-06-03 07:30:01] Current trust score: 99%
[2026-06-03 07:30:01] ✅ System healthy. Score: 99%
[2026-06-03 07:35:02] Current trust score: 99%
[2026-06-03 07:35:02] ✅ System healthy. Score: 99%
[2026-06-03 07:40:01] Current trust score: 99%
[2026-06-03 07:40:01] ✅ System healthy. Score: 99%
[2026-06-03 07:45:01] Current trust score: 99%
[2026-06-03 07:45:01] ✅ System healthy. Score: 99%
[2026-06-03 07:50:01] Current trust score: 99%
[2026-06-03 07:50:01] ✅ System healthy. Score: 99%
[2026-06-03 07:55:01] Current trust score: 99%
[2026-06-03 07:55:01] ✅ System healthy. Score: 99%
[2026-06-03 08:00:01] Current trust score: 99%
[2026-06-03 08:00:01] ✅ System healthy. Score: 99%
[2026-06-03 08:05:01] Current trust score: 99%
[2026-06-03 08:05:01] ✅ System healthy. Score: 99%
[2026-06-03 08:10:01] Current trust score: 99%
[2026-06-03 08:10:01] ✅ System healthy. Score: 99%
[2026-06-03 08:15:01] Current trust score: 99%
[2026-06-03 08:15:01] ✅ System healthy. Score: 99%
[2026-06-03 08:20:01] Current trust score: 99%
[2026-06-03 08:20:01] ✅ System healthy. Score: 99%
[2026-06-03 08:25:01] Current trust score: 99%
[2026-06-03 08:25:01] ✅ System healthy. Score: 99%
[2026-06-03 08:30:01] Current trust score: 99%
[2026-06-03 08:30:01] ✅ System healthy. Score: 99%
[2026-06-03 08:35:01] Current trust score: 99%
[2026-06-03 08:35:01] ✅ System healthy. Score: 99%
[2026-06-03 08:40:01] Current trust score: 99%
[2026-06-03 08:40:01] ✅ System healthy. Score: 99%
[2026-06-03 08:45:01] Current trust score: 99%
[2026-06-03 08:45:01] ✅ System healthy. Score: 99%
[2026-06-03 08:50:01] Current trust score: 99%
[2026-06-03 08:50:01] ✅ System healthy. Score: 99%
[2026-06-03 08:55:01] Current trust score: 99%
[2026-06-03 08:55:01] ✅ System healthy. Score: 99%
[2026-06-03 09:00:01] Current trust score: 99%
[2026-06-03 09:00:01] ✅ System healthy. Score: 99%
[2026-06-03 09:05:01] Current trust score: 99%
[2026-06-03 09:05:01] ✅ System healthy. Score: 99%
[2026-06-03 09:10:01] Current trust score: 99%
[2026-06-03 09:10:01] ✅ System healthy. Score: 99%
[2026-06-03 09:15:01] Current trust score: 99%
[2026-06-03 09:15:01] ✅ System healthy. Score: 99%
[2026-06-03 09:20:01] Current trust score: 99%
[2026-06-03 09:20:01] ✅ System healthy. Score: 99%
[2026-06-03 09:25:01] Current trust score: 99%
[2026-06-03 09:25:01] ✅ System healthy. Score: 99%
[2026-06-03 09:30:02] Current trust score: 99%
[2026-06-03 09:30:02] ✅ System healthy. Score: 99%
[2026-06-03 09:35:01] Current trust score: 99%
[2026-06-03 09:35:01] ✅ System healthy. Score: 99%
[2026-06-03 09:40:01] Current trust score: 99%
[2026-06-03 09:40:01] ✅ System healthy. Score: 99%
[2026-06-03 09:45:01] Current trust score: 99%
[2026-06-03 09:45:01] ✅ System healthy. Score: 99%
[2026-06-03 09:50:01] Current trust score: 99%
[2026-06-03 09:50:01] ✅ System healthy. Score: 99%
[2026-06-03 09:55:01] Current trust score: 99%
[2026-06-03 09:55:01] ✅ System healthy. Score: 99%
[2026-06-03 10:00:01] Current trust score: 99%
[2026-06-03 10:00:01] ✅ System healthy. Score: 99%
[2026-06-03 10:05:01] Current trust score: 99%
[2026-06-03 10:05:01] ✅ System healthy. Score: 99%
[2026-06-03 10:10:01] Current trust score: 99%
[2026-06-03 10:10:01] ✅ System healthy. Score: 99%
[2026-06-03 10:15:01] Current trust score: 99%
[2026-06-03 10:15:01] ✅ System healthy. Score: 99%
[2026-06-03 10:20:01] Current trust score: 99%
[2026-06-03 10:20:01] ✅ System healthy. Score: 99%
[2026-06-03 10:25:01] Current trust score: 99%
[2026-06-03 10:25:01] ✅ System healthy. Score: 99%
[2026-06-03 11:25:15] Current trust score: 84%
[2026-06-03 11:25:15] ✅ System healthy. Score: 84%
[2026-06-03 11:30:01] Current trust score: 0%
[2026-06-03 11:30:01] 🔴 Trust score < 70% detected. Reason: Health score 0% < 70%
[2026-06-03 11:30:01] Triggering P1 Auto-Improvement Agent spawn...
[2026-06-03 11:30:01] ✅ P1 trigger logged. Parent agent should spawn evaluator.
[2026-06-03 11:35:01] Current trust score: 0%
[2026-06-03 11:35:01] 🔴 Trust score < 70% detected. Reason: Health score 0% < 70%
[2026-06-03 11:35:01] Triggering P1 Auto-Improvement Agent spawn...
[2026-06-03 11:35:01] ✅ P1 trigger logged. Parent agent should spawn evaluator.
[2026-06-03 11:40:01] Current trust score: 0%
[2026-06-03 11:40:01] 🔴 Trust score < 70% detected. Reason: Health score 0% < 70%
[2026-06-03 11:40:01] Triggering P1 Auto-Improvement Agent spawn...
[2026-06-03 11:40:01] ✅ P1 trigger logged. Parent agent should spawn evaluator.
[2026-06-03 11:45:02] Current trust score: 0%
[2026-06-03 11:45:02] 🔴 Trust score < 70% detected. Reason: Health score 0% < 70%
[2026-06-03 11:45:02] Triggering P1 Auto-Improvement Agent spawn...
[2026-06-03 11:45:02] ✅ P1 trigger logged. Parent agent should spawn evaluator.
[2026-06-03 11:50:01] Current trust score: 0%
[2026-06-03 11:50:01] 🔴 Trust score < 70% detected. Reason: Health score 0% < 70%
[2026-06-03 11:50:01] Triggering P1 Auto-Improvement Agent spawn...
[2026-06-03 11:50:01] ✅ P1 trigger logged. Parent agent should spawn evaluator.
[2026-06-03 11:55:01] Current trust score: 0%
[2026-06-03 11:55:01] 🔴 Trust score < 70% detected. Reason: Health score 0% < 70%
[2026-06-03 11:55:01] Triggering P1 Auto-Improvement Agent spawn...
[2026-06-03 11:55:01] ✅ P1 trigger logged. Parent agent should spawn evaluator.
[2026-06-03 12:00:01] Current trust score: 0%
[2026-06-03 12:00:01] 🔴 Trust score < 70% detected. Reason: Health score 0% < 70%
[2026-06-03 12:00:01] Triggering P1 Auto-Improvement Agent spawn...
[2026-06-03 12:00:01] ✅ P1 trigger logged. Parent agent should spawn evaluator.
[2026-06-03 12:05:01] Current trust score: 79%
[2026-06-03 12:05:01] ✅ System healthy. Score: 79%
[2026-06-03 12:10:01] Current trust score: 99%
[2026-06-03 12:10:01] ✅ System healthy. Score: 99%
[2026-06-03 12:15:01] Current trust score: 99%
[2026-06-03 12:15:01] ✅ System healthy. Score: 99%
[2026-06-03 12:20:01] Current trust score: 99%
[2026-06-03 12:20:01] ✅ System healthy. Score: 99%
[2026-06-03 12:25:01] Current trust score: 99%
[2026-06-03 12:25:01] ✅ System healthy. Score: 99%
[2026-06-03 12:35:01] Current trust score: 99%
[2026-06-03 12:35:01] ✅ System healthy. Score: 99%
[2026-06-03 12:40:01] Current trust score: 99%
[2026-06-03 12:40:01] ✅ System healthy. Score: 99%
[2026-06-03 12:45:02] Current trust score: 99%
[2026-06-03 12:45:02] ✅ System healthy. Score: 99%
[2026-06-03 12:50:01] Current trust score: 0%
[2026-06-03 12:50:01] 🔴 Trust score < 70% detected. Reason: Health score 0% < 70%
[2026-06-03 12:50:01] Triggering P1 Auto-Improvement Agent spawn...
[2026-06-03 12:50:01] ✅ P1 trigger logged. Parent agent should spawn evaluator.
[2026-06-03 12:55:01] Current trust score: 0%
[2026-06-03 12:55:01] 🔴 Trust score < 70% detected. Reason: Health score 0% < 70%
[2026-06-03 12:55:01] Triggering P1 Auto-Improvement Agent spawn...
[2026-06-03 12:55:01] ✅ P1 trigger logged. Parent agent should spawn evaluator.
[2026-06-03 13:00:01] Current trust score: 0%
[2026-06-03 13:00:01] 🔴 Trust score < 70% detected. Reason: Health score 0% < 70%
[2026-06-03 13:00:01] Triggering P1 Auto-Improvement Agent spawn...
[2026-06-03 13:00:01] ✅ P1 trigger logged. Parent agent should spawn evaluator.
[2026-06-03 13:05:01] Current trust score: 79%
[2026-06-03 13:05:01] ✅ System healthy. Score: 79%
[2026-06-03 13:10:01] Current trust score: 99%
[2026-06-03 13:10:01] ✅ System healthy. Score: 99%
[2026-06-03 13:15:01] Current trust score: 99%
[2026-06-03 13:15:01] ✅ System healthy. Score: 99%
[2026-06-03 13:20:01] Current trust score: 99%
[2026-06-03 13:20:01] ✅ System healthy. Score: 99%
[2026-06-03 13:25:01] Current trust score: 99%
[2026-06-03 13:25:01] ✅ System healthy. Score: 99%
[2026-06-03 13:30:02] Current trust score: 99%
[2026-06-03 13:30:02] ✅ System healthy. Score: 99%
[2026-06-03 13:35:01] Current trust score: 99%
[2026-06-03 13:35:01] ✅ System healthy. Score: 99%
[2026-06-03 13:40:01] Current trust score: 99%
[2026-06-03 13:40:01] ✅ System healthy. Score: 99%
[2026-06-03 13:45:01] Current trust score: 99%
[2026-06-03 13:45:01] ✅ System healthy. Score: 99%
[2026-06-03 13:50:01] Current trust score: 99%
[2026-06-03 13:50:01] ✅ System healthy. Score: 99%
[2026-06-03 13:55:01] Current trust score: 99%
[2026-06-03 13:55:01] ✅ System healthy. Score: 99%
[2026-06-03 14:00:01] Current trust score: 99%
[2026-06-03 14:00:01] ✅ System healthy. Score: 99%
[2026-06-03 14:05:01] Current trust score: 99%
[2026-06-03 14:05:01] ✅ System healthy. Score: 99%
[2026-06-03 14:10:01] Current trust score: 99%
[2026-06-03 14:10:01] ✅ System healthy. Score: 99%
[2026-06-03 14:15:01] Current trust score: 99%
[2026-06-03 14:15:01] ✅ System healthy. Score: 99%
[2026-06-03 14:20:01] Current trust score: 99%
[2026-06-03 14:20:01] ✅ System healthy. Score: 99%
[2026-06-03 14:25:01] Current trust score: 99%
[2026-06-03 14:25:01] ✅ System healthy. Score: 99%
[2026-06-03 14:30:01] Current trust score: 99%
[2026-06-03 14:30:01] ✅ System healthy. Score: 99%
[2026-06-03 14:35:01] Current trust score: 99%
[2026-06-03 14:35:01] ✅ System healthy. Score: 99%
[2026-06-03 14:40:01] Current trust score: 99%
[2026-06-03 14:40:01] ✅ System healthy. Score: 99%
[2026-06-03 14:45:01] Current trust score: 99%
[2026-06-03 14:45:01] ✅ System healthy. Score: 99%
[2026-06-03 14:50:01] Current trust score: 99%
[2026-06-03 14:50:01] ✅ System healthy. Score: 99%
[2026-06-03 14:55:01] Current trust score: 99%
[2026-06-03 14:55:01] ✅ System healthy. Score: 99%
[2026-06-03 15:00:02] Current trust score: 99%
[2026-06-03 15:00:02] ✅ System healthy. Score: 99%
[2026-06-03 15:05:01] Current trust score: 99%
[2026-06-03 15:05:01] ✅ System healthy. Score: 99%
[2026-06-03 15:10:01] Current trust score: 99%
[2026-06-03 15:10:01] ✅ System healthy. Score: 99%
[2026-06-03 15:15:01] Current trust score: 99%
[2026-06-03 15:15:01] ✅ System healthy. Score: 99%
[2026-06-03 15:20:01] Current trust score: 99%
[2026-06-03 15:20:01] ✅ System healthy. Score: 99%
[2026-06-03 15:25:01] Current trust score: 99%
[2026-06-03 15:25:01] ✅ System healthy. Score: 99%
[2026-06-03 15:30:01] Current trust score: 99%
[2026-06-03 15:30:01] ✅ System healthy. Score: 99%
[2026-06-03 15:35:01] Current trust score: 99%
[2026-06-03 15:35:01] ✅ System healthy. Score: 99%
[2026-06-03 15:40:01] Current trust score: 99%
[2026-06-03 15:40:01] ✅ System healthy. Score: 99%
[2026-06-03 15:45:01] Current trust score: 99%
[2026-06-03 15:45:01] ✅ System healthy. Score: 99%
[2026-06-03 15:50:01] Current trust score: 99%
[2026-06-03 15:50:01] ✅ System healthy. Score: 99%
[2026-06-03 15:55:02] Current trust score: 99%
[2026-06-03 15:55:02] ✅ System healthy. Score: 99%
[2026-06-03 16:00:01] Current trust score: 99%
[2026-06-03 16:00:01] ✅ System healthy. Score: 99%
[2026-06-03 16:05:01] Current trust score: 99%
[2026-06-03 16:05:01] ✅ System healthy. Score: 99%
[2026-06-03 16:10:02] Current trust score: 99%
[2026-06-03 16:10:02] ✅ System healthy. Score: 99%
[2026-06-03 16:15:01] Current trust score: 99%
[2026-06-03 16:15:01] ✅ System healthy. Score: 99%
[2026-06-03 16:20:01] Current trust score: 99%
[2026-06-03 16:20:01] ✅ System healthy. Score: 99%
[2026-06-03 16:25:01] Current trust score: 99%
[2026-06-03 16:25:01] ✅ System healthy. Score: 99%
[2026-06-03 16:30:01] Current trust score: 99%
[2026-06-03 16:30:01] ✅ System healthy. Score: 99%
[2026-06-03 16:35:01] Current trust score: 0%
[2026-06-03 16:35:01] 🔴 Trust score < 70% detected. Reason: Health score 0% < 70%
[2026-06-03 16:35:01] Triggering P1 Auto-Improvement Agent spawn...
[2026-06-03 16:35:01] ✅ P1 trigger logged. Parent agent should spawn evaluator.
[2026-06-03 16:40:01] Current trust score: 0%
[2026-06-03 16:40:01] 🔴 Trust score < 70% detected. Reason: Health score 0% < 70%
[2026-06-03 16:40:01] Triggering P1 Auto-Improvement Agent spawn...
[2026-06-03 16:40:01] ✅ P1 trigger logged. Parent agent should spawn evaluator.
