[2026-06-15 14:33:33] 🔄 P1-B Uptime Robot 설정 초기화...
[2026-06-15 14:33:33] 🔧 Uptime Robot API를 통한 모니터 자동 생성 시작...
[2026-06-15 14:33:33] ⚠️  Uptime Robot API 자격증명 입력 필요
[2026-06-15 14:33:33]     계정 생성: https://uptimerobot.com
[2026-06-15 14:33:33]     API 키 획득: Settings → API → API Key 복사
[2026-06-15 14:33:33] ❌ UPTIME_ROBOT_API_KEY 환경변수 미설정
[2026-06-15 14:33:33]    설정 방법: export UPTIME_ROBOT_API_KEY='your-api-key-here'
[2026-06-15 14:33:33] ℹ️  수동 설정 가이드를 아래에 제공합니다
[2026-06-15 14:33:33] ℹ️  수동 설정 가이드 생성 중...
[2026-06-15 14:33:33] 📋 Uptime Robot 수동 설정 가이드
[2026-06-15 14:33:33] ✅ 설정 가이드 생성: /home/jeepney/.openclaw/workspace-dev/UPTIME_ROBOT_SETUP_GUIDE.md
[2026-06-15 14:33:33] 📊 P1-B 설정 요약:
[2026-06-15 14:33:33]    - 4개 P1 엔드포인트 5분 주기 모니터링
[2026-06-15 14:33:33]    - 독립적 클라우드 인프라 (Uptime Robot)
[2026-06-15 14:33:33]    - 다중 채널 알림 (Slack, Email, Webhook)
[2026-06-15 14:33:33]    - 무료/유료 플랜 지원
[2026-06-15 14:33:33] 
[2026-06-15 14:33:33] 📋 다음 단계:
[2026-06-15 14:33:33]    1. UPTIME_ROBOT_SETUP_GUIDE.md 읽기
[2026-06-15 14:33:33]    2. https://uptimerobot.com 계정 생성
[2026-06-15 14:33:33]    3. 4개 모니터 수동 추가 (또는 API로 자동 설정)
[2026-06-15 14:33:33]    4. Slack/Email 알림 연결
[2026-06-15 14:33:33]    5. 엔드포인트 정상 응답 확인
[2026-06-15 14:33:33] ✅ P1-B 설정 준비 완료
