[2026-06-04 00:00:01] 🤖 JARVIS: Starting daily risk analysis...
{
    "timestamp": "2026-06-03T15:00:01Z",
    "risks": ["Memory file staleness detected: 348 hours old"],
    "bottlenecks": [""],
    "predictions": [""],
    "health_score": 85,
    "active_agents": 10
  }
[2026-06-04 00:00:01] ✅ Risk analysis complete
[2026-06-04 00:00:01]    Risks detected: 1
[2026-06-04 00:00:01]    Bottlenecks detected: 0
[2026-06-04 00:00:01]    Recommendations: 0
[2026-06-04 00:00:01] 📊 Predicting resource needs for next 24 hours...
[2026-06-04 00:00:02]    Predicted memory need: 13766156KB in 24h
[2026-06-04 00:00:02]    Predicted disk growth: 1820568KB in 24h
[2026-06-04 00:00:02] 🎯 JARVIS daily analysis complete. Results saved to /home/jeepney/.openclaw/workspace-dev/memory/p2-jarvis-analysis-20260604.json
[2026-06-05 00:00:01] 🤖 JARVIS: Starting daily risk analysis...
{
    "timestamp": "2026-06-04T15:00:01Z",
    "risks": ["Memory file staleness detected: 372 hours old"],
    "bottlenecks": [""],
    "predictions": [""],
    "health_score": 85,
    "active_agents": 7
  }
[2026-06-05 00:00:01] ✅ Risk analysis complete
[2026-06-05 00:00:01]    Risks detected: 1
[2026-06-05 00:00:01]    Bottlenecks detected: 0
[2026-06-05 00:00:01]    Recommendations: 0
[2026-06-05 00:00:01] 📊 Predicting resource needs for next 24 hours...
[2026-06-05 00:00:01]    Predicted memory need: 14287508KB in 24h
[2026-06-05 00:00:01]    Predicted disk growth: 1954836KB in 24h
[2026-06-05 00:00:01] 🎯 JARVIS daily analysis complete. Results saved to /home/jeepney/.openclaw/workspace-dev/memory/p2-jarvis-analysis-20260605.json
[2026-06-06 00:00:01] 🤖 JARVIS: Starting daily risk analysis...
{
    "timestamp": "2026-06-05T15:00:01Z",
    "risks": ["Memory file staleness detected: 396 hours old"],
    "bottlenecks": [""],
    "predictions": [""],
    "health_score": 85,
    "active_agents": 6
  }
[2026-06-06 00:00:01] ✅ Risk analysis complete
[2026-06-06 00:00:01]    Risks detected: 1
[2026-06-06 00:00:01]    Bottlenecks detected: 0
[2026-06-06 00:00:01]    Recommendations: 0
[2026-06-06 00:00:01] 📊 Predicting resource needs for next 24 hours...
[2026-06-06 00:00:03]    Predicted memory need: 14125712KB in 24h
[2026-06-06 00:00:03]    Predicted disk growth: 2115424KB in 24h
[2026-06-06 00:00:03] 🎯 JARVIS daily analysis complete. Results saved to /home/jeepney/.openclaw/workspace-dev/memory/p2-jarvis-analysis-20260606.json
[2026-06-07 00:00:01] 🤖 JARVIS: Starting daily risk analysis...
{
    "timestamp": "2026-06-06T15:00:01Z",
    "risks": ["Memory file staleness detected: 420 hours old"],
    "bottlenecks": [""],
    "predictions": [""],
    "health_score": 85,
    "active_agents": 9
  }
[2026-06-07 00:00:01] ✅ Risk analysis complete
[2026-06-07 00:00:01]    Risks detected: 1
[2026-06-07 00:00:01]    Bottlenecks detected: 0
[2026-06-07 00:00:01]    Recommendations: 0
[2026-06-07 00:00:01] 📊 Predicting resource needs for next 24 hours...
[2026-06-07 00:00:03]    Predicted memory need: 13596488KB in 24h
[2026-06-07 00:00:03]    Predicted disk growth: 2130268KB in 24h
[2026-06-07 00:00:03] 🎯 JARVIS daily analysis complete. Results saved to /home/jeepney/.openclaw/workspace-dev/memory/p2-jarvis-analysis-20260607.json
[2026-06-08 00:00:01] 🤖 JARVIS: Starting daily risk analysis...
{
    "timestamp": "2026-06-07T15:00:01Z",
    "risks": ["Memory file staleness detected: 444 hours old"],
    "bottlenecks": [""],
    "predictions": [""],
    "health_score": 85,
    "active_agents": 9
  }
[2026-06-08 00:00:01] ✅ Risk analysis complete
[2026-06-08 00:00:01]    Risks detected: 1
[2026-06-08 00:00:01]    Bottlenecks detected: 0
[2026-06-08 00:00:01]    Recommendations: 0
[2026-06-08 00:00:01] 📊 Predicting resource needs for next 24 hours...
[2026-06-08 00:00:01]    Predicted memory need: 13751076KB in 24h
[2026-06-08 00:00:01]    Predicted disk growth: 2880224KB in 24h
[2026-06-08 00:00:02] 🎯 JARVIS daily analysis complete. Results saved to /home/jeepney/.openclaw/workspace-dev/memory/p2-jarvis-analysis-20260608.json
[2026-06-10 00:00:01] 🤖 JARVIS: Starting daily risk analysis...
{
    "timestamp": "2026-06-09T15:00:02Z",
    "risks": ["Memory file staleness detected: 492 hours old"],
    "bottlenecks": [""],
    "predictions": [""],
    "health_score": 85,
    "active_agents": 9
  }
[2026-06-10 00:00:02] ✅ Risk analysis complete
[2026-06-10 00:00:02]    Risks detected: 1
[2026-06-10 00:00:02]    Bottlenecks detected: 0
[2026-06-10 00:00:02]    Recommendations: 0
[2026-06-10 00:00:02] 📊 Predicting resource needs for next 24 hours...
[2026-06-10 00:00:03]    Predicted memory need: 13427560KB in 24h
[2026-06-10 00:00:03]    Predicted disk growth: 3495944KB in 24h
[2026-06-10 00:00:03] 🎯 JARVIS daily analysis complete. Results saved to /home/jeepney/.openclaw/workspace-dev/memory/p2-jarvis-analysis-20260610.json
[2026-06-12 00:00:01] 🤖 JARVIS: Starting daily risk analysis...
{
    "timestamp": "2026-06-11T15:00:01Z",
    "risks": ["Memory file staleness detected: 540 hours old"],
    "bottlenecks": [""],
    "predictions": [""],
    "health_score": 85,
    "active_agents": 8
  }
[2026-06-12 00:00:01] ✅ Risk analysis complete
[2026-06-12 00:00:01]    Risks detected: 1
[2026-06-12 00:00:01]    Bottlenecks detected: 0
[2026-06-12 00:00:01]    Recommendations: 0
[2026-06-12 00:00:01] 📊 Predicting resource needs for next 24 hours...
[2026-06-12 00:00:03]    Predicted memory need: 14182684KB in 24h
[2026-06-12 00:00:03]    Predicted disk growth: 3828704KB in 24h
[2026-06-12 00:00:03] 🎯 JARVIS daily analysis complete. Results saved to /home/jeepney/.openclaw/workspace-dev/memory/p2-jarvis-analysis-20260612.json
[2026-06-13 00:00:02] 🤖 JARVIS: Starting daily risk analysis...
{
    "timestamp": "2026-06-12T15:00:02Z",
    "risks": ["Memory file staleness detected: 564 hours old"],
    "bottlenecks": [""],
    "predictions": [""],
    "health_score": 85,
    "active_agents": 7
  }
[2026-06-13 00:00:02] ✅ Risk analysis complete
[2026-06-13 00:00:02]    Risks detected: 1
[2026-06-13 00:00:02]    Bottlenecks detected: 0
[2026-06-13 00:00:02]    Recommendations: 0
[2026-06-13 00:00:02] 📊 Predicting resource needs for next 24 hours...
[2026-06-13 00:00:05]    Predicted memory need: 13390936KB in 24h
[2026-06-13 00:00:05]    Predicted disk growth: 3805660KB in 24h
[2026-06-13 00:00:05] 🎯 JARVIS daily analysis complete. Results saved to /home/jeepney/.openclaw/workspace-dev/memory/p2-jarvis-analysis-20260613.json
[2026-06-14 00:00:01] 🤖 JARVIS: Starting daily risk analysis...
{
    "timestamp": "2026-06-13T15:00:01Z",
    "risks": ["Memory file staleness detected: 588 hours old"],
    "bottlenecks": [""],
    "predictions": [""],
    "health_score": 85,
    "active_agents": 8
  }
[2026-06-14 00:00:01] ✅ Risk analysis complete
[2026-06-14 00:00:01]    Risks detected: 1
[2026-06-14 00:00:01]    Bottlenecks detected: 0
[2026-06-14 00:00:01]    Recommendations: 0
[2026-06-14 00:00:01] 📊 Predicting resource needs for next 24 hours...
[2026-06-14 00:00:01]    Predicted memory need: 12699340KB in 24h
[2026-06-14 00:00:01]    Predicted disk growth: 4494728KB in 24h
[2026-06-14 00:00:01] 🎯 JARVIS daily analysis complete. Results saved to /home/jeepney/.openclaw/workspace-dev/memory/p2-jarvis-analysis-20260614.json
[2026-06-15 00:00:01] 🤖 JARVIS: Starting daily risk analysis...
{
    "timestamp": "2026-06-14T15:00:01Z",
    "risks": ["Memory file staleness detected: 612 hours old"],
    "bottlenecks": [""],
    "predictions": [""],
    "health_score": 85,
    "active_agents": 7
  }
[2026-06-15 00:00:01] ✅ Risk analysis complete
[2026-06-15 00:00:01]    Risks detected: 1
[2026-06-15 00:00:01]    Bottlenecks detected: 0
[2026-06-15 00:00:01]    Recommendations: 0
[2026-06-15 00:00:01] 📊 Predicting resource needs for next 24 hours...
[2026-06-15 00:00:03]    Predicted memory need: 13213272KB in 24h
[2026-06-15 00:00:03]    Predicted disk growth: 5413080KB in 24h
[2026-06-15 00:00:03] 🎯 JARVIS daily analysis complete. Results saved to /home/jeepney/.openclaw/workspace-dev/memory/p2-jarvis-analysis-20260615.json
[2026-06-16 00:00:01] 🤖 JARVIS: Starting daily risk analysis...
{
    "timestamp": "2026-06-15T15:00:01Z",
    "risks": ["Memory file staleness detected: 636 hours old"],
    "bottlenecks": [""],
    "predictions": [""],
    "health_score": 85,
    "active_agents": 8
  }
[2026-06-16 00:00:01] ✅ Risk analysis complete
[2026-06-16 00:00:01]    Risks detected: 1
[2026-06-16 00:00:01]    Bottlenecks detected: 0
[2026-06-16 00:00:01]    Recommendations: 0
[2026-06-16 00:00:01] 📊 Predicting resource needs for next 24 hours...
[2026-06-16 00:00:04]    Predicted memory need: 12692832KB in 24h
[2026-06-16 00:00:04]    Predicted disk growth: 6482096KB in 24h
[2026-06-16 00:00:04] 🎯 JARVIS daily analysis complete. Results saved to /home/jeepney/.openclaw/workspace-dev/memory/p2-jarvis-analysis-20260616.json
