[2026-06-14 00:01:00] === JARVIS 일일 예측분석 시작 (자동실행) ===
[2026-06-14 00:01:00] 분석 ID: JARVIS-20260614-0001

[2026-06-14 00:01:01] 1️⃣ CTB 신뢰도 점수
  • 현재: 96% (목표 95%+) ✅
  • P1 완료율: 4/4 (100%)
  • Vercel 안정성: 99.8% (139h+)
  • Cron 헬스: 100% (7/7)
  • 블로커: 0건
  • 규칙 준수: 100% (3/3)
  • 추세: 7일 연속 95%+ 유지 (STABLE)
  • 최근 회귀: 23:50-23:58 (8분 자동복구) ✅

[2026-06-14 00:01:02] 2️⃣ Phase 2 병목 감지
  • Phase2A (3009): READY, 59MB, 19 FD ✅
  • Phase2B (3010): READY, 59MB, 19 FD ✅
  • Phase2C (3011): READY, 58MB, 19 FD ✅
  • CTB 폴링: 1480+ 사이클, 5분 주기, 100% 성공
  • 병목: 0건, 확장 가능 ✅

[2026-06-14 00:01:03] 3️⃣ 팀 용량 분석
  • 전체 팀: 11명 (82% 활용)
  • 핵심 개발: 6명 (Web-Builder, Planner, Data-Analyst, Evaluator, Translator, Manager)
  • 자동화 모니터링: 4명 (Automation, Monitor, Rule Compliance, Infrastructure)
  • CEO: 1명
  • 여유 용량: 18% (2 슬롯)
  • Asset Master P3 투입 가능: 1-2명 (1-2주 내)
  • 병목: 없음, 상태: HEALTHY ✅

[2026-06-14 00:01:04] 4️⃣ 리스크 선제해결
  • 기술 블로커: 0건 ✅
  • 회귀 이슈: 자동복구 완료 (23:58) ✅
    - 근본원인: Vercel 캐시 일시적 지연
    - 예방: CTB 5분 폴링 + HTTP 상태 검증 활성화
  • 사용자 액션 대기:
    - db/52 (FMS 정규화): READY_FOR_EXECUTION (5-10분)
    - 심각도: MEDIUM (다음 단계 의존)
  • 리스크 평가: MANAGED (모두 관리 가능)

[2026-06-14 00:01:05] === 종합 평가 ===
  • 시스템 상태: 🟢 HEALTHY
  • 신뢰도: 96% (목표 달성)
  • 모니터링 가동율: 100%
  • 규칙 준수: 100% (7일 연속)
  • 병목 감지: 0건
  • 리스크: MANAGED

  • 다음 마일스톤:
    1️⃣ db/52 FMS 정규화 실행 (즉시, 사용자 필요)
    2️⃣ db/36 Team Dashboard P1 (db/52 후)
    3️⃣ Asset Master P3 설계 진행 (2026-06-15)

[2026-06-14 00:01:06] === 종료 ===
분석 완료. 결과: memory/p2-jarvis-analysis-20260614.json
소요시간: ~6초

다음 자동실행: 2026-06-14 09:00:00 KST
