[2026-05-31 18:34:26] === PHASE 2F GATE - ALERT ROUTING SETUP ===
[2026-05-31 18:34:26] Target: Slack/Discord integration (21:00-21:30 KST)

[2026-05-31 18:34:26] Starting alert routing setup...

[2026-05-31 18:34:26] Creating alert routing configuration...
✅ Routing configuration created: /home/jeepney/.openclaw/workspace-dev/memory-automation/PHASE2F_ROUTING_CONFIG.json
[2026-05-31 18:34:26] Creating alert dispatcher...
✅ Alert dispatcher created
[2026-05-31 18:34:26] Creating alert routing integration test...
✅ Alert routing test created

========== ALERT ROUTING SETUP COMPLETE ==========

Deployed components:
  ✅ Routing configuration: /home/jeepney/.openclaw/workspace-dev/memory-automation/PHASE2F_ROUTING_CONFIG.json
  ✅ Alert dispatcher: /home/jeepney/.openclaw/workspace-dev/memory-automation/phase2f-alert-dispatcher.js
  ✅ Integration test: /home/jeepney/.openclaw/workspace-dev/memory-automation/phase2f-test-alerts.sh

Next phase (21:30):
  Full System Validation — End-to-end smoke tests

[2026-05-31 18:40:18] === PHASE 2F GATE - ALERT ROUTING SETUP ===
[2026-05-31 18:40:18] Target: Slack/Discord integration (21:00-21:30 KST)

[2026-05-31 18:40:18] Starting alert routing setup...

[2026-05-31 18:40:18] Creating alert routing configuration...
✅ Routing configuration created: /home/jeepney/.openclaw/workspace-dev/memory-automation/PHASE2F_ROUTING_CONFIG.json
[2026-05-31 18:40:18] Creating alert dispatcher...
✅ Alert dispatcher created
[2026-05-31 18:40:18] Creating alert routing integration test...
✅ Alert routing test created

========== ALERT ROUTING SETUP COMPLETE ==========

Deployed components:
  ✅ Routing configuration: /home/jeepney/.openclaw/workspace-dev/memory-automation/PHASE2F_ROUTING_CONFIG.json
  ✅ Alert dispatcher: /home/jeepney/.openclaw/workspace-dev/memory-automation/phase2f-alert-dispatcher.js
  ✅ Integration test: /home/jeepney/.openclaw/workspace-dev/memory-automation/phase2f-test-alerts.sh

Next phase (21:30):
  Full System Validation — End-to-end smoke tests

