[2026-06-01T00:07:23.274Z] [INFO] ========== Phase 2B Duplicate Detection Start (SIMPLIFIED) ==========
[2026-06-01T00:07:23.276Z] [INFO] Input: /home/jeepney/.openclaw/workspace-dev/memory/messages.jsonl
[2026-06-01T00:07:23.277Z] [INFO] Output: /home/jeepney/.openclaw/workspace-dev/memory/messages_deduplicated.jsonl
[2026-06-01T00:07:23.277Z] [INFO] Step 1: Loading messages...
[2026-06-01T00:07:23.299Z] [INFO] Loaded 462 messages
[2026-06-01T00:07:23.299Z] [INFO] Step 2: Running Layer 1 - Exact Hash Matching...
[2026-06-01T00:07:23.300Z] [INFO] Layer 1: 461 unique, 1 exact duplicates
[2026-06-01T00:07:23.300Z] [INFO] Step 3: Running Layer 2 - Prefix Matching...
[2026-06-01T00:07:23.307Z] [INFO] Layer 2: 412 unique, 49 prefix duplicates
[2026-06-01T00:07:23.307Z] [INFO] Step 4: Saving deduplicated messages...
[2026-06-01T00:07:23.322Z] [INFO] ✓ Saved 412 deduplicated messages to /home/jeepney/.openclaw/workspace-dev/memory/messages_deduplicated.jsonl
[2026-06-01T00:07:23.322Z] [INFO] ✓ Metadata saved to /home/jeepney/.openclaw/workspace-dev/memory/dedup_metadata.json
[2026-06-01T00:07:23.322Z] [INFO] Final: 412 unique messages (10.8% reduction)
[2026-06-01T00:07:23.322Z] [INFO] Total runtime: 33ms
[2026-06-01T00:07:23.322Z] [INFO] ========== Phase 2B Duplicate Detection Complete ==========
[2026-06-01T01:00:01.730Z] [INFO] ========== Phase 2B Duplicate Detection Start (SIMPLIFIED) ==========
[2026-06-01T01:00:01.734Z] [INFO] Input: /home/jeepney/.openclaw/workspace-dev/memory/messages.jsonl
[2026-06-01T01:00:01.734Z] [INFO] Output: /home/jeepney/.openclaw/workspace-dev/memory/messages_deduplicated.jsonl
[2026-06-01T01:00:01.735Z] [INFO] Step 1: Loading messages...
[2026-06-01T01:00:01.756Z] [INFO] Loaded 462 messages
[2026-06-01T01:00:01.756Z] [INFO] Step 2: Running Layer 1 - Exact Hash Matching...
[2026-06-01T01:00:01.757Z] [INFO] Layer 1: 461 unique, 1 exact duplicates
[2026-06-01T01:00:01.757Z] [INFO] Step 3: Running Layer 2 - Prefix Matching...
[2026-06-01T01:00:01.764Z] [INFO] Layer 2: 412 unique, 49 prefix duplicates
[2026-06-01T01:00:01.764Z] [INFO] Step 4: Saving deduplicated messages...
[2026-06-01T01:00:01.780Z] [INFO] ✓ Saved 412 deduplicated messages to /home/jeepney/.openclaw/workspace-dev/memory/messages_deduplicated.jsonl
[2026-06-01T01:00:01.780Z] [INFO] ✓ Metadata saved to /home/jeepney/.openclaw/workspace-dev/memory/dedup_metadata.json
[2026-06-01T01:00:01.780Z] [INFO] Final: 412 unique messages (10.8% reduction)
[2026-06-01T01:00:01.780Z] [INFO] Total runtime: 34ms
[2026-06-01T01:00:01.780Z] [INFO] ========== Phase 2B Duplicate Detection Complete ==========
[2026-06-01T09:00:01.791Z] [INFO] ========== Phase 2B Duplicate Detection Start (SIMPLIFIED) ==========
[2026-06-01T09:00:01.816Z] [INFO] Input: /home/jeepney/.openclaw/workspace-dev/memory/messages.jsonl
[2026-06-01T09:00:01.816Z] [INFO] Output: /home/jeepney/.openclaw/workspace-dev/memory/messages_deduplicated.jsonl
[2026-06-01T09:00:01.820Z] [INFO] Step 1: Loading messages...
[2026-06-01T09:00:01.925Z] [INFO] Loaded 496 messages
[2026-06-01T09:00:01.926Z] [INFO] Step 2: Running Layer 1 - Exact Hash Matching...
[2026-06-01T09:00:01.927Z] [INFO] Layer 1: 495 unique, 1 exact duplicates
[2026-06-01T09:00:01.928Z] [INFO] Step 3: Running Layer 2 - Prefix Matching...
[2026-06-01T09:00:01.985Z] [INFO] Layer 2: 440 unique, 55 prefix duplicates
[2026-06-01T09:00:01.986Z] [INFO] Step 4: Saving deduplicated messages...
[2026-06-01T09:00:02.067Z] [INFO] ✓ Saved 440 deduplicated messages to /home/jeepney/.openclaw/workspace-dev/memory/messages_deduplicated.jsonl
[2026-06-01T09:00:02.068Z] [INFO] ✓ Metadata saved to /home/jeepney/.openclaw/workspace-dev/memory/dedup_metadata.json
[2026-06-01T09:00:02.068Z] [INFO] Final: 440 unique messages (11.3% reduction)
[2026-06-01T09:00:02.068Z] [INFO] Total runtime: 201ms
[2026-06-01T09:00:02.068Z] [INFO] ========== Phase 2B Duplicate Detection Complete ==========
[2026-06-01T13:00:01.455Z] [INFO] ========== Phase 2B Duplicate Detection Start (SIMPLIFIED) ==========
[2026-06-01T13:00:01.459Z] [INFO] Input: /home/jeepney/.openclaw/workspace-dev/memory/messages.jsonl
[2026-06-01T13:00:01.459Z] [INFO] Output: /home/jeepney/.openclaw/workspace-dev/memory/messages_deduplicated.jsonl
[2026-06-01T13:00:01.460Z] [INFO] Step 1: Loading messages...
[2026-06-01T13:00:01.486Z] [INFO] Loaded 508 messages
[2026-06-01T13:00:01.486Z] [INFO] Step 2: Running Layer 1 - Exact Hash Matching...
[2026-06-01T13:00:01.486Z] [INFO] Layer 1: 507 unique, 1 exact duplicates
[2026-06-01T13:00:01.487Z] [INFO] Step 3: Running Layer 2 - Prefix Matching...
[2026-06-01T13:00:01.495Z] [INFO] Layer 2: 447 unique, 60 prefix duplicates
[2026-06-01T13:00:01.496Z] [INFO] Step 4: Saving deduplicated messages...
[2026-06-01T13:00:01.515Z] [INFO] ✓ Saved 447 deduplicated messages to /home/jeepney/.openclaw/workspace-dev/memory/messages_deduplicated.jsonl
[2026-06-01T13:00:01.515Z] [INFO] ✓ Metadata saved to /home/jeepney/.openclaw/workspace-dev/memory/dedup_metadata.json
[2026-06-01T13:00:01.515Z] [INFO] Final: 447 unique messages (12.0% reduction)
[2026-06-01T13:00:01.515Z] [INFO] Total runtime: 42ms
[2026-06-01T13:00:01.515Z] [INFO] ========== Phase 2B Duplicate Detection Complete ==========
