[2026-06-09 11:15:28] [INFO] ╔════════════════════════════════════════════════════════╗
[2026-06-09 11:15:28] [INFO] ║  Phase 2D: Cron Integration — Full Cycle              ║
[2026-06-09 11:15:28] [INFO] ║  Start: 2026-06-09 11:15:28 KST                    ║
[2026-06-09 11:15:28] [INFO] ╚════════════════════════════════════════════════════════╝
[2026-06-09 11:15:28] [INFO] === PHASE 2A: Message Collection ===
[2026-06-09 11:15:28] [INFO] Phase 2A health check PASSED
[2026-06-09 11:15:28] [INFO] Phase 2A collected memory content (11357 bytes) in 32ms
[2026-06-09 11:15:28] [INFO] Memory collection saved to: memory_20260609_111528.json
[2026-06-09 11:15:28] [INFO] === PHASE 2B: Duplicate Detection ===
[2026-06-09 11:15:28] [INFO] Phase 2B health check PASSED
[2026-06-09 11:15:28] [INFO] Phase 2B processed 1 unique entries, 0 duplicates removed in 39ms
[2026-06-09 11:15:28] [INFO] Duplicate detection result saved to: duplicates_20260609_111528.json
[2026-06-09 11:15:28] [INFO] === PHASE 2C: Trust Score Calculation ===
[2026-06-09 11:15:28] [INFO] Phase 2C health check PASSED
[2026-06-09 11:15:28] [INFO] Phase 2C processed 1 entries in 68ms: 1 accepted, 0 quarantined, 0 rejected
[2026-06-09 11:15:28] [INFO] Trust scores saved to: trust_scores_20260609_111528.json
[2026-06-09 11:15:28] [INFO] === MEMORY.md Auto-Update ===
[2026-06-09 11:15:28] [INFO] Memory backup created: MEMORY_20260609_111528.md.bak
[2026-06-09 11:15:28] [INFO] MEMORY.md updated with 1 new entries
[2026-06-09 11:15:28] [INFO] === Cron Cycle Complete ===
[2026-06-09 11:15:28] [INFO] Cycle duration: 291ms, activities logged: 0
[2026-06-09 11:15:28] [INFO] ╔════════════════════════════════════════════════════════╗
[2026-06-09 11:15:28] [INFO] ║  Cycle Complete — Check logs for details              ║
[2026-06-09 11:15:28] [INFO] ║  Log file: /home/jeepney/.openclaw/workspace-dev/memory/logs/phase2d-cron-20260609.log              ║
[2026-06-09 11:15:28] [INFO] ╚════════════════════════════════════════════════════════╝
[2026-06-09 11:20:01] [INFO] ╔════════════════════════════════════════════════════════╗
[2026-06-09 11:20:01] [INFO] ║  Phase 2D: Cron Integration — Full Cycle              ║
[2026-06-09 11:20:01] [INFO] ║  Start: 2026-06-09 11:20:01 KST                    ║
[2026-06-09 11:20:01] [INFO] ╚════════════════════════════════════════════════════════╝
[2026-06-09 11:20:01] [INFO] === PHASE 2A: Message Collection ===
[2026-06-09 11:20:01] [INFO] Phase 2A health check PASSED
[2026-06-09 11:20:01] [INFO] Phase 2A collected memory content (11357 bytes) in 28ms
[2026-06-09 11:20:01] [INFO] Memory collection saved to: memory_20260609_112001.json
[2026-06-09 11:20:01] [INFO] === PHASE 2B: Duplicate Detection ===
[2026-06-09 11:20:01] [INFO] Phase 2B health check PASSED
[2026-06-09 11:20:01] [INFO] Phase 2B processed 1 unique entries, 0 duplicates removed in 34ms
[2026-06-09 11:20:01] [INFO] Duplicate detection result saved to: duplicates_20260609_112001.json
[2026-06-09 11:20:01] [INFO] === PHASE 2C: Trust Score Calculation ===
[2026-06-09 11:20:01] [INFO] Phase 2C health check PASSED
[2026-06-09 11:20:01] [INFO] Phase 2C processed 1 entries in 61ms: 1 accepted, 0 quarantined, 0 rejected
[2026-06-09 11:20:01] [INFO] Trust scores saved to: trust_scores_20260609_112001.json
[2026-06-09 11:20:01] [INFO] === MEMORY.md Auto-Update ===
[2026-06-09 11:20:01] [INFO] Memory backup created: MEMORY_20260609_112001.md.bak
[2026-06-09 11:20:01] [INFO] MEMORY.md updated with 1 new entries
[2026-06-09 11:20:01] [INFO] === Cron Cycle Complete ===
[2026-06-09 11:20:01] [INFO] Cycle duration: 262ms, activities logged: 0
[2026-06-09 11:20:01] [INFO] ╔════════════════════════════════════════════════════════╗
[2026-06-09 11:20:01] [INFO] ║  Cycle Complete — Check logs for details              ║
[2026-06-09 11:20:01] [INFO] ║  Log file: /home/jeepney/.openclaw/workspace-dev/memory/logs/phase2d-cron-20260609.log              ║
[2026-06-09 11:20:01] [INFO] ╚════════════════════════════════════════════════════════╝
[2026-06-09 11:25:01] [INFO] ╔════════════════════════════════════════════════════════╗
[2026-06-09 11:25:01] [INFO] ║  Phase 2D: Cron Integration — Full Cycle              ║
[2026-06-09 11:25:01] [INFO] ║  Start: 2026-06-09 11:25:01 KST                    ║
[2026-06-09 11:25:01] [INFO] ╚════════════════════════════════════════════════════════╝
[2026-06-09 11:25:01] [INFO] === PHASE 2A: Message Collection ===
[2026-06-09 11:25:01] [INFO] Phase 2A health check PASSED
[2026-06-09 11:25:01] [INFO] Phase 2A collected memory content (11357 bytes) in 30ms
[2026-06-09 11:25:01] [INFO] Memory collection saved to: memory_20260609_112501.json
[2026-06-09 11:25:01] [INFO] === PHASE 2B: Duplicate Detection ===
[2026-06-09 11:25:01] [INFO] Phase 2B health check PASSED
[2026-06-09 11:25:01] [INFO] Phase 2B processed 1 unique entries, 0 duplicates removed in 41ms
[2026-06-09 11:25:01] [INFO] Duplicate detection result saved to: duplicates_20260609_112501.json
[2026-06-09 11:25:01] [INFO] === PHASE 2C: Trust Score Calculation ===
[2026-06-09 11:25:01] [INFO] Phase 2C health check PASSED
[2026-06-09 11:25:01] [INFO] Phase 2C processed 1 entries in 57ms: 1 accepted, 0 quarantined, 0 rejected
[2026-06-09 11:25:01] [INFO] Trust scores saved to: trust_scores_20260609_112501.json
[2026-06-09 11:25:01] [INFO] === MEMORY.md Auto-Update ===
[2026-06-09 11:25:01] [INFO] Memory backup created: MEMORY_20260609_112501.md.bak
[2026-06-09 11:25:01] [INFO] MEMORY.md updated with 1 new entries
[2026-06-09 11:25:01] [INFO] === Cron Cycle Complete ===
[2026-06-09 11:25:01] [INFO] Cycle duration: 271ms, activities logged: 0
[2026-06-09 11:25:01] [INFO] ╔════════════════════════════════════════════════════════╗
[2026-06-09 11:25:01] [INFO] ║  Cycle Complete — Check logs for details              ║
[2026-06-09 11:25:01] [INFO] ║  Log file: /home/jeepney/.openclaw/workspace-dev/memory/logs/phase2d-cron-20260609.log              ║
[2026-06-09 11:25:01] [INFO] ╚════════════════════════════════════════════════════════╝
[2026-06-09 11:30:01] [INFO] ╔════════════════════════════════════════════════════════╗
[2026-06-09 11:30:01] [INFO] ║  Phase 2D: Cron Integration — Full Cycle              ║
[2026-06-09 11:30:01] [INFO] ║  Start: 2026-06-09 11:30:01 KST                    ║
[2026-06-09 11:30:01] [INFO] ╚════════════════════════════════════════════════════════╝
[2026-06-09 11:30:01] [INFO] === PHASE 2A: Message Collection ===
[2026-06-09 11:30:01] [INFO] Phase 2A health check PASSED
[2026-06-09 11:30:01] [INFO] Phase 2A collected memory content (11357 bytes) in 33ms
[2026-06-09 11:30:01] [INFO] Memory collection saved to: memory_20260609_113001.json
[2026-06-09 11:30:01] [INFO] === PHASE 2B: Duplicate Detection ===
[2026-06-09 11:30:01] [INFO] Phase 2B health check PASSED
[2026-06-09 11:30:01] [INFO] Phase 2B processed 1 unique entries, 0 duplicates removed in 32ms
[2026-06-09 11:30:01] [INFO] Duplicate detection result saved to: duplicates_20260609_113001.json
[2026-06-09 11:30:01] [INFO] === PHASE 2C: Trust Score Calculation ===
[2026-06-09 11:30:01] [INFO] Phase 2C health check PASSED
[2026-06-09 11:30:01] [INFO] Phase 2C processed 1 entries in 55ms: 1 accepted, 0 quarantined, 0 rejected
[2026-06-09 11:30:01] [INFO] Trust scores saved to: trust_scores_20260609_113001.json
[2026-06-09 11:30:01] [INFO] === MEMORY.md Auto-Update ===
[2026-06-09 11:30:01] [INFO] Memory backup created: MEMORY_20260609_113001.md.bak
[2026-06-09 11:30:01] [INFO] MEMORY.md updated with 1 new entries
[2026-06-09 11:30:02] [INFO] === Cron Cycle Complete ===
[2026-06-09 11:30:02] [INFO] Cycle duration: 249ms, activities logged: 0
[2026-06-09 11:30:02] [INFO] ╔════════════════════════════════════════════════════════╗
[2026-06-09 11:30:02] [INFO] ║  Cycle Complete — Check logs for details              ║
[2026-06-09 11:30:02] [INFO] ║  Log file: /home/jeepney/.openclaw/workspace-dev/memory/logs/phase2d-cron-20260609.log              ║
[2026-06-09 11:30:02] [INFO] ╚════════════════════════════════════════════════════════╝
[2026-06-09 11:35:01] [INFO] ╔════════════════════════════════════════════════════════╗
[2026-06-09 11:35:01] [INFO] ║  Phase 2D: Cron Integration — Full Cycle              ║
[2026-06-09 11:35:01] [INFO] ║  Start: 2026-06-09 11:35:01 KST                    ║
[2026-06-09 11:35:01] [INFO] ╚════════════════════════════════════════════════════════╝
[2026-06-09 11:35:01] [INFO] === PHASE 2A: Message Collection ===
[2026-06-09 11:35:01] [INFO] Phase 2A health check PASSED
[2026-06-09 11:35:01] [INFO] Phase 2A collected memory content (11357 bytes) in 25ms
[2026-06-09 11:35:01] [INFO] Memory collection saved to: memory_20260609_113501.json
[2026-06-09 11:35:01] [INFO] === PHASE 2B: Duplicate Detection ===
[2026-06-09 11:35:02] [INFO] Phase 2B health check PASSED
[2026-06-09 11:35:02] [INFO] Phase 2B processed 1 unique entries, 0 duplicates removed in 32ms
[2026-06-09 11:35:02] [INFO] Duplicate detection result saved to: duplicates_20260609_113501.json
[2026-06-09 11:35:02] [INFO] === PHASE 2C: Trust Score Calculation ===
[2026-06-09 11:35:02] [INFO] Phase 2C health check PASSED
[2026-06-09 11:35:02] [INFO] Phase 2C processed 1 entries in 54ms: 1 accepted, 0 quarantined, 0 rejected
[2026-06-09 11:35:02] [INFO] Trust scores saved to: trust_scores_20260609_113501.json
[2026-06-09 11:35:02] [INFO] === MEMORY.md Auto-Update ===
[2026-06-09 11:35:02] [INFO] Memory backup created: MEMORY_20260609_113501.md.bak
[2026-06-09 11:35:02] [INFO] MEMORY.md updated with 1 new entries
[2026-06-09 11:35:02] [INFO] === Cron Cycle Complete ===
[2026-06-09 11:35:02] [INFO] Cycle duration: 228ms, activities logged: 0
[2026-06-09 11:35:02] [INFO] ╔════════════════════════════════════════════════════════╗
[2026-06-09 11:35:02] [INFO] ║  Cycle Complete — Check logs for details              ║
[2026-06-09 11:35:02] [INFO] ║  Log file: /home/jeepney/.openclaw/workspace-dev/memory/logs/phase2d-cron-20260609.log              ║
[2026-06-09 11:35:02] [INFO] ╚════════════════════════════════════════════════════════╝
[2026-06-09 11:40:01] [INFO] ╔════════════════════════════════════════════════════════╗
[2026-06-09 11:40:01] [INFO] ║  Phase 2D: Cron Integration — Full Cycle              ║
[2026-06-09 11:40:01] [INFO] ║  Start: 2026-06-09 11:40:01 KST                    ║
[2026-06-09 11:40:01] [INFO] ╚════════════════════════════════════════════════════════╝
[2026-06-09 11:40:01] [INFO] === PHASE 2A: Message Collection ===
[2026-06-09 11:40:01] [INFO] Phase 2A health check PASSED
[2026-06-09 11:40:01] [INFO] Phase 2A collected memory content (11357 bytes) in 28ms
[2026-06-09 11:40:01] [INFO] Memory collection saved to: memory_20260609_114001.json
[2026-06-09 11:40:01] [INFO] === PHASE 2B: Duplicate Detection ===
[2026-06-09 11:40:01] [INFO] Phase 2B health check PASSED
[2026-06-09 11:40:01] [INFO] Phase 2B processed 1 unique entries, 0 duplicates removed in 34ms
[2026-06-09 11:40:01] [INFO] Duplicate detection result saved to: duplicates_20260609_114001.json
[2026-06-09 11:40:01] [INFO] === PHASE 2C: Trust Score Calculation ===
[2026-06-09 11:40:01] [INFO] Phase 2C health check PASSED
[2026-06-09 11:40:01] [INFO] Phase 2C processed 1 entries in 56ms: 1 accepted, 0 quarantined, 0 rejected
[2026-06-09 11:40:01] [INFO] Trust scores saved to: trust_scores_20260609_114001.json
[2026-06-09 11:40:01] [INFO] === MEMORY.md Auto-Update ===
[2026-06-09 11:40:01] [INFO] Memory backup created: MEMORY_20260609_114001.md.bak
[2026-06-09 11:40:01] [INFO] MEMORY.md updated with 1 new entries
[2026-06-09 11:40:01] [INFO] === Cron Cycle Complete ===
[2026-06-09 11:40:01] [INFO] Cycle duration: 241ms, activities logged: 0
[2026-06-09 11:40:01] [INFO] ╔════════════════════════════════════════════════════════╗
[2026-06-09 11:40:01] [INFO] ║  Cycle Complete — Check logs for details              ║
[2026-06-09 11:40:01] [INFO] ║  Log file: /home/jeepney/.openclaw/workspace-dev/memory/logs/phase2d-cron-20260609.log              ║
[2026-06-09 11:40:01] [INFO] ╚════════════════════════════════════════════════════════╝
[2026-06-09 11:45:01] [INFO] ╔════════════════════════════════════════════════════════╗
[2026-06-09 11:45:01] [INFO] ║  Phase 2D: Cron Integration — Full Cycle              ║
[2026-06-09 11:45:01] [INFO] ║  Start: 2026-06-09 11:45:01 KST                    ║
[2026-06-09 11:45:01] [INFO] ╚════════════════════════════════════════════════════════╝
[2026-06-09 11:45:01] [INFO] === PHASE 2A: Message Collection ===
[2026-06-09 11:45:01] [INFO] Phase 2A health check PASSED
[2026-06-09 11:45:01] [INFO] Phase 2A collected memory content (11357 bytes) in 28ms
[2026-06-09 11:45:01] [INFO] Memory collection saved to: memory_20260609_114501.json
[2026-06-09 11:45:01] [INFO] === PHASE 2B: Duplicate Detection ===
[2026-06-09 11:45:01] [INFO] Phase 2B health check PASSED
[2026-06-09 11:45:01] [INFO] Phase 2B processed 1 unique entries, 0 duplicates removed in 32ms
[2026-06-09 11:45:01] [INFO] Duplicate detection result saved to: duplicates_20260609_114501.json
[2026-06-09 11:45:01] [INFO] === PHASE 2C: Trust Score Calculation ===
[2026-06-09 11:45:01] [INFO] Phase 2C health check PASSED
[2026-06-09 11:45:01] [INFO] Phase 2C processed 1 entries in 58ms: 1 accepted, 0 quarantined, 0 rejected
[2026-06-09 11:45:01] [INFO] Trust scores saved to: trust_scores_20260609_114501.json
[2026-06-09 11:45:01] [INFO] === MEMORY.md Auto-Update ===
[2026-06-09 11:45:01] [INFO] Memory backup created: MEMORY_20260609_114501.md.bak
[2026-06-09 11:45:01] [INFO] MEMORY.md updated with 1 new entries
[2026-06-09 11:45:01] [INFO] === Cron Cycle Complete ===
[2026-06-09 11:45:01] [INFO] Cycle duration: 237ms, activities logged: 0
[2026-06-09 11:45:01] [INFO] ╔════════════════════════════════════════════════════════╗
[2026-06-09 11:45:01] [INFO] ║  Cycle Complete — Check logs for details              ║
[2026-06-09 11:45:01] [INFO] ║  Log file: /home/jeepney/.openclaw/workspace-dev/memory/logs/phase2d-cron-20260609.log              ║
[2026-06-09 11:45:01] [INFO] ╚════════════════════════════════════════════════════════╝
[2026-06-09 11:50:01] [INFO] ╔════════════════════════════════════════════════════════╗
[2026-06-09 11:50:01] [INFO] ║  Phase 2D: Cron Integration — Full Cycle              ║
[2026-06-09 11:50:01] [INFO] ║  Start: 2026-06-09 11:50:01 KST                    ║
[2026-06-09 11:50:01] [INFO] ╚════════════════════════════════════════════════════════╝
[2026-06-09 11:50:01] [INFO] === PHASE 2A: Message Collection ===
[2026-06-09 11:50:01] [INFO] Phase 2A health check PASSED
[2026-06-09 11:50:01] [INFO] Phase 2A collected memory content (11357 bytes) in 27ms
[2026-06-09 11:50:01] [INFO] Memory collection saved to: memory_20260609_115001.json
[2026-06-09 11:50:01] [INFO] === PHASE 2B: Duplicate Detection ===
[2026-06-09 11:50:01] [INFO] Phase 2B health check PASSED
[2026-06-09 11:50:01] [INFO] Phase 2B processed 1 unique entries, 0 duplicates removed in 31ms
[2026-06-09 11:50:01] [INFO] Duplicate detection result saved to: duplicates_20260609_115001.json
[2026-06-09 11:50:01] [INFO] === PHASE 2C: Trust Score Calculation ===
[2026-06-09 11:50:01] [INFO] Phase 2C health check PASSED
[2026-06-09 11:50:01] [INFO] Phase 2C processed 1 entries in 55ms: 1 accepted, 0 quarantined, 0 rejected
[2026-06-09 11:50:01] [INFO] Trust scores saved to: trust_scores_20260609_115001.json
[2026-06-09 11:50:01] [INFO] === MEMORY.md Auto-Update ===
[2026-06-09 11:50:01] [INFO] Memory backup created: MEMORY_20260609_115001.md.bak
[2026-06-09 11:50:01] [INFO] MEMORY.md updated with 1 new entries
[2026-06-09 11:50:01] [INFO] === Cron Cycle Complete ===
[2026-06-09 11:50:01] [INFO] Cycle duration: 233ms, activities logged: 0
[2026-06-09 11:50:01] [INFO] ╔════════════════════════════════════════════════════════╗
[2026-06-09 11:50:01] [INFO] ║  Cycle Complete — Check logs for details              ║
[2026-06-09 11:50:01] [INFO] ║  Log file: /home/jeepney/.openclaw/workspace-dev/memory/logs/phase2d-cron-20260609.log              ║
[2026-06-09 11:50:01] [INFO] ╚════════════════════════════════════════════════════════╝
[2026-06-09 11:55:01] [INFO] ╔════════════════════════════════════════════════════════╗
[2026-06-09 11:55:01] [INFO] ║  Phase 2D: Cron Integration — Full Cycle              ║
[2026-06-09 11:55:01] [INFO] ║  Start: 2026-06-09 11:55:01 KST                    ║
[2026-06-09 11:55:01] [INFO] ╚════════════════════════════════════════════════════════╝
[2026-06-09 11:55:01] [INFO] === PHASE 2A: Message Collection ===
[2026-06-09 11:55:01] [INFO] Phase 2A health check PASSED
[2026-06-09 11:55:01] [INFO] Phase 2A collected memory content (11357 bytes) in 25ms
[2026-06-09 11:55:01] [INFO] Memory collection saved to: memory_20260609_115501.json
[2026-06-09 11:55:01] [INFO] === PHASE 2B: Duplicate Detection ===
[2026-06-09 11:55:01] [INFO] Phase 2B health check PASSED
[2026-06-09 11:55:01] [INFO] Phase 2B processed 1 unique entries, 0 duplicates removed in 33ms
[2026-06-09 11:55:01] [INFO] Duplicate detection result saved to: duplicates_20260609_115501.json
[2026-06-09 11:55:01] [INFO] === PHASE 2C: Trust Score Calculation ===
[2026-06-09 11:55:01] [INFO] Phase 2C health check PASSED
[2026-06-09 11:55:01] [INFO] Phase 2C processed 1 entries in 55ms: 1 accepted, 0 quarantined, 0 rejected
[2026-06-09 11:55:01] [INFO] Trust scores saved to: trust_scores_20260609_115501.json
[2026-06-09 11:55:01] [INFO] === MEMORY.md Auto-Update ===
[2026-06-09 11:55:01] [INFO] Memory backup created: MEMORY_20260609_115501.md.bak
[2026-06-09 11:55:01] [INFO] MEMORY.md updated with 1 new entries
[2026-06-09 11:55:01] [INFO] === Cron Cycle Complete ===
[2026-06-09 11:55:01] [INFO] Cycle duration: 231ms, activities logged: 0
[2026-06-09 11:55:01] [INFO] ╔════════════════════════════════════════════════════════╗
[2026-06-09 11:55:01] [INFO] ║  Cycle Complete — Check logs for details              ║
[2026-06-09 11:55:01] [INFO] ║  Log file: /home/jeepney/.openclaw/workspace-dev/memory/logs/phase2d-cron-20260609.log              ║
[2026-06-09 11:55:01] [INFO] ╚════════════════════════════════════════════════════════╝
[2026-06-09 12:00:01] [INFO] ╔════════════════════════════════════════════════════════╗
[2026-06-09 12:00:01] [INFO] ║  Phase 2D: Cron Integration — Full Cycle              ║
[2026-06-09 12:00:01] [INFO] ║  Start: 2026-06-09 12:00:01 KST                    ║
[2026-06-09 12:00:01] [INFO] ╚════════════════════════════════════════════════════════╝
[2026-06-09 12:00:01] [INFO] === PHASE 2A: Message Collection ===
[2026-06-09 12:00:01] [INFO] Phase 2A health check PASSED
[2026-06-09 12:00:01] [INFO] Phase 2A collected memory content (11357 bytes) in 31ms
[2026-06-09 12:00:01] [INFO] Memory collection saved to: memory_20260609_120001.json
[2026-06-09 12:00:01] [INFO] === PHASE 2B: Duplicate Detection ===
[2026-06-09 12:00:01] [INFO] Phase 2B health check PASSED
[2026-06-09 12:00:01] [INFO] Phase 2B processed 1 unique entries, 0 duplicates removed in 34ms
[2026-06-09 12:00:01] [INFO] Duplicate detection result saved to: duplicates_20260609_120001.json
[2026-06-09 12:00:01] [INFO] === PHASE 2C: Trust Score Calculation ===
[2026-06-09 12:00:01] [INFO] Phase 2C health check PASSED
[2026-06-09 12:00:01] [INFO] Phase 2C processed 1 entries in 56ms: 1 accepted, 0 quarantined, 0 rejected
[2026-06-09 12:00:01] [INFO] Trust scores saved to: trust_scores_20260609_120001.json
[2026-06-09 12:00:01] [INFO] === MEMORY.md Auto-Update ===
[2026-06-09 12:00:01] [INFO] Memory backup created: MEMORY_20260609_120001.md.bak
[2026-06-09 12:00:01] [INFO] MEMORY.md updated with 1 new entries
[2026-06-09 12:00:01] [INFO] === Cron Cycle Complete ===
[2026-06-09 12:00:01] [INFO] Cycle duration: 247ms, activities logged: 0
[2026-06-09 12:00:01] [INFO] ╔════════════════════════════════════════════════════════╗
[2026-06-09 12:00:01] [INFO] ║  Cycle Complete — Check logs for details              ║
[2026-06-09 12:00:01] [INFO] ║  Log file: /home/jeepney/.openclaw/workspace-dev/memory/logs/phase2d-cron-20260609.log              ║
[2026-06-09 12:00:01] [INFO] ╚════════════════════════════════════════════════════════╝
[2026-06-09 12:05:01] [INFO] ╔════════════════════════════════════════════════════════╗
[2026-06-09 12:05:01] [INFO] ║  Phase 2D: Cron Integration — Full Cycle              ║
[2026-06-09 12:05:01] [INFO] ║  Start: 2026-06-09 12:05:01 KST                    ║
[2026-06-09 12:05:01] [INFO] ╚════════════════════════════════════════════════════════╝
[2026-06-09 12:05:01] [INFO] === PHASE 2A: Message Collection ===
[2026-06-09 12:05:01] [INFO] Phase 2A health check PASSED
[2026-06-09 12:05:01] [INFO] Phase 2A collected memory content (11357 bytes) in 27ms
[2026-06-09 12:05:01] [INFO] Memory collection saved to: memory_20260609_120501.json
[2026-06-09 12:05:01] [INFO] === PHASE 2B: Duplicate Detection ===
[2026-06-09 12:05:01] [INFO] Phase 2B health check PASSED
[2026-06-09 12:05:01] [INFO] Phase 2B processed 1 unique entries, 0 duplicates removed in 32ms
[2026-06-09 12:05:01] [INFO] Duplicate detection result saved to: duplicates_20260609_120501.json
[2026-06-09 12:05:01] [INFO] === PHASE 2C: Trust Score Calculation ===
[2026-06-09 12:05:01] [INFO] Phase 2C health check PASSED
[2026-06-09 12:05:01] [INFO] Phase 2C processed 1 entries in 56ms: 1 accepted, 0 quarantined, 0 rejected
[2026-06-09 12:05:01] [INFO] Trust scores saved to: trust_scores_20260609_120501.json
[2026-06-09 12:05:01] [INFO] === MEMORY.md Auto-Update ===
[2026-06-09 12:05:01] [INFO] Memory backup created: MEMORY_20260609_120501.md.bak
[2026-06-09 12:05:01] [INFO] MEMORY.md updated with 1 new entries
[2026-06-09 12:05:01] [INFO] === Cron Cycle Complete ===
[2026-06-09 12:05:01] [INFO] Cycle duration: 236ms, activities logged: 0
[2026-06-09 12:05:01] [INFO] ╔════════════════════════════════════════════════════════╗
[2026-06-09 12:05:01] [INFO] ║  Cycle Complete — Check logs for details              ║
[2026-06-09 12:05:01] [INFO] ║  Log file: /home/jeepney/.openclaw/workspace-dev/memory/logs/phase2d-cron-20260609.log              ║
[2026-06-09 12:05:01] [INFO] ╚════════════════════════════════════════════════════════╝
[2026-06-09 12:10:01] [INFO] ╔════════════════════════════════════════════════════════╗
[2026-06-09 12:10:01] [INFO] ║  Phase 2D: Cron Integration — Full Cycle              ║
[2026-06-09 12:10:01] [INFO] ║  Start: 2026-06-09 12:10:01 KST                    ║
[2026-06-09 12:10:01] [INFO] ╚════════════════════════════════════════════════════════╝
[2026-06-09 12:10:01] [INFO] === PHASE 2A: Message Collection ===
[2026-06-09 12:10:01] [INFO] Phase 2A health check PASSED
[2026-06-09 12:10:01] [INFO] Phase 2A collected memory content (11357 bytes) in 29ms
[2026-06-09 12:10:01] [INFO] Memory collection saved to: memory_20260609_121001.json
[2026-06-09 12:10:01] [INFO] === PHASE 2B: Duplicate Detection ===
[2026-06-09 12:10:01] [INFO] Phase 2B health check PASSED
[2026-06-09 12:10:01] [INFO] Phase 2B processed 1 unique entries, 0 duplicates removed in 38ms
[2026-06-09 12:10:01] [INFO] Duplicate detection result saved to: duplicates_20260609_121001.json
[2026-06-09 12:10:01] [INFO] === PHASE 2C: Trust Score Calculation ===
[2026-06-09 12:10:01] [INFO] Phase 2C health check PASSED
[2026-06-09 12:10:01] [INFO] Phase 2C processed 1 entries in 55ms: 1 accepted, 0 quarantined, 0 rejected
[2026-06-09 12:10:01] [INFO] Trust scores saved to: trust_scores_20260609_121001.json
[2026-06-09 12:10:01] [INFO] === MEMORY.md Auto-Update ===
[2026-06-09 12:10:01] [INFO] Memory backup created: MEMORY_20260609_121001.md.bak
[2026-06-09 12:10:01] [INFO] MEMORY.md updated with 1 new entries
[2026-06-09 12:10:01] [INFO] === Cron Cycle Complete ===
[2026-06-09 12:10:01] [INFO] Cycle duration: 255ms, activities logged: 0
[2026-06-09 12:10:01] [INFO] ╔════════════════════════════════════════════════════════╗
[2026-06-09 12:10:01] [INFO] ║  Cycle Complete — Check logs for details              ║
[2026-06-09 12:10:01] [INFO] ║  Log file: /home/jeepney/.openclaw/workspace-dev/memory/logs/phase2d-cron-20260609.log              ║
[2026-06-09 12:10:01] [INFO] ╚════════════════════════════════════════════════════════╝
[2026-06-09 12:15:01] [INFO] ╔════════════════════════════════════════════════════════╗
[2026-06-09 12:15:01] [INFO] ║  Phase 2D: Cron Integration — Full Cycle              ║
[2026-06-09 12:15:01] [INFO] ║  Start: 2026-06-09 12:15:01 KST                    ║
[2026-06-09 12:15:01] [INFO] ╚════════════════════════════════════════════════════════╝
[2026-06-09 12:15:01] [INFO] === PHASE 2A: Message Collection ===
[2026-06-09 12:15:01] [INFO] Phase 2A health check PASSED
[2026-06-09 12:15:01] [INFO] Phase 2A collected memory content (11357 bytes) in 29ms
[2026-06-09 12:15:01] [INFO] Memory collection saved to: memory_20260609_121501.json
[2026-06-09 12:15:01] [INFO] === PHASE 2B: Duplicate Detection ===
[2026-06-09 12:15:01] [INFO] Phase 2B health check PASSED
[2026-06-09 12:15:01] [INFO] Phase 2B processed 1 unique entries, 0 duplicates removed in 32ms
[2026-06-09 12:15:01] [INFO] Duplicate detection result saved to: duplicates_20260609_121501.json
[2026-06-09 12:15:01] [INFO] === PHASE 2C: Trust Score Calculation ===
[2026-06-09 12:15:01] [INFO] Phase 2C health check PASSED
[2026-06-09 12:15:01] [INFO] Phase 2C processed 1 entries in 57ms: 1 accepted, 0 quarantined, 0 rejected
[2026-06-09 12:15:01] [INFO] Trust scores saved to: trust_scores_20260609_121501.json
[2026-06-09 12:15:01] [INFO] === MEMORY.md Auto-Update ===
[2026-06-09 12:15:01] [INFO] Memory backup created: MEMORY_20260609_121501.md.bak
[2026-06-09 12:15:01] [INFO] MEMORY.md updated with 1 new entries
[2026-06-09 12:15:01] [INFO] === Cron Cycle Complete ===
[2026-06-09 12:15:01] [INFO] Cycle duration: 250ms, activities logged: 0
[2026-06-09 12:15:01] [INFO] ╔════════════════════════════════════════════════════════╗
[2026-06-09 12:15:01] [INFO] ║  Cycle Complete — Check logs for details              ║
[2026-06-09 12:15:01] [INFO] ║  Log file: /home/jeepney/.openclaw/workspace-dev/memory/logs/phase2d-cron-20260609.log              ║
[2026-06-09 12:15:01] [INFO] ╚════════════════════════════════════════════════════════╝
[2026-06-09 12:20:01] [INFO] ╔════════════════════════════════════════════════════════╗
[2026-06-09 12:20:01] [INFO] ║  Phase 2D: Cron Integration — Full Cycle              ║
[2026-06-09 12:20:01] [INFO] ║  Start: 2026-06-09 12:20:01 KST                    ║
[2026-06-09 12:20:01] [INFO] ╚════════════════════════════════════════════════════════╝
[2026-06-09 12:20:01] [INFO] === PHASE 2A: Message Collection ===
[2026-06-09 12:20:01] [INFO] Phase 2A health check PASSED
[2026-06-09 12:20:01] [INFO] Phase 2A collected memory content (11357 bytes) in 33ms
[2026-06-09 12:20:01] [INFO] Memory collection saved to: memory_20260609_122001.json
[2026-06-09 12:20:01] [INFO] === PHASE 2B: Duplicate Detection ===
[2026-06-09 12:20:01] [INFO] Phase 2B health check PASSED
[2026-06-09 12:20:01] [INFO] Phase 2B processed 1 unique entries, 0 duplicates removed in 35ms
[2026-06-09 12:20:01] [INFO] Duplicate detection result saved to: duplicates_20260609_122001.json
[2026-06-09 12:20:01] [INFO] === PHASE 2C: Trust Score Calculation ===
[2026-06-09 12:20:01] [INFO] Phase 2C health check PASSED
[2026-06-09 12:20:01] [INFO] Phase 2C processed 1 entries in 64ms: 1 accepted, 0 quarantined, 0 rejected
[2026-06-09 12:20:02] [INFO] Trust scores saved to: trust_scores_20260609_122001.json
[2026-06-09 12:20:02] [INFO] === MEMORY.md Auto-Update ===
[2026-06-09 12:20:02] [INFO] Memory backup created: MEMORY_20260609_122001.md.bak
[2026-06-09 12:20:02] [INFO] MEMORY.md updated with 1 new entries
[2026-06-09 12:20:02] [INFO] === Cron Cycle Complete ===
[2026-06-09 12:20:02] [INFO] Cycle duration: 286ms, activities logged: 0
[2026-06-09 12:20:02] [INFO] ╔════════════════════════════════════════════════════════╗
[2026-06-09 12:20:02] [INFO] ║  Cycle Complete — Check logs for details              ║
[2026-06-09 12:20:02] [INFO] ║  Log file: /home/jeepney/.openclaw/workspace-dev/memory/logs/phase2d-cron-20260609.log              ║
[2026-06-09 12:20:02] [INFO] ╚════════════════════════════════════════════════════════╝
[2026-06-09 12:25:01] [INFO] ╔════════════════════════════════════════════════════════╗
[2026-06-09 12:25:01] [INFO] ║  Phase 2D: Cron Integration — Full Cycle              ║
[2026-06-09 12:25:01] [INFO] ║  Start: 2026-06-09 12:25:01 KST                    ║
[2026-06-09 12:25:01] [INFO] ╚════════════════════════════════════════════════════════╝
[2026-06-09 12:25:01] [INFO] === PHASE 2A: Message Collection ===
[2026-06-09 12:25:01] [INFO] Phase 2A health check PASSED
[2026-06-09 12:25:01] [INFO] Phase 2A collected memory content (11357 bytes) in 32ms
[2026-06-09 12:25:01] [INFO] Memory collection saved to: memory_20260609_122501.json
[2026-06-09 12:25:01] [INFO] === PHASE 2B: Duplicate Detection ===
[2026-06-09 12:25:01] [INFO] Phase 2B health check PASSED
[2026-06-09 12:25:01] [INFO] Phase 2B processed 1 unique entries, 0 duplicates removed in 39ms
[2026-06-09 12:25:01] [INFO] Duplicate detection result saved to: duplicates_20260609_122501.json
[2026-06-09 12:25:01] [INFO] === PHASE 2C: Trust Score Calculation ===
[2026-06-09 12:25:01] [INFO] Phase 2C health check PASSED
[2026-06-09 12:25:01] [INFO] Phase 2C processed 1 entries in 66ms: 1 accepted, 0 quarantined, 0 rejected
[2026-06-09 12:25:01] [INFO] Trust scores saved to: trust_scores_20260609_122501.json
[2026-06-09 12:25:01] [INFO] === MEMORY.md Auto-Update ===
[2026-06-09 12:25:01] [INFO] Memory backup created: MEMORY_20260609_122501.md.bak
[2026-06-09 12:25:01] [INFO] MEMORY.md updated with 1 new entries
[2026-06-09 12:25:01] [INFO] === Cron Cycle Complete ===
[2026-06-09 12:25:01] [INFO] Cycle duration: 302ms, activities logged: 0
[2026-06-09 12:25:01] [INFO] ╔════════════════════════════════════════════════════════╗
[2026-06-09 12:25:01] [INFO] ║  Cycle Complete — Check logs for details              ║
[2026-06-09 12:25:02] [INFO] ║  Log file: /home/jeepney/.openclaw/workspace-dev/memory/logs/phase2d-cron-20260609.log              ║
[2026-06-09 12:25:02] [INFO] ╚════════════════════════════════════════════════════════╝
[2026-06-09 12:30:01] [INFO] ╔════════════════════════════════════════════════════════╗
[2026-06-09 12:30:01] [INFO] ║  Phase 2D: Cron Integration — Full Cycle              ║
[2026-06-09 12:30:01] [INFO] ║  Start: 2026-06-09 12:30:01 KST                    ║
[2026-06-09 12:30:01] [INFO] ╚════════════════════════════════════════════════════════╝
[2026-06-09 12:30:01] [INFO] === PHASE 2A: Message Collection ===
[2026-06-09 12:30:01] [INFO] Phase 2A health check PASSED
[2026-06-09 12:30:02] [INFO] Phase 2A collected memory content (11357 bytes) in 38ms
[2026-06-09 12:30:02] [INFO] Memory collection saved to: memory_20260609_123001.json
[2026-06-09 12:30:02] [INFO] === PHASE 2B: Duplicate Detection ===
[2026-06-09 12:30:02] [INFO] Phase 2B health check PASSED
[2026-06-09 12:30:02] [INFO] Phase 2B processed 1 unique entries, 0 duplicates removed in 37ms
[2026-06-09 12:30:02] [INFO] Duplicate detection result saved to: duplicates_20260609_123001.json
[2026-06-09 12:30:02] [INFO] === PHASE 2C: Trust Score Calculation ===
[2026-06-09 12:30:02] [INFO] Phase 2C health check PASSED
[2026-06-09 12:30:02] [INFO] Phase 2C processed 1 entries in 63ms: 1 accepted, 0 quarantined, 0 rejected
[2026-06-09 12:30:02] [INFO] Trust scores saved to: trust_scores_20260609_123001.json
[2026-06-09 12:30:02] [INFO] === MEMORY.md Auto-Update ===
[2026-06-09 12:30:02] [INFO] Memory backup created: MEMORY_20260609_123001.md.bak
[2026-06-09 12:30:02] [INFO] MEMORY.md updated with 1 new entries
[2026-06-09 12:30:02] [INFO] === Cron Cycle Complete ===
[2026-06-09 12:30:02] [INFO] Cycle duration: 280ms, activities logged: 0
[2026-06-09 12:30:02] [INFO] ╔════════════════════════════════════════════════════════╗
[2026-06-09 12:30:02] [INFO] ║  Cycle Complete — Check logs for details              ║
[2026-06-09 12:30:02] [INFO] ║  Log file: /home/jeepney/.openclaw/workspace-dev/memory/logs/phase2d-cron-20260609.log              ║
[2026-06-09 12:30:02] [INFO] ╚════════════════════════════════════════════════════════╝
[2026-06-09 12:35:01] [INFO] ╔════════════════════════════════════════════════════════╗
[2026-06-09 12:35:01] [INFO] ║  Phase 2D: Cron Integration — Full Cycle              ║
[2026-06-09 12:35:01] [INFO] ║  Start: 2026-06-09 12:35:01 KST                    ║
[2026-06-09 12:35:01] [INFO] ╚════════════════════════════════════════════════════════╝
[2026-06-09 12:35:01] [INFO] === PHASE 2A: Message Collection ===
[2026-06-09 12:35:01] [INFO] Phase 2A health check PASSED
[2026-06-09 12:35:01] [INFO] Phase 2A collected memory content (11357 bytes) in 49ms
[2026-06-09 12:35:01] [INFO] Memory collection saved to: memory_20260609_123501.json
[2026-06-09 12:35:01] [INFO] === PHASE 2B: Duplicate Detection ===
[2026-06-09 12:35:01] [INFO] Phase 2B health check PASSED
[2026-06-09 12:35:01] [INFO] Phase 2B processed 1 unique entries, 0 duplicates removed in 57ms
[2026-06-09 12:35:01] [INFO] Duplicate detection result saved to: duplicates_20260609_123501.json
[2026-06-09 12:35:01] [INFO] === PHASE 2C: Trust Score Calculation ===
[2026-06-09 12:35:01] [INFO] Phase 2C health check PASSED
[2026-06-09 12:35:01] [INFO] Phase 2C processed 1 entries in 96ms: 1 accepted, 0 quarantined, 0 rejected
[2026-06-09 12:35:01] [INFO] Trust scores saved to: trust_scores_20260609_123501.json
[2026-06-09 12:35:01] [INFO] === MEMORY.md Auto-Update ===
[2026-06-09 12:35:01] [INFO] Memory backup created: MEMORY_20260609_123501.md.bak
[2026-06-09 12:35:01] [INFO] MEMORY.md updated with 1 new entries
[2026-06-09 12:35:01] [INFO] === Cron Cycle Complete ===
[2026-06-09 12:35:01] [INFO] Cycle duration: 433ms, activities logged: 0
[2026-06-09 12:35:01] [INFO] ╔════════════════════════════════════════════════════════╗
[2026-06-09 12:35:01] [INFO] ║  Cycle Complete — Check logs for details              ║
[2026-06-09 12:35:01] [INFO] ║  Log file: /home/jeepney/.openclaw/workspace-dev/memory/logs/phase2d-cron-20260609.log              ║
[2026-06-09 12:35:01] [INFO] ╚════════════════════════════════════════════════════════╝
[2026-06-09 12:40:01] [INFO] ╔════════════════════════════════════════════════════════╗
[2026-06-09 12:40:01] [INFO] ║  Phase 2D: Cron Integration — Full Cycle              ║
[2026-06-09 12:40:01] [INFO] ║  Start: 2026-06-09 12:40:01 KST                    ║
[2026-06-09 12:40:01] [INFO] ╚════════════════════════════════════════════════════════╝
[2026-06-09 12:40:01] [INFO] === PHASE 2A: Message Collection ===
[2026-06-09 12:40:01] [INFO] Phase 2A health check PASSED
[2026-06-09 12:40:02] [INFO] Phase 2A collected memory content (11357 bytes) in 49ms
[2026-06-09 12:40:02] [INFO] Memory collection saved to: memory_20260609_124001.json
[2026-06-09 12:40:02] [INFO] === PHASE 2B: Duplicate Detection ===
[2026-06-09 12:40:02] [INFO] Phase 2B health check PASSED
[2026-06-09 12:40:02] [INFO] Phase 2B processed 1 unique entries, 0 duplicates removed in 53ms
[2026-06-09 12:40:02] [INFO] Duplicate detection result saved to: duplicates_20260609_124001.json
[2026-06-09 12:40:02] [INFO] === PHASE 2C: Trust Score Calculation ===
[2026-06-09 12:40:02] [INFO] Phase 2C health check PASSED
[2026-06-09 12:40:02] [INFO] Phase 2C processed 1 entries in 97ms: 1 accepted, 0 quarantined, 0 rejected
[2026-06-09 12:40:02] [INFO] Trust scores saved to: trust_scores_20260609_124001.json
[2026-06-09 12:40:02] [INFO] === MEMORY.md Auto-Update ===
[2026-06-09 12:40:02] [INFO] Memory backup created: MEMORY_20260609_124001.md.bak
[2026-06-09 12:40:02] [INFO] MEMORY.md updated with 1 new entries
[2026-06-09 12:40:02] [INFO] === Cron Cycle Complete ===
[2026-06-09 12:40:02] [INFO] Cycle duration: 437ms, activities logged: 0
[2026-06-09 12:40:02] [INFO] ╔════════════════════════════════════════════════════════╗
[2026-06-09 12:40:02] [INFO] ║  Cycle Complete — Check logs for details              ║
[2026-06-09 12:40:02] [INFO] ║  Log file: /home/jeepney/.openclaw/workspace-dev/memory/logs/phase2d-cron-20260609.log              ║
[2026-06-09 12:40:02] [INFO] ╚════════════════════════════════════════════════════════╝
[2026-06-09 12:45:01] [INFO] ╔════════════════════════════════════════════════════════╗
[2026-06-09 12:45:01] [INFO] ║  Phase 2D: Cron Integration — Full Cycle              ║
[2026-06-09 12:45:01] [INFO] ║  Start: 2026-06-09 12:45:01 KST                    ║
[2026-06-09 12:45:01] [INFO] ╚════════════════════════════════════════════════════════╝
[2026-06-09 12:45:01] [INFO] === PHASE 2A: Message Collection ===
[2026-06-09 12:45:01] [INFO] Phase 2A health check PASSED
[2026-06-09 12:45:02] [INFO] Phase 2A collected memory content (12079 bytes) in 53ms
[2026-06-09 12:45:02] [INFO] Memory collection saved to: memory_20260609_124501.json
[2026-06-09 12:45:02] [INFO] === PHASE 2B: Duplicate Detection ===
[2026-06-09 12:45:02] [INFO] Phase 2B health check PASSED
[2026-06-09 12:45:02] [INFO] Phase 2B processed 1 unique entries, 0 duplicates removed in 49ms
[2026-06-09 12:45:02] [INFO] Duplicate detection result saved to: duplicates_20260609_124501.json
[2026-06-09 12:45:02] [INFO] === PHASE 2C: Trust Score Calculation ===
[2026-06-09 12:45:02] [INFO] Phase 2C health check PASSED
[2026-06-09 12:45:02] [INFO] Phase 2C processed 1 entries in 83ms: 1 accepted, 0 quarantined, 0 rejected
[2026-06-09 12:45:02] [INFO] Trust scores saved to: trust_scores_20260609_124501.json
[2026-06-09 12:45:02] [INFO] === MEMORY.md Auto-Update ===
[2026-06-09 12:45:02] [INFO] Memory backup created: MEMORY_20260609_124501.md.bak
[2026-06-09 12:45:02] [INFO] MEMORY.md updated with 1 new entries
[2026-06-09 12:45:02] [INFO] === Cron Cycle Complete ===
[2026-06-09 12:45:02] [INFO] Cycle duration: 407ms, activities logged: 0
[2026-06-09 12:45:02] [INFO] ╔════════════════════════════════════════════════════════╗
[2026-06-09 12:45:02] [INFO] ║  Cycle Complete — Check logs for details              ║
[2026-06-09 12:45:02] [INFO] ║  Log file: /home/jeepney/.openclaw/workspace-dev/memory/logs/phase2d-cron-20260609.log              ║
[2026-06-09 12:45:02] [INFO] ╚════════════════════════════════════════════════════════╝
[2026-06-09 12:50:01] [INFO] ╔════════════════════════════════════════════════════════╗
[2026-06-09 12:50:01] [INFO] ║  Phase 2D: Cron Integration — Full Cycle              ║
[2026-06-09 12:50:01] [INFO] ║  Start: 2026-06-09 12:50:01 KST                    ║
[2026-06-09 12:50:01] [INFO] ╚════════════════════════════════════════════════════════╝
[2026-06-09 12:50:01] [INFO] === PHASE 2A: Message Collection ===
[2026-06-09 12:50:01] [INFO] Phase 2A health check PASSED
[2026-06-09 12:50:01] [INFO] Phase 2A collected memory content (12079 bytes) in 44ms
[2026-06-09 12:50:01] [INFO] Memory collection saved to: memory_20260609_125001.json
[2026-06-09 12:50:01] [INFO] === PHASE 2B: Duplicate Detection ===
[2026-06-09 12:50:01] [INFO] Phase 2B health check PASSED
[2026-06-09 12:50:01] [INFO] Phase 2B processed 1 unique entries, 0 duplicates removed in 52ms
[2026-06-09 12:50:01] [INFO] Duplicate detection result saved to: duplicates_20260609_125001.json
[2026-06-09 12:50:01] [INFO] === PHASE 2C: Trust Score Calculation ===
[2026-06-09 12:50:01] [INFO] Phase 2C health check PASSED
[2026-06-09 12:50:01] [INFO] Phase 2C processed 1 entries in 82ms: 1 accepted, 0 quarantined, 0 rejected
[2026-06-09 12:50:01] [INFO] Trust scores saved to: trust_scores_20260609_125001.json
[2026-06-09 12:50:01] [INFO] === MEMORY.md Auto-Update ===
[2026-06-09 12:50:01] [INFO] Memory backup created: MEMORY_20260609_125001.md.bak
[2026-06-09 12:50:01] [INFO] MEMORY.md updated with 1 new entries
[2026-06-09 12:50:01] [INFO] === Cron Cycle Complete ===
[2026-06-09 12:50:01] [INFO] Cycle duration: 379ms, activities logged: 0
[2026-06-09 12:50:01] [INFO] ╔════════════════════════════════════════════════════════╗
[2026-06-09 12:50:01] [INFO] ║  Cycle Complete — Check logs for details              ║
[2026-06-09 12:50:01] [INFO] ║  Log file: /home/jeepney/.openclaw/workspace-dev/memory/logs/phase2d-cron-20260609.log              ║
[2026-06-09 12:50:01] [INFO] ╚════════════════════════════════════════════════════════╝
[2026-06-09 12:55:01] [INFO] ╔════════════════════════════════════════════════════════╗
[2026-06-09 12:55:01] [INFO] ║  Phase 2D: Cron Integration — Full Cycle              ║
[2026-06-09 12:55:01] [INFO] ║  Start: 2026-06-09 12:55:01 KST                    ║
[2026-06-09 12:55:01] [INFO] ╚════════════════════════════════════════════════════════╝
[2026-06-09 12:55:01] [INFO] === PHASE 2A: Message Collection ===
[2026-06-09 12:55:01] [INFO] Phase 2A health check PASSED
[2026-06-09 12:55:01] [INFO] Phase 2A collected memory content (12079 bytes) in 98ms
[2026-06-09 12:55:02] [INFO] Memory collection saved to: memory_20260609_125501.json
[2026-06-09 12:55:02] [INFO] === PHASE 2B: Duplicate Detection ===
[2026-06-09 12:55:02] [INFO] Phase 2B health check PASSED
[2026-06-09 12:55:02] [INFO] Phase 2B processed 1 unique entries, 0 duplicates removed in 141ms
[2026-06-09 12:55:02] [INFO] Duplicate detection result saved to: duplicates_20260609_125501.json
[2026-06-09 12:55:02] [INFO] === PHASE 2C: Trust Score Calculation ===
[2026-06-09 12:55:02] [INFO] Phase 2C health check PASSED
[2026-06-09 12:55:02] [INFO] Phase 2C processed 1 entries in 246ms: 1 accepted, 0 quarantined, 0 rejected
[2026-06-09 12:55:02] [INFO] Trust scores saved to: trust_scores_20260609_125501.json
[2026-06-09 12:55:02] [INFO] === MEMORY.md Auto-Update ===
[2026-06-09 12:55:02] [INFO] Memory backup created: MEMORY_20260609_125501.md.bak
[2026-06-09 12:55:02] [INFO] MEMORY.md updated with 1 new entries
[2026-06-09 12:55:02] [INFO] === Cron Cycle Complete ===
[2026-06-09 12:55:02] [INFO] Cycle duration: 933ms, activities logged: 0
[2026-06-09 12:55:02] [INFO] ╔════════════════════════════════════════════════════════╗
[2026-06-09 12:55:02] [INFO] ║  Cycle Complete — Check logs for details              ║
[2026-06-09 12:55:02] [INFO] ║  Log file: /home/jeepney/.openclaw/workspace-dev/memory/logs/phase2d-cron-20260609.log              ║
[2026-06-09 12:55:02] [INFO] ╚════════════════════════════════════════════════════════╝
[2026-06-09 13:00:01] [INFO] ╔════════════════════════════════════════════════════════╗
[2026-06-09 13:00:01] [INFO] ║  Phase 2D: Cron Integration — Full Cycle              ║
[2026-06-09 13:00:01] [INFO] ║  Start: 2026-06-09 13:00:01 KST                    ║
[2026-06-09 13:00:01] [INFO] ╚════════════════════════════════════════════════════════╝
[2026-06-09 13:00:01] [INFO] === PHASE 2A: Message Collection ===
[2026-06-09 13:00:01] [INFO] Phase 2A health check PASSED
[2026-06-09 13:00:01] [INFO] Phase 2A collected memory content (12079 bytes) in 117ms
[2026-06-09 13:00:01] [INFO] Memory collection saved to: memory_20260609_130001.json
[2026-06-09 13:00:01] [INFO] === PHASE 2B: Duplicate Detection ===
[2026-06-09 13:00:01] [INFO] Phase 2B health check PASSED
[2026-06-09 13:00:01] [INFO] Phase 2B processed 1 unique entries, 0 duplicates removed in 132ms
[2026-06-09 13:00:01] [INFO] Duplicate detection result saved to: duplicates_20260609_130001.json
[2026-06-09 13:00:01] [INFO] === PHASE 2C: Trust Score Calculation ===
[2026-06-09 13:00:02] [INFO] Phase 2C health check PASSED
[2026-06-09 13:00:02] [INFO] Phase 2C processed 1 entries in 260ms: 1 accepted, 0 quarantined, 0 rejected
[2026-06-09 13:00:02] [INFO] Trust scores saved to: trust_scores_20260609_130001.json
[2026-06-09 13:00:02] [INFO] === MEMORY.md Auto-Update ===
[2026-06-09 13:00:02] [INFO] Memory backup created: MEMORY_20260609_130001.md.bak
[2026-06-09 13:00:02] [INFO] MEMORY.md updated with 1 new entries
[2026-06-09 13:00:02] [INFO] === Cron Cycle Complete ===
[2026-06-09 13:00:02] [INFO] Cycle duration: 1065ms, activities logged: 0
[2026-06-09 13:00:02] [INFO] ╔════════════════════════════════════════════════════════╗
[2026-06-09 13:00:02] [INFO] ║  Cycle Complete — Check logs for details              ║
[2026-06-09 13:00:02] [INFO] ║  Log file: /home/jeepney/.openclaw/workspace-dev/memory/logs/phase2d-cron-20260609.log              ║
[2026-06-09 13:00:02] [INFO] ╚════════════════════════════════════════════════════════╝
[2026-06-09 13:05:01] [INFO] ╔════════════════════════════════════════════════════════╗
[2026-06-09 13:05:01] [INFO] ║  Phase 2D: Cron Integration — Full Cycle              ║
[2026-06-09 13:05:01] [INFO] ║  Start: 2026-06-09 13:05:01 KST                    ║
[2026-06-09 13:05:01] [INFO] ╚════════════════════════════════════════════════════════╝
[2026-06-09 13:05:01] [INFO] === PHASE 2A: Message Collection ===
[2026-06-09 13:05:01] [INFO] Phase 2A health check PASSED
[2026-06-09 13:05:01] [INFO] Phase 2A collected memory content (12079 bytes) in 27ms
[2026-06-09 13:05:01] [INFO] Memory collection saved to: memory_20260609_130501.json
[2026-06-09 13:05:01] [INFO] === PHASE 2B: Duplicate Detection ===
[2026-06-09 13:05:01] [INFO] Phase 2B health check PASSED
[2026-06-09 13:05:01] [INFO] Phase 2B processed 1 unique entries, 0 duplicates removed in 34ms
[2026-06-09 13:05:01] [INFO] Duplicate detection result saved to: duplicates_20260609_130501.json
[2026-06-09 13:05:01] [INFO] === PHASE 2C: Trust Score Calculation ===
[2026-06-09 13:05:01] [INFO] Phase 2C health check PASSED
[2026-06-09 13:05:02] [INFO] Phase 2C processed 1 entries in 56ms: 1 accepted, 0 quarantined, 0 rejected
[2026-06-09 13:05:02] [INFO] Trust scores saved to: trust_scores_20260609_130501.json
[2026-06-09 13:05:02] [INFO] === MEMORY.md Auto-Update ===
[2026-06-09 13:05:02] [INFO] Memory backup created: MEMORY_20260609_130501.md.bak
[2026-06-09 13:05:02] [INFO] MEMORY.md updated with 1 new entries
[2026-06-09 13:05:02] [INFO] === Cron Cycle Complete ===
[2026-06-09 13:05:02] [INFO] Cycle duration: 238ms, activities logged: 0
[2026-06-09 13:05:02] [INFO] ╔════════════════════════════════════════════════════════╗
[2026-06-09 13:05:02] [INFO] ║  Cycle Complete — Check logs for details              ║
[2026-06-09 13:05:02] [INFO] ║  Log file: /home/jeepney/.openclaw/workspace-dev/memory/logs/phase2d-cron-20260609.log              ║
[2026-06-09 13:05:02] [INFO] ╚════════════════════════════════════════════════════════╝
[2026-06-09 13:10:01] [INFO] ╔════════════════════════════════════════════════════════╗
[2026-06-09 13:10:01] [INFO] ║  Phase 2D: Cron Integration — Full Cycle              ║
[2026-06-09 13:10:01] [INFO] ║  Start: 2026-06-09 13:10:01 KST                    ║
[2026-06-09 13:10:01] [INFO] ╚════════════════════════════════════════════════════════╝
[2026-06-09 13:10:01] [INFO] === PHASE 2A: Message Collection ===
[2026-06-09 13:10:01] [INFO] Phase 2A health check PASSED
[2026-06-09 13:10:01] [INFO] Phase 2A collected memory content (12079 bytes) in 31ms
[2026-06-09 13:10:01] [INFO] Memory collection saved to: memory_20260609_131001.json
[2026-06-09 13:10:01] [INFO] === PHASE 2B: Duplicate Detection ===
[2026-06-09 13:10:01] [INFO] Phase 2B health check PASSED
[2026-06-09 13:10:01] [INFO] Phase 2B processed 1 unique entries, 0 duplicates removed in 34ms
[2026-06-09 13:10:01] [INFO] Duplicate detection result saved to: duplicates_20260609_131001.json
[2026-06-09 13:10:01] [INFO] === PHASE 2C: Trust Score Calculation ===
[2026-06-09 13:10:01] [INFO] Phase 2C health check PASSED
[2026-06-09 13:10:01] [INFO] Phase 2C processed 1 entries in 63ms: 1 accepted, 0 quarantined, 0 rejected
[2026-06-09 13:10:01] [INFO] Trust scores saved to: trust_scores_20260609_131001.json
[2026-06-09 13:10:01] [INFO] === MEMORY.md Auto-Update ===
[2026-06-09 13:10:01] [INFO] Memory backup created: MEMORY_20260609_131001.md.bak
[2026-06-09 13:10:01] [INFO] MEMORY.md updated with 1 new entries
[2026-06-09 13:10:01] [INFO] === Cron Cycle Complete ===
[2026-06-09 13:10:01] [INFO] Cycle duration: 263ms, activities logged: 0
[2026-06-09 13:10:01] [INFO] ╔════════════════════════════════════════════════════════╗
[2026-06-09 13:10:01] [INFO] ║  Cycle Complete — Check logs for details              ║
[2026-06-09 13:10:01] [INFO] ║  Log file: /home/jeepney/.openclaw/workspace-dev/memory/logs/phase2d-cron-20260609.log              ║
[2026-06-09 13:10:01] [INFO] ╚════════════════════════════════════════════════════════╝
[2026-06-09 13:15:02] [INFO] ╔════════════════════════════════════════════════════════╗
[2026-06-09 13:15:02] [INFO] ║  Phase 2D: Cron Integration — Full Cycle              ║
[2026-06-09 13:15:02] [INFO] ║  Start: 2026-06-09 13:15:02 KST                    ║
[2026-06-09 13:15:02] [INFO] ╚════════════════════════════════════════════════════════╝
[2026-06-09 13:15:02] [INFO] === PHASE 2A: Message Collection ===
[2026-06-09 13:15:02] [INFO] Phase 2A health check PASSED
[2026-06-09 13:15:02] [INFO] Phase 2A collected memory content (12079 bytes) in 29ms
[2026-06-09 13:15:02] [INFO] Memory collection saved to: memory_20260609_131502.json
[2026-06-09 13:15:02] [INFO] === PHASE 2B: Duplicate Detection ===
[2026-06-09 13:15:02] [INFO] Phase 2B health check PASSED
[2026-06-09 13:15:02] [INFO] Phase 2B processed 1 unique entries, 0 duplicates removed in 36ms
[2026-06-09 13:15:02] [INFO] Duplicate detection result saved to: duplicates_20260609_131502.json
[2026-06-09 13:15:02] [INFO] === PHASE 2C: Trust Score Calculation ===
[2026-06-09 13:15:02] [INFO] Phase 2C health check PASSED
[2026-06-09 13:15:02] [INFO] Phase 2C processed 1 entries in 58ms: 1 accepted, 0 quarantined, 0 rejected
[2026-06-09 13:15:02] [INFO] Trust scores saved to: trust_scores_20260609_131502.json
[2026-06-09 13:15:02] [INFO] === MEMORY.md Auto-Update ===
[2026-06-09 13:15:02] [INFO] Memory backup created: MEMORY_20260609_131502.md.bak
[2026-06-09 13:15:02] [INFO] MEMORY.md updated with 1 new entries
[2026-06-09 13:15:02] [INFO] === Cron Cycle Complete ===
[2026-06-09 13:15:02] [INFO] Cycle duration: 252ms, activities logged: 0
[2026-06-09 13:15:02] [INFO] ╔════════════════════════════════════════════════════════╗
[2026-06-09 13:15:02] [INFO] ║  Cycle Complete — Check logs for details              ║
[2026-06-09 13:15:02] [INFO] ║  Log file: /home/jeepney/.openclaw/workspace-dev/memory/logs/phase2d-cron-20260609.log              ║
[2026-06-09 13:15:02] [INFO] ╚════════════════════════════════════════════════════════╝
[2026-06-09 13:20:01] [INFO] ╔════════════════════════════════════════════════════════╗
[2026-06-09 13:20:01] [INFO] ║  Phase 2D: Cron Integration — Full Cycle              ║
[2026-06-09 13:20:01] [INFO] ║  Start: 2026-06-09 13:20:01 KST                    ║
[2026-06-09 13:20:01] [INFO] ╚════════════════════════════════════════════════════════╝
[2026-06-09 13:20:01] [INFO] === PHASE 2A: Message Collection ===
[2026-06-09 13:20:01] [INFO] Phase 2A health check PASSED
[2026-06-09 13:20:01] [INFO] Phase 2A collected memory content (12822 bytes) in 28ms
[2026-06-09 13:20:01] [INFO] Memory collection saved to: memory_20260609_132001.json
[2026-06-09 13:20:01] [INFO] === PHASE 2B: Duplicate Detection ===
[2026-06-09 13:20:01] [INFO] Phase 2B health check PASSED
[2026-06-09 13:20:01] [INFO] Phase 2B processed 1 unique entries, 0 duplicates removed in 34ms
[2026-06-09 13:20:01] [INFO] Duplicate detection result saved to: duplicates_20260609_132001.json
[2026-06-09 13:20:01] [INFO] === PHASE 2C: Trust Score Calculation ===
[2026-06-09 13:20:01] [INFO] Phase 2C health check PASSED
[2026-06-09 13:20:01] [INFO] Phase 2C processed 1 entries in 57ms: 1 accepted, 0 quarantined, 0 rejected
[2026-06-09 13:20:01] [INFO] Trust scores saved to: trust_scores_20260609_132001.json
[2026-06-09 13:20:01] [INFO] === MEMORY.md Auto-Update ===
[2026-06-09 13:20:01] [INFO] Memory backup created: MEMORY_20260609_132001.md.bak
[2026-06-09 13:20:01] [INFO] MEMORY.md updated with 1 new entries
[2026-06-09 13:20:01] [INFO] === Cron Cycle Complete ===
[2026-06-09 13:20:01] [INFO] Cycle duration: 253ms, activities logged: 0
[2026-06-09 13:20:01] [INFO] ╔════════════════════════════════════════════════════════╗
[2026-06-09 13:20:01] [INFO] ║  Cycle Complete — Check logs for details              ║
[2026-06-09 13:20:01] [INFO] ║  Log file: /home/jeepney/.openclaw/workspace-dev/memory/logs/phase2d-cron-20260609.log              ║
[2026-06-09 13:20:01] [INFO] ╚════════════════════════════════════════════════════════╝
[2026-06-09 13:25:01] [INFO] ╔════════════════════════════════════════════════════════╗
[2026-06-09 13:25:01] [INFO] ║  Phase 2D: Cron Integration — Full Cycle              ║
[2026-06-09 13:25:01] [INFO] ║  Start: 2026-06-09 13:25:01 KST                    ║
[2026-06-09 13:25:01] [INFO] ╚════════════════════════════════════════════════════════╝
[2026-06-09 13:25:01] [INFO] === PHASE 2A: Message Collection ===
[2026-06-09 13:25:01] [INFO] Phase 2A health check PASSED
[2026-06-09 13:25:01] [INFO] Phase 2A collected memory content (12822 bytes) in 25ms
[2026-06-09 13:25:01] [INFO] Memory collection saved to: memory_20260609_132501.json
[2026-06-09 13:25:01] [INFO] === PHASE 2B: Duplicate Detection ===
[2026-06-09 13:25:01] [INFO] Phase 2B health check PASSED
[2026-06-09 13:25:01] [INFO] Phase 2B processed 1 unique entries, 0 duplicates removed in 33ms
[2026-06-09 13:25:01] [INFO] Duplicate detection result saved to: duplicates_20260609_132501.json
[2026-06-09 13:25:01] [INFO] === PHASE 2C: Trust Score Calculation ===
[2026-06-09 13:25:01] [INFO] Phase 2C health check PASSED
[2026-06-09 13:25:01] [INFO] Phase 2C processed 1 entries in 58ms: 1 accepted, 0 quarantined, 0 rejected
[2026-06-09 13:25:01] [INFO] Trust scores saved to: trust_scores_20260609_132501.json
[2026-06-09 13:25:01] [INFO] === MEMORY.md Auto-Update ===
[2026-06-09 13:25:01] [INFO] Memory backup created: MEMORY_20260609_132501.md.bak
[2026-06-09 13:25:01] [INFO] MEMORY.md updated with 1 new entries
[2026-06-09 13:25:01] [INFO] === Cron Cycle Complete ===
[2026-06-09 13:25:01] [INFO] Cycle duration: 237ms, activities logged: 0
[2026-06-09 13:25:01] [INFO] ╔════════════════════════════════════════════════════════╗
[2026-06-09 13:25:01] [INFO] ║  Cycle Complete — Check logs for details              ║
[2026-06-09 13:25:01] [INFO] ║  Log file: /home/jeepney/.openclaw/workspace-dev/memory/logs/phase2d-cron-20260609.log              ║
[2026-06-09 13:25:01] [INFO] ╚════════════════════════════════════════════════════════╝
[2026-06-09 13:30:01] [INFO] ╔════════════════════════════════════════════════════════╗
[2026-06-09 13:30:01] [INFO] ║  Phase 2D: Cron Integration — Full Cycle              ║
[2026-06-09 13:30:01] [INFO] ║  Start: 2026-06-09 13:30:01 KST                    ║
[2026-06-09 13:30:01] [INFO] ╚════════════════════════════════════════════════════════╝
[2026-06-09 13:30:01] [INFO] === PHASE 2A: Message Collection ===
[2026-06-09 13:30:01] [INFO] Phase 2A health check PASSED
[2026-06-09 13:30:01] [INFO] Phase 2A collected memory content (12822 bytes) in 42ms
[2026-06-09 13:30:01] [INFO] Memory collection saved to: memory_20260609_133001.json
[2026-06-09 13:30:01] [INFO] === PHASE 2B: Duplicate Detection ===
[2026-06-09 13:30:01] [INFO] Phase 2B health check PASSED
[2026-06-09 13:30:01] [INFO] Phase 2B processed 1 unique entries, 0 duplicates removed in 39ms
[2026-06-09 13:30:01] [INFO] Duplicate detection result saved to: duplicates_20260609_133001.json
[2026-06-09 13:30:01] [INFO] === PHASE 2C: Trust Score Calculation ===
[2026-06-09 13:30:01] [INFO] Phase 2C health check PASSED
[2026-06-09 13:30:01] [INFO] Phase 2C processed 1 entries in 66ms: 1 accepted, 0 quarantined, 0 rejected
[2026-06-09 13:30:01] [INFO] Trust scores saved to: trust_scores_20260609_133001.json
[2026-06-09 13:30:01] [INFO] === MEMORY.md Auto-Update ===
[2026-06-09 13:30:01] [INFO] Memory backup created: MEMORY_20260609_133001.md.bak
[2026-06-09 13:30:02] [INFO] MEMORY.md updated with 1 new entries
[2026-06-09 13:30:02] [INFO] === Cron Cycle Complete ===
[2026-06-09 13:30:02] [INFO] Cycle duration: 302ms, activities logged: 0
[2026-06-09 13:30:02] [INFO] ╔════════════════════════════════════════════════════════╗
[2026-06-09 13:30:02] [INFO] ║  Cycle Complete — Check logs for details              ║
[2026-06-09 13:30:02] [INFO] ║  Log file: /home/jeepney/.openclaw/workspace-dev/memory/logs/phase2d-cron-20260609.log              ║
[2026-06-09 13:30:02] [INFO] ╚════════════════════════════════════════════════════════╝
[2026-06-09 13:35:01] [INFO] ╔════════════════════════════════════════════════════════╗
[2026-06-09 13:35:01] [INFO] ║  Phase 2D: Cron Integration — Full Cycle              ║
[2026-06-09 13:35:01] [INFO] ║  Start: 2026-06-09 13:35:01 KST                    ║
[2026-06-09 13:35:01] [INFO] ╚════════════════════════════════════════════════════════╝
[2026-06-09 13:35:01] [INFO] === PHASE 2A: Message Collection ===
[2026-06-09 13:35:01] [INFO] Phase 2A health check PASSED
[2026-06-09 13:35:01] [INFO] Phase 2A collected memory content (12822 bytes) in 27ms
[2026-06-09 13:35:01] [INFO] Memory collection saved to: memory_20260609_133501.json
[2026-06-09 13:35:01] [INFO] === PHASE 2B: Duplicate Detection ===
[2026-06-09 13:35:01] [INFO] Phase 2B health check PASSED
[2026-06-09 13:35:01] [INFO] Phase 2B processed 1 unique entries, 0 duplicates removed in 32ms
[2026-06-09 13:35:01] [INFO] Duplicate detection result saved to: duplicates_20260609_133501.json
[2026-06-09 13:35:01] [INFO] === PHASE 2C: Trust Score Calculation ===
[2026-06-09 13:35:01] [INFO] Phase 2C health check PASSED
[2026-06-09 13:35:01] [INFO] Phase 2C processed 1 entries in 57ms: 1 accepted, 0 quarantined, 0 rejected
[2026-06-09 13:35:01] [INFO] Trust scores saved to: trust_scores_20260609_133501.json
[2026-06-09 13:35:01] [INFO] === MEMORY.md Auto-Update ===
[2026-06-09 13:35:01] [INFO] Memory backup created: MEMORY_20260609_133501.md.bak
[2026-06-09 13:35:02] [INFO] MEMORY.md updated with 1 new entries
[2026-06-09 13:35:02] [INFO] === Cron Cycle Complete ===
[2026-06-09 13:35:02] [INFO] Cycle duration: 239ms, activities logged: 0
[2026-06-09 13:35:02] [INFO] ╔════════════════════════════════════════════════════════╗
[2026-06-09 13:35:02] [INFO] ║  Cycle Complete — Check logs for details              ║
[2026-06-09 13:35:02] [INFO] ║  Log file: /home/jeepney/.openclaw/workspace-dev/memory/logs/phase2d-cron-20260609.log              ║
[2026-06-09 13:35:02] [INFO] ╚════════════════════════════════════════════════════════╝
[2026-06-09 13:40:01] [INFO] ╔════════════════════════════════════════════════════════╗
[2026-06-09 13:40:01] [INFO] ║  Phase 2D: Cron Integration — Full Cycle              ║
[2026-06-09 13:40:01] [INFO] ║  Start: 2026-06-09 13:40:01 KST                    ║
[2026-06-09 13:40:01] [INFO] ╚════════════════════════════════════════════════════════╝
[2026-06-09 13:40:01] [INFO] === PHASE 2A: Message Collection ===
[2026-06-09 13:40:01] [INFO] Phase 2A health check PASSED
[2026-06-09 13:40:01] [INFO] Phase 2A collected memory content (12822 bytes) in 29ms
[2026-06-09 13:40:01] [INFO] Memory collection saved to: memory_20260609_134001.json
[2026-06-09 13:40:01] [INFO] === PHASE 2B: Duplicate Detection ===
[2026-06-09 13:40:01] [INFO] Phase 2B health check PASSED
[2026-06-09 13:40:01] [INFO] Phase 2B processed 1 unique entries, 0 duplicates removed in 35ms
[2026-06-09 13:40:01] [INFO] Duplicate detection result saved to: duplicates_20260609_134001.json
[2026-06-09 13:40:01] [INFO] === PHASE 2C: Trust Score Calculation ===
[2026-06-09 13:40:01] [INFO] Phase 2C health check PASSED
[2026-06-09 13:40:01] [INFO] Phase 2C processed 1 entries in 62ms: 1 accepted, 0 quarantined, 0 rejected
[2026-06-09 13:40:01] [INFO] Trust scores saved to: trust_scores_20260609_134001.json
[2026-06-09 13:40:01] [INFO] === MEMORY.md Auto-Update ===
[2026-06-09 13:40:01] [INFO] Memory backup created: MEMORY_20260609_134001.md.bak
[2026-06-09 13:40:01] [INFO] MEMORY.md updated with 1 new entries
[2026-06-09 13:40:01] [INFO] === Cron Cycle Complete ===
[2026-06-09 13:40:01] [INFO] Cycle duration: 262ms, activities logged: 0
[2026-06-09 13:40:01] [INFO] ╔════════════════════════════════════════════════════════╗
[2026-06-09 13:40:01] [INFO] ║  Cycle Complete — Check logs for details              ║
[2026-06-09 13:40:01] [INFO] ║  Log file: /home/jeepney/.openclaw/workspace-dev/memory/logs/phase2d-cron-20260609.log              ║
[2026-06-09 13:40:01] [INFO] ╚════════════════════════════════════════════════════════╝
[2026-06-09 13:45:01] [INFO] ╔════════════════════════════════════════════════════════╗
[2026-06-09 13:45:01] [INFO] ║  Phase 2D: Cron Integration — Full Cycle              ║
[2026-06-09 13:45:01] [INFO] ║  Start: 2026-06-09 13:45:01 KST                    ║
[2026-06-09 13:45:01] [INFO] ╚════════════════════════════════════════════════════════╝
[2026-06-09 13:45:01] [INFO] === PHASE 2A: Message Collection ===
[2026-06-09 13:45:01] [INFO] Phase 2A health check PASSED
[2026-06-09 13:45:01] [INFO] Phase 2A collected memory content (12822 bytes) in 28ms
[2026-06-09 13:45:01] [INFO] Memory collection saved to: memory_20260609_134501.json
[2026-06-09 13:45:01] [INFO] === PHASE 2B: Duplicate Detection ===
[2026-06-09 13:45:01] [INFO] Phase 2B health check PASSED
[2026-06-09 13:45:01] [INFO] Phase 2B processed 1 unique entries, 0 duplicates removed in 37ms
[2026-06-09 13:45:02] [INFO] Duplicate detection result saved to: duplicates_20260609_134501.json
[2026-06-09 13:45:02] [INFO] === PHASE 2C: Trust Score Calculation ===
[2026-06-09 13:45:02] [INFO] Phase 2C health check PASSED
[2026-06-09 13:45:02] [INFO] Phase 2C processed 1 entries in 59ms: 1 accepted, 0 quarantined, 0 rejected
[2026-06-09 13:45:02] [INFO] Trust scores saved to: trust_scores_20260609_134501.json
[2026-06-09 13:45:02] [INFO] === MEMORY.md Auto-Update ===
[2026-06-09 13:45:02] [INFO] Memory backup created: MEMORY_20260609_134501.md.bak
[2026-06-09 13:45:02] [INFO] MEMORY.md updated with 1 new entries
[2026-06-09 13:45:02] [INFO] === Cron Cycle Complete ===
[2026-06-09 13:45:02] [INFO] Cycle duration: 252ms, activities logged: 0
[2026-06-09 13:45:02] [INFO] ╔════════════════════════════════════════════════════════╗
[2026-06-09 13:45:02] [INFO] ║  Cycle Complete — Check logs for details              ║
[2026-06-09 13:45:02] [INFO] ║  Log file: /home/jeepney/.openclaw/workspace-dev/memory/logs/phase2d-cron-20260609.log              ║
[2026-06-09 13:45:02] [INFO] ╚════════════════════════════════════════════════════════╝
[2026-06-09 13:50:01] [INFO] ╔════════════════════════════════════════════════════════╗
[2026-06-09 13:50:01] [INFO] ║  Phase 2D: Cron Integration — Full Cycle              ║
[2026-06-09 13:50:01] [INFO] ║  Start: 2026-06-09 13:50:01 KST                    ║
[2026-06-09 13:50:01] [INFO] ╚════════════════════════════════════════════════════════╝
[2026-06-09 13:50:01] [INFO] === PHASE 2A: Message Collection ===
[2026-06-09 13:50:01] [INFO] Phase 2A health check PASSED
[2026-06-09 13:50:01] [INFO] Phase 2A collected memory content (12822 bytes) in 28ms
[2026-06-09 13:50:01] [INFO] Memory collection saved to: memory_20260609_135001.json
[2026-06-09 13:50:01] [INFO] === PHASE 2B: Duplicate Detection ===
[2026-06-09 13:50:01] [INFO] Phase 2B health check PASSED
[2026-06-09 13:50:01] [INFO] Phase 2B processed 1 unique entries, 0 duplicates removed in 36ms
[2026-06-09 13:50:01] [INFO] Duplicate detection result saved to: duplicates_20260609_135001.json
[2026-06-09 13:50:01] [INFO] === PHASE 2C: Trust Score Calculation ===
[2026-06-09 13:50:01] [INFO] Phase 2C health check PASSED
[2026-06-09 13:50:01] [INFO] Phase 2C processed 1 entries in 59ms: 1 accepted, 0 quarantined, 0 rejected
[2026-06-09 13:50:01] [INFO] Trust scores saved to: trust_scores_20260609_135001.json
[2026-06-09 13:50:01] [INFO] === MEMORY.md Auto-Update ===
[2026-06-09 13:50:01] [INFO] Memory backup created: MEMORY_20260609_135001.md.bak
[2026-06-09 13:50:01] [INFO] MEMORY.md updated with 1 new entries
[2026-06-09 13:50:01] [INFO] === Cron Cycle Complete ===
[2026-06-09 13:50:01] [INFO] Cycle duration: 253ms, activities logged: 0
[2026-06-09 13:50:01] [INFO] ╔════════════════════════════════════════════════════════╗
[2026-06-09 13:50:01] [INFO] ║  Cycle Complete — Check logs for details              ║
[2026-06-09 13:50:01] [INFO] ║  Log file: /home/jeepney/.openclaw/workspace-dev/memory/logs/phase2d-cron-20260609.log              ║
[2026-06-09 13:50:01] [INFO] ╚════════════════════════════════════════════════════════╝
[2026-06-09 13:55:01] [INFO] ╔════════════════════════════════════════════════════════╗
[2026-06-09 13:55:01] [INFO] ║  Phase 2D: Cron Integration — Full Cycle              ║
[2026-06-09 13:55:01] [INFO] ║  Start: 2026-06-09 13:55:01 KST                    ║
[2026-06-09 13:55:01] [INFO] ╚════════════════════════════════════════════════════════╝
[2026-06-09 13:55:01] [INFO] === PHASE 2A: Message Collection ===
[2026-06-09 13:55:01] [INFO] Phase 2A health check PASSED
[2026-06-09 13:55:01] [INFO] Phase 2A collected memory content (12822 bytes) in 28ms
[2026-06-09 13:55:01] [INFO] Memory collection saved to: memory_20260609_135501.json
[2026-06-09 13:55:01] [INFO] === PHASE 2B: Duplicate Detection ===
[2026-06-09 13:55:01] [INFO] Phase 2B health check PASSED
[2026-06-09 13:55:02] [INFO] Phase 2B processed 1 unique entries, 0 duplicates removed in 33ms
[2026-06-09 13:55:02] [INFO] Duplicate detection result saved to: duplicates_20260609_135501.json
[2026-06-09 13:55:02] [INFO] === PHASE 2C: Trust Score Calculation ===
[2026-06-09 13:55:02] [INFO] Phase 2C health check PASSED
[2026-06-09 13:55:02] [INFO] Phase 2C processed 1 entries in 56ms: 1 accepted, 0 quarantined, 0 rejected
[2026-06-09 13:55:02] [INFO] Trust scores saved to: trust_scores_20260609_135501.json
[2026-06-09 13:55:02] [INFO] === MEMORY.md Auto-Update ===
[2026-06-09 13:55:02] [INFO] Memory backup created: MEMORY_20260609_135501.md.bak
[2026-06-09 13:55:02] [INFO] MEMORY.md updated with 1 new entries
[2026-06-09 13:55:02] [INFO] === Cron Cycle Complete ===
[2026-06-09 13:55:02] [INFO] Cycle duration: 248ms, activities logged: 0
[2026-06-09 13:55:02] [INFO] ╔════════════════════════════════════════════════════════╗
[2026-06-09 13:55:02] [INFO] ║  Cycle Complete — Check logs for details              ║
[2026-06-09 13:55:02] [INFO] ║  Log file: /home/jeepney/.openclaw/workspace-dev/memory/logs/phase2d-cron-20260609.log              ║
[2026-06-09 13:55:02] [INFO] ╚════════════════════════════════════════════════════════╝
[2026-06-09 14:00:01] [INFO] ╔════════════════════════════════════════════════════════╗
[2026-06-09 14:00:01] [INFO] ║  Phase 2D: Cron Integration — Full Cycle              ║
[2026-06-09 14:00:01] [INFO] ║  Start: 2026-06-09 14:00:01 KST                    ║
[2026-06-09 14:00:01] [INFO] ╚════════════════════════════════════════════════════════╝
[2026-06-09 14:00:01] [INFO] === PHASE 2A: Message Collection ===
[2026-06-09 14:00:01] [INFO] Phase 2A health check PASSED
[2026-06-09 14:00:01] [INFO] Phase 2A collected memory content (12967 bytes) in 29ms
[2026-06-09 14:00:01] [INFO] Memory collection saved to: memory_20260609_140001.json
[2026-06-09 14:00:01] [INFO] === PHASE 2B: Duplicate Detection ===
[2026-06-09 14:00:01] [INFO] Phase 2B health check PASSED
[2026-06-09 14:00:01] [INFO] Phase 2B processed 1 unique entries, 0 duplicates removed in 35ms
[2026-06-09 14:00:01] [INFO] Duplicate detection result saved to: duplicates_20260609_140001.json
[2026-06-09 14:00:01] [INFO] === PHASE 2C: Trust Score Calculation ===
[2026-06-09 14:00:01] [INFO] Phase 2C health check PASSED
[2026-06-09 14:00:01] [INFO] Phase 2C processed 1 entries in 59ms: 1 accepted, 0 quarantined, 0 rejected
[2026-06-09 14:00:01] [INFO] Trust scores saved to: trust_scores_20260609_140001.json
[2026-06-09 14:00:01] [INFO] === MEMORY.md Auto-Update ===
[2026-06-09 14:00:01] [INFO] Memory backup created: MEMORY_20260609_140001.md.bak
[2026-06-09 14:00:01] [INFO] MEMORY.md updated with 1 new entries
[2026-06-09 14:00:01] [INFO] === Cron Cycle Complete ===
[2026-06-09 14:00:01] [INFO] Cycle duration: 251ms, activities logged: 0
[2026-06-09 14:00:01] [INFO] ╔════════════════════════════════════════════════════════╗
[2026-06-09 14:00:01] [INFO] ║  Cycle Complete — Check logs for details              ║
[2026-06-09 14:00:01] [INFO] ║  Log file: /home/jeepney/.openclaw/workspace-dev/memory/logs/phase2d-cron-20260609.log              ║
[2026-06-09 14:00:01] [INFO] ╚════════════════════════════════════════════════════════╝
[2026-06-09 14:05:01] [INFO] ╔════════════════════════════════════════════════════════╗
[2026-06-09 14:05:01] [INFO] ║  Phase 2D: Cron Integration — Full Cycle              ║
[2026-06-09 14:05:01] [INFO] ║  Start: 2026-06-09 14:05:01 KST                    ║
[2026-06-09 14:05:01] [INFO] ╚════════════════════════════════════════════════════════╝
[2026-06-09 14:05:01] [INFO] === PHASE 2A: Message Collection ===
[2026-06-09 14:05:01] [INFO] Phase 2A health check PASSED
[2026-06-09 14:05:01] [INFO] Phase 2A collected memory content (12967 bytes) in 31ms
[2026-06-09 14:05:01] [INFO] Memory collection saved to: memory_20260609_140501.json
[2026-06-09 14:05:01] [INFO] === PHASE 2B: Duplicate Detection ===
[2026-06-09 14:05:01] [INFO] Phase 2B health check PASSED
[2026-06-09 14:05:01] [INFO] Phase 2B processed 1 unique entries, 0 duplicates removed in 37ms
[2026-06-09 14:05:01] [INFO] Duplicate detection result saved to: duplicates_20260609_140501.json
[2026-06-09 14:05:01] [INFO] === PHASE 2C: Trust Score Calculation ===
[2026-06-09 14:05:01] [INFO] Phase 2C health check PASSED
[2026-06-09 14:05:01] [INFO] Phase 2C processed 1 entries in 61ms: 1 accepted, 0 quarantined, 0 rejected
[2026-06-09 14:05:01] [INFO] Trust scores saved to: trust_scores_20260609_140501.json
[2026-06-09 14:05:01] [INFO] === MEMORY.md Auto-Update ===
[2026-06-09 14:05:01] [INFO] Memory backup created: MEMORY_20260609_140501.md.bak
[2026-06-09 14:05:01] [INFO] MEMORY.md updated with 1 new entries
[2026-06-09 14:05:01] [INFO] === Cron Cycle Complete ===
[2026-06-09 14:05:01] [INFO] Cycle duration: 258ms, activities logged: 0
[2026-06-09 14:05:01] [INFO] ╔════════════════════════════════════════════════════════╗
[2026-06-09 14:05:01] [INFO] ║  Cycle Complete — Check logs for details              ║
[2026-06-09 14:05:01] [INFO] ║  Log file: /home/jeepney/.openclaw/workspace-dev/memory/logs/phase2d-cron-20260609.log              ║
[2026-06-09 14:05:01] [INFO] ╚════════════════════════════════════════════════════════╝
[2026-06-09 14:10:01] [INFO] ╔════════════════════════════════════════════════════════╗
[2026-06-09 14:10:01] [INFO] ║  Phase 2D: Cron Integration — Full Cycle              ║
[2026-06-09 14:10:01] [INFO] ║  Start: 2026-06-09 14:10:01 KST                    ║
[2026-06-09 14:10:01] [INFO] ╚════════════════════════════════════════════════════════╝
[2026-06-09 14:10:01] [INFO] === PHASE 2A: Message Collection ===
[2026-06-09 14:10:01] [INFO] Phase 2A health check PASSED
[2026-06-09 14:10:01] [INFO] Phase 2A collected memory content (979 bytes) in 31ms
[2026-06-09 14:10:01] [INFO] Memory collection saved to: memory_20260609_141001.json
[2026-06-09 14:10:01] [INFO] === PHASE 2B: Duplicate Detection ===
[2026-06-09 14:10:01] [INFO] Phase 2B health check PASSED
[2026-06-09 14:10:01] [INFO] Phase 2B processed 1 unique entries, 0 duplicates removed in 38ms
[2026-06-09 14:10:01] [INFO] Duplicate detection result saved to: duplicates_20260609_141001.json
[2026-06-09 14:10:01] [INFO] === PHASE 2C: Trust Score Calculation ===
[2026-06-09 14:10:01] [INFO] Phase 2C health check PASSED
[2026-06-09 14:10:01] [INFO] Phase 2C processed 1 entries in 63ms: 1 accepted, 0 quarantined, 0 rejected
[2026-06-09 14:10:01] [INFO] Trust scores saved to: trust_scores_20260609_141001.json
[2026-06-09 14:10:01] [INFO] === MEMORY.md Auto-Update ===
[2026-06-09 14:10:01] [INFO] Memory backup created: MEMORY_20260609_141001.md.bak
[2026-06-09 14:10:01] [INFO] MEMORY.md updated with 1 new entries
[2026-06-09 14:10:01] [INFO] === Cron Cycle Complete ===
[2026-06-09 14:10:01] [INFO] Cycle duration: 275ms, activities logged: 0
[2026-06-09 14:10:01] [INFO] ╔════════════════════════════════════════════════════════╗
[2026-06-09 14:10:01] [INFO] ║  Cycle Complete — Check logs for details              ║
[2026-06-09 14:10:01] [INFO] ║  Log file: /home/jeepney/.openclaw/workspace-dev/memory/logs/phase2d-cron-20260609.log              ║
[2026-06-09 14:10:01] [INFO] ╚════════════════════════════════════════════════════════╝
[2026-06-09 14:15:01] [INFO] ╔════════════════════════════════════════════════════════╗
[2026-06-09 14:15:01] [INFO] ║  Phase 2D: Cron Integration — Full Cycle              ║
[2026-06-09 14:15:01] [INFO] ║  Start: 2026-06-09 14:15:01 KST                    ║
[2026-06-09 14:15:01] [INFO] ╚════════════════════════════════════════════════════════╝
[2026-06-09 14:15:01] [INFO] === PHASE 2A: Message Collection ===
[2026-06-09 14:15:01] [INFO] Phase 2A health check PASSED
[2026-06-09 14:15:01] [INFO] Phase 2A collected memory content (979 bytes) in 27ms
[2026-06-09 14:15:01] [INFO] Memory collection saved to: memory_20260609_141501.json
[2026-06-09 14:15:01] [INFO] === PHASE 2B: Duplicate Detection ===
[2026-06-09 14:15:01] [INFO] Phase 2B health check PASSED
[2026-06-09 14:15:01] [INFO] Phase 2B processed 1 unique entries, 0 duplicates removed in 32ms
[2026-06-09 14:15:01] [INFO] Duplicate detection result saved to: duplicates_20260609_141501.json
[2026-06-09 14:15:01] [INFO] === PHASE 2C: Trust Score Calculation ===
[2026-06-09 14:15:01] [INFO] Phase 2C health check PASSED
[2026-06-09 14:15:01] [INFO] Phase 2C processed 1 entries in 60ms: 1 accepted, 0 quarantined, 0 rejected
[2026-06-09 14:15:01] [INFO] Trust scores saved to: trust_scores_20260609_141501.json
[2026-06-09 14:15:01] [INFO] === MEMORY.md Auto-Update ===
[2026-06-09 14:15:01] [INFO] Memory backup created: MEMORY_20260609_141501.md.bak
[2026-06-09 14:15:01] [INFO] MEMORY.md updated with 1 new entries
[2026-06-09 14:15:01] [INFO] === Cron Cycle Complete ===
[2026-06-09 14:15:01] [INFO] Cycle duration: 242ms, activities logged: 0
[2026-06-09 14:15:02] [INFO] ╔════════════════════════════════════════════════════════╗
[2026-06-09 14:15:02] [INFO] ║  Cycle Complete — Check logs for details              ║
[2026-06-09 14:15:02] [INFO] ║  Log file: /home/jeepney/.openclaw/workspace-dev/memory/logs/phase2d-cron-20260609.log              ║
[2026-06-09 14:15:02] [INFO] ╚════════════════════════════════════════════════════════╝
[2026-06-09 14:20:02] [INFO] ╔════════════════════════════════════════════════════════╗
[2026-06-09 14:20:02] [INFO] ║  Phase 2D: Cron Integration — Full Cycle              ║
[2026-06-09 14:20:02] [INFO] ║  Start: 2026-06-09 14:20:02 KST                    ║
[2026-06-09 14:20:02] [INFO] ╚════════════════════════════════════════════════════════╝
[2026-06-09 14:20:02] [INFO] === PHASE 2A: Message Collection ===
[2026-06-09 14:20:02] [INFO] Phase 2A health check PASSED
[2026-06-09 14:20:02] [INFO] Phase 2A collected memory content (979 bytes) in 26ms
[2026-06-09 14:20:02] [INFO] Memory collection saved to: memory_20260609_142002.json
[2026-06-09 14:20:02] [INFO] === PHASE 2B: Duplicate Detection ===
[2026-06-09 14:20:02] [INFO] Phase 2B health check PASSED
[2026-06-09 14:20:02] [INFO] Phase 2B processed 1 unique entries, 0 duplicates removed in 32ms
[2026-06-09 14:20:02] [INFO] Duplicate detection result saved to: duplicates_20260609_142002.json
[2026-06-09 14:20:02] [INFO] === PHASE 2C: Trust Score Calculation ===
[2026-06-09 14:20:02] [INFO] Phase 2C health check PASSED
[2026-06-09 14:20:02] [INFO] Phase 2C processed 1 entries in 57ms: 1 accepted, 0 quarantined, 0 rejected
[2026-06-09 14:20:02] [INFO] Trust scores saved to: trust_scores_20260609_142002.json
[2026-06-09 14:20:02] [INFO] === MEMORY.md Auto-Update ===
[2026-06-09 14:20:02] [INFO] Memory backup created: MEMORY_20260609_142002.md.bak
[2026-06-09 14:20:02] [INFO] MEMORY.md updated with 1 new entries
[2026-06-09 14:20:02] [INFO] === Cron Cycle Complete ===
[2026-06-09 14:20:02] [INFO] Cycle duration: 239ms, activities logged: 0
[2026-06-09 14:20:02] [INFO] ╔════════════════════════════════════════════════════════╗
[2026-06-09 14:20:02] [INFO] ║  Cycle Complete — Check logs for details              ║
[2026-06-09 14:20:02] [INFO] ║  Log file: /home/jeepney/.openclaw/workspace-dev/memory/logs/phase2d-cron-20260609.log              ║
[2026-06-09 14:20:02] [INFO] ╚════════════════════════════════════════════════════════╝
[2026-06-09 14:25:01] [INFO] ╔════════════════════════════════════════════════════════╗
[2026-06-09 14:25:01] [INFO] ║  Phase 2D: Cron Integration — Full Cycle              ║
[2026-06-09 14:25:01] [INFO] ║  Start: 2026-06-09 14:25:01 KST                    ║
[2026-06-09 14:25:01] [INFO] ╚════════════════════════════════════════════════════════╝
[2026-06-09 14:25:01] [INFO] === PHASE 2A: Message Collection ===
[2026-06-09 14:25:01] [INFO] Phase 2A health check PASSED
[2026-06-09 14:25:01] [INFO] Phase 2A collected memory content (979 bytes) in 27ms
[2026-06-09 14:25:01] [INFO] Memory collection saved to: memory_20260609_142501.json
[2026-06-09 14:25:01] [INFO] === PHASE 2B: Duplicate Detection ===
[2026-06-09 14:25:01] [INFO] Phase 2B health check PASSED
[2026-06-09 14:25:02] [INFO] Phase 2B processed 1 unique entries, 0 duplicates removed in 34ms
[2026-06-09 14:25:02] [INFO] Duplicate detection result saved to: duplicates_20260609_142501.json
[2026-06-09 14:25:02] [INFO] === PHASE 2C: Trust Score Calculation ===
[2026-06-09 14:25:02] [INFO] Phase 2C health check PASSED
[2026-06-09 14:25:02] [INFO] Phase 2C processed 1 entries in 59ms: 1 accepted, 0 quarantined, 0 rejected
[2026-06-09 14:25:02] [INFO] Trust scores saved to: trust_scores_20260609_142501.json
[2026-06-09 14:25:02] [INFO] === MEMORY.md Auto-Update ===
[2026-06-09 14:25:02] [INFO] Memory backup created: MEMORY_20260609_142501.md.bak
[2026-06-09 14:25:02] [INFO] MEMORY.md updated with 1 new entries
[2026-06-09 14:25:02] [INFO] === Cron Cycle Complete ===
[2026-06-09 14:25:02] [INFO] Cycle duration: 245ms, activities logged: 0
[2026-06-09 14:25:02] [INFO] ╔════════════════════════════════════════════════════════╗
[2026-06-09 14:25:02] [INFO] ║  Cycle Complete — Check logs for details              ║
[2026-06-09 14:25:02] [INFO] ║  Log file: /home/jeepney/.openclaw/workspace-dev/memory/logs/phase2d-cron-20260609.log              ║
[2026-06-09 14:25:02] [INFO] ╚════════════════════════════════════════════════════════╝
