[2026-05-28 06:00:01] [INFO] ========== Phase 2B Cron Job Start ==========
[2026-05-28 06:00:01] [INFO] Run ID: 1779915601
[2026-05-28 06:00:01] [INFO] Memory Dir: /home/jeepney/.openclaw/workspace-dev/memory
[2026-05-28 06:00:01] [INFO] Found 247 memory files to analyze
[2026-05-28 06:00:01] [INFO] Step 1: Pre-flight checks passed ✓
[2026-05-28 06:00:01] [INFO] Phase 2B service is running ✓
[2026-05-28 06:00:01] [INFO] Step 2: Service health check passed ✓
[2026-05-28 06:00:01] [INFO] ✓ SUCCESS: Found 4 duplicate clusters across 247 files in 4ms
[2026-05-28 06:00:01] [INFO] Entries Processed: 247
[2026-05-28 06:00:01] [INFO] Step 3: Duplicate detection completed ✓
[2026-05-28 06:00:01] [INFO] ========== Phase 2B Cron Job End ==========
[2026-05-28 10:00:01] [INFO] ========== Phase 2B Cron Job Start ==========
[2026-05-28 10:00:01] [INFO] Run ID: 1779930001
[2026-05-28 10:00:01] [INFO] Memory Dir: /home/jeepney/.openclaw/workspace-dev/memory
[2026-05-28 10:00:01] [INFO] Found 250 memory files to analyze
[2026-05-28 10:00:01] [INFO] Step 1: Pre-flight checks passed ✓
[2026-05-28 10:00:01] [INFO] Phase 2B service is running ✓
[2026-05-28 10:00:01] [INFO] Step 2: Service health check passed ✓
[2026-05-28 14:00:01] [INFO] ========== Phase 2B Cron Job Start ==========
[2026-05-28 14:00:01] [INFO] Run ID: 1779944401
[2026-05-28 14:00:01] [INFO] Memory Dir: /home/jeepney/.openclaw/workspace-dev/memory
[2026-05-28 14:00:01] [INFO] Found 251 memory files to analyze
[2026-05-28 14:00:01] [INFO] Step 1: Pre-flight checks passed ✓
[2026-05-28 14:00:01] [WARN] Health check attempt 1 failed, retrying in 5s...
[2026-05-28 14:00:06] [WARN] Health check attempt 2 failed, retrying in 5s...
[2026-05-28 14:00:11] [ERROR] Phase 2B service not responding after 3 attempts
[2026-05-28 14:00:11] [ERROR] Cannot proceed without Phase 2B service
[2026-05-28 18:00:01] [INFO] ========== Phase 2B Cron Job Start ==========
[2026-05-28 18:00:01] [INFO] Run ID: 1779958801
[2026-05-28 18:00:01] [INFO] Memory Dir: /home/jeepney/.openclaw/workspace-dev/memory
[2026-05-28 18:00:01] [INFO] Found 261 memory files to analyze
[2026-05-28 18:00:01] [INFO] Step 1: Pre-flight checks passed ✓
[2026-05-28 18:00:01] [INFO] Phase 2B service is running ✓
[2026-05-28 18:00:01] [INFO] Step 2: Service health check passed ✓
[2026-05-28 22:00:01] [INFO] ========== Phase 2B Cron Job Start ==========
[2026-05-28 22:00:01] [INFO] Run ID: 1779973201
[2026-05-28 22:00:01] [INFO] Memory Dir: /home/jeepney/.openclaw/workspace-dev/memory
[2026-05-28 22:00:01] [INFO] Found 265 memory files to analyze
[2026-05-28 22:00:01] [INFO] Step 1: Pre-flight checks passed ✓
[2026-05-28 22:00:01] [WARN] Health check attempt 1 failed, retrying in 5s...
[2026-05-28 22:00:06] [WARN] Health check attempt 2 failed, retrying in 5s...
[2026-05-28 22:00:11] [ERROR] Phase 2B service not responding after 3 attempts
[2026-05-28 22:00:11] [ERROR] Cannot proceed without Phase 2B service
[2026-05-29 02:00:01] [INFO] ========== Phase 2B Cron Job Start ==========
[2026-05-29 02:00:01] [INFO] Run ID: 1779987601
[2026-05-29 02:00:01] [INFO] Memory Dir: /home/jeepney/.openclaw/workspace-dev/memory
[2026-05-29 02:00:01] [INFO] Found 273 memory files to analyze
[2026-05-29 02:00:01] [INFO] Step 1: Pre-flight checks passed ✓
[2026-05-29 02:00:01] [WARN] Health check attempt 1 failed, retrying in 5s...
[2026-05-29 02:00:06] [WARN] Health check attempt 2 failed, retrying in 5s...
[2026-05-29 02:00:11] [ERROR] Phase 2B service not responding after 3 attempts
[2026-05-29 02:00:11] [ERROR] Cannot proceed without Phase 2B service
[2026-05-29 06:00:01] [INFO] ========== Phase 2B Cron Job Start ==========
[2026-05-29 06:00:01] [INFO] Run ID: 1780002001
[2026-05-29 06:00:01] [INFO] Memory Dir: /home/jeepney/.openclaw/workspace-dev/memory
[2026-05-29 06:00:01] [INFO] Found 280 memory files to analyze
[2026-05-29 06:00:01] [INFO] Step 1: Pre-flight checks passed ✓
[2026-05-29 06:00:01] [WARN] Health check attempt 1 failed, retrying in 5s...
[2026-05-29 06:00:06] [WARN] Health check attempt 2 failed, retrying in 5s...
[2026-05-29 06:00:11] [ERROR] Phase 2B service not responding after 3 attempts
[2026-05-29 06:00:11] [ERROR] Cannot proceed without Phase 2B service
[2026-05-29 10:00:01] [INFO] ========== Phase 2B Cron Job Start ==========
[2026-05-29 10:00:01] [INFO] Run ID: 1780016401
[2026-05-29 10:00:01] [INFO] Memory Dir: /home/jeepney/.openclaw/workspace-dev/memory
[2026-05-29 10:00:01] [INFO] Found 303 memory files to analyze
[2026-05-29 10:00:01] [INFO] Step 1: Pre-flight checks passed ✓
[2026-05-29 10:00:01] [WARN] Health check attempt 1 failed, retrying in 5s...
[2026-05-29 10:00:06] [WARN] Health check attempt 2 failed, retrying in 5s...
[2026-05-29 10:00:12] [ERROR] Phase 2B service not responding after 3 attempts
[2026-05-29 10:00:12] [ERROR] Cannot proceed without Phase 2B service
[2026-05-29 14:00:01] [INFO] ========== Phase 2B Cron Job Start ==========
[2026-05-29 14:00:01] [INFO] Run ID: 1780030801
[2026-05-29 14:00:01] [INFO] Memory Dir: /home/jeepney/.openclaw/workspace-dev/memory
[2026-05-29 14:00:01] [INFO] Found 310 memory files to analyze
[2026-05-29 14:00:01] [INFO] Step 1: Pre-flight checks passed ✓
[2026-05-29 14:00:01] [INFO] Starting Phase 2B batch processor...
[2026-05-29T05:00:01.991Z] [INFO] ========== Phase 2B Duplicate Detection Start (SIMPLIFIED) ==========
[2026-05-29T05:00:01.994Z] [INFO] Input: /home/jeepney/.openclaw/workspace-dev/memory/messages.jsonl
[2026-05-29T05:00:01.994Z] [INFO] Output: /home/jeepney/.openclaw/workspace-dev/memory/messages_deduplicated.jsonl
[2026-05-29T05:00:01.994Z] [INFO] Step 1: Loading messages...
[2026-05-29T05:00:02.008Z] [INFO] Loaded 317 messages
[2026-05-29T05:00:02.008Z] [INFO] Step 2: Running Layer 1 - Exact Hash Matching...
[2026-05-29T05:00:02.008Z] [INFO] Layer 1: 316 unique, 1 exact duplicates
[2026-05-29T05:00:02.008Z] [INFO] Step 3: Running Layer 2 - Prefix Matching...
[2026-05-29T05:00:02.012Z] [INFO] Layer 2: 308 unique, 8 prefix duplicates
[2026-05-29T05:00:02.013Z] [INFO] Step 4: Saving deduplicated messages...
[2026-05-29T05:00:02.024Z] [INFO] ✓ Saved 308 deduplicated messages to /home/jeepney/.openclaw/workspace-dev/memory/messages_deduplicated.jsonl
[2026-05-29T05:00:02.025Z] [INFO] ✓ Metadata saved to /home/jeepney/.openclaw/workspace-dev/memory/dedup_metadata.json
[2026-05-29T05:00:02.025Z] [INFO] Final: 308 unique messages (2.8% reduction)
[2026-05-29T05:00:02.025Z] [INFO] Total runtime: 22ms
[2026-05-29T05:00:02.025Z] [INFO] ========== Phase 2B Duplicate Detection Complete ==========
[2026-05-29 14:00:02] [INFO] Phase 2B batch processor completed successfully ✓
[2026-05-29 14:00:02] [INFO] Step 2: Batch processor execution passed ✓
[2026-05-29 14:00:02] [INFO] Output file created with 308 entries
[2026-05-29 14:00:02] [INFO] ✓ SUCCESS: Batch processing completed
[2026-05-29 14:00:02] [INFO] Files Scanned: 310
[2026-05-29 14:00:02] [INFO] Deduplicated Entries: 308
[2026-05-29 14:00:02] [INFO] Step 3: Duplicate detection completed ✓
[2026-05-29 14:00:02] [INFO] ========== Phase 2B Cron Job End ==========
