[2026-06-12 17:10:53] Starting Phase 2 health monitor...
[2026-06-12 17:10:53] ✓ Phase2A (PID 65516): RSS=58MB, FDs=19
[2026-06-12 17:10:53] ✓ Phase2B (PID 65628): RSS=59MB, FDs=19
[2026-06-12 17:10:53] ✓ Phase2C (PID 65642): RSS=58MB, FDs=19
[2026-06-12 17:10:53] ✓ All services healthy
[2026-06-12 17:14:01] Starting Phase 2 health monitor...
[2026-06-12 17:14:01] ✓ Phase2A (PID 65516): RSS=58MB, FDs=19
[2026-06-12 17:14:01] ✓ Phase2B (PID 65628): RSS=60MB, FDs=19
[2026-06-12 17:14:01] ✓ Phase2C (PID 65642): RSS=58MB, FDs=19
[2026-06-12 17:14:01] ✓ All services healthy
[2026-06-12 17:16:01] Starting Phase 2 health monitor...
[2026-06-12 17:16:01] ✓ Phase2A (PID 65516): RSS=59MB, FDs=19
[2026-06-12 17:16:01] ✓ Phase2B (PID 65628): RSS=60MB, FDs=19
[2026-06-12 17:16:01] ✓ Phase2C (PID 65642): RSS=58MB, FDs=19
[2026-06-12 17:16:01] ✓ All services healthy
[2026-06-12 17:18:01] Starting Phase 2 health monitor...
[2026-06-12 17:18:01] ✓ Phase2A (PID 65516): RSS=59MB, FDs=19
[2026-06-12 17:18:01] ✓ Phase2B (PID 65628): RSS=60MB, FDs=19
[2026-06-12 17:18:01] ✓ Phase2C (PID 65642): RSS=58MB, FDs=19
[2026-06-12 17:18:01] ✓ All services healthy
[2026-06-12 17:20:01] Starting Phase 2 health monitor...
[2026-06-12 17:20:01] ✓ Phase2A (PID 65516): RSS=58MB, FDs=19
[2026-06-12 17:20:01] ✓ Phase2B (PID 65628): RSS=60MB, FDs=19
[2026-06-12 17:20:01] ✓ Phase2C (PID 65642): RSS=58MB, FDs=19
[2026-06-12 17:20:01] ✓ All services healthy
[2026-06-12 17:22:01] Starting Phase 2 health monitor...
[2026-06-12 17:22:01] ✓ Phase2A (PID 65516): RSS=58MB, FDs=19
[2026-06-12 17:22:01] ✓ Phase2B (PID 65628): RSS=60MB, FDs=19
[2026-06-12 17:22:01] ✓ Phase2C (PID 65642): RSS=58MB, FDs=19
[2026-06-12 17:22:01] ✓ All services healthy
[2026-06-12 17:24:01] Starting Phase 2 health monitor...
[2026-06-12 17:24:01] ✓ Phase2A (PID 65516): RSS=58MB, FDs=19
[2026-06-12 17:24:01] ✓ Phase2B (PID 65628): RSS=60MB, FDs=19
[2026-06-12 17:24:01] ✓ Phase2C (PID 65642): RSS=58MB, FDs=19
[2026-06-12 17:24:01] ✓ All services healthy
[2026-06-12 17:26:01] Starting Phase 2 health monitor...
[2026-06-12 17:26:01] ✓ Phase2A (PID 65516): RSS=58MB, FDs=19
[2026-06-12 17:26:01] ✓ Phase2B (PID 65628): RSS=60MB, FDs=19
[2026-06-12 17:26:01] ✓ Phase2C (PID 65642): RSS=58MB, FDs=19
[2026-06-12 17:26:01] ✓ All services healthy
[2026-06-12 17:28:01] Starting Phase 2 health monitor...
[2026-06-12 17:28:01] ✓ Phase2A (PID 65516): RSS=58MB, FDs=19
[2026-06-12 17:28:01] ✓ Phase2B (PID 65628): RSS=60MB, FDs=19
[2026-06-12 17:28:01] ✓ Phase2C (PID 65642): RSS=58MB, FDs=19
[2026-06-12 17:28:01] ✓ All services healthy
[2026-06-12 17:30:01] Starting Phase 2 health monitor...
[2026-06-12 17:30:01] ✓ Phase2A (PID 65516): RSS=59MB, FDs=19
[2026-06-12 17:30:01] ✓ Phase2B (PID 65628): RSS=60MB, FDs=19
[2026-06-12 17:30:01] ✓ Phase2C (PID 65642): RSS=59MB, FDs=19
[2026-06-12 17:30:01] ✓ All services healthy
[2026-06-12 17:32:01] Starting Phase 2 health monitor...
[2026-06-12 17:32:01] ✓ Phase2A (PID 65516): RSS=59MB, FDs=19
[2026-06-12 17:32:01] ✓ Phase2B (PID 65628): RSS=60MB, FDs=19
[2026-06-12 17:32:01] ✓ Phase2C (PID 65642): RSS=59MB, FDs=19
[2026-06-12 17:32:01] ✓ All services healthy
[2026-06-12 17:34:01] Starting Phase 2 health monitor...
[2026-06-12 17:34:01] ✓ Phase2A (PID 65516): RSS=59MB, FDs=19
[2026-06-12 17:34:01] ✓ Phase2B (PID 65628): RSS=60MB, FDs=19
[2026-06-12 17:34:01] ✓ Phase2C (PID 65642): RSS=59MB, FDs=19
[2026-06-12 17:34:01] ✓ All services healthy
[2026-06-12 17:36:01] Starting Phase 2 health monitor...
[2026-06-12 17:36:01] ✓ Phase2A (PID 65516): RSS=59MB, FDs=19
[2026-06-12 17:36:01] ✓ Phase2B (PID 65628): RSS=60MB, FDs=19
[2026-06-12 17:36:01] ✓ Phase2C (PID 65642): RSS=59MB, FDs=19
[2026-06-12 17:36:01] ✓ All services healthy
[2026-06-12 17:38:01] Starting Phase 2 health monitor...
[2026-06-12 17:38:01] ✓ Phase2A (PID 65516): RSS=59MB, FDs=19
[2026-06-12 17:38:01] ✓ Phase2B (PID 65628): RSS=60MB, FDs=19
[2026-06-12 17:38:01] ✓ Phase2C (PID 65642): RSS=59MB, FDs=19
[2026-06-12 17:38:01] ✓ All services healthy
[2026-06-12 17:40:01] Starting Phase 2 health monitor...
[2026-06-12 17:40:01] ✓ Phase2A (PID 65516): RSS=60MB, FDs=19
[2026-06-12 17:40:01] ✓ Phase2B (PID 65628): RSS=60MB, FDs=19
[2026-06-12 17:40:01] ✓ Phase2C (PID 65642): RSS=59MB, FDs=19
[2026-06-12 17:40:01] ✓ All services healthy
[2026-06-12 17:42:01] Starting Phase 2 health monitor...
[2026-06-12 17:42:02] ✓ Phase2A (PID 65516): RSS=60MB, FDs=19
[2026-06-12 17:42:02] ✓ Phase2B (PID 65628): RSS=60MB, FDs=19
[2026-06-12 17:42:02] ✓ Phase2C (PID 65642): RSS=60MB, FDs=19
[2026-06-12 17:42:02] ✓ All services healthy
[2026-06-12 17:44:01] Starting Phase 2 health monitor...
[2026-06-12 17:44:01] ✓ Phase2A (PID 65516): RSS=60MB, FDs=19
[2026-06-12 17:44:01] ✓ Phase2B (PID 65628): RSS=60MB, FDs=19
[2026-06-12 17:44:01] ✓ Phase2C (PID 65642): RSS=60MB, FDs=19
[2026-06-12 17:44:01] ✓ All services healthy
[2026-06-12 17:46:01] Starting Phase 2 health monitor...
[2026-06-12 17:46:02] ✓ Phase2A (PID 65516): RSS=59MB, FDs=19
[2026-06-12 17:46:02] ✓ Phase2B (PID 65628): RSS=60MB, FDs=19
[2026-06-12 17:46:02] ✓ Phase2C (PID 65642): RSS=59MB, FDs=19
[2026-06-12 17:46:02] ✓ All services healthy
[2026-06-12 17:48:01] Starting Phase 2 health monitor...
[2026-06-12 17:48:01] ✓ Phase2A (PID 65516): RSS=59MB, FDs=19
[2026-06-12 17:48:01] ✓ Phase2B (PID 65628): RSS=60MB, FDs=19
[2026-06-12 17:48:01] ✓ Phase2C (PID 65642): RSS=59MB, FDs=19
[2026-06-12 17:48:01] ✓ All services healthy
[2026-06-12 17:50:01] Starting Phase 2 health monitor...
[2026-06-12 17:50:01] ✓ Phase2A (PID 65516): RSS=59MB, FDs=19
[2026-06-12 17:50:01] ✓ Phase2B (PID 65628): RSS=60MB, FDs=19
[2026-06-12 17:50:01] ✓ Phase2C (PID 65642): RSS=59MB, FDs=19
[2026-06-12 17:50:01] ✓ All services healthy
[2026-06-12 17:52:01] Starting Phase 2 health monitor...
[2026-06-12 17:52:01] ✓ Phase2A (PID 65516): RSS=59MB, FDs=19
[2026-06-12 17:52:01] ✓ Phase2B (PID 65628): RSS=59MB, FDs=19
[2026-06-12 17:52:01] ✓ Phase2C (PID 65642): RSS=59MB, FDs=19
[2026-06-12 17:52:01] ✓ All services healthy
[2026-06-12 17:54:01] Starting Phase 2 health monitor...
[2026-06-12 17:54:01] ✓ Phase2A (PID 65516): RSS=59MB, FDs=19
[2026-06-12 17:54:01] ✓ Phase2B (PID 65628): RSS=59MB, FDs=19
[2026-06-12 17:54:01] ✓ Phase2C (PID 65642): RSS=59MB, FDs=19
[2026-06-12 17:54:01] ✓ All services healthy
[2026-06-12 17:56:01] Starting Phase 2 health monitor...
[2026-06-12 17:56:01] ✓ Phase2A (PID 65516): RSS=58MB, FDs=19
[2026-06-12 17:56:01] ✓ Phase2B (PID 65628): RSS=59MB, FDs=19
[2026-06-12 17:56:01] ✓ Phase2C (PID 65642): RSS=59MB, FDs=19
[2026-06-12 17:56:01] ✓ All services healthy
[2026-06-12 17:58:01] Starting Phase 2 health monitor...
[2026-06-12 17:58:01] ✓ Phase2A (PID 65516): RSS=58MB, FDs=19
[2026-06-12 17:58:01] ✓ Phase2B (PID 65628): RSS=59MB, FDs=19
[2026-06-12 17:58:01] ✓ Phase2C (PID 65642): RSS=59MB, FDs=19
[2026-06-12 17:58:01] ✓ All services healthy
[2026-06-12 18:00:01] Starting Phase 2 health monitor...
[2026-06-12 18:00:01] ✓ Phase2A (PID 65516): RSS=58MB, FDs=19
[2026-06-12 18:00:01] ✓ Phase2B (PID 65628): RSS=59MB, FDs=19
[2026-06-12 18:00:01] ✓ Phase2C (PID 65642): RSS=58MB, FDs=19
[2026-06-12 18:00:01] ✓ All services healthy
[2026-06-12 18:02:01] Starting Phase 2 health monitor...
[2026-06-12 18:02:01] ✓ Phase2A (PID 65516): RSS=58MB, FDs=19
[2026-06-12 18:02:01] ✓ Phase2B (PID 65628): RSS=59MB, FDs=19
[2026-06-12 18:02:01] ✓ Phase2C (PID 65642): RSS=58MB, FDs=19
[2026-06-12 18:02:01] ✓ All services healthy
[2026-06-12 18:04:01] Starting Phase 2 health monitor...
[2026-06-12 18:04:01] ✓ Phase2A (PID 65516): RSS=58MB, FDs=19
[2026-06-12 18:04:01] ✓ Phase2B (PID 65628): RSS=59MB, FDs=19
[2026-06-12 18:04:01] ✓ Phase2C (PID 65642): RSS=58MB, FDs=19
[2026-06-12 18:04:01] ✓ All services healthy
[2026-06-12 18:06:01] Starting Phase 2 health monitor...
[2026-06-12 18:06:01] ✓ Phase2A (PID 65516): RSS=58MB, FDs=19
[2026-06-12 18:06:01] ✓ Phase2B (PID 65628): RSS=59MB, FDs=19
[2026-06-12 18:06:01] ✓ Phase2C (PID 65642): RSS=58MB, FDs=19
[2026-06-12 18:06:01] ✓ All services healthy
[2026-06-12 18:08:01] Starting Phase 2 health monitor...
[2026-06-12 18:08:01] ✓ Phase2A (PID 65516): RSS=58MB, FDs=19
[2026-06-12 18:08:01] ✓ Phase2B (PID 65628): RSS=59MB, FDs=19
[2026-06-12 18:08:01] ✓ Phase2C (PID 65642): RSS=58MB, FDs=19
[2026-06-12 18:08:01] ✓ All services healthy
[2026-06-12 18:10:01] Starting Phase 2 health monitor...
[2026-06-12 18:10:01] ✓ Phase2A (PID 65516): RSS=59MB, FDs=19
[2026-06-12 18:10:01] ✓ Phase2B (PID 65628): RSS=59MB, FDs=19
[2026-06-12 18:10:01] ✓ Phase2C (PID 65642): RSS=59MB, FDs=19
[2026-06-12 18:10:01] ✓ All services healthy
[2026-06-12 18:12:01] Starting Phase 2 health monitor...
[2026-06-12 18:12:01] ✓ Phase2A (PID 65516): RSS=59MB, FDs=19
[2026-06-12 18:12:01] ✓ Phase2B (PID 65628): RSS=59MB, FDs=19
[2026-06-12 18:12:01] ✓ Phase2C (PID 65642): RSS=58MB, FDs=19
[2026-06-12 18:12:01] ✓ All services healthy
[2026-06-12 18:14:01] Starting Phase 2 health monitor...
[2026-06-12 18:14:01] ✓ Phase2A (PID 65516): RSS=59MB, FDs=19
[2026-06-12 18:14:01] ✓ Phase2B (PID 65628): RSS=59MB, FDs=19
[2026-06-12 18:14:01] ✓ Phase2C (PID 65642): RSS=58MB, FDs=19
[2026-06-12 18:14:01] ✓ All services healthy
[2026-06-12 18:16:01] Starting Phase 2 health monitor...
[2026-06-12 18:16:02] ✓ Phase2A (PID 65516): RSS=59MB, FDs=19
[2026-06-12 18:16:02] ✓ Phase2B (PID 65628): RSS=60MB, FDs=19
[2026-06-12 18:16:02] ✓ Phase2C (PID 65642): RSS=58MB, FDs=19
[2026-06-12 18:16:02] ✓ All services healthy
[2026-06-12 18:18:01] Starting Phase 2 health monitor...
[2026-06-12 18:18:01] ✓ Phase2A (PID 65516): RSS=59MB, FDs=19
[2026-06-12 18:18:01] ✓ Phase2B (PID 65628): RSS=60MB, FDs=19
[2026-06-12 18:18:01] ✓ Phase2C (PID 65642): RSS=58MB, FDs=19
[2026-06-12 18:18:01] ✓ All services healthy
[2026-06-12 18:20:01] Starting Phase 2 health monitor...
[2026-06-12 18:20:01] ✓ Phase2A (PID 65516): RSS=59MB, FDs=19
[2026-06-12 18:20:01] ✓ Phase2B (PID 65628): RSS=60MB, FDs=19
[2026-06-12 18:20:01] ✓ Phase2C (PID 65642): RSS=58MB, FDs=19
[2026-06-12 18:20:01] ✓ All services healthy
[2026-06-12 18:22:01] Starting Phase 2 health monitor...
[2026-06-12 18:22:01] ✓ Phase2A (PID 65516): RSS=59MB, FDs=19
[2026-06-12 18:22:01] ✓ Phase2B (PID 65628): RSS=60MB, FDs=19
[2026-06-12 18:22:01] ✓ Phase2C (PID 65642): RSS=59MB, FDs=19
[2026-06-12 18:22:01] ✓ All services healthy
[2026-06-12 18:24:01] Starting Phase 2 health monitor...
[2026-06-12 18:24:01] ✓ Phase2A (PID 65516): RSS=59MB, FDs=19
[2026-06-12 18:24:01] ✓ Phase2B (PID 65628): RSS=60MB, FDs=19
[2026-06-12 18:24:01] ✓ Phase2C (PID 65642): RSS=59MB, FDs=19
[2026-06-12 18:24:01] ✓ All services healthy
[2026-06-12 18:26:01] Starting Phase 2 health monitor...
[2026-06-12 18:26:01] ✓ Phase2A (PID 65516): RSS=60MB, FDs=19
[2026-06-12 18:26:01] ✓ Phase2B (PID 65628): RSS=60MB, FDs=19
[2026-06-12 18:26:01] ✓ Phase2C (PID 65642): RSS=59MB, FDs=19
[2026-06-12 18:26:01] ✓ All services healthy
[2026-06-12 18:28:01] Starting Phase 2 health monitor...
[2026-06-12 18:28:01] ✓ Phase2A (PID 65516): RSS=59MB, FDs=19
[2026-06-12 18:28:01] ✓ Phase2B (PID 65628): RSS=60MB, FDs=19
[2026-06-12 18:28:01] ✓ Phase2C (PID 65642): RSS=59MB, FDs=19
[2026-06-12 18:28:01] ✓ All services healthy
[2026-06-12 18:30:01] Starting Phase 2 health monitor...
[2026-06-12 18:30:01] ✓ Phase2A (PID 65516): RSS=59MB, FDs=19
[2026-06-12 18:30:01] ✓ Phase2B (PID 65628): RSS=61MB, FDs=19
[2026-06-12 18:30:01] ✓ Phase2C (PID 65642): RSS=59MB, FDs=19
[2026-06-12 18:30:01] ✓ All services healthy
[2026-06-12 18:32:01] Starting Phase 2 health monitor...
[2026-06-12 18:32:01] ✓ Phase2A (PID 65516): RSS=59MB, FDs=19
[2026-06-12 18:32:01] ✓ Phase2B (PID 65628): RSS=60MB, FDs=19
[2026-06-12 18:32:01] ✓ Phase2C (PID 65642): RSS=59MB, FDs=19
[2026-06-12 18:32:01] ✓ All services healthy
[2026-06-12 18:34:01] Starting Phase 2 health monitor...
[2026-06-12 18:34:01] ✓ Phase2A (PID 65516): RSS=59MB, FDs=19
[2026-06-12 18:34:01] ✓ Phase2B (PID 65628): RSS=60MB, FDs=19
[2026-06-12 18:34:01] ✓ Phase2C (PID 65642): RSS=59MB, FDs=19
[2026-06-12 18:34:01] ✓ All services healthy
[2026-06-12 18:36:01] Starting Phase 2 health monitor...
[2026-06-12 18:36:01] ✓ Phase2A (PID 65516): RSS=59MB, FDs=19
[2026-06-12 18:36:02] ✓ Phase2B (PID 65628): RSS=60MB, FDs=19
[2026-06-12 18:36:02] ✓ Phase2C (PID 65642): RSS=60MB, FDs=19
[2026-06-12 18:36:02] ✓ All services healthy
[2026-06-12 18:38:01] Starting Phase 2 health monitor...
[2026-06-12 18:38:01] ✓ Phase2A (PID 65516): RSS=59MB, FDs=19
[2026-06-12 18:38:01] ✓ Phase2B (PID 65628): RSS=60MB, FDs=19
[2026-06-12 18:38:01] ✓ Phase2C (PID 65642): RSS=60MB, FDs=19
[2026-06-12 18:38:01] ✓ All services healthy
[2026-06-12 18:40:01] Starting Phase 2 health monitor...
[2026-06-12 18:40:01] ✓ Phase2A (PID 65516): RSS=59MB, FDs=19
[2026-06-12 18:40:01] ✓ Phase2B (PID 65628): RSS=60MB, FDs=19
[2026-06-12 18:40:01] ✓ Phase2C (PID 65642): RSS=59MB, FDs=20
[2026-06-12 18:40:01] ✓ All services healthy
[2026-06-12 18:42:01] Starting Phase 2 health monitor...
[2026-06-12 18:42:01] ✓ Phase2A (PID 65516): RSS=59MB, FDs=19
[2026-06-12 18:42:01] ✓ Phase2B (PID 65628): RSS=60MB, FDs=19
[2026-06-12 18:42:01] ✓ Phase2C (PID 65642): RSS=59MB, FDs=19
[2026-06-12 18:42:01] ✓ All services healthy
[2026-06-12 18:44:01] Starting Phase 2 health monitor...
[2026-06-12 18:44:01] ✓ Phase2A (PID 65516): RSS=59MB, FDs=19
[2026-06-12 18:44:01] ✓ Phase2B (PID 65628): RSS=60MB, FDs=19
[2026-06-12 18:44:01] ✓ Phase2C (PID 65642): RSS=59MB, FDs=19
[2026-06-12 18:44:01] ✓ All services healthy
[2026-06-12 18:46:01] Starting Phase 2 health monitor...
[2026-06-12 18:46:01] ✓ Phase2A (PID 65516): RSS=59MB, FDs=19
[2026-06-12 18:46:01] ✓ Phase2B (PID 65628): RSS=59MB, FDs=19
[2026-06-12 18:46:01] ✓ Phase2C (PID 65642): RSS=59MB, FDs=19
[2026-06-12 18:46:01] ✓ All services healthy
[2026-06-12 18:48:01] Starting Phase 2 health monitor...
[2026-06-12 18:48:01] ✓ Phase2A (PID 65516): RSS=59MB, FDs=19
[2026-06-12 18:48:01] ✓ Phase2B (PID 65628): RSS=59MB, FDs=19
[2026-06-12 18:48:01] ✓ Phase2C (PID 65642): RSS=59MB, FDs=19
[2026-06-12 18:48:01] ✓ All services healthy
[2026-06-12 18:50:01] Starting Phase 2 health monitor...
[2026-06-12 18:50:01] ✓ Phase2A (PID 65516): RSS=58MB, FDs=19
[2026-06-12 18:50:01] ✓ Phase2B (PID 65628): RSS=59MB, FDs=19
[2026-06-12 18:50:01] ✓ Phase2C (PID 65642): RSS=59MB, FDs=19
[2026-06-12 18:50:01] ✓ All services healthy
[2026-06-12 18:52:01] Starting Phase 2 health monitor...
[2026-06-12 18:52:01] ✓ Phase2A (PID 65516): RSS=58MB, FDs=19
[2026-06-12 18:52:01] ✓ Phase2B (PID 65628): RSS=59MB, FDs=19
[2026-06-12 18:52:01] ✓ Phase2C (PID 65642): RSS=59MB, FDs=19
[2026-06-12 18:52:01] ✓ All services healthy
[2026-06-12 18:54:01] Starting Phase 2 health monitor...
[2026-06-12 18:54:01] ✓ Phase2A (PID 65516): RSS=58MB, FDs=19
[2026-06-12 18:54:01] ✓ Phase2B (PID 65628): RSS=59MB, FDs=19
[2026-06-12 18:54:01] ✓ Phase2C (PID 65642): RSS=59MB, FDs=19
[2026-06-12 18:54:01] ✓ All services healthy
[2026-06-12 18:56:02] Starting Phase 2 health monitor...
[2026-06-12 18:56:02] ✓ Phase2A (PID 65516): RSS=59MB, FDs=19
[2026-06-12 18:56:02] ✓ Phase2B (PID 65628): RSS=59MB, FDs=19
[2026-06-12 18:56:02] ✓ Phase2C (PID 65642): RSS=58MB, FDs=19
[2026-06-12 18:56:02] ✓ All services healthy
[2026-06-12 18:58:01] Starting Phase 2 health monitor...
[2026-06-12 18:58:01] ✓ Phase2A (PID 65516): RSS=59MB, FDs=19
[2026-06-12 18:58:01] ✓ Phase2B (PID 65628): RSS=60MB, FDs=19
[2026-06-12 18:58:01] ✓ Phase2C (PID 65642): RSS=58MB, FDs=19
[2026-06-12 18:58:01] ✓ All services healthy
[2026-06-12 19:00:01] Starting Phase 2 health monitor...
[2026-06-12 19:00:01] ✓ Phase2A (PID 65516): RSS=59MB, FDs=19
[2026-06-12 19:00:01] ✓ Phase2B (PID 65628): RSS=59MB, FDs=19
[2026-06-12 19:00:01] ✓ Phase2C (PID 65642): RSS=59MB, FDs=19
[2026-06-12 19:00:01] ✓ All services healthy
[2026-06-12 19:02:01] Starting Phase 2 health monitor...
[2026-06-12 19:02:01] ✓ Phase2A (PID 65516): RSS=59MB, FDs=19
[2026-06-12 19:02:01] ✓ Phase2B (PID 65628): RSS=59MB, FDs=19
[2026-06-12 19:02:01] ✓ Phase2C (PID 65642): RSS=58MB, FDs=19
[2026-06-12 19:02:01] ✓ All services healthy
[2026-06-12 19:04:01] Starting Phase 2 health monitor...
[2026-06-12 19:04:01] ✓ Phase2A (PID 65516): RSS=59MB, FDs=19
[2026-06-12 19:04:01] ✓ Phase2B (PID 65628): RSS=59MB, FDs=19
[2026-06-12 19:04:01] ✓ Phase2C (PID 65642): RSS=58MB, FDs=19
[2026-06-12 19:04:01] ✓ All services healthy
[2026-06-12 19:06:01] Starting Phase 2 health monitor...
[2026-06-12 19:06:01] ✓ Phase2A (PID 65516): RSS=59MB, FDs=19
[2026-06-12 19:06:01] ✓ Phase2B (PID 65628): RSS=59MB, FDs=19
[2026-06-12 19:06:01] ✓ Phase2C (PID 65642): RSS=59MB, FDs=19
[2026-06-12 19:06:01] ✓ All services healthy
[2026-06-12 19:08:01] Starting Phase 2 health monitor...
[2026-06-12 19:08:01] ✓ Phase2A (PID 65516): RSS=59MB, FDs=19
[2026-06-12 19:08:01] ✓ Phase2B (PID 65628): RSS=59MB, FDs=19
[2026-06-12 19:08:01] ✓ Phase2C (PID 65642): RSS=59MB, FDs=19
[2026-06-12 19:08:01] ✓ All services healthy
[2026-06-12 19:10:01] Starting Phase 2 health monitor...
[2026-06-12 19:10:01] ✓ Phase2A (PID 65516): RSS=59MB, FDs=19
[2026-06-12 19:10:01] ✓ Phase2B (PID 65628): RSS=59MB, FDs=19
[2026-06-12 19:10:01] ✓ Phase2C (PID 65642): RSS=60MB, FDs=19
[2026-06-12 19:10:01] ✓ All services healthy
[2026-06-12 19:12:02] Starting Phase 2 health monitor...
[2026-06-12 19:12:02] ✓ Phase2A (PID 65516): RSS=59MB, FDs=19
[2026-06-12 19:12:02] ✓ Phase2B (PID 65628): RSS=59MB, FDs=19
[2026-06-12 19:12:02] ✓ Phase2C (PID 65642): RSS=59MB, FDs=19
[2026-06-12 19:12:02] ✓ All services healthy
[2026-06-12 19:14:01] Starting Phase 2 health monitor...
[2026-06-12 19:14:01] ✓ Phase2A (PID 65516): RSS=59MB, FDs=19
[2026-06-12 19:14:01] ✓ Phase2B (PID 65628): RSS=59MB, FDs=19
[2026-06-12 19:14:01] ✓ Phase2C (PID 65642): RSS=59MB, FDs=19
[2026-06-12 19:14:01] ✓ All services healthy
[2026-06-12 19:16:01] Starting Phase 2 health monitor...
[2026-06-12 19:16:01] ✓ Phase2A (PID 65516): RSS=60MB, FDs=19
[2026-06-12 19:16:01] ✓ Phase2B (PID 65628): RSS=60MB, FDs=19
[2026-06-12 19:16:01] ✓ Phase2C (PID 65642): RSS=59MB, FDs=19
[2026-06-12 19:16:01] ✓ All services healthy
[2026-06-12 19:18:01] Starting Phase 2 health monitor...
[2026-06-12 19:18:01] ✓ Phase2A (PID 65516): RSS=60MB, FDs=19
[2026-06-12 19:18:01] ✓ Phase2B (PID 65628): RSS=60MB, FDs=19
[2026-06-12 19:18:01] ✓ Phase2C (PID 65642): RSS=59MB, FDs=19
[2026-06-12 19:18:01] ✓ All services healthy
[2026-06-12 19:20:01] Starting Phase 2 health monitor...
[2026-06-12 19:20:01] ✓ Phase2A (PID 65516): RSS=59MB, FDs=19
[2026-06-12 19:20:01] ✓ Phase2B (PID 65628): RSS=60MB, FDs=19
[2026-06-12 19:20:01] ✓ Phase2C (PID 65642): RSS=59MB, FDs=19
[2026-06-12 19:20:01] ✓ All services healthy
[2026-06-12 19:22:01] Starting Phase 2 health monitor...
[2026-06-12 19:22:01] ✓ Phase2A (PID 65516): RSS=59MB, FDs=19
[2026-06-12 19:22:01] ✓ Phase2B (PID 65628): RSS=60MB, FDs=19
[2026-06-12 19:22:01] ✓ Phase2C (PID 65642): RSS=59MB, FDs=19
[2026-06-12 19:22:01] ✓ All services healthy
[2026-06-12 19:24:01] Starting Phase 2 health monitor...
[2026-06-12 19:24:01] ✓ Phase2A (PID 65516): RSS=59MB, FDs=19
[2026-06-12 19:24:01] ✓ Phase2B (PID 65628): RSS=60MB, FDs=19
[2026-06-12 19:24:01] ✓ Phase2C (PID 65642): RSS=59MB, FDs=19
[2026-06-12 19:24:01] ✓ All services healthy
[2026-06-12 19:26:01] Starting Phase 2 health monitor...
[2026-06-12 19:26:01] ✓ Phase2A (PID 65516): RSS=59MB, FDs=19
[2026-06-12 19:26:01] ✓ Phase2B (PID 65628): RSS=60MB, FDs=19
[2026-06-12 19:26:01] ✓ Phase2C (PID 65642): RSS=60MB, FDs=19
[2026-06-12 19:26:01] ✓ All services healthy
[2026-06-12 19:28:01] Starting Phase 2 health monitor...
[2026-06-12 19:28:01] ✓ Phase2A (PID 65516): RSS=59MB, FDs=19
[2026-06-12 19:28:01] ✓ Phase2B (PID 65628): RSS=60MB, FDs=19
[2026-06-12 19:28:01] ✓ Phase2C (PID 65642): RSS=60MB, FDs=19
[2026-06-12 19:28:01] ✓ All services healthy
[2026-06-12 19:30:01] Starting Phase 2 health monitor...
[2026-06-12 19:30:01] ✓ Phase2A (PID 65516): RSS=59MB, FDs=19
[2026-06-12 19:30:01] ✓ Phase2B (PID 65628): RSS=61MB, FDs=19
[2026-06-12 19:30:01] ✓ Phase2C (PID 65642): RSS=60MB, FDs=19
[2026-06-12 19:30:01] ✓ All services healthy
[2026-06-12 19:32:01] Starting Phase 2 health monitor...
[2026-06-12 19:32:01] ✓ Phase2A (PID 65516): RSS=59MB, FDs=19
[2026-06-12 19:32:01] ✓ Phase2B (PID 65628): RSS=60MB, FDs=19
[2026-06-12 19:32:01] ✓ Phase2C (PID 65642): RSS=60MB, FDs=19
[2026-06-12 19:32:01] ✓ All services healthy
[2026-06-12 19:34:01] Starting Phase 2 health monitor...
[2026-06-12 19:34:02] ✓ Phase2A (PID 65516): RSS=59MB, FDs=19
[2026-06-12 19:34:02] ✓ Phase2B (PID 65628): RSS=60MB, FDs=19
[2026-06-12 19:34:02] ✓ Phase2C (PID 65642): RSS=60MB, FDs=19
[2026-06-12 19:34:02] ✓ All services healthy
[2026-06-12 19:36:01] Starting Phase 2 health monitor...
[2026-06-12 19:36:01] ✓ Phase2A (PID 65516): RSS=59MB, FDs=19
[2026-06-12 19:36:01] ✓ Phase2B (PID 65628): RSS=60MB, FDs=19
[2026-06-12 19:36:01] ✓ Phase2C (PID 65642): RSS=60MB, FDs=19
[2026-06-12 19:36:01] ✓ All services healthy
[2026-06-12 19:38:01] Starting Phase 2 health monitor...
[2026-06-12 19:38:01] ✓ Phase2A (PID 65516): RSS=59MB, FDs=19
[2026-06-12 19:38:01] ✓ Phase2B (PID 65628): RSS=60MB, FDs=19
[2026-06-12 19:38:01] ✓ Phase2C (PID 65642): RSS=60MB, FDs=19
[2026-06-12 19:38:01] ✓ All services healthy
[2026-06-12 19:40:01] Starting Phase 2 health monitor...
[2026-06-12 19:40:01] ✓ Phase2A (PID 65516): RSS=58MB, FDs=19
[2026-06-12 19:40:01] ✓ Phase2B (PID 65628): RSS=60MB, FDs=19
[2026-06-12 19:40:01] ✓ Phase2C (PID 65642): RSS=59MB, FDs=19
[2026-06-12 19:40:01] ✓ All services healthy
[2026-06-12 19:42:01] Starting Phase 2 health monitor...
[2026-06-12 19:42:01] ✓ Phase2A (PID 65516): RSS=58MB, FDs=19
[2026-06-12 19:42:01] ✓ Phase2B (PID 65628): RSS=60MB, FDs=19
[2026-06-12 19:42:01] ✓ Phase2C (PID 65642): RSS=59MB, FDs=19
[2026-06-12 19:42:01] ✓ All services healthy
[2026-06-12 19:44:01] Starting Phase 2 health monitor...
[2026-06-12 19:44:01] ✓ Phase2A (PID 65516): RSS=59MB, FDs=19
[2026-06-12 19:44:01] ✓ Phase2B (PID 65628): RSS=60MB, FDs=19
[2026-06-12 19:44:01] ✓ Phase2C (PID 65642): RSS=59MB, FDs=19
[2026-06-12 19:44:01] ✓ All services healthy
[2026-06-12 19:46:01] Starting Phase 2 health monitor...
[2026-06-12 19:46:01] ✓ Phase2A (PID 65516): RSS=59MB, FDs=19
[2026-06-12 19:46:01] ✓ Phase2B (PID 65628): RSS=59MB, FDs=19
[2026-06-12 19:46:01] ✓ Phase2C (PID 65642): RSS=59MB, FDs=19
[2026-06-12 19:46:01] ✓ All services healthy
[2026-06-12 19:48:01] Starting Phase 2 health monitor...
[2026-06-12 19:48:01] ✓ Phase2A (PID 65516): RSS=59MB, FDs=19
[2026-06-12 19:48:01] ✓ Phase2B (PID 65628): RSS=59MB, FDs=19
[2026-06-12 19:48:01] ✓ Phase2C (PID 65642): RSS=59MB, FDs=19
[2026-06-12 19:48:01] ✓ All services healthy
[2026-06-12 19:50:01] Starting Phase 2 health monitor...
[2026-06-12 19:50:01] ✓ Phase2A (PID 65516): RSS=59MB, FDs=19
[2026-06-12 19:50:01] ✓ Phase2B (PID 65628): RSS=59MB, FDs=20
[2026-06-12 19:50:01] ✓ Phase2C (PID 65642): RSS=59MB, FDs=19
[2026-06-12 19:50:01] ✓ All services healthy
[2026-06-12 19:52:01] Starting Phase 2 health monitor...
[2026-06-12 19:52:01] ✓ Phase2A (PID 65516): RSS=59MB, FDs=19
[2026-06-12 19:52:01] ✓ Phase2B (PID 65628): RSS=59MB, FDs=19
[2026-06-12 19:52:01] ✓ Phase2C (PID 65642): RSS=59MB, FDs=19
[2026-06-12 19:52:01] ✓ All services healthy
[2026-06-12 19:54:01] Starting Phase 2 health monitor...
[2026-06-12 19:54:01] ✓ Phase2A (PID 65516): RSS=59MB, FDs=19
[2026-06-12 19:54:01] ✓ Phase2B (PID 65628): RSS=59MB, FDs=19
[2026-06-12 19:54:01] ✓ Phase2C (PID 65642): RSS=59MB, FDs=19
[2026-06-12 19:54:01] ✓ All services healthy
[2026-06-12 19:56:02] Starting Phase 2 health monitor...
[2026-06-12 19:56:02] ✓ Phase2A (PID 65516): RSS=59MB, FDs=19
[2026-06-12 19:56:02] ✓ Phase2B (PID 65628): RSS=59MB, FDs=19
[2026-06-12 19:56:02] ✓ Phase2C (PID 65642): RSS=58MB, FDs=19
[2026-06-12 19:56:02] ✓ All services healthy
[2026-06-12 19:58:01] Starting Phase 2 health monitor...
[2026-06-12 19:58:01] ✓ Phase2A (PID 65516): RSS=59MB, FDs=19
[2026-06-12 19:58:01] ✓ Phase2B (PID 65628): RSS=59MB, FDs=19
[2026-06-12 19:58:01] ✓ Phase2C (PID 65642): RSS=58MB, FDs=19
[2026-06-12 19:58:01] ✓ All services healthy
[2026-06-12 20:00:01] Starting Phase 2 health monitor...
[2026-06-12 20:00:01] ✓ Phase2A (PID 65516): RSS=59MB, FDs=19
[2026-06-12 20:00:01] ✓ Phase2B (PID 65628): RSS=59MB, FDs=19
[2026-06-12 20:00:01] ✓ Phase2C (PID 65642): RSS=59MB, FDs=19
[2026-06-12 20:00:01] ✓ All services healthy
[2026-06-12 20:02:01] Starting Phase 2 health monitor...
[2026-06-12 20:02:01] ✓ Phase2A (PID 65516): RSS=59MB, FDs=19
[2026-06-12 20:02:01] ✓ Phase2B (PID 65628): RSS=60MB, FDs=19
[2026-06-12 20:02:01] ✓ Phase2C (PID 65642): RSS=59MB, FDs=19
[2026-06-12 20:02:01] ✓ All services healthy
[2026-06-12 20:04:01] Starting Phase 2 health monitor...
[2026-06-12 20:04:01] ✓ Phase2A (PID 65516): RSS=59MB, FDs=19
[2026-06-12 20:04:01] ✓ Phase2B (PID 65628): RSS=60MB, FDs=19
[2026-06-12 20:04:01] ✓ Phase2C (PID 65642): RSS=59MB, FDs=19
[2026-06-12 20:04:01] ✓ All services healthy
[2026-06-12 20:06:01] Starting Phase 2 health monitor...
[2026-06-12 20:06:01] ✓ Phase2A (PID 65516): RSS=60MB, FDs=19
[2026-06-12 20:06:01] ✓ Phase2B (PID 65628): RSS=60MB, FDs=19
[2026-06-12 20:06:01] ✓ Phase2C (PID 65642): RSS=59MB, FDs=19
[2026-06-12 20:06:01] ✓ All services healthy
[2026-06-12 20:08:01] Starting Phase 2 health monitor...
[2026-06-12 20:08:01] ✓ Phase2A (PID 65516): RSS=60MB, FDs=19
[2026-06-12 20:08:01] ✓ Phase2B (PID 65628): RSS=60MB, FDs=19
[2026-06-12 20:08:01] ✓ Phase2C (PID 65642): RSS=58MB, FDs=19
[2026-06-12 20:08:01] ✓ All services healthy
[2026-06-12 20:10:01] Starting Phase 2 health monitor...
[2026-06-12 20:10:01] ✓ Phase2A (PID 65516): RSS=60MB, FDs=19
[2026-06-12 20:10:01] ✓ Phase2B (PID 65628): RSS=60MB, FDs=19
[2026-06-12 20:10:01] ✓ Phase2C (PID 65642): RSS=58MB, FDs=19
[2026-06-12 20:10:01] ✓ All services healthy
[2026-06-12 20:12:01] Starting Phase 2 health monitor...
[2026-06-12 20:12:01] ✓ Phase2A (PID 65516): RSS=60MB, FDs=19
[2026-06-12 20:12:01] ✓ Phase2B (PID 65628): RSS=59MB, FDs=19
[2026-06-12 20:12:01] ✓ Phase2C (PID 65642): RSS=59MB, FDs=19
[2026-06-12 20:12:01] ✓ All services healthy
[2026-06-12 20:14:01] Starting Phase 2 health monitor...
[2026-06-12 20:14:01] ✓ Phase2A (PID 65516): RSS=59MB, FDs=19
[2026-06-12 20:14:01] ✓ Phase2B (PID 65628): RSS=59MB, FDs=19
[2026-06-12 20:14:01] ✓ Phase2C (PID 65642): RSS=59MB, FDs=19
[2026-06-12 20:14:01] ✓ All services healthy
[2026-06-12 20:16:01] Starting Phase 2 health monitor...
[2026-06-12 20:16:01] ✓ Phase2A (PID 65516): RSS=59MB, FDs=19
[2026-06-12 20:16:01] ✓ Phase2B (PID 65628): RSS=59MB, FDs=19
[2026-06-12 20:16:01] ✓ Phase2C (PID 65642): RSS=59MB, FDs=19
[2026-06-12 20:16:01] ✓ All services healthy
[2026-06-12 20:18:01] Starting Phase 2 health monitor...
[2026-06-12 20:18:01] ✓ Phase2A (PID 65516): RSS=59MB, FDs=19
[2026-06-12 20:18:01] ✓ Phase2B (PID 65628): RSS=59MB, FDs=19
[2026-06-12 20:18:01] ✓ Phase2C (PID 65642): RSS=59MB, FDs=19
[2026-06-12 20:18:01] ✓ All services healthy
[2026-06-12 20:20:01] Starting Phase 2 health monitor...
[2026-06-12 20:20:01] ✓ Phase2A (PID 65516): RSS=59MB, FDs=19
[2026-06-12 20:20:01] ✓ Phase2B (PID 65628): RSS=59MB, FDs=19
[2026-06-12 20:20:01] ✓ Phase2C (PID 65642): RSS=59MB, FDs=19
[2026-06-12 20:20:01] ✓ All services healthy
[2026-06-12 20:22:01] Starting Phase 2 health monitor...
[2026-06-12 20:22:01] ✓ Phase2A (PID 65516): RSS=59MB, FDs=19
[2026-06-12 20:22:01] ✓ Phase2B (PID 65628): RSS=59MB, FDs=19
[2026-06-12 20:22:01] ✓ Phase2C (PID 65642): RSS=59MB, FDs=19
[2026-06-12 20:22:01] ✓ All services healthy
[2026-06-12 20:24:01] Starting Phase 2 health monitor...
[2026-06-12 20:24:01] ✓ Phase2A (PID 65516): RSS=59MB, FDs=19
[2026-06-12 20:24:01] ✓ Phase2B (PID 65628): RSS=59MB, FDs=19
[2026-06-12 20:24:01] ✓ Phase2C (PID 65642): RSS=59MB, FDs=19
[2026-06-12 20:24:01] ✓ All services healthy
[2026-06-12 20:26:01] Starting Phase 2 health monitor...
[2026-06-12 20:26:01] ✓ Phase2A (PID 65516): RSS=59MB, FDs=19
[2026-06-12 20:26:01] ✓ Phase2B (PID 65628): RSS=59MB, FDs=19
[2026-06-12 20:26:01] ✓ Phase2C (PID 65642): RSS=59MB, FDs=19
[2026-06-12 20:26:01] ✓ All services healthy
[2026-06-12 20:28:01] Starting Phase 2 health monitor...
[2026-06-12 20:28:01] ✓ Phase2A (PID 65516): RSS=59MB, FDs=19
[2026-06-12 20:28:01] ✓ Phase2B (PID 65628): RSS=59MB, FDs=19
[2026-06-12 20:28:01] ✓ Phase2C (PID 65642): RSS=60MB, FDs=19
[2026-06-12 20:28:01] ✓ All services healthy
[2026-06-12 20:30:02] Starting Phase 2 health monitor...
[2026-06-12 20:30:02] ✓ Phase2A (PID 65516): RSS=59MB, FDs=19
[2026-06-12 20:30:02] ✓ Phase2B (PID 65628): RSS=59MB, FDs=19
[2026-06-12 20:30:02] ✓ Phase2C (PID 65642): RSS=60MB, FDs=19
[2026-06-12 20:30:02] ✓ All services healthy
[2026-06-12 20:32:01] Starting Phase 2 health monitor...
[2026-06-12 20:32:01] ✓ Phase2A (PID 65516): RSS=59MB, FDs=19
[2026-06-12 20:32:01] ✓ Phase2B (PID 65628): RSS=59MB, FDs=19
[2026-06-12 20:32:01] ✓ Phase2C (PID 65642): RSS=60MB, FDs=19
[2026-06-12 20:32:01] ✓ All services healthy
[2026-06-12 20:34:01] Starting Phase 2 health monitor...
[2026-06-12 20:34:01] ✓ Phase2A (PID 65516): RSS=59MB, FDs=19
[2026-06-12 20:34:01] ✓ Phase2B (PID 65628): RSS=59MB, FDs=19
[2026-06-12 20:34:01] ✓ Phase2C (PID 65642): RSS=60MB, FDs=19
[2026-06-12 20:34:01] ✓ All services healthy
[2026-06-12 20:36:01] Starting Phase 2 health monitor...
[2026-06-12 20:36:01] ✓ Phase2A (PID 65516): RSS=59MB, FDs=19
[2026-06-12 20:36:01] ✓ Phase2B (PID 65628): RSS=59MB, FDs=19
[2026-06-12 20:36:01] ✓ Phase2C (PID 65642): RSS=59MB, FDs=19
[2026-06-12 20:36:01] ✓ All services healthy
[2026-06-12 20:38:01] Starting Phase 2 health monitor...
[2026-06-12 20:38:01] ✓ Phase2A (PID 65516): RSS=59MB, FDs=19
[2026-06-12 20:38:01] ✓ Phase2B (PID 65628): RSS=59MB, FDs=19
[2026-06-12 20:38:01] ✓ Phase2C (PID 65642): RSS=59MB, FDs=19
[2026-06-12 20:38:01] ✓ All services healthy
[2026-06-12 20:40:01] Starting Phase 2 health monitor...
[2026-06-12 20:40:01] ✓ Phase2A (PID 65516): RSS=59MB, FDs=19
[2026-06-12 20:40:01] ✓ Phase2B (PID 65628): RSS=59MB, FDs=19
[2026-06-12 20:40:01] ✓ Phase2C (PID 65642): RSS=59MB, FDs=20
[2026-06-12 20:40:01] ✓ All services healthy
[2026-06-12 20:42:01] Starting Phase 2 health monitor...
[2026-06-12 20:42:01] ✓ Phase2A (PID 65516): RSS=59MB, FDs=19
[2026-06-12 20:42:01] ✓ Phase2B (PID 65628): RSS=59MB, FDs=19
[2026-06-12 20:42:01] ✓ Phase2C (PID 65642): RSS=59MB, FDs=19
[2026-06-12 20:42:01] ✓ All services healthy
[2026-06-12 20:44:01] Starting Phase 2 health monitor...
[2026-06-12 20:44:01] ✓ Phase2A (PID 65516): RSS=59MB, FDs=19
[2026-06-12 20:44:01] ✓ Phase2B (PID 65628): RSS=59MB, FDs=19
[2026-06-12 20:44:01] ✓ Phase2C (PID 65642): RSS=59MB, FDs=19
[2026-06-12 20:44:01] ✓ All services healthy
[2026-06-12 20:46:01] Starting Phase 2 health monitor...
[2026-06-12 20:46:01] ✓ Phase2A (PID 65516): RSS=59MB, FDs=19
[2026-06-12 20:46:01] ✓ Phase2B (PID 65628): RSS=59MB, FDs=19
[2026-06-12 20:46:01] ✓ Phase2C (PID 65642): RSS=59MB, FDs=19
[2026-06-12 20:46:01] ✓ All services healthy
[2026-06-12 20:48:01] Starting Phase 2 health monitor...
[2026-06-12 20:48:01] ✓ Phase2A (PID 65516): RSS=59MB, FDs=19
[2026-06-12 20:48:01] ✓ Phase2B (PID 65628): RSS=59MB, FDs=19
[2026-06-12 20:48:01] ✓ Phase2C (PID 65642): RSS=59MB, FDs=19
[2026-06-12 20:48:01] ✓ All services healthy
[2026-06-12 20:50:01] Starting Phase 2 health monitor...
[2026-06-12 20:50:01] ✓ Phase2A (PID 65516): RSS=59MB, FDs=19
[2026-06-12 20:50:01] ✓ Phase2B (PID 65628): RSS=60MB, FDs=19
[2026-06-12 20:50:01] ✓ Phase2C (PID 65642): RSS=59MB, FDs=19
[2026-06-12 20:50:01] ✓ All services healthy
[2026-06-12 20:52:02] Starting Phase 2 health monitor...
[2026-06-12 20:52:02] ✓ Phase2A (PID 65516): RSS=59MB, FDs=19
[2026-06-12 20:52:02] ✓ Phase2B (PID 65628): RSS=60MB, FDs=19
[2026-06-12 20:52:02] ✓ Phase2C (PID 65642): RSS=59MB, FDs=19
[2026-06-12 20:52:02] ✓ All services healthy
[2026-06-12 20:54:01] Starting Phase 2 health monitor...
[2026-06-12 20:54:01] ✓ Phase2A (PID 65516): RSS=59MB, FDs=19
[2026-06-12 20:54:01] ✓ Phase2B (PID 65628): RSS=60MB, FDs=19
[2026-06-12 20:54:01] ✓ Phase2C (PID 65642): RSS=59MB, FDs=19
[2026-06-12 20:54:01] ✓ All services healthy
[2026-06-12 20:56:01] Starting Phase 2 health monitor...
[2026-06-12 20:56:01] ✓ Phase2A (PID 65516): RSS=60MB, FDs=19
[2026-06-12 20:56:01] ✓ Phase2B (PID 65628): RSS=60MB, FDs=19
[2026-06-12 20:56:01] ✓ Phase2C (PID 65642): RSS=59MB, FDs=19
[2026-06-12 20:56:01] ✓ All services healthy
