[2026-06-13 02:10:53] 📊 Running Phase 2 health monitor...
[2026-06-13 02:10:53] ✅ Health monitor complete
[2026-06-13 02:10:53] 🔄 Running Phase 2 enhanced watchdog...
[2026-06-13 02:10:53] ✅ Enhanced watchdog complete
[2026-06-13 02:10:53] ✓ Phase 2 orchestration cycle complete
[2026-06-13 02:14:01] 📊 Running Phase 2 health monitor...
[2026-06-13 02:14:01] ✅ Health monitor complete
[2026-06-13 02:14:01] 🔄 Running Phase 2 enhanced watchdog...
[2026-06-13 02:14:01] ✅ Enhanced watchdog complete
[2026-06-13 02:14:01] ✓ Phase 2 orchestration cycle complete
[2026-06-13 02:16:01] 📊 Running Phase 2 health monitor...
[2026-06-13 02:16:01] ✅ Health monitor complete
[2026-06-13 02:16:01] 🔄 Running Phase 2 enhanced watchdog...
[2026-06-13 02:16:01] ✅ Enhanced watchdog complete
[2026-06-13 02:16:01] ✓ Phase 2 orchestration cycle complete
[2026-06-13 02:18:01] 📊 Running Phase 2 health monitor...
[2026-06-13 02:18:01] ✅ Health monitor complete
[2026-06-13 02:18:01] 🔄 Running Phase 2 enhanced watchdog...
[2026-06-13 02:18:01] ✅ Enhanced watchdog complete
[2026-06-13 02:18:01] ✓ Phase 2 orchestration cycle complete
[2026-06-13 02:20:01] 📊 Running Phase 2 health monitor...
[2026-06-13 02:20:01] ✅ Health monitor complete
[2026-06-13 02:20:01] 🔄 Running Phase 2 enhanced watchdog...
[2026-06-13 02:20:01] ✅ Enhanced watchdog complete
[2026-06-13 02:20:01] ✓ Phase 2 orchestration cycle complete
[2026-06-13 02:22:01] 📊 Running Phase 2 health monitor...
[2026-06-13 02:22:01] ✅ Health monitor complete
[2026-06-13 02:22:01] 🔄 Running Phase 2 enhanced watchdog...
[2026-06-13 02:22:01] ✅ Enhanced watchdog complete
[2026-06-13 02:22:01] ✓ Phase 2 orchestration cycle complete
[2026-06-13 02:24:01] 📊 Running Phase 2 health monitor...
[2026-06-13 02:24:01] ✅ Health monitor complete
[2026-06-13 02:24:01] 🔄 Running Phase 2 enhanced watchdog...
[2026-06-13 02:24:01] ✅ Enhanced watchdog complete
[2026-06-13 02:24:01] ✓ Phase 2 orchestration cycle complete
[2026-06-13 02:26:01] 📊 Running Phase 2 health monitor...
[2026-06-13 02:26:01] ✅ Health monitor complete
[2026-06-13 02:26:01] 🔄 Running Phase 2 enhanced watchdog...
[2026-06-13 02:26:01] ✅ Enhanced watchdog complete
[2026-06-13 02:26:01] ✓ Phase 2 orchestration cycle complete
[2026-06-13 02:28:01] 📊 Running Phase 2 health monitor...
[2026-06-13 02:28:01] ✅ Health monitor complete
[2026-06-13 02:28:01] 🔄 Running Phase 2 enhanced watchdog...
[2026-06-13 02:28:01] ✅ Enhanced watchdog complete
[2026-06-13 02:28:01] ✓ Phase 2 orchestration cycle complete
[2026-06-13 02:30:01] 📊 Running Phase 2 health monitor...
[2026-06-13 02:30:01] ✅ Health monitor complete
[2026-06-13 02:30:01] 🔄 Running Phase 2 enhanced watchdog...
[2026-06-13 02:30:01] ✅ Enhanced watchdog complete
[2026-06-13 02:30:01] 📈 Running Phase 2 crash analysis...
[2026-06-13 02:30:01] ✅ Crash analysis complete
[2026-06-13 02:30:01] ✓ Phase 2 orchestration cycle complete
[2026-06-13 02:32:01] 📊 Running Phase 2 health monitor...
[2026-06-13 02:32:01] ✅ Health monitor complete
[2026-06-13 02:32:01] 🔄 Running Phase 2 enhanced watchdog...
[2026-06-13 02:32:01] ✅ Enhanced watchdog complete
[2026-06-13 02:32:01] ✓ Phase 2 orchestration cycle complete
[2026-06-13 02:34:01] 📊 Running Phase 2 health monitor...
[2026-06-13 02:34:01] ✅ Health monitor complete
[2026-06-13 02:34:01] 🔄 Running Phase 2 enhanced watchdog...
[2026-06-13 02:34:01] ✅ Enhanced watchdog complete
[2026-06-13 02:34:01] ✓ Phase 2 orchestration cycle complete
[2026-06-13 02:36:01] 📊 Running Phase 2 health monitor...
[2026-06-13 02:36:01] ✅ Health monitor complete
[2026-06-13 02:36:01] 🔄 Running Phase 2 enhanced watchdog...
[2026-06-13 02:36:01] ✅ Enhanced watchdog complete
[2026-06-13 02:36:01] ✓ Phase 2 orchestration cycle complete
[2026-06-13 02:38:01] 📊 Running Phase 2 health monitor...
[2026-06-13 02:38:01] ✅ Health monitor complete
[2026-06-13 02:38:01] 🔄 Running Phase 2 enhanced watchdog...
[2026-06-13 02:38:01] ✅ Enhanced watchdog complete
[2026-06-13 02:38:01] ✓ Phase 2 orchestration cycle complete
[2026-06-13 02:40:01] 📊 Running Phase 2 health monitor...
[2026-06-13 02:40:01] ✅ Health monitor complete
[2026-06-13 02:40:01] 🔄 Running Phase 2 enhanced watchdog...
[2026-06-13 02:40:01] ✅ Enhanced watchdog complete
[2026-06-13 02:40:01] ✓ Phase 2 orchestration cycle complete
[2026-06-13 02:42:01] 📊 Running Phase 2 health monitor...
[2026-06-13 02:42:02] ✅ Health monitor complete
[2026-06-13 02:42:02] 🔄 Running Phase 2 enhanced watchdog...
[2026-06-13 02:42:02] ✅ Enhanced watchdog complete
[2026-06-13 02:42:02] ✓ Phase 2 orchestration cycle complete
[2026-06-13 02:44:01] 📊 Running Phase 2 health monitor...
[2026-06-13 02:44:01] ✅ Health monitor complete
[2026-06-13 02:44:01] 🔄 Running Phase 2 enhanced watchdog...
[2026-06-13 02:44:02] ✅ Enhanced watchdog complete
[2026-06-13 02:44:02] ✓ Phase 2 orchestration cycle complete
[2026-06-13 02:46:01] 📊 Running Phase 2 health monitor...
[2026-06-13 02:46:02] ✅ Health monitor complete
[2026-06-13 02:46:02] 🔄 Running Phase 2 enhanced watchdog...
[2026-06-13 02:46:02] ✅ Enhanced watchdog complete
[2026-06-13 02:46:02] ✓ Phase 2 orchestration cycle complete
[2026-06-13 02:48:01] 📊 Running Phase 2 health monitor...
[2026-06-13 02:48:01] ✅ Health monitor complete
[2026-06-13 02:48:01] 🔄 Running Phase 2 enhanced watchdog...
[2026-06-13 02:48:02] ✅ Enhanced watchdog complete
[2026-06-13 02:48:02] ✓ Phase 2 orchestration cycle complete
[2026-06-13 02:50:01] 📊 Running Phase 2 health monitor...
[2026-06-13 02:50:01] ✅ Health monitor complete
[2026-06-13 02:50:01] 🔄 Running Phase 2 enhanced watchdog...
[2026-06-13 02:50:01] ✅ Enhanced watchdog complete
[2026-06-13 02:50:01] 📈 Running Phase 2 crash analysis...
[2026-06-13 02:50:01] ✅ Crash analysis complete
[2026-06-13 02:50:01] ✓ Phase 2 orchestration cycle complete
[2026-06-13 02:52:01] 📊 Running Phase 2 health monitor...
[2026-06-13 02:52:01] ✅ Health monitor complete
[2026-06-13 02:52:01] 🔄 Running Phase 2 enhanced watchdog...
[2026-06-13 02:52:01] ✅ Enhanced watchdog complete
[2026-06-13 02:52:01] ✓ Phase 2 orchestration cycle complete
[2026-06-13 02:54:01] 📊 Running Phase 2 health monitor...
[2026-06-13 02:54:01] ✅ Health monitor complete
[2026-06-13 02:54:01] 🔄 Running Phase 2 enhanced watchdog...
[2026-06-13 02:54:01] ✅ Enhanced watchdog complete
[2026-06-13 02:54:01] ✓ Phase 2 orchestration cycle complete
[2026-06-13 02:56:01] 📊 Running Phase 2 health monitor...
[2026-06-13 02:56:01] ✅ Health monitor complete
[2026-06-13 02:56:01] 🔄 Running Phase 2 enhanced watchdog...
[2026-06-13 02:56:01] ✅ Enhanced watchdog complete
[2026-06-13 02:56:01] ✓ Phase 2 orchestration cycle complete
[2026-06-13 02:58:01] 📊 Running Phase 2 health monitor...
[2026-06-13 02:58:01] ✅ Health monitor complete
[2026-06-13 02:58:01] 🔄 Running Phase 2 enhanced watchdog...
[2026-06-13 02:58:01] ✅ Enhanced watchdog complete
[2026-06-13 02:58:01] ✓ Phase 2 orchestration cycle complete
[2026-06-13 03:00:01] 📊 Running Phase 2 health monitor...
[2026-06-13 03:00:01] ✅ Health monitor complete
[2026-06-13 03:00:01] 🔄 Running Phase 2 enhanced watchdog...
[2026-06-13 03:00:01] ✅ Enhanced watchdog complete
[2026-06-13 03:00:01] ✓ Phase 2 orchestration cycle complete
[2026-06-13 03:02:01] 📊 Running Phase 2 health monitor...
[2026-06-13 03:02:01] ✅ Health monitor complete
[2026-06-13 03:02:01] 🔄 Running Phase 2 enhanced watchdog...
[2026-06-13 03:02:01] ✅ Enhanced watchdog complete
[2026-06-13 03:02:01] ✓ Phase 2 orchestration cycle complete
[2026-06-13 03:04:01] 📊 Running Phase 2 health monitor...
[2026-06-13 03:04:01] ✅ Health monitor complete
[2026-06-13 03:04:01] 🔄 Running Phase 2 enhanced watchdog...
[2026-06-13 03:04:01] ✅ Enhanced watchdog complete
[2026-06-13 03:04:01] ✓ Phase 2 orchestration cycle complete
[2026-06-13 03:06:01] 📊 Running Phase 2 health monitor...
[2026-06-13 03:06:01] ✅ Health monitor complete
[2026-06-13 03:06:01] 🔄 Running Phase 2 enhanced watchdog...
[2026-06-13 03:06:01] ✅ Enhanced watchdog complete
[2026-06-13 03:06:01] ✓ Phase 2 orchestration cycle complete
[2026-06-13 03:08:01] 📊 Running Phase 2 health monitor...
[2026-06-13 03:08:01] ✅ Health monitor complete
[2026-06-13 03:08:01] 🔄 Running Phase 2 enhanced watchdog...
[2026-06-13 03:08:01] ✅ Enhanced watchdog complete
[2026-06-13 03:08:01] ✓ Phase 2 orchestration cycle complete
[2026-06-13 03:10:01] 📊 Running Phase 2 health monitor...
[2026-06-13 03:10:01] ✅ Health monitor complete
[2026-06-13 03:10:01] 🔄 Running Phase 2 enhanced watchdog...
[2026-06-13 03:10:01] ✅ Enhanced watchdog complete
[2026-06-13 03:10:01] 📈 Running Phase 2 crash analysis...
[2026-06-13 03:10:01] ✅ Crash analysis complete
[2026-06-13 03:10:01] ✓ Phase 2 orchestration cycle complete
[2026-06-13 03:12:01] 📊 Running Phase 2 health monitor...
[2026-06-13 03:12:01] ✅ Health monitor complete
[2026-06-13 03:12:01] 🔄 Running Phase 2 enhanced watchdog...
[2026-06-13 03:12:01] ✅ Enhanced watchdog complete
[2026-06-13 03:12:01] ✓ Phase 2 orchestration cycle complete
[2026-06-13 03:14:01] 📊 Running Phase 2 health monitor...
[2026-06-13 03:14:01] ✅ Health monitor complete
[2026-06-13 03:14:01] 🔄 Running Phase 2 enhanced watchdog...
[2026-06-13 03:14:02] ✅ Enhanced watchdog complete
[2026-06-13 03:14:02] ✓ Phase 2 orchestration cycle complete
[2026-06-13 03:16:01] 📊 Running Phase 2 health monitor...
[2026-06-13 03:16:02] ✅ Health monitor complete
[2026-06-13 03:16:02] 🔄 Running Phase 2 enhanced watchdog...
[2026-06-13 03:16:02] ✅ Enhanced watchdog complete
[2026-06-13 03:16:02] ✓ Phase 2 orchestration cycle complete
[2026-06-13 03:18:01] 📊 Running Phase 2 health monitor...
[2026-06-13 03:18:01] ✅ Health monitor complete
[2026-06-13 03:18:01] 🔄 Running Phase 2 enhanced watchdog...
[2026-06-13 03:18:02] ✅ Enhanced watchdog complete
[2026-06-13 03:18:02] ✓ Phase 2 orchestration cycle complete
[2026-06-13 03:20:01] 📊 Running Phase 2 health monitor...
[2026-06-13 03:20:01] ✅ Health monitor complete
[2026-06-13 03:20:01] 🔄 Running Phase 2 enhanced watchdog...
[2026-06-13 03:20:01] ✅ Enhanced watchdog complete
[2026-06-13 03:20:01] ✓ Phase 2 orchestration cycle complete
[2026-06-13 03:22:01] 📊 Running Phase 2 health monitor...
[2026-06-13 03:22:01] ✅ Health monitor complete
[2026-06-13 03:22:01] 🔄 Running Phase 2 enhanced watchdog...
[2026-06-13 03:22:01] ✅ Enhanced watchdog complete
[2026-06-13 03:22:01] ✓ Phase 2 orchestration cycle complete
[2026-06-13 03:24:01] 📊 Running Phase 2 health monitor...
[2026-06-13 03:24:01] ✅ Health monitor complete
[2026-06-13 03:24:01] 🔄 Running Phase 2 enhanced watchdog...
[2026-06-13 03:24:01] ✅ Enhanced watchdog complete
[2026-06-13 03:24:01] ✓ Phase 2 orchestration cycle complete
[2026-06-13 03:26:01] 📊 Running Phase 2 health monitor...
[2026-06-13 03:26:01] ✅ Health monitor complete
[2026-06-13 03:26:01] 🔄 Running Phase 2 enhanced watchdog...
[2026-06-13 03:26:01] ✅ Enhanced watchdog complete
[2026-06-13 03:26:01] ✓ Phase 2 orchestration cycle complete
[2026-06-13 03:28:01] 📊 Running Phase 2 health monitor...
[2026-06-13 03:28:01] ✅ Health monitor complete
[2026-06-13 03:28:01] 🔄 Running Phase 2 enhanced watchdog...
[2026-06-13 03:28:01] ✅ Enhanced watchdog complete
[2026-06-13 03:28:01] ✓ Phase 2 orchestration cycle complete
[2026-06-13 03:30:01] 📊 Running Phase 2 health monitor...
[2026-06-13 03:30:01] ✅ Health monitor complete
[2026-06-13 03:30:01] 🔄 Running Phase 2 enhanced watchdog...
[2026-06-13 03:30:01] ✅ Enhanced watchdog complete
[2026-06-13 03:30:01] 📈 Running Phase 2 crash analysis...
[2026-06-13 03:30:01] ✅ Crash analysis complete
[2026-06-13 03:30:01] ✓ Phase 2 orchestration cycle complete
[2026-06-13 03:32:01] 📊 Running Phase 2 health monitor...
[2026-06-13 03:32:01] ✅ Health monitor complete
[2026-06-13 03:32:01] 🔄 Running Phase 2 enhanced watchdog...
[2026-06-13 03:32:01] ✅ Enhanced watchdog complete
[2026-06-13 03:32:01] ✓ Phase 2 orchestration cycle complete
[2026-06-13 03:34:01] 📊 Running Phase 2 health monitor...
[2026-06-13 03:34:01] ✅ Health monitor complete
[2026-06-13 03:34:01] 🔄 Running Phase 2 enhanced watchdog...
[2026-06-13 03:34:02] ✅ Enhanced watchdog complete
[2026-06-13 03:34:02] ✓ Phase 2 orchestration cycle complete
[2026-06-13 03:36:01] 📊 Running Phase 2 health monitor...
[2026-06-13 03:36:02] ✅ Health monitor complete
[2026-06-13 03:36:02] 🔄 Running Phase 2 enhanced watchdog...
[2026-06-13 03:36:02] ✅ Enhanced watchdog complete
[2026-06-13 03:36:02] ✓ Phase 2 orchestration cycle complete
[2026-06-13 03:38:01] 📊 Running Phase 2 health monitor...
[2026-06-13 03:38:01] ✅ Health monitor complete
[2026-06-13 03:38:01] 🔄 Running Phase 2 enhanced watchdog...
[2026-06-13 03:38:01] ✅ Enhanced watchdog complete
[2026-06-13 03:38:02] ✓ Phase 2 orchestration cycle complete
[2026-06-13 03:40:01] 📊 Running Phase 2 health monitor...
[2026-06-13 03:40:01] ✅ Health monitor complete
[2026-06-13 03:40:01] 🔄 Running Phase 2 enhanced watchdog...
[2026-06-13 03:40:01] ✅ Enhanced watchdog complete
[2026-06-13 03:40:01] ✓ Phase 2 orchestration cycle complete
[2026-06-13 03:42:01] 📊 Running Phase 2 health monitor...
[2026-06-13 03:42:01] ✅ Health monitor complete
[2026-06-13 03:42:01] 🔄 Running Phase 2 enhanced watchdog...
[2026-06-13 03:42:01] ✅ Enhanced watchdog complete
[2026-06-13 03:42:01] ✓ Phase 2 orchestration cycle complete
[2026-06-13 03:44:01] 📊 Running Phase 2 health monitor...
[2026-06-13 03:44:01] ✅ Health monitor complete
[2026-06-13 03:44:01] 🔄 Running Phase 2 enhanced watchdog...
[2026-06-13 03:44:01] ✅ Enhanced watchdog complete
[2026-06-13 03:44:01] ✓ Phase 2 orchestration cycle complete
[2026-06-13 03:46:01] 📊 Running Phase 2 health monitor...
[2026-06-13 03:46:01] ✅ Health monitor complete
[2026-06-13 03:46:01] 🔄 Running Phase 2 enhanced watchdog...
[2026-06-13 03:46:01] ✅ Enhanced watchdog complete
[2026-06-13 03:46:01] ✓ Phase 2 orchestration cycle complete
[2026-06-13 03:48:01] 📊 Running Phase 2 health monitor...
[2026-06-13 03:48:01] ✅ Health monitor complete
[2026-06-13 03:48:01] 🔄 Running Phase 2 enhanced watchdog...
[2026-06-13 03:48:01] ✅ Enhanced watchdog complete
[2026-06-13 03:48:01] ✓ Phase 2 orchestration cycle complete
[2026-06-13 03:50:01] 📊 Running Phase 2 health monitor...
[2026-06-13 03:50:01] ✅ Health monitor complete
[2026-06-13 03:50:01] 🔄 Running Phase 2 enhanced watchdog...
[2026-06-13 03:50:01] ✅ Enhanced watchdog complete
[2026-06-13 03:50:01] 📈 Running Phase 2 crash analysis...
[2026-06-13 03:50:01] ✅ Crash analysis complete
[2026-06-13 03:50:01] ✓ Phase 2 orchestration cycle complete
[2026-06-13 03:52:01] 📊 Running Phase 2 health monitor...
[2026-06-13 03:52:01] ✅ Health monitor complete
[2026-06-13 03:52:01] 🔄 Running Phase 2 enhanced watchdog...
[2026-06-13 03:52:01] ✅ Enhanced watchdog complete
[2026-06-13 03:52:01] ✓ Phase 2 orchestration cycle complete
[2026-06-13 03:54:01] 📊 Running Phase 2 health monitor...
[2026-06-13 03:54:01] ✅ Health monitor complete
[2026-06-13 03:54:01] 🔄 Running Phase 2 enhanced watchdog...
[2026-06-13 03:54:02] ✅ Enhanced watchdog complete
[2026-06-13 03:54:02] ✓ Phase 2 orchestration cycle complete
[2026-06-13 03:56:02] 📊 Running Phase 2 health monitor...
[2026-06-13 03:56:02] ✅ Health monitor complete
[2026-06-13 03:56:02] 🔄 Running Phase 2 enhanced watchdog...
[2026-06-13 03:56:02] ✅ Enhanced watchdog complete
[2026-06-13 03:56:02] ✓ Phase 2 orchestration cycle complete
[2026-06-13 03:58:01] 📊 Running Phase 2 health monitor...
[2026-06-13 03:58:01] ✅ Health monitor complete
[2026-06-13 03:58:01] 🔄 Running Phase 2 enhanced watchdog...
[2026-06-13 03:58:02] ✅ Enhanced watchdog complete
[2026-06-13 03:58:02] ✓ Phase 2 orchestration cycle complete
[2026-06-13 04:00:01] 📊 Running Phase 2 health monitor...
[2026-06-13 04:00:01] ✅ Health monitor complete
[2026-06-13 04:00:01] 🔄 Running Phase 2 enhanced watchdog...
[2026-06-13 04:00:01] ✅ Enhanced watchdog complete
[2026-06-13 04:00:01] ✓ Phase 2 orchestration cycle complete
[2026-06-13 04:02:01] 📊 Running Phase 2 health monitor...
[2026-06-13 04:02:01] ✅ Health monitor complete
[2026-06-13 04:02:01] 🔄 Running Phase 2 enhanced watchdog...
[2026-06-13 04:02:01] ✅ Enhanced watchdog complete
[2026-06-13 04:02:01] ✓ Phase 2 orchestration cycle complete
[2026-06-13 04:04:01] 📊 Running Phase 2 health monitor...
[2026-06-13 04:04:01] ✅ Health monitor complete
[2026-06-13 04:04:01] 🔄 Running Phase 2 enhanced watchdog...
[2026-06-13 04:04:01] ✅ Enhanced watchdog complete
[2026-06-13 04:04:01] ✓ Phase 2 orchestration cycle complete
[2026-06-13 04:06:01] 📊 Running Phase 2 health monitor...
[2026-06-13 04:06:01] ✅ Health monitor complete
[2026-06-13 04:06:01] 🔄 Running Phase 2 enhanced watchdog...
[2026-06-13 04:06:01] ✅ Enhanced watchdog complete
[2026-06-13 04:06:01] ✓ Phase 2 orchestration cycle complete
[2026-06-13 04:08:01] 📊 Running Phase 2 health monitor...
[2026-06-13 04:08:01] ✅ Health monitor complete
[2026-06-13 04:08:01] 🔄 Running Phase 2 enhanced watchdog...
[2026-06-13 04:08:01] ✅ Enhanced watchdog complete
[2026-06-13 04:08:01] ✓ Phase 2 orchestration cycle complete
[2026-06-13 04:10:01] 📊 Running Phase 2 health monitor...
[2026-06-13 04:10:01] ✅ Health monitor complete
[2026-06-13 04:10:01] 🔄 Running Phase 2 enhanced watchdog...
[2026-06-13 04:10:01] ✅ Enhanced watchdog complete
[2026-06-13 04:10:01] 📈 Running Phase 2 crash analysis...
[2026-06-13 04:10:01] ✅ Crash analysis complete
[2026-06-13 04:10:01] ✓ Phase 2 orchestration cycle complete
[2026-06-13 04:12:02] 📊 Running Phase 2 health monitor...
[2026-06-13 04:12:02] ✅ Health monitor complete
[2026-06-13 04:12:02] 🔄 Running Phase 2 enhanced watchdog...
[2026-06-13 04:12:02] ✅ Enhanced watchdog complete
[2026-06-13 04:12:02] ✓ Phase 2 orchestration cycle complete
[2026-06-13 04:14:01] 📊 Running Phase 2 health monitor...
[2026-06-13 04:14:01] ✅ Health monitor complete
[2026-06-13 04:14:01] 🔄 Running Phase 2 enhanced watchdog...
[2026-06-13 04:14:02] ✅ Enhanced watchdog complete
[2026-06-13 04:14:02] ✓ Phase 2 orchestration cycle complete
[2026-06-13 04:16:01] 📊 Running Phase 2 health monitor...
[2026-06-13 04:16:01] ✅ Health monitor complete
[2026-06-13 04:16:01] 🔄 Running Phase 2 enhanced watchdog...
[2026-06-13 04:16:01] ✅ Enhanced watchdog complete
[2026-06-13 04:16:01] ✓ Phase 2 orchestration cycle complete
[2026-06-13 04:18:01] 📊 Running Phase 2 health monitor...
[2026-06-13 04:18:01] ✅ Health monitor complete
[2026-06-13 04:18:01] 🔄 Running Phase 2 enhanced watchdog...
[2026-06-13 04:18:02] ✅ Enhanced watchdog complete
[2026-06-13 04:18:02] ✓ Phase 2 orchestration cycle complete
[2026-06-13 04:20:01] 📊 Running Phase 2 health monitor...
[2026-06-13 04:20:01] ✅ Health monitor complete
[2026-06-13 04:20:01] 🔄 Running Phase 2 enhanced watchdog...
[2026-06-13 04:20:01] ✅ Enhanced watchdog complete
[2026-06-13 04:20:01] ✓ Phase 2 orchestration cycle complete
[2026-06-13 04:22:01] 📊 Running Phase 2 health monitor...
[2026-06-13 04:22:01] ✅ Health monitor complete
[2026-06-13 04:22:01] 🔄 Running Phase 2 enhanced watchdog...
[2026-06-13 04:22:01] ✅ Enhanced watchdog complete
[2026-06-13 04:22:01] ✓ Phase 2 orchestration cycle complete
[2026-06-13 04:24:01] 📊 Running Phase 2 health monitor...
[2026-06-13 04:24:01] ✅ Health monitor complete
[2026-06-13 04:24:01] 🔄 Running Phase 2 enhanced watchdog...
[2026-06-13 04:24:01] ✅ Enhanced watchdog complete
[2026-06-13 04:24:01] ✓ Phase 2 orchestration cycle complete
[2026-06-13 04:26:01] 📊 Running Phase 2 health monitor...
[2026-06-13 04:26:01] ✅ Health monitor complete
[2026-06-13 04:26:01] 🔄 Running Phase 2 enhanced watchdog...
[2026-06-13 04:26:01] ✅ Enhanced watchdog complete
[2026-06-13 04:26:01] ✓ Phase 2 orchestration cycle complete
[2026-06-13 04:28:01] 📊 Running Phase 2 health monitor...
[2026-06-13 04:28:01] ✅ Health monitor complete
[2026-06-13 04:28:01] 🔄 Running Phase 2 enhanced watchdog...
[2026-06-13 04:28:01] ✅ Enhanced watchdog complete
[2026-06-13 04:28:01] ✓ Phase 2 orchestration cycle complete
[2026-06-13 04:30:01] 📊 Running Phase 2 health monitor...
[2026-06-13 04:30:01] ✅ Health monitor complete
[2026-06-13 04:30:01] 🔄 Running Phase 2 enhanced watchdog...
[2026-06-13 04:30:01] ✅ Enhanced watchdog complete
[2026-06-13 04:30:01] 📈 Running Phase 2 crash analysis...
[2026-06-13 04:30:01] ✅ Crash analysis complete
[2026-06-13 04:30:01] ✓ Phase 2 orchestration cycle complete
[2026-06-13 04:32:01] 📊 Running Phase 2 health monitor...
[2026-06-13 04:32:01] ✅ Health monitor complete
[2026-06-13 04:32:01] 🔄 Running Phase 2 enhanced watchdog...
[2026-06-13 04:32:01] ✅ Enhanced watchdog complete
[2026-06-13 04:32:01] ✓ Phase 2 orchestration cycle complete
[2026-06-13 04:34:01] 📊 Running Phase 2 health monitor...
[2026-06-13 04:34:02] ✅ Health monitor complete
[2026-06-13 04:34:02] 🔄 Running Phase 2 enhanced watchdog...
[2026-06-13 04:34:02] ✅ Enhanced watchdog complete
[2026-06-13 04:34:02] ✓ Phase 2 orchestration cycle complete
[2026-06-13 04:36:01] 📊 Running Phase 2 health monitor...
[2026-06-13 04:36:01] ✅ Health monitor complete
[2026-06-13 04:36:01] 🔄 Running Phase 2 enhanced watchdog...
[2026-06-13 04:36:01] ✅ Enhanced watchdog complete
[2026-06-13 04:36:01] ✓ Phase 2 orchestration cycle complete
[2026-06-13 04:38:01] 📊 Running Phase 2 health monitor...
[2026-06-13 04:38:01] ✅ Health monitor complete
[2026-06-13 04:38:01] 🔄 Running Phase 2 enhanced watchdog...
[2026-06-13 04:38:02] ✅ Enhanced watchdog complete
[2026-06-13 04:38:02] ✓ Phase 2 orchestration cycle complete
[2026-06-13 04:40:01] 📊 Running Phase 2 health monitor...
[2026-06-13 04:40:01] ✅ Health monitor complete
[2026-06-13 04:40:01] 🔄 Running Phase 2 enhanced watchdog...
[2026-06-13 04:40:01] ✅ Enhanced watchdog complete
[2026-06-13 04:40:01] ✓ Phase 2 orchestration cycle complete
[2026-06-13 04:42:01] 📊 Running Phase 2 health monitor...
[2026-06-13 04:42:01] ✅ Health monitor complete
[2026-06-13 04:42:01] 🔄 Running Phase 2 enhanced watchdog...
[2026-06-13 04:42:01] ✅ Enhanced watchdog complete
[2026-06-13 04:42:01] ✓ Phase 2 orchestration cycle complete
[2026-06-13 04:44:01] 📊 Running Phase 2 health monitor...
[2026-06-13 04:44:01] ✅ Health monitor complete
[2026-06-13 04:44:01] 🔄 Running Phase 2 enhanced watchdog...
[2026-06-13 04:44:01] ✅ Enhanced watchdog complete
[2026-06-13 04:44:01] ✓ Phase 2 orchestration cycle complete
[2026-06-13 04:46:01] 📊 Running Phase 2 health monitor...
[2026-06-13 04:46:01] ✅ Health monitor complete
[2026-06-13 04:46:01] 🔄 Running Phase 2 enhanced watchdog...
[2026-06-13 04:46:01] ✅ Enhanced watchdog complete
[2026-06-13 04:46:01] ✓ Phase 2 orchestration cycle complete
[2026-06-13 04:48:01] 📊 Running Phase 2 health monitor...
[2026-06-13 04:48:01] ✅ Health monitor complete
[2026-06-13 04:48:01] 🔄 Running Phase 2 enhanced watchdog...
[2026-06-13 04:48:01] ✅ Enhanced watchdog complete
[2026-06-13 04:48:01] ✓ Phase 2 orchestration cycle complete
[2026-06-13 04:50:01] 📊 Running Phase 2 health monitor...
[2026-06-13 04:50:01] ✅ Health monitor complete
[2026-06-13 04:50:01] 🔄 Running Phase 2 enhanced watchdog...
[2026-06-13 04:50:01] ✅ Enhanced watchdog complete
[2026-06-13 04:50:01] 📈 Running Phase 2 crash analysis...
[2026-06-13 04:50:01] ✅ Crash analysis complete
[2026-06-13 04:50:01] ✓ Phase 2 orchestration cycle complete
[2026-06-13 04:52:01] 📊 Running Phase 2 health monitor...
[2026-06-13 04:52:01] ✅ Health monitor complete
[2026-06-13 04:52:01] 🔄 Running Phase 2 enhanced watchdog...
[2026-06-13 04:52:01] ✅ Enhanced watchdog complete
[2026-06-13 04:52:01] ✓ Phase 2 orchestration cycle complete
[2026-06-13 04:54:01] 📊 Running Phase 2 health monitor...
[2026-06-13 04:54:01] ✅ Health monitor complete
[2026-06-13 04:54:02] 🔄 Running Phase 2 enhanced watchdog...
[2026-06-13 04:54:02] ✅ Enhanced watchdog complete
[2026-06-13 04:54:02] ✓ Phase 2 orchestration cycle complete
[2026-06-13 04:56:02] 📊 Running Phase 2 health monitor...
[2026-06-13 04:56:02] ✅ Health monitor complete
[2026-06-13 04:56:02] 🔄 Running Phase 2 enhanced watchdog...
[2026-06-13 04:56:02] ✅ Enhanced watchdog complete
[2026-06-13 04:56:02] ✓ Phase 2 orchestration cycle complete
