[2026-05-31 18:13:42] [INFO] ╔════════════════════════════════════════════════════════╗
[2026-05-31 18:13:42] [INFO] ║  Phase 2D: Cron Integration — Full Cycle              ║
[2026-05-31 18:13:42] [INFO] ║  Start: 2026-05-31 18:13:42 KST                    ║
[2026-05-31 18:13:42] [INFO] ╚════════════════════════════════════════════════════════╝
[2026-05-31 18:13:42] [INFO] === PHASE 2A: Message Collection ===
[2026-05-31 18:13:42] [INFO] Phase 2A health check PASSED
[2026-05-31 18:13:42] [ERROR] Phase 2A collection failed: 
[2026-05-31 18:13:42] [INFO] === PHASE 2B: Duplicate Detection ===
[2026-05-31 18:13:42] [INFO] Phase 2B health check PASSED
[2026-05-31 18:13:42] [ERROR] Phase 2B detection failed: 
[2026-05-31 18:13:42] [INFO] === PHASE 2C: Trust Score Calculation ===
[2026-05-31 18:13:42] [INFO] Phase 2C health check PASSED
[2026-05-31 18:13:43] [WARNING] No collected messages found, skipping trust score calculation
[2026-05-31 18:13:43] [INFO] === MEMORY.md Auto-Update ===
[2026-05-31 18:13:43] [INFO] Memory backup created: MEMORY_20260531_181342.md.bak
[2026-05-31 18:13:43] [INFO] No trust scores to merge, MEMORY.md unchanged
[2026-05-31 18:13:43] [INFO] === Cron Cycle Complete ===
[2026-05-31 18:13:43] [INFO] Cycle duration: 138ms, activities logged: 0
[2026-05-31 18:13:43] [INFO] ╔════════════════════════════════════════════════════════╗
[2026-05-31 18:13:43] [INFO] ║  Cycle Complete — Check logs for details              ║
[2026-05-31 18:13:43] [INFO] ║  Log file: /home/jeepney/.openclaw/workspace-dev/memory/logs/phase2d-cron-20260531.log              ║
[2026-05-31 18:13:43] [INFO] ╚════════════════════════════════════════════════════════╝
[2026-05-31 18:14:07] [INFO] ╔════════════════════════════════════════════════════════╗
[2026-05-31 18:14:07] [INFO] ║  Phase 2D: Cron Integration — Full Cycle              ║
[2026-05-31 18:14:07] [INFO] ║  Start: 2026-05-31 18:14:07 KST                    ║
[2026-05-31 18:14:07] [INFO] ╚════════════════════════════════════════════════════════╝
[2026-05-31 18:14:07] [INFO] === PHASE 2A: Message Collection ===
[2026-05-31 18:14:07] [INFO] Phase 2A health check PASSED
[2026-05-31 18:14:07] [ERROR] Phase 2A collection failed: 
[2026-05-31 18:14:07] [INFO] === PHASE 2B: Duplicate Detection ===
[2026-05-31 18:14:07] [INFO] Phase 2B health check PASSED
[2026-05-31 18:14:07] [ERROR] Phase 2B detection failed: 
[2026-05-31 18:14:07] [INFO] === PHASE 2C: Trust Score Calculation ===
[2026-05-31 18:14:07] [INFO] Phase 2C health check PASSED
[2026-05-31 18:14:07] [WARNING] No collected messages found, skipping trust score calculation
[2026-05-31 18:14:07] [INFO] === MEMORY.md Auto-Update ===
[2026-05-31 18:14:07] [INFO] Memory backup created: MEMORY_20260531_181407.md.bak
[2026-05-31 18:14:07] [INFO] No trust scores to merge, MEMORY.md unchanged
[2026-05-31 18:14:07] [INFO] === Cron Cycle Complete ===
[2026-05-31 18:14:07] [INFO] Cycle duration: 120ms, activities logged: 0
[2026-05-31 18:14:07] [INFO] ╔════════════════════════════════════════════════════════╗
[2026-05-31 18:14:07] [INFO] ║  Cycle Complete — Check logs for details              ║
[2026-05-31 18:14:07] [INFO] ║  Log file: /home/jeepney/.openclaw/workspace-dev/memory/logs/phase2d-cron-20260531.log              ║
[2026-05-31 18:14:07] [INFO] ╚════════════════════════════════════════════════════════╝
[2026-05-31 18:17:28] [INFO] ╔════════════════════════════════════════════════════════╗
[2026-05-31 18:17:28] [INFO] ║  Phase 2D: Cron Integration — Full Cycle              ║
[2026-05-31 18:17:28] [INFO] ║  Start: 2026-05-31 18:17:28 KST                    ║
[2026-05-31 18:17:28] [INFO] ╚════════════════════════════════════════════════════════╝
[2026-05-31 18:17:28] [INFO] === PHASE 2A: Message Collection ===
[2026-05-31 18:17:28] [INFO] Phase 2A health check PASSED
[2026-05-31 18:17:28] [ERROR] Phase 2A memory collection failed: 
[2026-05-31 18:17:28] [INFO] === PHASE 2B: Duplicate Detection ===
[2026-05-31 18:17:28] [INFO] Phase 2B health check PASSED
[2026-05-31 18:17:28] [ERROR] Phase 2B detection failed: 
[2026-05-31 18:17:28] [INFO] === PHASE 2C: Trust Score Calculation ===
[2026-05-31 18:17:28] [INFO] Phase 2C health check PASSED
[2026-05-31 18:17:29] [WARNING] No collected messages found, skipping trust score calculation
[2026-05-31 18:17:29] [INFO] === MEMORY.md Auto-Update ===
[2026-05-31 18:17:29] [INFO] Memory backup created: MEMORY_20260531_181728.md.bak
[2026-05-31 18:17:29] [INFO] No trust scores to merge, MEMORY.md unchanged
[2026-05-31 18:17:29] [INFO] === Cron Cycle Complete ===
[2026-05-31 18:17:29] [INFO] Cycle duration: 117ms, activities logged: 0
[2026-05-31 18:17:29] [INFO] ╔════════════════════════════════════════════════════════╗
[2026-05-31 18:17:29] [INFO] ║  Cycle Complete — Check logs for details              ║
[2026-05-31 18:17:29] [INFO] ║  Log file: /home/jeepney/.openclaw/workspace-dev/memory/logs/phase2d-cron-20260531.log              ║
[2026-05-31 18:17:29] [INFO] ╚════════════════════════════════════════════════════════╝
[2026-05-31 18:19:56] [INFO] ╔════════════════════════════════════════════════════════╗
[2026-05-31 18:19:56] [INFO] ║  Phase 2D: Cron Integration — Full Cycle              ║
[2026-05-31 18:19:56] [INFO] ║  Start: 2026-05-31 18:19:56 KST                    ║
[2026-05-31 18:19:56] [INFO] ╚════════════════════════════════════════════════════════╝
[2026-05-31 18:19:56] [INFO] === PHASE 2A: Message Collection ===
[2026-05-31 18:19:56] [INFO] Phase 2A health check PASSED
[2026-05-31 18:19:56] [INFO] Phase 2A collected memory content (14148 bytes) in 27ms
[2026-05-31 18:19:56] [INFO] Memory collection saved to: memory_20260531_181956.json
[2026-05-31 18:19:56] [INFO] === PHASE 2B: Duplicate Detection ===
[2026-05-31 18:19:56] [INFO] Phase 2B health check PASSED
[2026-05-31 18:19:57] [ERROR] Phase 2B detection failed: 
[2026-05-31 18:19:57] [INFO] === PHASE 2C: Trust Score Calculation ===
[2026-05-31 18:19:57] [INFO] Phase 2C health check PASSED
[2026-05-31 18:19:57] [ERROR] Phase 2C scoring failed: 
[2026-05-31 18:19:57] [INFO] === MEMORY.md Auto-Update ===
[2026-05-31 18:19:57] [INFO] Memory backup created: MEMORY_20260531_181956.md.bak
[2026-05-31 18:19:57] [INFO] No trust scores to merge, MEMORY.md unchanged
[2026-05-31 18:19:57] [INFO] === Cron Cycle Complete ===
[2026-05-31 18:19:57] [INFO] Cycle duration: 160ms, activities logged: 0
[2026-05-31 18:19:57] [INFO] ╔════════════════════════════════════════════════════════╗
[2026-05-31 18:19:57] [INFO] ║  Cycle Complete — Check logs for details              ║
[2026-05-31 18:19:57] [INFO] ║  Log file: /home/jeepney/.openclaw/workspace-dev/memory/logs/phase2d-cron-20260531.log              ║
[2026-05-31 18:19:57] [INFO] ╚════════════════════════════════════════════════════════╝
[2026-05-31 18:23:45] [INFO] ╔════════════════════════════════════════════════════════╗
[2026-05-31 18:23:45] [INFO] ║  Phase 2D: Cron Integration — Full Cycle              ║
[2026-05-31 18:23:45] [INFO] ║  Start: 2026-05-31 18:23:45 KST                    ║
[2026-05-31 18:23:45] [INFO] ╚════════════════════════════════════════════════════════╝
[2026-05-31 18:23:46] [INFO] === PHASE 2A: Message Collection ===
[2026-05-31 18:23:46] [INFO] Phase 2A health check PASSED
[2026-05-31 18:23:46] [INFO] Phase 2A collected memory content (14148 bytes) in 27ms
[2026-05-31 18:23:46] [INFO] Memory collection saved to: memory_20260531_182345.json
[2026-05-31 18:23:46] [INFO] === PHASE 2B: Duplicate Detection ===
[2026-05-31 18:23:46] [INFO] Phase 2B health check PASSED
[2026-05-31 18:23:46] [INFO] Phase 2B processed 0 unique entries, 0 duplicates removed in 33ms
[2026-05-31 18:23:46] [INFO] Duplicate detection result saved to: duplicates_20260531_182345.json
[2026-05-31 18:23:46] [INFO] === PHASE 2C: Trust Score Calculation ===
[2026-05-31 18:23:46] [INFO] Phase 2C health check PASSED
[2026-05-31 18:23:46] [ERROR] Phase 2C scoring failed: 
[2026-05-31 18:23:46] [INFO] === MEMORY.md Auto-Update ===
[2026-05-31 18:23:46] [INFO] Memory backup created: MEMORY_20260531_182345.md.bak
[2026-05-31 18:23:46] [INFO] No trust scores to merge, MEMORY.md unchanged
[2026-05-31 18:23:46] [INFO] === Cron Cycle Complete ===
[2026-05-31 18:23:46] [INFO] Cycle duration: 183ms, activities logged: 0
[2026-05-31 18:23:46] [INFO] ╔════════════════════════════════════════════════════════╗
[2026-05-31 18:23:46] [INFO] ║  Cycle Complete — Check logs for details              ║
[2026-05-31 18:23:46] [INFO] ║  Log file: /home/jeepney/.openclaw/workspace-dev/memory/logs/phase2d-cron-20260531.log              ║
[2026-05-31 18:23:46] [INFO] ╚════════════════════════════════════════════════════════╝
[2026-05-31 18:23:54] [INFO] ╔════════════════════════════════════════════════════════╗
[2026-05-31 18:23:54] [INFO] ║  Phase 2D: Cron Integration — Full Cycle              ║
[2026-05-31 18:23:54] [INFO] ║  Start: 2026-05-31 18:23:54 KST                    ║
[2026-05-31 18:23:54] [INFO] ╚════════════════════════════════════════════════════════╝
[2026-05-31 18:23:54] [INFO] === PHASE 2A: Message Collection ===
[2026-05-31 18:23:54] [INFO] Phase 2A health check PASSED
[2026-05-31 18:23:54] [INFO] Phase 2A collected memory content (14148 bytes) in 26ms
[2026-05-31 18:23:54] [INFO] Memory collection saved to: memory_20260531_182354.json
[2026-05-31 18:23:54] [INFO] === PHASE 2B: Duplicate Detection ===
[2026-05-31 18:23:54] [INFO] Phase 2B health check PASSED
[2026-05-31 18:23:54] [INFO] Phase 2B processed 0 unique entries, 0 duplicates removed in 32ms
[2026-05-31 18:23:54] [INFO] Duplicate detection result saved to: duplicates_20260531_182354.json
[2026-05-31 18:23:54] [INFO] === PHASE 2C: Trust Score Calculation ===
[2026-05-31 18:23:54] [INFO] Phase 2C health check PASSED
[2026-05-31 18:23:54] [ERROR] Phase 2C scoring failed: 
[2026-05-31 18:23:54] [INFO] === MEMORY.md Auto-Update ===
[2026-05-31 18:23:54] [INFO] Memory backup created: MEMORY_20260531_182354.md.bak
[2026-05-31 18:23:54] [INFO] No trust scores to merge, MEMORY.md unchanged
[2026-05-31 18:23:54] [INFO] === Cron Cycle Complete ===
[2026-05-31 18:23:54] [INFO] Cycle duration: 169ms, activities logged: 0
[2026-05-31 18:23:54] [INFO] ╔════════════════════════════════════════════════════════╗
[2026-05-31 18:23:54] [INFO] ║  Cycle Complete — Check logs for details              ║
[2026-05-31 18:23:54] [INFO] ║  Log file: /home/jeepney/.openclaw/workspace-dev/memory/logs/phase2d-cron-20260531.log              ║
[2026-05-31 18:23:54] [INFO] ╚════════════════════════════════════════════════════════╝
[2026-05-31 18:25:39] [INFO] ╔════════════════════════════════════════════════════════╗
[2026-05-31 18:25:39] [INFO] ║  Phase 2D: Cron Integration — Full Cycle              ║
[2026-05-31 18:25:39] [INFO] ║  Start: 2026-05-31 18:25:39 KST                    ║
[2026-05-31 18:25:39] [INFO] ╚════════════════════════════════════════════════════════╝
[2026-05-31 18:25:39] [INFO] === PHASE 2A: Message Collection ===
[2026-05-31 18:25:39] [INFO] Phase 2A health check PASSED
[2026-05-31 18:25:39] [INFO] Phase 2A collected memory content (14148 bytes) in 26ms
[2026-05-31 18:25:39] [INFO] Memory collection saved to: memory_20260531_182539.json
[2026-05-31 18:25:39] [INFO] === PHASE 2B: Duplicate Detection ===
[2026-05-31 18:25:39] [INFO] Phase 2B health check PASSED
[2026-05-31 18:25:39] [INFO] Phase 2B processed 1 unique entries, 0 duplicates removed in 38ms
[2026-05-31 18:25:39] [INFO] Duplicate detection result saved to: duplicates_20260531_182539.json
[2026-05-31 18:25:39] [INFO] === PHASE 2C: Trust Score Calculation ===
[2026-05-31 18:25:39] [INFO] Phase 2C health check PASSED
[2026-05-31 18:25:39] [ERROR] Phase 2C scoring failed: 
[2026-05-31 18:25:39] [INFO] === MEMORY.md Auto-Update ===
[2026-05-31 18:25:39] [INFO] Memory backup created: MEMORY_20260531_182539.md.bak
[2026-05-31 18:25:39] [INFO] No trust scores to merge, MEMORY.md unchanged
[2026-05-31 18:25:39] [INFO] === Cron Cycle Complete ===
[2026-05-31 18:25:39] [INFO] Cycle duration: 188ms, activities logged: 0
[2026-05-31 18:25:39] [INFO] ╔════════════════════════════════════════════════════════╗
[2026-05-31 18:25:39] [INFO] ║  Cycle Complete — Check logs for details              ║
[2026-05-31 18:25:39] [INFO] ║  Log file: /home/jeepney/.openclaw/workspace-dev/memory/logs/phase2d-cron-20260531.log              ║
[2026-05-31 18:25:39] [INFO] ╚════════════════════════════════════════════════════════╝
[2026-05-31 18:25:54] [INFO] ╔════════════════════════════════════════════════════════╗
[2026-05-31 18:25:54] [INFO] ║  Phase 2D: Cron Integration — Full Cycle              ║
[2026-05-31 18:25:54] [INFO] ║  Start: 2026-05-31 18:25:54 KST                    ║
[2026-05-31 18:25:54] [INFO] ╚════════════════════════════════════════════════════════╝
[2026-05-31 18:25:54] [INFO] === PHASE 2A: Message Collection ===
[2026-05-31 18:25:54] [INFO] Phase 2A health check PASSED
[2026-05-31 18:25:54] [INFO] Phase 2A collected memory content (14148 bytes) in 27ms
[2026-05-31 18:25:54] [INFO] Memory collection saved to: memory_20260531_182554.json
[2026-05-31 18:25:54] [INFO] === PHASE 2B: Duplicate Detection ===
[2026-05-31 18:25:54] [INFO] Phase 2B health check PASSED
[2026-05-31 18:25:54] [INFO] Phase 2B processed 1 unique entries, 0 duplicates removed in 34ms
[2026-05-31 18:25:54] [INFO] Duplicate detection result saved to: duplicates_20260531_182554.json
[2026-05-31 18:25:54] [INFO] === PHASE 2C: Trust Score Calculation ===
[2026-05-31 18:25:54] [INFO] Phase 2C health check PASSED
[2026-05-31 18:25:54] [ERROR] Phase 2C scoring failed: 
[2026-05-31 18:25:54] [INFO] === MEMORY.md Auto-Update ===
[2026-05-31 18:25:54] [INFO] Memory backup created: MEMORY_20260531_182554.md.bak
[2026-05-31 18:25:54] [INFO] No trust scores to merge, MEMORY.md unchanged
[2026-05-31 18:25:54] [INFO] === Cron Cycle Complete ===
[2026-05-31 18:25:54] [INFO] Cycle duration: 184ms, activities logged: 0
[2026-05-31 18:25:54] [INFO] ╔════════════════════════════════════════════════════════╗
[2026-05-31 18:25:54] [INFO] ║  Cycle Complete — Check logs for details              ║
[2026-05-31 18:25:54] [INFO] ║  Log file: /home/jeepney/.openclaw/workspace-dev/memory/logs/phase2d-cron-20260531.log              ║
[2026-05-31 18:25:54] [INFO] ╚════════════════════════════════════════════════════════╝
[2026-05-31 18:27:14] [INFO] ╔════════════════════════════════════════════════════════╗
[2026-05-31 18:27:14] [INFO] ║  Phase 2D: Cron Integration — Full Cycle              ║
[2026-05-31 18:27:14] [INFO] ║  Start: 2026-05-31 18:27:14 KST                    ║
[2026-05-31 18:27:14] [INFO] ╚════════════════════════════════════════════════════════╝
[2026-05-31 18:27:14] [INFO] === PHASE 2A: Message Collection ===
[2026-05-31 18:27:14] [INFO] Phase 2A health check PASSED
[2026-05-31 18:27:14] [INFO] Phase 2A collected memory content (14148 bytes) in 27ms
[2026-05-31 18:27:14] [INFO] Memory collection saved to: memory_20260531_182714.json
[2026-05-31 18:27:14] [INFO] === PHASE 2B: Duplicate Detection ===
[2026-05-31 18:27:14] [INFO] Phase 2B health check PASSED
[2026-05-31 18:27:14] [INFO] Phase 2B processed 1 unique entries, 0 duplicates removed in 33ms
[2026-05-31 18:27:14] [INFO] Duplicate detection result saved to: duplicates_20260531_182714.json
[2026-05-31 18:27:14] [INFO] === PHASE 2C: Trust Score Calculation ===
[2026-05-31 18:27:14] [INFO] Phase 2C health check PASSED
[2026-05-31 18:27:14] [ERROR] Phase 2C: Failed to extract unique array from Phase 2B
[2026-05-31 18:27:14] [INFO] === MEMORY.md Auto-Update ===
[2026-05-31 18:27:14] [INFO] Memory backup created: MEMORY_20260531_182714.md.bak
[2026-05-31 18:27:14] [INFO] No trust scores to merge, MEMORY.md unchanged
[2026-05-31 18:27:14] [INFO] === Cron Cycle Complete ===
[2026-05-31 18:27:14] [INFO] Cycle duration: 151ms, activities logged: 0
[2026-05-31 18:27:14] [INFO] ╔════════════════════════════════════════════════════════╗
[2026-05-31 18:27:14] [INFO] ║  Cycle Complete — Check logs for details              ║
[2026-05-31 18:27:14] [INFO] ║  Log file: /home/jeepney/.openclaw/workspace-dev/memory/logs/phase2d-cron-20260531.log              ║
[2026-05-31 18:27:14] [INFO] ╚════════════════════════════════════════════════════════╝
[2026-05-31 18:27:29] [INFO] ╔════════════════════════════════════════════════════════╗
[2026-05-31 18:27:29] [INFO] ║  Phase 2D: Cron Integration — Full Cycle              ║
[2026-05-31 18:27:29] [INFO] ║  Start: 2026-05-31 18:27:29 KST                    ║
[2026-05-31 18:27:29] [INFO] ╚════════════════════════════════════════════════════════╝
[2026-05-31 18:27:29] [INFO] === PHASE 2A: Message Collection ===
[2026-05-31 18:27:29] [INFO] Phase 2A health check PASSED
[2026-05-31 18:27:29] [INFO] Phase 2A collected memory content (14148 bytes) in 26ms
[2026-05-31 18:27:29] [INFO] Memory collection saved to: memory_20260531_182729.json
[2026-05-31 18:27:29] [INFO] === PHASE 2B: Duplicate Detection ===
[2026-05-31 18:27:29] [INFO] Phase 2B health check PASSED
[2026-05-31 18:27:29] [INFO] Phase 2B processed 1 unique entries, 0 duplicates removed in 33ms
[2026-05-31 18:27:29] [INFO] Duplicate detection result saved to: duplicates_20260531_182729.json
[2026-05-31 18:27:29] [INFO] === PHASE 2C: Trust Score Calculation ===
[2026-05-31 18:27:29] [INFO] Phase 2C health check PASSED
[2026-05-31 18:27:29] [INFO] Phase 2C processed 0 entries in 53ms: 0 accepted, 0 quarantined, 0 rejected
[2026-05-31 18:27:44] [INFO] ╔════════════════════════════════════════════════════════╗
[2026-05-31 18:27:44] [INFO] ║  Phase 2D: Cron Integration — Full Cycle              ║
[2026-05-31 18:27:44] [INFO] ║  Start: 2026-05-31 18:27:44 KST                    ║
[2026-05-31 18:27:44] [INFO] ╚════════════════════════════════════════════════════════╝
[2026-05-31 18:27:44] [INFO] === PHASE 2A: Message Collection ===
[2026-05-31 18:27:44] [INFO] Phase 2A health check PASSED
[2026-05-31 18:27:44] [INFO] Phase 2A collected memory content (14148 bytes) in 27ms
[2026-05-31 18:27:44] [INFO] Memory collection saved to: memory_20260531_182744.json
[2026-05-31 18:27:44] [INFO] === PHASE 2B: Duplicate Detection ===
[2026-05-31 18:27:44] [INFO] Phase 2B health check PASSED
[2026-05-31 18:27:44] [INFO] Phase 2B processed 1 unique entries, 0 duplicates removed in 34ms
[2026-05-31 18:27:44] [INFO] Duplicate detection result saved to: duplicates_20260531_182744.json
[2026-05-31 18:27:44] [INFO] === PHASE 2C: Trust Score Calculation ===
[2026-05-31 18:27:44] [INFO] Phase 2C health check PASSED
[2026-05-31 18:27:45] [INFO] Phase 2C processed 0 entries in 54ms: 0 accepted, 0 quarantined, 0 rejected
[2026-05-31 18:27:45] [INFO] Trust scores saved to: trust_scores_20260531_182744.json
[2026-05-31 18:27:45] [INFO] === MEMORY.md Auto-Update ===
[2026-05-31 18:27:45] [INFO] Memory backup created: MEMORY_20260531_182744.md.bak
[2026-05-31 18:27:45] [INFO] No entries eligible for merge (all below threshold or not ACCEPTED)
[2026-05-31 18:27:45] [INFO] === Cron Cycle Complete ===
[2026-05-31 18:27:45] [INFO] Cycle duration: 201ms, activities logged: 0
[2026-05-31 18:27:45] [INFO] ╔════════════════════════════════════════════════════════╗
[2026-05-31 18:27:45] [INFO] ║  Cycle Complete — Check logs for details              ║
[2026-05-31 18:27:45] [INFO] ║  Log file: /home/jeepney/.openclaw/workspace-dev/memory/logs/phase2d-cron-20260531.log              ║
[2026-05-31 18:27:45] [INFO] ╚════════════════════════════════════════════════════════╝
[2026-05-31 18:27:50] [INFO] ╔════════════════════════════════════════════════════════╗
[2026-05-31 18:27:50] [INFO] ║  Phase 2D: Cron Integration — Full Cycle              ║
[2026-05-31 18:27:50] [INFO] ║  Start: 2026-05-31 18:27:50 KST                    ║
[2026-05-31 18:27:50] [INFO] ╚════════════════════════════════════════════════════════╝
[2026-05-31 18:27:50] [INFO] === PHASE 2A: Message Collection ===
[2026-05-31 18:27:50] [INFO] Phase 2A health check PASSED
[2026-05-31 18:27:52] [INFO] ╔════════════════════════════════════════════════════════╗
[2026-05-31 18:27:52] [INFO] ║  Phase 2D: Cron Integration — Full Cycle              ║
[2026-05-31 18:27:52] [INFO] ║  Start: 2026-05-31 18:27:52 KST                    ║
[2026-05-31 18:27:52] [INFO] ╚════════════════════════════════════════════════════════╝
[2026-05-31 18:27:52] [INFO] === PHASE 2A: Message Collection ===
[2026-05-31 18:27:52] [INFO] Phase 2A health check PASSED
[2026-05-31 18:27:52] [INFO] Phase 2A collected memory content (14148 bytes) in 26ms
[2026-05-31 18:27:52] [INFO] Memory collection saved to: memory_20260531_182752.json
[2026-05-31 18:27:52] [INFO] === PHASE 2B: Duplicate Detection ===
[2026-05-31 18:27:52] [INFO] Phase 2B health check PASSED
[2026-05-31 18:27:52] [INFO] Phase 2B processed 1 unique entries, 0 duplicates removed in 33ms
[2026-05-31 18:27:52] [INFO] Duplicate detection result saved to: duplicates_20260531_182752.json
[2026-05-31 18:27:52] [INFO] === PHASE 2C: Trust Score Calculation ===
[2026-05-31 18:27:52] [INFO] Phase 2C health check PASSED
[2026-05-31 18:27:52] [INFO] Phase 2C processed 0 entries in 55ms: 0 accepted, 0 quarantined, 0 rejected
[2026-05-31 18:27:52] [INFO] Trust scores saved to: trust_scores_20260531_182752.json
[2026-05-31 18:27:52] [INFO] === MEMORY.md Auto-Update ===
[2026-05-31 18:27:52] [INFO] Memory backup created: MEMORY_20260531_182752.md.bak
[2026-05-31 18:27:52] [INFO] No entries eligible for merge (all below threshold or not ACCEPTED)
[2026-05-31 18:27:52] [INFO] === Cron Cycle Complete ===
[2026-05-31 18:27:52] [INFO] Cycle duration: 200ms, activities logged: 0
[2026-05-31 18:27:52] [INFO] ╔════════════════════════════════════════════════════════╗
[2026-05-31 18:27:52] [INFO] ║  Cycle Complete — Check logs for details              ║
[2026-05-31 18:27:52] [INFO] ║  Log file: /home/jeepney/.openclaw/workspace-dev/memory/logs/phase2d-cron-20260531.log              ║
[2026-05-31 18:27:52] [INFO] ╚════════════════════════════════════════════════════════╝
[2026-05-31 18:27:55] [INFO] ╔════════════════════════════════════════════════════════╗
[2026-05-31 18:27:55] [INFO] ║  Phase 2D: Cron Integration — Full Cycle              ║
[2026-05-31 18:27:55] [INFO] ║  Start: 2026-05-31 18:27:55 KST                    ║
[2026-05-31 18:27:55] [INFO] ╚════════════════════════════════════════════════════════╝
[2026-05-31 18:27:55] [INFO] === PHASE 2A: Message Collection ===
[2026-05-31 18:27:55] [INFO] Phase 2A health check PASSED
[2026-05-31 18:27:56] [INFO] Phase 2A collected memory content (14148 bytes) in 27ms
[2026-05-31 18:27:56] [INFO] Memory collection saved to: memory_20260531_182755.json
[2026-05-31 18:27:56] [INFO] === PHASE 2B: Duplicate Detection ===
[2026-05-31 18:27:56] [INFO] Phase 2B health check PASSED
[2026-05-31 18:27:56] [INFO] Phase 2B processed 1 unique entries, 0 duplicates removed in 32ms
[2026-05-31 18:27:56] [INFO] Duplicate detection result saved to: duplicates_20260531_182755.json
[2026-05-31 18:27:56] [INFO] === PHASE 2C: Trust Score Calculation ===
[2026-05-31 18:27:56] [INFO] Phase 2C health check PASSED
[2026-05-31 18:27:56] [INFO] Phase 2C processed 0 entries in 53ms: 0 accepted, 0 quarantined, 0 rejected
[2026-05-31 18:27:56] [INFO] Trust scores saved to: trust_scores_20260531_182755.json
[2026-05-31 18:27:56] [INFO] === MEMORY.md Auto-Update ===
[2026-05-31 18:27:56] [INFO] Memory backup created: MEMORY_20260531_182755.md.bak
[2026-05-31 18:27:56] [INFO] No entries eligible for merge (all below threshold or not ACCEPTED)
[2026-05-31 18:27:56] [INFO] === Cron Cycle Complete ===
[2026-05-31 18:27:56] [INFO] Cycle duration: 195ms, activities logged: 0
[2026-05-31 18:27:56] [INFO] ╔════════════════════════════════════════════════════════╗
[2026-05-31 18:27:56] [INFO] ║  Cycle Complete — Check logs for details              ║
[2026-05-31 18:27:56] [INFO] ║  Log file: /home/jeepney/.openclaw/workspace-dev/memory/logs/phase2d-cron-20260531.log              ║
[2026-05-31 18:27:56] [INFO] ╚════════════════════════════════════════════════════════╝
[2026-05-31 18:28:04] [INFO] ╔════════════════════════════════════════════════════════╗
[2026-05-31 18:28:04] [INFO] ║  Phase 2D: Cron Integration — Full Cycle              ║
[2026-05-31 18:28:04] [INFO] ║  Start: 2026-05-31 18:28:04 KST                    ║
[2026-05-31 18:28:04] [INFO] ╚════════════════════════════════════════════════════════╝
[2026-05-31 18:28:04] [INFO] === PHASE 2A: Message Collection ===
[2026-05-31 18:28:04] [INFO] Phase 2A health check PASSED
[2026-05-31 18:28:04] [INFO] Phase 2A collected memory content (14148 bytes) in 27ms
[2026-05-31 18:28:04] [INFO] Memory collection saved to: memory_20260531_182804.json
[2026-05-31 18:28:04] [INFO] === PHASE 2B: Duplicate Detection ===
[2026-05-31 18:28:04] [INFO] Phase 2B health check PASSED
[2026-05-31 18:28:04] [INFO] Phase 2B processed 1 unique entries, 0 duplicates removed in 31ms
[2026-05-31 18:28:04] [INFO] Duplicate detection result saved to: duplicates_20260531_182804.json
[2026-05-31 18:28:04] [INFO] === PHASE 2C: Trust Score Calculation ===
[2026-05-31 18:28:04] [INFO] Phase 2C health check PASSED
[2026-05-31 18:28:04] [INFO] Phase 2C processed 0 entries in 54ms: 0 accepted, 0 quarantined, 0 rejected
[2026-05-31 18:28:04] [INFO] Trust scores saved to: trust_scores_20260531_182804.json
[2026-05-31 18:28:04] [INFO] === MEMORY.md Auto-Update ===
[2026-05-31 18:28:04] [INFO] Memory backup created: MEMORY_20260531_182804.md.bak
[2026-05-31 18:28:04] [INFO] No entries eligible for merge (all below threshold or not ACCEPTED)
[2026-05-31 18:28:04] [INFO] === Cron Cycle Complete ===
[2026-05-31 18:28:04] [INFO] Cycle duration: 198ms, activities logged: 0
[2026-05-31 18:28:04] [INFO] ╔════════════════════════════════════════════════════════╗
[2026-05-31 18:28:04] [INFO] ║  Cycle Complete — Check logs for details              ║
[2026-05-31 18:28:04] [INFO] ║  Log file: /home/jeepney/.openclaw/workspace-dev/memory/logs/phase2d-cron-20260531.log              ║
[2026-05-31 18:28:04] [INFO] ╚════════════════════════════════════════════════════════╝
[2026-05-31 18:28:07] [INFO] ╔════════════════════════════════════════════════════════╗
[2026-05-31 18:28:07] [INFO] ║  Phase 2D: Cron Integration — Full Cycle              ║
[2026-05-31 18:28:07] [INFO] ║  Start: 2026-05-31 18:28:07 KST                    ║
[2026-05-31 18:28:07] [INFO] ╚════════════════════════════════════════════════════════╝
[2026-05-31 18:28:07] [INFO] === PHASE 2A: Message Collection ===
[2026-05-31 18:28:07] [INFO] Phase 2A health check PASSED
[2026-05-31 18:28:07] [INFO] Phase 2A collected memory content (14148 bytes) in 26ms
[2026-05-31 18:28:07] [INFO] Memory collection saved to: memory_20260531_182807.json
[2026-05-31 18:28:07] [INFO] === PHASE 2B: Duplicate Detection ===
[2026-05-31 18:28:07] [INFO] Phase 2B health check PASSED
[2026-05-31 18:28:07] [INFO] Phase 2B processed 1 unique entries, 0 duplicates removed in 33ms
[2026-05-31 18:28:07] [INFO] Duplicate detection result saved to: duplicates_20260531_182807.json
[2026-05-31 18:28:07] [INFO] === PHASE 2C: Trust Score Calculation ===
[2026-05-31 18:28:07] [INFO] Phase 2C health check PASSED
[2026-05-31 18:28:07] [INFO] Phase 2C processed 0 entries in 54ms: 0 accepted, 0 quarantined, 0 rejected
[2026-05-31 18:28:07] [INFO] Trust scores saved to: trust_scores_20260531_182807.json
[2026-05-31 18:28:07] [INFO] === MEMORY.md Auto-Update ===
[2026-05-31 18:28:07] [INFO] Memory backup created: MEMORY_20260531_182807.md.bak
[2026-05-31 18:28:07] [INFO] No entries eligible for merge (all below threshold or not ACCEPTED)
[2026-05-31 18:28:07] [INFO] === Cron Cycle Complete ===
[2026-05-31 18:28:07] [INFO] Cycle duration: 197ms, activities logged: 0
[2026-05-31 18:28:07] [INFO] ╔════════════════════════════════════════════════════════╗
[2026-05-31 18:28:07] [INFO] ║  Cycle Complete — Check logs for details              ║
[2026-05-31 18:28:07] [INFO] ║  Log file: /home/jeepney/.openclaw/workspace-dev/memory/logs/phase2d-cron-20260531.log              ║
[2026-05-31 18:28:07] [INFO] ╚════════════════════════════════════════════════════════╝
