[2026-06-01 00:00:24] [INFO] ========== Phase 2A Cron Job Start ==========
[2026-06-01 00:00:24] [INFO] Run ID: 1780239624
[2026-06-01 00:00:24] [INFO] Memory Dir: /home/jeepney/.openclaw/workspace-dev/memory
[2026-06-01 00:00:24] [INFO] Collector: /home/jeepney/.openclaw/workspace-dev/memory-automation/phase2a-local-collector.js
[2026-06-01 00:00:24] [INFO] Step 1: Pre-flight checks passed ✓
[2026-06-01 00:00:24] [INFO] Step 2: Running local message collector...
[2026-06-01 00:00:24] [INFO] ✓ SUCCESS: Local message collection completed
[2026-06-01 00:00:24] [INFO] Step 3: Message collection completed ✓
[2026-06-01 00:00:24] Phase 2A run succeeded
[2026-06-01 00:00:24] [INFO] ========== Phase 2A Cron Job End ==========
[2026-06-01 06:03:21] [INFO] ========== Phase 2A Cron Job Start ==========
[2026-06-01 06:03:21] [INFO] Run ID: 1780261401
[2026-06-01 06:03:21] [INFO] Memory Dir: /home/jeepney/.openclaw/workspace-dev/memory
[2026-06-01 06:03:21] [INFO] Collector: /home/jeepney/.openclaw/workspace-dev/memory-automation/phase2a-local-collector.js
[2026-06-01 06:03:21] [INFO] Step 1: Pre-flight checks passed ✓
[2026-06-01 06:03:21] [INFO] Step 2: Running local message collector...
[2026-06-01 06:03:21] [INFO] ✓ SUCCESS: Local message collection completed
[2026-06-01 06:03:21] [INFO] Step 3: Message collection completed ✓
[2026-06-01 06:03:21] Phase 2A run succeeded
[2026-06-01 06:03:21] [INFO] ========== Phase 2A Cron Job End ==========
[2026-06-01 14:45:27] [INFO] ========== Phase 2A Cron Job Start ==========
[2026-06-01 14:45:27] [INFO] Run ID: 1780292727
[2026-06-01 14:45:27] [INFO] Memory Dir: /home/jeepney/.openclaw/workspace-dev/memory
[2026-06-01 14:45:27] [INFO] Collector: /home/jeepney/.openclaw/workspace-dev/memory-automation/phase2a-local-collector.js
[2026-06-01 14:45:27] [INFO] Step 1: Pre-flight checks passed ✓
[2026-06-01 14:45:27] [INFO] Step 2: Running local message collector...
[2026-06-01 14:45:27] [INFO] ✓ SUCCESS: Local message collection completed
[2026-06-01 14:45:27] [INFO] Step 3: Message collection completed ✓
[2026-06-01 14:45:27] Phase 2A run succeeded
[2026-06-01 14:45:28] [INFO] ========== Phase 2A Cron Job End ==========
