node:internal/modules/cjs/loader:1210
  throw err;
  ^

Error: Cannot find module 'express'
Require stack:
- /home/jeepney/.openclaw/workspace-dev/memory-automation/phase2b-express-wrapper.js
    at Module._resolveFilename (node:internal/modules/cjs/loader:1207:15)
    at Module._load (node:internal/modules/cjs/loader:1038:27)
    at Module.require (node:internal/modules/cjs/loader:1289:19)
    at require (node:internal/modules/helpers:182:18)
    at Object.<anonymous> (/home/jeepney/.openclaw/workspace-dev/memory-automation/phase2b-express-wrapper.js:8:17)
    at Module._compile (node:internal/modules/cjs/loader:1521:14)
    at Module._extensions..js (node:internal/modules/cjs/loader:1623:10)
    at Module.load (node:internal/modules/cjs/loader:1266:32)
    at Module._load (node:internal/modules/cjs/loader:1091:12)
    at Function.executeUserEntryPoint [as runMain] (node:internal/modules/run_main:164:12) {
  code: 'MODULE_NOT_FOUND',
  requireStack: [
    '/home/jeepney/.openclaw/workspace-dev/memory-automation/phase2b-express-wrapper.js'
  ]
}

Node.js v20.20.2
