[2026-06-03 00:00:01] === Phase B Rule Enforcement Check Started ===
[2026-06-03 00:00:01] Checking last 4 hours for rule violations...
[2026-06-03 00:00:01] ✓ Autonomous Proceed: OK
[2026-06-03 00:00:01] Checking task completion status...
[2026-06-03 00:00:01] ✓ Task Ownership: OK
[2026-06-03 00:00:01] Checking schedule adherence...
[2026-06-03 00:00:01] ✓ Schedule Discipline: OK
[2026-06-03 00:00:01] === Phase B Rule Enforcement Check Completed ===
[2026-06-03 00:00:01] Next check: 2026-06-03 04:00:01 KST
[2026-06-03 04:00:01] === Phase B Rule Enforcement Check Started ===
[2026-06-03 04:00:01] Checking last 4 hours for rule violations...
[2026-06-03 04:00:01] ✓ Autonomous Proceed: OK
[2026-06-03 04:00:01] Checking task completion status...
[2026-06-03 04:00:01] ✓ Task Ownership: OK
[2026-06-03 04:00:01] Checking schedule adherence...
[2026-06-03 04:00:01] ✓ Schedule Discipline: OK
[2026-06-03 04:00:01] === Phase B Rule Enforcement Check Completed ===
[2026-06-03 04:00:01] Next check: 2026-06-03 08:00:01 KST
[2026-06-03 08:00:01] === Phase B Rule Enforcement Check Started ===
[2026-06-03 08:00:01] Checking last 4 hours for rule violations...
[2026-06-03 08:00:01] ✓ Autonomous Proceed: OK
[2026-06-03 08:00:01] Checking task completion status...
[2026-06-03 08:00:01] ✓ Task Ownership: OK
[2026-06-03 08:00:01] Checking schedule adherence...
[2026-06-03 08:00:01] ✓ Schedule Discipline: OK
[2026-06-03 08:00:01] === Phase B Rule Enforcement Check Completed ===
[2026-06-03 08:00:01] Next check: 2026-06-03 12:00:01 KST
[2026-06-03 12:00:01] === Phase B Rule Enforcement Check Started ===
[2026-06-03 12:00:01] Checking last 4 hours for rule violations...
[2026-06-03 12:00:01] ✓ Autonomous Proceed: OK
[2026-06-03 12:00:01] Checking task completion status...
[2026-06-03 12:00:01] ✓ Task Ownership: OK
[2026-06-03 12:00:01] Checking schedule adherence...
[2026-06-03 12:00:01] ✓ Schedule Discipline: OK
[2026-06-03 12:00:01] === Phase B Rule Enforcement Check Completed ===
[2026-06-03 12:00:01] Next check: 2026-06-03 16:00:01 KST
[2026-06-03 16:00:01] === Phase B Rule Enforcement Check Started ===
[2026-06-03 16:00:01] Checking last 4 hours for rule violations...
[2026-06-03 16:00:01] ✓ Autonomous Proceed: OK
[2026-06-03 16:00:01] Checking task completion status...
[2026-06-03 16:00:01] ✓ Task Ownership: OK
[2026-06-03 16:00:01] Checking schedule adherence...
[2026-06-03 16:00:01] ✓ Schedule Discipline: OK
[2026-06-03 16:00:01] === Phase B Rule Enforcement Check Completed ===
[2026-06-03 16:00:01] Next check: 2026-06-03 20:00:01 KST
