[2026-05-30T02:12:52.709Z] [INFO] ========== Phase 2A Local Collector Start ==========
[2026-05-30T02:12:52.709Z] [INFO] Memory Dir: /home/jeepney/.openclaw/workspace-dev/memory
[2026-05-30T02:12:52.710Z] [INFO] Step 1: Scanning memory files...
[2026-05-30T02:12:52.713Z] [INFO] Found 361 memory files
[2026-05-30T02:12:52.713Z] [INFO] Step 2: Extracting messages from files...
[2026-05-30T02:12:52.815Z] [INFO] Extracted 361 messages
[2026-05-30T02:12:52.815Z] [INFO] Step 3: Loading existing message hashes...
[2026-05-30T02:12:52.831Z] [INFO] Existing hashes: 363
[2026-05-30T02:12:52.831Z] [INFO] Step 4: Saving new messages...
[2026-05-30T02:12:52.835Z] [INFO] ✓ Saved: 23, Duplicates: 338
[2026-05-30T02:12:52.835Z] [INFO] Step 5: Statistics updated
[2026-05-30T02:12:52.835Z] [INFO] ========== Phase 2A Local Collector End ==========
[2026-05-30T03:00:59.508Z] [INFO] ========== Phase 2A Local Collector Start ==========
[2026-05-30T03:00:59.509Z] [INFO] Memory Dir: /home/jeepney/.openclaw/workspace-dev/memory
[2026-05-30T03:00:59.509Z] [INFO] Step 1: Scanning memory files...
[2026-05-30T03:00:59.513Z] [INFO] Found 361 memory files
[2026-05-30T03:00:59.513Z] [INFO] Step 2: Extracting messages from files...
[2026-05-30T03:00:59.539Z] [INFO] Extracted 361 messages
[2026-05-30T03:00:59.539Z] [INFO] Step 3: Loading existing message hashes...
[2026-05-30T03:00:59.557Z] [INFO] Existing hashes: 386
[2026-05-30T03:00:59.558Z] [INFO] Step 4: Saving new messages...
[2026-05-30T03:00:59.559Z] [INFO] ✓ Saved: 3, Duplicates: 358
[2026-05-30T03:00:59.559Z] [INFO] Step 5: Statistics updated
[2026-05-30T03:00:59.559Z] [INFO] ========== Phase 2A Local Collector End ==========
