[2026-05-31 18:06:12 KST] === PHASE 2F DEPLOYMENT CHECKPOINT #282 ===
[2026-05-31 18:06:12 KST] Checking Phase 2A (Message Collection)...
[2026-05-31 18:06:12 KST] ✅ Phase 2A: ready (PID: 261311)
[2026-05-31 18:06:12 KST] Checking Phase 2B (Duplicate Detection)...
[2026-05-31 18:06:12 KST] 🔴 Phase 2B: NOT RESPONDING
[2026-05-31 18:06:12 KST] Checking Phase 2C (Trust Score Calculator)...
[2026-05-31 18:06:12 KST] ✅ Phase 2C: ready (PID: 293979)
[2026-05-31 18:06:12 KST] System Resources: Disk 4% | Memory 3.1Gi/15Gi
[2026-05-31 18:06:12 KST] === CHECKPOINT COMPLETE ===
[2026-05-31 18:06:31 KST] === PHASE 2F DEPLOYMENT CHECKPOINT #282 ===
[2026-05-31 18:06:31 KST] Checking Phase 2A (Message Collection)...
[2026-05-31 18:06:31 KST] ✅ Phase 2A: ready (PID: 261311)
[2026-05-31 18:06:31 KST] Checking Phase 2B (Duplicate Detection)...
[2026-05-31 18:06:31 KST] ✅ Phase 2B: ready (PID: 294261)
[2026-05-31 18:06:31 KST] Checking Phase 2C (Trust Score Calculator)...
[2026-05-31 18:06:31 KST] ✅ Phase 2C: ready (PID: 293979)
[2026-05-31 18:06:31 KST] System Resources: Disk 4% | Memory 3.2Gi/15Gi
[2026-05-31 18:06:31 KST] === CHECKPOINT COMPLETE ===

[2026-05-31 18:13:50 KST] === PHASE 2F DEPLOYMENT CHECKPOINT #283 ===
[2026-05-31 18:13:50 KST] Checking Phase 2A (Message Collection)...
[2026-05-31 18:13:50 KST] ✅ Phase 2A: ready (Port 3009 responding)
[2026-05-31 18:13:50 KST] Checking Phase 2B (Duplicate Detection)...
[2026-05-31 18:13:50 KST] ✅ Phase 2B: ready (Port 3010 responding)
[2026-05-31 18:13:50 KST] Checking Phase 2C (Trust Score Calculator)...
[2026-05-31 18:13:50 KST] ✅ Phase 2C: ready (Port 3011 responding)
[2026-05-31 18:13:50 KST] System Resources: Disk 4% | Memory 3.2Gi/15Gi
[2026-05-31 18:13:50 KST] === PHASE 2D CRON INTEGRATION STARTING ===
[2026-05-31 18:13:50 KST] === CHECKPOINT COMPLETE ===

[2026-05-31 18:15:10 KST] === PHASE 2F DEPLOYMENT CHECKPOINT #284 (Smoke Test) ===
[2026-05-31 18:15:10 KST] PHASE 1: Infrastructure Deployment Progress
[2026-05-31 18:15:10 KST]   18:00-18:10 Phase 2A Deploy ✅ (Port 3009 responding)
[2026-05-31 18:15:10 KST]   18:10-18:20 Phase 2B Deploy ✅ (Port 3010 responding)  
[2026-05-31 18:15:10 KST]   18:20-18:30 Phase 2C Deploy ✅ (Port 3011 responding)
[2026-05-31 18:15:10 KST]   18:30-18:40 Phase 2D Cron Integration (pending)
[2026-05-31 18:15:10 KST]   18:40-19:30 Infrastructure Finalization (queued)
[2026-05-31 18:15:10 KST] System Resources: Disk 4% | Memory 3.2Gi/15Gi | CPU nominal
[2026-05-31 18:15:10 KST] All 3 phase services confirmed ready for integration testing
[2026-05-31 18:15:10 KST] === CHECKPOINT COMPLETE ===
