[2026-06-07 00:00:01] [INFO] ╔════════════════════════════════════════════════════════╗
[2026-06-07 00:00:01] [INFO] ║  Phase 2D: Cron Integration — Full Cycle              ║
[2026-06-07 00:00:01] [INFO] ║  Start: 2026-06-07 00:00:01 KST                    ║
[2026-06-07 00:00:01] [INFO] ╚════════════════════════════════════════════════════════╝
[2026-06-07 00:00:01] [INFO] === PHASE 2A: Message Collection ===
[2026-06-07 00:00:01] [INFO] Phase 2A health check PASSED
[2026-06-07 00:00:01] [INFO] Phase 2A collected memory content (9353 bytes) in 33ms
[2026-06-07 00:00:01] [INFO] Memory collection saved to: memory_20260607_000001.json
[2026-06-07 00:00:01] [INFO] === PHASE 2B: Duplicate Detection ===
[2026-06-07 00:00:01] [INFO] Phase 2B health check PASSED
[2026-06-07 00:00:01] [INFO] Phase 2B processed 1 unique entries, 0 duplicates removed in 33ms
[2026-06-07 00:00:01] [INFO] Duplicate detection result saved to: duplicates_20260607_000001.json
[2026-06-07 00:00:01] [INFO] === PHASE 2C: Trust Score Calculation ===
[2026-06-07 00:00:01] [INFO] Phase 2C health check PASSED
[2026-06-07 00:00:02] [INFO] Phase 2C processed 1 entries in 56ms: 1 accepted, 0 quarantined, 0 rejected
[2026-06-07 00:00:02] [INFO] Trust scores saved to: trust_scores_20260607_000001.json
[2026-06-07 00:00:02] [INFO] === MEMORY.md Auto-Update ===
[2026-06-07 00:00:02] [INFO] Memory backup created: MEMORY_20260607_000001.md.bak
[2026-06-07 00:00:02] [INFO] MEMORY.md updated with 1 new entries
[2026-06-07 00:00:02] [INFO] === Cron Cycle Complete ===
[2026-06-07 00:00:02] [INFO] Cycle duration: 244ms, activities logged: 0
[2026-06-07 00:00:02] [INFO] ╔════════════════════════════════════════════════════════╗
[2026-06-07 00:00:02] [INFO] ║  Cycle Complete — Check logs for details              ║
[2026-06-07 00:00:02] [INFO] ║  Log file: /home/jeepney/.openclaw/workspace-dev/memory/logs/phase2d-cron-20260607.log              ║
[2026-06-07 00:00:02] [INFO] ╚════════════════════════════════════════════════════════╝
[2026-06-07 00:05:01] [INFO] ╔════════════════════════════════════════════════════════╗
[2026-06-07 00:05:01] [INFO] ║  Phase 2D: Cron Integration — Full Cycle              ║
[2026-06-07 00:05:01] [INFO] ║  Start: 2026-06-07 00:05:01 KST                    ║
[2026-06-07 00:05:01] [INFO] ╚════════════════════════════════════════════════════════╝
[2026-06-07 00:05:01] [INFO] === PHASE 2A: Message Collection ===
[2026-06-07 00:05:01] [INFO] Phase 2A health check PASSED
[2026-06-07 00:05:01] [INFO] Phase 2A collected memory content (9353 bytes) in 24ms
[2026-06-07 00:05:01] [INFO] Memory collection saved to: memory_20260607_000501.json
[2026-06-07 00:05:01] [INFO] === PHASE 2B: Duplicate Detection ===
[2026-06-07 00:05:01] [INFO] Phase 2B health check PASSED
[2026-06-07 00:05:01] [INFO] Phase 2B processed 1 unique entries, 0 duplicates removed in 30ms
[2026-06-07 00:05:01] [INFO] Duplicate detection result saved to: duplicates_20260607_000501.json
[2026-06-07 00:05:01] [INFO] === PHASE 2C: Trust Score Calculation ===
[2026-06-07 00:05:01] [INFO] Phase 2C health check PASSED
[2026-06-07 00:05:01] [INFO] Phase 2C processed 1 entries in 53ms: 1 accepted, 0 quarantined, 0 rejected
[2026-06-07 00:05:01] [INFO] Trust scores saved to: trust_scores_20260607_000501.json
[2026-06-07 00:05:01] [INFO] === MEMORY.md Auto-Update ===
[2026-06-07 00:05:01] [INFO] Memory backup created: MEMORY_20260607_000501.md.bak
[2026-06-07 00:05:01] [INFO] MEMORY.md updated with 1 new entries
[2026-06-07 00:05:01] [INFO] === Cron Cycle Complete ===
[2026-06-07 00:05:01] [INFO] Cycle duration: 216ms, activities logged: 0
[2026-06-07 00:05:01] [INFO] ╔════════════════════════════════════════════════════════╗
[2026-06-07 00:05:01] [INFO] ║  Cycle Complete — Check logs for details              ║
[2026-06-07 00:05:01] [INFO] ║  Log file: /home/jeepney/.openclaw/workspace-dev/memory/logs/phase2d-cron-20260607.log              ║
[2026-06-07 00:05:01] [INFO] ╚════════════════════════════════════════════════════════╝
[2026-06-07 00:10:01] [INFO] ╔════════════════════════════════════════════════════════╗
[2026-06-07 00:10:01] [INFO] ║  Phase 2D: Cron Integration — Full Cycle              ║
[2026-06-07 00:10:01] [INFO] ║  Start: 2026-06-07 00:10:01 KST                    ║
[2026-06-07 00:10:01] [INFO] ╚════════════════════════════════════════════════════════╝
[2026-06-07 00:10:01] [INFO] === PHASE 2A: Message Collection ===
[2026-06-07 00:10:01] [INFO] Phase 2A health check PASSED
[2026-06-07 00:10:01] [INFO] Phase 2A collected memory content (9353 bytes) in 25ms
[2026-06-07 00:10:01] [INFO] Memory collection saved to: memory_20260607_001001.json
[2026-06-07 00:10:01] [INFO] === PHASE 2B: Duplicate Detection ===
[2026-06-07 00:10:01] [INFO] Phase 2B health check PASSED
[2026-06-07 00:10:01] [INFO] Phase 2B processed 1 unique entries, 0 duplicates removed in 32ms
[2026-06-07 00:10:01] [INFO] Duplicate detection result saved to: duplicates_20260607_001001.json
[2026-06-07 00:10:01] [INFO] === PHASE 2C: Trust Score Calculation ===
[2026-06-07 00:10:01] [INFO] Phase 2C health check PASSED
[2026-06-07 00:10:01] [INFO] Phase 2C processed 1 entries in 52ms: 1 accepted, 0 quarantined, 0 rejected
[2026-06-07 00:10:01] [INFO] Trust scores saved to: trust_scores_20260607_001001.json
[2026-06-07 00:10:01] [INFO] === MEMORY.md Auto-Update ===
[2026-06-07 00:10:01] [INFO] Memory backup created: MEMORY_20260607_001001.md.bak
[2026-06-07 00:10:01] [INFO] MEMORY.md updated with 1 new entries
[2026-06-07 00:10:01] [INFO] === Cron Cycle Complete ===
[2026-06-07 00:10:01] [INFO] Cycle duration: 218ms, activities logged: 0
[2026-06-07 00:10:01] [INFO] ╔════════════════════════════════════════════════════════╗
[2026-06-07 00:10:01] [INFO] ║  Cycle Complete — Check logs for details              ║
[2026-06-07 00:10:01] [INFO] ║  Log file: /home/jeepney/.openclaw/workspace-dev/memory/logs/phase2d-cron-20260607.log              ║
[2026-06-07 00:10:01] [INFO] ╚════════════════════════════════════════════════════════╝
[2026-06-07 00:15:01] [INFO] ╔════════════════════════════════════════════════════════╗
[2026-06-07 00:15:01] [INFO] ║  Phase 2D: Cron Integration — Full Cycle              ║
[2026-06-07 00:15:01] [INFO] ║  Start: 2026-06-07 00:15:01 KST                    ║
[2026-06-07 00:15:01] [INFO] ╚════════════════════════════════════════════════════════╝
[2026-06-07 00:15:01] [INFO] === PHASE 2A: Message Collection ===
[2026-06-07 00:15:01] [INFO] Phase 2A health check PASSED
[2026-06-07 00:15:01] [INFO] Phase 2A collected memory content (9353 bytes) in 26ms
[2026-06-07 00:15:01] [INFO] Memory collection saved to: memory_20260607_001501.json
[2026-06-07 00:15:01] [INFO] === PHASE 2B: Duplicate Detection ===
[2026-06-07 00:15:01] [INFO] Phase 2B health check PASSED
[2026-06-07 00:15:01] [INFO] Phase 2B processed 1 unique entries, 0 duplicates removed in 29ms
[2026-06-07 00:15:01] [INFO] Duplicate detection result saved to: duplicates_20260607_001501.json
[2026-06-07 00:15:01] [INFO] === PHASE 2C: Trust Score Calculation ===
[2026-06-07 00:15:01] [INFO] Phase 2C health check PASSED
[2026-06-07 00:15:01] [INFO] Phase 2C processed 1 entries in 52ms: 1 accepted, 0 quarantined, 0 rejected
[2026-06-07 00:15:01] [INFO] Trust scores saved to: trust_scores_20260607_001501.json
[2026-06-07 00:15:01] [INFO] === MEMORY.md Auto-Update ===
[2026-06-07 00:15:01] [INFO] Memory backup created: MEMORY_20260607_001501.md.bak
[2026-06-07 00:15:01] [INFO] MEMORY.md updated with 1 new entries
[2026-06-07 00:15:01] [INFO] === Cron Cycle Complete ===
[2026-06-07 00:15:01] [INFO] Cycle duration: 217ms, activities logged: 0
[2026-06-07 00:15:01] [INFO] ╔════════════════════════════════════════════════════════╗
[2026-06-07 00:15:01] [INFO] ║  Cycle Complete — Check logs for details              ║
[2026-06-07 00:15:01] [INFO] ║  Log file: /home/jeepney/.openclaw/workspace-dev/memory/logs/phase2d-cron-20260607.log              ║
[2026-06-07 00:15:01] [INFO] ╚════════════════════════════════════════════════════════╝
[2026-06-07 00:20:01] [INFO] ╔════════════════════════════════════════════════════════╗
[2026-06-07 00:20:01] [INFO] ║  Phase 2D: Cron Integration — Full Cycle              ║
[2026-06-07 00:20:01] [INFO] ║  Start: 2026-06-07 00:20:01 KST                    ║
[2026-06-07 00:20:01] [INFO] ╚════════════════════════════════════════════════════════╝
[2026-06-07 00:20:01] [INFO] === PHASE 2A: Message Collection ===
[2026-06-07 00:20:01] [INFO] Phase 2A health check PASSED
[2026-06-07 00:20:01] [INFO] Phase 2A collected memory content (9353 bytes) in 25ms
[2026-06-07 00:20:01] [INFO] Memory collection saved to: memory_20260607_002001.json
[2026-06-07 00:20:01] [INFO] === PHASE 2B: Duplicate Detection ===
[2026-06-07 00:20:01] [INFO] Phase 2B health check PASSED
[2026-06-07 00:20:01] [INFO] Phase 2B processed 1 unique entries, 0 duplicates removed in 30ms
[2026-06-07 00:20:01] [INFO] Duplicate detection result saved to: duplicates_20260607_002001.json
[2026-06-07 00:20:01] [INFO] === PHASE 2C: Trust Score Calculation ===
[2026-06-07 00:20:01] [INFO] Phase 2C health check PASSED
[2026-06-07 00:20:01] [INFO] Phase 2C processed 1 entries in 53ms: 1 accepted, 0 quarantined, 0 rejected
[2026-06-07 00:20:01] [INFO] Trust scores saved to: trust_scores_20260607_002001.json
[2026-06-07 00:20:01] [INFO] === MEMORY.md Auto-Update ===
[2026-06-07 00:20:01] [INFO] Memory backup created: MEMORY_20260607_002001.md.bak
[2026-06-07 00:20:01] [INFO] MEMORY.md updated with 1 new entries
[2026-06-07 00:20:01] [INFO] === Cron Cycle Complete ===
[2026-06-07 00:20:01] [INFO] Cycle duration: 218ms, activities logged: 0
[2026-06-07 00:20:01] [INFO] ╔════════════════════════════════════════════════════════╗
[2026-06-07 00:20:01] [INFO] ║  Cycle Complete — Check logs for details              ║
[2026-06-07 00:20:01] [INFO] ║  Log file: /home/jeepney/.openclaw/workspace-dev/memory/logs/phase2d-cron-20260607.log              ║
[2026-06-07 00:20:01] [INFO] ╚════════════════════════════════════════════════════════╝
[2026-06-07 00:25:01] [INFO] ╔════════════════════════════════════════════════════════╗
[2026-06-07 00:25:01] [INFO] ║  Phase 2D: Cron Integration — Full Cycle              ║
[2026-06-07 00:25:01] [INFO] ║  Start: 2026-06-07 00:25:01 KST                    ║
[2026-06-07 00:25:01] [INFO] ╚════════════════════════════════════════════════════════╝
[2026-06-07 00:25:01] [INFO] === PHASE 2A: Message Collection ===
[2026-06-07 00:25:01] [INFO] Phase 2A health check PASSED
[2026-06-07 00:25:01] [INFO] Phase 2A collected memory content (9353 bytes) in 26ms
[2026-06-07 00:25:01] [INFO] Memory collection saved to: memory_20260607_002501.json
[2026-06-07 00:25:01] [INFO] === PHASE 2B: Duplicate Detection ===
[2026-06-07 00:25:01] [INFO] Phase 2B health check PASSED
[2026-06-07 00:25:01] [INFO] Phase 2B processed 1 unique entries, 0 duplicates removed in 35ms
[2026-06-07 00:25:01] [INFO] Duplicate detection result saved to: duplicates_20260607_002501.json
[2026-06-07 00:25:01] [INFO] === PHASE 2C: Trust Score Calculation ===
[2026-06-07 00:25:01] [INFO] Phase 2C health check PASSED
[2026-06-07 00:25:01] [INFO] Phase 2C processed 1 entries in 52ms: 1 accepted, 0 quarantined, 0 rejected
[2026-06-07 00:25:01] [INFO] Trust scores saved to: trust_scores_20260607_002501.json
[2026-06-07 00:25:01] [INFO] === MEMORY.md Auto-Update ===
[2026-06-07 00:25:01] [INFO] Memory backup created: MEMORY_20260607_002501.md.bak
[2026-06-07 00:25:01] [INFO] MEMORY.md updated with 1 new entries
[2026-06-07 00:25:01] [INFO] === Cron Cycle Complete ===
[2026-06-07 00:25:01] [INFO] Cycle duration: 226ms, activities logged: 0
[2026-06-07 00:25:01] [INFO] ╔════════════════════════════════════════════════════════╗
[2026-06-07 00:25:01] [INFO] ║  Cycle Complete — Check logs for details              ║
[2026-06-07 00:25:01] [INFO] ║  Log file: /home/jeepney/.openclaw/workspace-dev/memory/logs/phase2d-cron-20260607.log              ║
[2026-06-07 00:25:01] [INFO] ╚════════════════════════════════════════════════════════╝
[2026-06-07 00:30:01] [INFO] ╔════════════════════════════════════════════════════════╗
[2026-06-07 00:30:01] [INFO] ║  Phase 2D: Cron Integration — Full Cycle              ║
[2026-06-07 00:30:01] [INFO] ║  Start: 2026-06-07 00:30:01 KST                    ║
[2026-06-07 00:30:01] [INFO] ╚════════════════════════════════════════════════════════╝
[2026-06-07 00:30:01] [INFO] === PHASE 2A: Message Collection ===
[2026-06-07 00:30:01] [INFO] Phase 2A health check PASSED
[2026-06-07 00:30:01] [INFO] Phase 2A collected memory content (9353 bytes) in 37ms
[2026-06-07 00:30:01] [INFO] Memory collection saved to: memory_20260607_003001.json
[2026-06-07 00:30:01] [INFO] === PHASE 2B: Duplicate Detection ===
[2026-06-07 00:30:01] [INFO] Phase 2B health check PASSED
[2026-06-07 00:30:01] [INFO] Phase 2B processed 1 unique entries, 0 duplicates removed in 35ms
[2026-06-07 00:30:01] [INFO] Duplicate detection result saved to: duplicates_20260607_003001.json
[2026-06-07 00:30:01] [INFO] === PHASE 2C: Trust Score Calculation ===
[2026-06-07 00:30:01] [INFO] Phase 2C health check PASSED
[2026-06-07 00:30:01] [INFO] Phase 2C processed 1 entries in 52ms: 1 accepted, 0 quarantined, 0 rejected
[2026-06-07 00:30:01] [INFO] Trust scores saved to: trust_scores_20260607_003001.json
[2026-06-07 00:30:01] [INFO] === MEMORY.md Auto-Update ===
[2026-06-07 00:30:01] [INFO] Memory backup created: MEMORY_20260607_003001.md.bak
[2026-06-07 00:30:01] [INFO] MEMORY.md updated with 1 new entries
[2026-06-07 00:30:01] [INFO] === Cron Cycle Complete ===
[2026-06-07 00:30:01] [INFO] Cycle duration: 244ms, activities logged: 0
[2026-06-07 00:30:01] [INFO] ╔════════════════════════════════════════════════════════╗
[2026-06-07 00:30:01] [INFO] ║  Cycle Complete — Check logs for details              ║
[2026-06-07 00:30:01] [INFO] ║  Log file: /home/jeepney/.openclaw/workspace-dev/memory/logs/phase2d-cron-20260607.log              ║
[2026-06-07 00:30:01] [INFO] ╚════════════════════════════════════════════════════════╝
[2026-06-07 00:35:01] [INFO] ╔════════════════════════════════════════════════════════╗
[2026-06-07 00:35:01] [INFO] ║  Phase 2D: Cron Integration — Full Cycle              ║
[2026-06-07 00:35:01] [INFO] ║  Start: 2026-06-07 00:35:01 KST                    ║
[2026-06-07 00:35:01] [INFO] ╚════════════════════════════════════════════════════════╝
[2026-06-07 00:35:01] [INFO] === PHASE 2A: Message Collection ===
[2026-06-07 00:35:01] [INFO] Phase 2A health check PASSED
[2026-06-07 00:35:01] [INFO] Phase 2A collected memory content (9353 bytes) in 26ms
[2026-06-07 00:35:01] [INFO] Memory collection saved to: memory_20260607_003501.json
[2026-06-07 00:35:01] [INFO] === PHASE 2B: Duplicate Detection ===
[2026-06-07 00:35:01] [INFO] Phase 2B health check PASSED
[2026-06-07 00:35:01] [INFO] Phase 2B processed 1 unique entries, 0 duplicates removed in 35ms
[2026-06-07 00:35:01] [INFO] Duplicate detection result saved to: duplicates_20260607_003501.json
[2026-06-07 00:35:01] [INFO] === PHASE 2C: Trust Score Calculation ===
[2026-06-07 00:35:01] [INFO] Phase 2C health check PASSED
[2026-06-07 00:35:01] [INFO] Phase 2C processed 1 entries in 52ms: 1 accepted, 0 quarantined, 0 rejected
[2026-06-07 00:35:01] [INFO] Trust scores saved to: trust_scores_20260607_003501.json
[2026-06-07 00:35:01] [INFO] === MEMORY.md Auto-Update ===
[2026-06-07 00:35:01] [INFO] Memory backup created: MEMORY_20260607_003501.md.bak
[2026-06-07 00:35:01] [INFO] MEMORY.md updated with 1 new entries
[2026-06-07 00:35:01] [INFO] === Cron Cycle Complete ===
[2026-06-07 00:35:01] [INFO] Cycle duration: 227ms, activities logged: 0
[2026-06-07 00:35:01] [INFO] ╔════════════════════════════════════════════════════════╗
[2026-06-07 00:35:01] [INFO] ║  Cycle Complete — Check logs for details              ║
[2026-06-07 00:35:01] [INFO] ║  Log file: /home/jeepney/.openclaw/workspace-dev/memory/logs/phase2d-cron-20260607.log              ║
[2026-06-07 00:35:01] [INFO] ╚════════════════════════════════════════════════════════╝
[2026-06-07 00:40:01] [INFO] ╔════════════════════════════════════════════════════════╗
[2026-06-07 00:40:01] [INFO] ║  Phase 2D: Cron Integration — Full Cycle              ║
[2026-06-07 00:40:01] [INFO] ║  Start: 2026-06-07 00:40:01 KST                    ║
[2026-06-07 00:40:01] [INFO] ╚════════════════════════════════════════════════════════╝
[2026-06-07 00:40:01] [INFO] === PHASE 2A: Message Collection ===
[2026-06-07 00:40:01] [INFO] Phase 2A health check PASSED
[2026-06-07 00:40:01] [INFO] Phase 2A collected memory content (9353 bytes) in 26ms
[2026-06-07 00:40:01] [INFO] Memory collection saved to: memory_20260607_004001.json
[2026-06-07 00:40:01] [INFO] === PHASE 2B: Duplicate Detection ===
[2026-06-07 00:40:01] [INFO] Phase 2B health check PASSED
[2026-06-07 00:40:01] [INFO] Phase 2B processed 1 unique entries, 0 duplicates removed in 30ms
[2026-06-07 00:40:01] [INFO] Duplicate detection result saved to: duplicates_20260607_004001.json
[2026-06-07 00:40:01] [INFO] === PHASE 2C: Trust Score Calculation ===
[2026-06-07 00:40:01] [INFO] Phase 2C health check PASSED
[2026-06-07 00:40:01] [INFO] Phase 2C processed 1 entries in 54ms: 1 accepted, 0 quarantined, 0 rejected
[2026-06-07 00:40:01] [INFO] Trust scores saved to: trust_scores_20260607_004001.json
[2026-06-07 00:40:01] [INFO] === MEMORY.md Auto-Update ===
[2026-06-07 00:40:01] [INFO] Memory backup created: MEMORY_20260607_004001.md.bak
[2026-06-07 00:40:01] [INFO] MEMORY.md updated with 1 new entries
[2026-06-07 00:40:01] [INFO] === Cron Cycle Complete ===
[2026-06-07 00:40:01] [INFO] Cycle duration: 220ms, activities logged: 0
[2026-06-07 00:40:01] [INFO] ╔════════════════════════════════════════════════════════╗
[2026-06-07 00:40:01] [INFO] ║  Cycle Complete — Check logs for details              ║
[2026-06-07 00:40:01] [INFO] ║  Log file: /home/jeepney/.openclaw/workspace-dev/memory/logs/phase2d-cron-20260607.log              ║
[2026-06-07 00:40:01] [INFO] ╚════════════════════════════════════════════════════════╝
[2026-06-07 00:45:01] [INFO] ╔════════════════════════════════════════════════════════╗
[2026-06-07 00:45:01] [INFO] ║  Phase 2D: Cron Integration — Full Cycle              ║
[2026-06-07 00:45:01] [INFO] ║  Start: 2026-06-07 00:45:01 KST                    ║
[2026-06-07 00:45:01] [INFO] ╚════════════════════════════════════════════════════════╝
[2026-06-07 00:45:01] [INFO] === PHASE 2A: Message Collection ===
[2026-06-07 00:45:01] [INFO] Phase 2A health check PASSED
[2026-06-07 00:45:01] [INFO] Phase 2A collected memory content (9353 bytes) in 25ms
[2026-06-07 00:45:01] [INFO] Memory collection saved to: memory_20260607_004501.json
[2026-06-07 00:45:01] [INFO] === PHASE 2B: Duplicate Detection ===
[2026-06-07 00:45:01] [INFO] Phase 2B health check PASSED
[2026-06-07 00:45:01] [INFO] Phase 2B processed 1 unique entries, 0 duplicates removed in 31ms
[2026-06-07 00:45:01] [INFO] Duplicate detection result saved to: duplicates_20260607_004501.json
[2026-06-07 00:45:01] [INFO] === PHASE 2C: Trust Score Calculation ===
[2026-06-07 00:45:01] [INFO] Phase 2C health check PASSED
[2026-06-07 00:45:01] [INFO] Phase 2C processed 1 entries in 53ms: 1 accepted, 0 quarantined, 0 rejected
[2026-06-07 00:45:01] [INFO] Trust scores saved to: trust_scores_20260607_004501.json
[2026-06-07 00:45:01] [INFO] === MEMORY.md Auto-Update ===
[2026-06-07 00:45:01] [INFO] Memory backup created: MEMORY_20260607_004501.md.bak
[2026-06-07 00:45:01] [INFO] MEMORY.md updated with 1 new entries
[2026-06-07 00:45:01] [INFO] === Cron Cycle Complete ===
[2026-06-07 00:45:01] [INFO] Cycle duration: 220ms, activities logged: 0
[2026-06-07 00:45:01] [INFO] ╔════════════════════════════════════════════════════════╗
[2026-06-07 00:45:01] [INFO] ║  Cycle Complete — Check logs for details              ║
[2026-06-07 00:45:01] [INFO] ║  Log file: /home/jeepney/.openclaw/workspace-dev/memory/logs/phase2d-cron-20260607.log              ║
[2026-06-07 00:45:01] [INFO] ╚════════════════════════════════════════════════════════╝
[2026-06-07 00:50:01] [INFO] ╔════════════════════════════════════════════════════════╗
[2026-06-07 00:50:01] [INFO] ║  Phase 2D: Cron Integration — Full Cycle              ║
[2026-06-07 00:50:01] [INFO] ║  Start: 2026-06-07 00:50:01 KST                    ║
[2026-06-07 00:50:01] [INFO] ╚════════════════════════════════════════════════════════╝
[2026-06-07 00:50:01] [INFO] === PHASE 2A: Message Collection ===
[2026-06-07 00:50:01] [INFO] Phase 2A health check PASSED
[2026-06-07 00:50:01] [INFO] Phase 2A collected memory content (9353 bytes) in 26ms
[2026-06-07 00:50:01] [INFO] Memory collection saved to: memory_20260607_005001.json
[2026-06-07 00:50:01] [INFO] === PHASE 2B: Duplicate Detection ===
[2026-06-07 00:50:01] [INFO] Phase 2B health check PASSED
[2026-06-07 00:50:01] [INFO] Phase 2B processed 1 unique entries, 0 duplicates removed in 31ms
[2026-06-07 00:50:01] [INFO] Duplicate detection result saved to: duplicates_20260607_005001.json
[2026-06-07 00:50:01] [INFO] === PHASE 2C: Trust Score Calculation ===
[2026-06-07 00:50:01] [INFO] Phase 2C health check PASSED
[2026-06-07 00:50:01] [INFO] Phase 2C processed 1 entries in 52ms: 1 accepted, 0 quarantined, 0 rejected
[2026-06-07 00:50:01] [INFO] Trust scores saved to: trust_scores_20260607_005001.json
[2026-06-07 00:50:01] [INFO] === MEMORY.md Auto-Update ===
[2026-06-07 00:50:01] [INFO] Memory backup created: MEMORY_20260607_005001.md.bak
[2026-06-07 00:50:01] [INFO] MEMORY.md updated with 1 new entries
[2026-06-07 00:50:01] [INFO] === Cron Cycle Complete ===
[2026-06-07 00:50:01] [INFO] Cycle duration: 223ms, activities logged: 0
[2026-06-07 00:50:01] [INFO] ╔════════════════════════════════════════════════════════╗
[2026-06-07 00:50:01] [INFO] ║  Cycle Complete — Check logs for details              ║
[2026-06-07 00:50:01] [INFO] ║  Log file: /home/jeepney/.openclaw/workspace-dev/memory/logs/phase2d-cron-20260607.log              ║
[2026-06-07 00:50:01] [INFO] ╚════════════════════════════════════════════════════════╝
[2026-06-07 00:55:01] [INFO] ╔════════════════════════════════════════════════════════╗
[2026-06-07 00:55:01] [INFO] ║  Phase 2D: Cron Integration — Full Cycle              ║
[2026-06-07 00:55:01] [INFO] ║  Start: 2026-06-07 00:55:01 KST                    ║
[2026-06-07 00:55:01] [INFO] ╚════════════════════════════════════════════════════════╝
[2026-06-07 00:55:01] [INFO] === PHASE 2A: Message Collection ===
[2026-06-07 00:55:01] [INFO] Phase 2A health check PASSED
[2026-06-07 00:55:01] [INFO] Phase 2A collected memory content (9353 bytes) in 25ms
[2026-06-07 00:55:01] [INFO] Memory collection saved to: memory_20260607_005501.json
[2026-06-07 00:55:01] [INFO] === PHASE 2B: Duplicate Detection ===
[2026-06-07 00:55:01] [INFO] Phase 2B health check PASSED
[2026-06-07 00:55:01] [INFO] Phase 2B processed 1 unique entries, 0 duplicates removed in 31ms
[2026-06-07 00:55:01] [INFO] Duplicate detection result saved to: duplicates_20260607_005501.json
[2026-06-07 00:55:01] [INFO] === PHASE 2C: Trust Score Calculation ===
[2026-06-07 00:55:01] [INFO] Phase 2C health check PASSED
[2026-06-07 00:55:01] [INFO] Phase 2C processed 1 entries in 56ms: 1 accepted, 0 quarantined, 0 rejected
[2026-06-07 00:55:01] [INFO] Trust scores saved to: trust_scores_20260607_005501.json
[2026-06-07 00:55:01] [INFO] === MEMORY.md Auto-Update ===
[2026-06-07 00:55:01] [INFO] Memory backup created: MEMORY_20260607_005501.md.bak
[2026-06-07 00:55:01] [INFO] MEMORY.md updated with 1 new entries
[2026-06-07 00:55:01] [INFO] === Cron Cycle Complete ===
[2026-06-07 00:55:01] [INFO] Cycle duration: 223ms, activities logged: 0
[2026-06-07 00:55:01] [INFO] ╔════════════════════════════════════════════════════════╗
[2026-06-07 00:55:01] [INFO] ║  Cycle Complete — Check logs for details              ║
[2026-06-07 00:55:01] [INFO] ║  Log file: /home/jeepney/.openclaw/workspace-dev/memory/logs/phase2d-cron-20260607.log              ║
[2026-06-07 00:55:01] [INFO] ╚════════════════════════════════════════════════════════╝
[2026-06-07 01:00:01] [INFO] ╔════════════════════════════════════════════════════════╗
[2026-06-07 01:00:01] [INFO] ║  Phase 2D: Cron Integration — Full Cycle              ║
[2026-06-07 01:00:01] [INFO] ║  Start: 2026-06-07 01:00:01 KST                    ║
[2026-06-07 01:00:01] [INFO] ╚════════════════════════════════════════════════════════╝
[2026-06-07 01:00:01] [INFO] === PHASE 2A: Message Collection ===
[2026-06-07 01:00:01] [INFO] Phase 2A health check PASSED
[2026-06-07 01:00:01] [INFO] Phase 2A collected memory content (9353 bytes) in 36ms
[2026-06-07 01:00:01] [INFO] Memory collection saved to: memory_20260607_010001.json
[2026-06-07 01:00:01] [INFO] === PHASE 2B: Duplicate Detection ===
[2026-06-07 01:00:01] [INFO] Phase 2B health check PASSED
[2026-06-07 01:00:01] [INFO] Phase 2B processed 1 unique entries, 0 duplicates removed in 30ms
[2026-06-07 01:00:01] [INFO] Duplicate detection result saved to: duplicates_20260607_010001.json
[2026-06-07 01:00:01] [INFO] === PHASE 2C: Trust Score Calculation ===
[2026-06-07 01:00:01] [INFO] Phase 2C health check PASSED
[2026-06-07 01:00:01] [INFO] Phase 2C processed 1 entries in 54ms: 1 accepted, 0 quarantined, 0 rejected
[2026-06-07 01:00:01] [INFO] Trust scores saved to: trust_scores_20260607_010001.json
[2026-06-07 01:00:01] [INFO] === MEMORY.md Auto-Update ===
[2026-06-07 01:00:01] [INFO] Memory backup created: MEMORY_20260607_010001.md.bak
[2026-06-07 01:00:01] [INFO] MEMORY.md updated with 1 new entries
[2026-06-07 01:00:01] [INFO] === Cron Cycle Complete ===
[2026-06-07 01:00:01] [INFO] Cycle duration: 256ms, activities logged: 0
[2026-06-07 01:00:01] [INFO] ╔════════════════════════════════════════════════════════╗
[2026-06-07 01:00:01] [INFO] ║  Cycle Complete — Check logs for details              ║
[2026-06-07 01:00:01] [INFO] ║  Log file: /home/jeepney/.openclaw/workspace-dev/memory/logs/phase2d-cron-20260607.log              ║
[2026-06-07 01:00:01] [INFO] ╚════════════════════════════════════════════════════════╝
[2026-06-07 01:05:02] [INFO] ╔════════════════════════════════════════════════════════╗
[2026-06-07 01:05:02] [INFO] ║  Phase 2D: Cron Integration — Full Cycle              ║
[2026-06-07 01:05:02] [INFO] ║  Start: 2026-06-07 01:05:02 KST                    ║
[2026-06-07 01:05:02] [INFO] ╚════════════════════════════════════════════════════════╝
[2026-06-07 01:05:02] [INFO] === PHASE 2A: Message Collection ===
[2026-06-07 01:05:02] [INFO] Phase 2A health check PASSED
[2026-06-07 01:05:02] [INFO] Phase 2A collected memory content (9353 bytes) in 25ms
[2026-06-07 01:05:02] [INFO] Memory collection saved to: memory_20260607_010502.json
[2026-06-07 01:05:02] [INFO] === PHASE 2B: Duplicate Detection ===
[2026-06-07 01:05:02] [INFO] Phase 2B health check PASSED
[2026-06-07 01:05:02] [INFO] Phase 2B processed 1 unique entries, 0 duplicates removed in 29ms
[2026-06-07 01:05:02] [INFO] Duplicate detection result saved to: duplicates_20260607_010502.json
[2026-06-07 01:05:02] [INFO] === PHASE 2C: Trust Score Calculation ===
[2026-06-07 01:05:02] [INFO] Phase 2C health check PASSED
[2026-06-07 01:05:02] [INFO] Phase 2C processed 1 entries in 55ms: 1 accepted, 0 quarantined, 0 rejected
[2026-06-07 01:05:02] [INFO] Trust scores saved to: trust_scores_20260607_010502.json
[2026-06-07 01:05:02] [INFO] === MEMORY.md Auto-Update ===
[2026-06-07 01:05:02] [INFO] Memory backup created: MEMORY_20260607_010502.md.bak
[2026-06-07 01:05:02] [INFO] MEMORY.md updated with 1 new entries
[2026-06-07 01:05:02] [INFO] === Cron Cycle Complete ===
[2026-06-07 01:05:02] [INFO] Cycle duration: 217ms, activities logged: 0
[2026-06-07 01:05:02] [INFO] ╔════════════════════════════════════════════════════════╗
[2026-06-07 01:05:02] [INFO] ║  Cycle Complete — Check logs for details              ║
[2026-06-07 01:05:02] [INFO] ║  Log file: /home/jeepney/.openclaw/workspace-dev/memory/logs/phase2d-cron-20260607.log              ║
[2026-06-07 01:05:02] [INFO] ╚════════════════════════════════════════════════════════╝
[2026-06-07 01:10:01] [INFO] ╔════════════════════════════════════════════════════════╗
[2026-06-07 01:10:01] [INFO] ║  Phase 2D: Cron Integration — Full Cycle              ║
[2026-06-07 01:10:01] [INFO] ║  Start: 2026-06-07 01:10:01 KST                    ║
[2026-06-07 01:10:01] [INFO] ╚════════════════════════════════════════════════════════╝
[2026-06-07 01:10:01] [INFO] === PHASE 2A: Message Collection ===
[2026-06-07 01:10:01] [INFO] Phase 2A health check PASSED
[2026-06-07 01:10:01] [INFO] Phase 2A collected memory content (9353 bytes) in 30ms
[2026-06-07 01:10:01] [INFO] Memory collection saved to: memory_20260607_011001.json
[2026-06-07 01:10:01] [INFO] === PHASE 2B: Duplicate Detection ===
[2026-06-07 01:10:01] [INFO] Phase 2B health check PASSED
[2026-06-07 01:10:01] [INFO] Phase 2B processed 1 unique entries, 0 duplicates removed in 30ms
[2026-06-07 01:10:01] [INFO] Duplicate detection result saved to: duplicates_20260607_011001.json
[2026-06-07 01:10:01] [INFO] === PHASE 2C: Trust Score Calculation ===
[2026-06-07 01:10:01] [INFO] Phase 2C health check PASSED
[2026-06-07 01:10:01] [INFO] Phase 2C processed 1 entries in 54ms: 1 accepted, 0 quarantined, 0 rejected
[2026-06-07 01:10:01] [INFO] Trust scores saved to: trust_scores_20260607_011001.json
[2026-06-07 01:10:01] [INFO] === MEMORY.md Auto-Update ===
[2026-06-07 01:10:01] [INFO] Memory backup created: MEMORY_20260607_011001.md.bak
[2026-06-07 01:10:01] [INFO] MEMORY.md updated with 1 new entries
[2026-06-07 01:10:01] [INFO] === Cron Cycle Complete ===
[2026-06-07 01:10:01] [INFO] Cycle duration: 247ms, activities logged: 0
[2026-06-07 01:10:01] [INFO] ╔════════════════════════════════════════════════════════╗
[2026-06-07 01:10:01] [INFO] ║  Cycle Complete — Check logs for details              ║
[2026-06-07 01:10:01] [INFO] ║  Log file: /home/jeepney/.openclaw/workspace-dev/memory/logs/phase2d-cron-20260607.log              ║
[2026-06-07 01:10:01] [INFO] ╚════════════════════════════════════════════════════════╝
