[2026-05-31 18:11:06] 🟢 Phase 2F Stability Monitoring STARTED
[2026-05-31 18:11:06] Duration: 4 hours (14400 seconds)
[2026-05-31 18:11:06] Checkpoint Interval: 600s
[2026-05-31 18:11:06] === CHECKPOINT #0 (0m elapsed) ===
[2026-05-31 18:11:06] Phase 2A Health: ✅
[2026-05-31 18:11:06] Phase 2B Health: ✅
[2026-05-31 18:11:06] Phase 2C Health: ✅
[2026-05-31 18:11:06] Process 282809 (Phase 2X): CPU=0.0%, MEM=61MB
[2026-05-31 18:11:06] Process 293995 (Phase 2X): CPU=0.0%, MEM=1MB
[2026-05-31 18:11:06] Process 293996 (Phase 2X): CPU=0.0%, MEM=59MB
[2026-05-31 18:11:06] Disk Usage: 4%
[2026-05-31 18:21:06] === CHECKPOINT #1 (10m elapsed) ===
[2026-05-31 18:21:06] Phase 2A Health: ✅
[2026-05-31 18:21:06] Phase 2B Health: ✅
[2026-05-31 18:21:06] Phase 2C Health: ✅
[2026-05-31 18:21:06] Process 282809 (Phase 2X): CPU=0.0%, MEM=69MB
[2026-05-31 18:21:06] Process 293995 (Phase 2X): CPU=0.0%, MEM=1MB
[2026-05-31 18:21:06] Process 293996 (Phase 2X): CPU=0.0%, MEM=61MB
[2026-05-31 18:21:06] Disk Usage: 4%
[2026-05-31 18:31:06] === CHECKPOINT #2 (20m elapsed) ===
[2026-05-31 18:31:06] Phase 2A Health: ✅
[2026-05-31 18:31:06] Phase 2B Health: ✅
[2026-05-31 18:31:06] Phase 2C Health: ✅
[2026-05-31 18:31:06] Process 282809 (Phase 2X): CPU=0.0%, MEM=70MB
[2026-05-31 18:31:06] Process 297920 (Phase 2X): CPU=0.0%, MEM=1MB
[2026-05-31 18:31:06] Process 297922 (Phase 2X): CPU=0.0%, MEM=61MB
[2026-05-31 18:31:06] Disk Usage: 4%
[2026-05-31 18:41:06] === CHECKPOINT #3 (30m elapsed) ===
[2026-05-31 18:41:06] Phase 2A Health: ✅
[2026-05-31 18:41:06] Phase 2B Health: ✅
[2026-05-31 18:41:06] Phase 2C Health: ✅
[2026-05-31 18:41:06] Process 282809 (Phase 2X): CPU=0.0%, MEM=70MB
[2026-05-31 18:41:06] Process 297920 (Phase 2X): CPU=0.0%, MEM=1MB
[2026-05-31 18:41:06] Process 297922 (Phase 2X): CPU=0.0%, MEM=62MB
[2026-05-31 18:41:06] Disk Usage: 4%
[2026-05-31 18:51:06] === CHECKPOINT #4 (40m elapsed) ===
[2026-05-31 18:51:06] Phase 2A Health: ✅
[2026-05-31 18:51:06] Phase 2B Health: ✅
[2026-05-31 18:51:06] Phase 2C Health: ✅
[2026-05-31 18:51:06] Process 282809 (Phase 2X): CPU=0.0%, MEM=70MB
[2026-05-31 18:51:06] Process 297920 (Phase 2X): CPU=0.0%, MEM=1MB
[2026-05-31 18:51:07] Process 297922 (Phase 2X): CPU=0.0%, MEM=62MB
[2026-05-31 18:51:07] Disk Usage: 4%
[2026-05-31 19:01:07] === CHECKPOINT #5 (50m elapsed) ===
[2026-05-31 19:01:07] Phase 2A Health: ✅
[2026-05-31 19:01:07] Phase 2B Health: ✅
[2026-05-31 19:01:07] Phase 2C Health: ✅
[2026-05-31 19:01:07] Process 282809 (Phase 2X): CPU=0.0%, MEM=71MB
[2026-05-31 19:01:07] Process 297920 (Phase 2X): CPU=0.0%, MEM=1MB
[2026-05-31 19:01:07] Process 297922 (Phase 2X): CPU=0.0%, MEM=63MB
[2026-05-31 19:01:07] Disk Usage: 4%
[2026-05-31 19:11:07] === CHECKPOINT #6 (60m elapsed) ===
[2026-05-31 19:11:07] Phase 2A Health: ✅
[2026-05-31 19:11:07] Phase 2B Health: ✅
[2026-05-31 19:11:07] Phase 2C Health: ✅
[2026-05-31 19:11:07] Process 282809 (Phase 2X): CPU=0.0%, MEM=72MB
[2026-05-31 19:11:07] Process 297920 (Phase 2X): CPU=0.0%, MEM=1MB
[2026-05-31 19:11:07] Process 297922 (Phase 2X): CPU=0.0%, MEM=65MB
[2026-05-31 19:11:07] Disk Usage: 4%
[2026-05-31 19:21:07] === CHECKPOINT #7 (70m elapsed) ===
[2026-05-31 19:21:07] Phase 2A Health: ✅
[2026-05-31 19:21:07] Phase 2B Health: ✅
[2026-05-31 19:21:07] Phase 2C Health: ✅
[2026-05-31 19:21:07] Process 282809 (Phase 2X): CPU=0.0%, MEM=72MB
[2026-05-31 19:21:07] Process 297920 (Phase 2X): CPU=0.0%, MEM=1MB
[2026-05-31 19:21:07] Process 297922 (Phase 2X): CPU=0.0%, MEM=65MB
[2026-05-31 19:21:07] Disk Usage: 4%
[2026-05-31 19:31:07] === CHECKPOINT #8 (80m elapsed) ===
[2026-05-31 19:31:07] Phase 2A Health: ✅
[2026-05-31 19:31:07] Phase 2B Health: ✅
[2026-05-31 19:31:07] Phase 2C Health: ✅
[2026-05-31 19:31:07] Process 282809 (Phase 2X): CPU=0.0%, MEM=73MB
[2026-05-31 19:31:07] Process 297920 (Phase 2X): CPU=0.0%, MEM=1MB
[2026-05-31 19:31:07] Process 297922 (Phase 2X): CPU=0.0%, MEM=66MB
[2026-05-31 19:31:07] Disk Usage: 4%
[2026-05-31 19:41:07] === CHECKPOINT #9 (90m elapsed) ===
[2026-05-31 19:41:07] Phase 2A Health: ✅
[2026-05-31 19:41:07] Phase 2B Health: ✅
[2026-05-31 19:41:07] Phase 2C Health: ✅
[2026-05-31 19:41:07] Process 282809 (Phase 2X): CPU=0.0%, MEM=73MB
[2026-05-31 19:41:07] Process 297920 (Phase 2X): CPU=0.0%, MEM=1MB
[2026-05-31 19:41:07] Process 297922 (Phase 2X): CPU=0.0%, MEM=67MB
[2026-05-31 19:41:07] Disk Usage: 4%
[2026-05-31 19:51:07] === CHECKPOINT #10 (100m elapsed) ===
[2026-05-31 19:51:07] Phase 2A Health: ✅
[2026-05-31 19:51:07] Phase 2B Health: ✅
[2026-05-31 19:51:07] Phase 2C Health: ✅
[2026-05-31 19:51:07] Process 282809 (Phase 2X): CPU=0.0%, MEM=73MB
[2026-05-31 19:51:07] Process 297920 (Phase 2X): CPU=0.0%, MEM=1MB
[2026-05-31 19:51:07] Process 297922 (Phase 2X): CPU=0.0%, MEM=67MB
[2026-05-31 19:51:07] Disk Usage: 4%
[2026-05-31 20:01:07] === CHECKPOINT #11 (110m elapsed) ===
[2026-05-31 20:01:07] Phase 2A Health: ✅
[2026-05-31 20:01:07] Phase 2B Health: ✅
[2026-05-31 20:01:07] Phase 2C Health: ✅
[2026-05-31 20:01:07] Process 282809 (Phase 2X): CPU=0.0%, MEM=73MB
[2026-05-31 20:01:07] Process 297920 (Phase 2X): CPU=0.0%, MEM=1MB
[2026-05-31 20:01:07] Process 297922 (Phase 2X): CPU=0.0%, MEM=68MB
[2026-05-31 20:01:07] Disk Usage: 4%
[2026-05-31 20:11:07] === CHECKPOINT #12 (120m elapsed) ===
[2026-05-31 20:11:07] Phase 2A Health: ✅
[2026-05-31 20:11:07] Phase 2B Health: ✅
[2026-05-31 20:11:07] Phase 2C Health: ✅
[2026-05-31 20:11:07] Process 282809 (Phase 2X): CPU=0.0%, MEM=73MB
[2026-05-31 20:11:07] Process 297920 (Phase 2X): CPU=0.0%, MEM=1MB
[2026-05-31 20:11:07] Process 297922 (Phase 2X): CPU=0.0%, MEM=69MB
[2026-05-31 20:11:07] Disk Usage: 4%
[2026-05-31 20:21:07] === CHECKPOINT #13 (130m elapsed) ===
[2026-05-31 20:21:07] Phase 2A Health: ✅
[2026-05-31 20:21:07] Phase 2B Health: ✅
[2026-05-31 20:21:07] Phase 2C Health: ✅
[2026-05-31 20:21:07] Process 282809 (Phase 2X): CPU=0.0%, MEM=73MB
[2026-05-31 20:21:07] Process 297920 (Phase 2X): CPU=0.0%, MEM=1MB
[2026-05-31 20:21:07] Process 297922 (Phase 2X): CPU=0.0%, MEM=69MB
[2026-05-31 20:21:07] Disk Usage: 4%
[2026-05-31 20:31:07] === CHECKPOINT #14 (140m elapsed) ===
[2026-05-31 20:31:07] Phase 2A Health: ✅
[2026-05-31 20:31:08] Phase 2B Health: ✅
[2026-05-31 20:31:08] Phase 2C Health: ✅
[2026-05-31 20:31:08] Process 282809 (Phase 2X): CPU=0.0%, MEM=73MB
[2026-05-31 20:31:08] Process 297920 (Phase 2X): CPU=0.0%, MEM=1MB
[2026-05-31 20:31:08] Process 297922 (Phase 2X): CPU=0.0%, MEM=69MB
[2026-05-31 20:31:08] Disk Usage: 4%
[2026-05-31 20:41:08] === CHECKPOINT #15 (150m elapsed) ===
[2026-05-31 20:41:08] Phase 2A Health: ✅
[2026-05-31 20:41:08] Phase 2B Health: ✅
[2026-05-31 20:41:08] Phase 2C Health: ✅
[2026-05-31 20:41:08] Process 282809 (Phase 2X): CPU=0.0%, MEM=73MB
[2026-05-31 20:41:08] Process 297920 (Phase 2X): CPU=0.0%, MEM=1MB
[2026-05-31 20:41:08] Process 297922 (Phase 2X): CPU=0.0%, MEM=70MB
[2026-05-31 20:41:08] Disk Usage: 4%
[2026-05-31 20:51:08] === CHECKPOINT #16 (160m elapsed) ===
[2026-05-31 20:51:08] Phase 2A Health: ✅
[2026-05-31 20:51:08] Phase 2B Health: ✅
[2026-05-31 20:51:08] Phase 2C Health: ✅
[2026-05-31 20:51:08] Process 282809 (Phase 2X): CPU=0.0%, MEM=73MB
[2026-05-31 20:51:08] Process 297920 (Phase 2X): CPU=0.0%, MEM=1MB
[2026-05-31 20:51:08] Process 297922 (Phase 2X): CPU=0.0%, MEM=70MB
[2026-05-31 20:51:08] Disk Usage: 4%
[2026-05-31 21:01:08] === CHECKPOINT #17 (170m elapsed) ===
[2026-05-31 21:01:08] Phase 2A Health: ✅
[2026-05-31 21:01:08] Phase 2B Health: ✅
[2026-05-31 21:01:08] Phase 2C Health: ✅
[2026-05-31 21:01:08] Process 282809 (Phase 2X): CPU=0.0%, MEM=74MB
[2026-05-31 21:01:08] Process 297920 (Phase 2X): CPU=0.0%, MEM=1MB
[2026-05-31 21:01:08] Process 297922 (Phase 2X): CPU=0.0%, MEM=70MB
[2026-05-31 21:01:08] Disk Usage: 4%
[2026-05-31 21:11:08] === CHECKPOINT #18 (180m elapsed) ===
[2026-05-31 21:11:08] Phase 2A Health: ✅
[2026-05-31 21:11:08] Phase 2B Health: ✅
[2026-05-31 21:11:08] Phase 2C Health: ✅
[2026-05-31 21:11:08] Process 282809 (Phase 2X): CPU=0.0%, MEM=74MB
[2026-05-31 21:11:08] Process 297920 (Phase 2X): CPU=0.0%, MEM=1MB
[2026-05-31 21:11:08] Process 297922 (Phase 2X): CPU=0.0%, MEM=70MB
[2026-05-31 21:11:08] Disk Usage: 4%
[2026-05-31 21:21:08] === CHECKPOINT #19 (190m elapsed) ===
[2026-05-31 21:21:08] Phase 2A Health: ✅
[2026-05-31 21:21:08] Phase 2B Health: ✅
[2026-05-31 21:21:08] Phase 2C Health: ✅
[2026-05-31 21:21:08] Process 282809 (Phase 2X): CPU=0.0%, MEM=74MB
[2026-05-31 21:21:08] Process 297920 (Phase 2X): CPU=0.0%, MEM=1MB
[2026-05-31 21:21:08] Process 297922 (Phase 2X): CPU=0.0%, MEM=70MB
[2026-05-31 21:21:08] Disk Usage: 4%
[2026-05-31 21:31:08] === CHECKPOINT #20 (200m elapsed) ===
[2026-05-31 21:31:08] Phase 2A Health: ✅
[2026-05-31 21:31:08] Phase 2B Health: ✅
[2026-05-31 21:31:08] Phase 2C Health: ✅
[2026-05-31 21:31:08] Process 282809 (Phase 2X): CPU=0.0%, MEM=75MB
[2026-05-31 21:31:08] Process 297920 (Phase 2X): CPU=0.0%, MEM=1MB
[2026-05-31 21:31:08] Process 297922 (Phase 2X): CPU=0.0%, MEM=70MB
[2026-05-31 21:31:08] Disk Usage: 4%
[2026-05-31 21:41:08] === CHECKPOINT #21 (210m elapsed) ===
[2026-05-31 21:41:08] Phase 2A Health: ✅
[2026-05-31 21:41:08] Phase 2B Health: ✅
[2026-05-31 21:41:08] Phase 2C Health: ✅
[2026-05-31 21:41:08] Process 282809 (Phase 2X): CPU=0.0%, MEM=76MB
[2026-05-31 21:41:08] Process 297920 (Phase 2X): CPU=0.0%, MEM=1MB
[2026-05-31 21:41:08] Process 297922 (Phase 2X): CPU=0.0%, MEM=70MB
[2026-05-31 21:41:08] Disk Usage: 4%
