[2026-05-31 12:38:35 KST] === Health Check ===
[2026-05-31 12:38:35 KST] ✅ Phase 2A: ready
[2026-05-31 12:38:35 KST] ✅ Phase 2B: ready
[2026-05-31 12:38:35 KST] Disk: 4% | Memory: 1.9Gi/15Gi
[2026-05-31 12:38:35 KST] 
[2026-05-31 12:38:35 KST] Next check scheduled at 13:08:35 KST

[2026-05-31 13:00:35 KST] === Health Check (30min Cycle) ===
[2026-05-31 13:00:35 KST] ✅ Phase 2A: ready
[2026-05-31 13:00:35 KST] ✅ Phase 2B: ready
[2026-05-31 13:00:35 KST] Disk: 4% | Memory: 1.8Gi/15Gi
[2026-05-31 13:00:35 KST] Timeline: 3h 59m until Pre-Deployment Verification (17:00 KST)
[2026-05-31 13:00:35 KST] 
[2026-05-31 13:00:35 KST] Next check scheduled at 13:30:35 KST
[2026-05-31 13:08:36 KST] === Health Check ===
[2026-05-31 13:08:36 KST] ✅ Phase 2A: ready
[2026-05-31 13:08:36 KST] ✅ Phase 2B: ready
[2026-05-31 13:08:36 KST] Disk: 4% | Memory: 2.1Gi/15Gi
[2026-05-31 13:08:36 KST] 
[2026-05-31 13:08:36 KST] Next check scheduled at 13:38:36 KST
[2026-05-31 13:38:37 KST] === Health Check ===
[2026-05-31 13:38:37 KST] ✅ Phase 2A: ready
[2026-05-31 13:38:37 KST] ✅ Phase 2B: ready
[2026-05-31 13:38:37 KST] Disk: 4% | Memory: 2.1Gi/15Gi
[2026-05-31 13:38:37 KST] 
[2026-05-31 13:38:37 KST] Next check scheduled at 14:08:37 KST
[2026-05-31 14:08:38 KST] === Health Check ===
[2026-05-31 14:08:38 KST] ✅ Phase 2A: ready
[2026-05-31 14:08:38 KST] ✅ Phase 2B: ready
[2026-05-31 14:08:38 KST] Disk: 4% | Memory: 2.8Gi/15Gi
[2026-05-31 14:08:38 KST] 
[2026-05-31 14:08:38 KST] Next check scheduled at 14:38:38 KST
[2026-05-31 14:38:38 KST] === Health Check ===
[2026-05-31 14:38:38 KST] ✅ Phase 2A: ready
[2026-05-31 14:38:38 KST] ✅ Phase 2B: ready
[2026-05-31 14:38:38 KST] Disk: 4% | Memory: 2.0Gi/15Gi
[2026-05-31 14:38:38 KST] 
[2026-05-31 14:38:38 KST] Next check scheduled at 15:08:38 KST
[2026-05-31 15:08:39 KST] === Health Check ===
[2026-05-31 15:08:39 KST] ✅ Phase 2A: ready
[2026-05-31 15:08:39 KST] ✅ Phase 2B: ready
[2026-05-31 15:08:39 KST] Disk: 4% | Memory: 2.6Gi/15Gi
[2026-05-31 15:08:39 KST] 
[2026-05-31 15:08:39 KST] Next check scheduled at 15:38:39 KST
[2026-05-31 15:38:40 KST] === Health Check ===
[2026-05-31 15:38:40 KST] ✅ Phase 2A: ready
[2026-05-31 15:38:40 KST] ✅ Phase 2B: ready
[2026-05-31 15:38:40 KST] Disk: 4% | Memory: 2.0Gi/15Gi
[2026-05-31 15:38:40 KST] 
[2026-05-31 15:38:40 KST] Next check scheduled at 16:08:40 KST

[2026-05-31 18:14:59 KST] === CHECKPOINT #1 ===
[2026-05-31 18:14:59 KST] Phase 2A: ✅ ready
[2026-05-31 18:14:59 KST] Phase 2B: ✅ ready
[2026-05-31 18:14:59 KST] Phase 2C: ✅ ready
[2026-05-31 18:14:59 KST] Resources: Disk 4% | Memory 2.7Gi/15Gi | CPU Load 0.40, 0.28, 0.15
[2026-05-31 18:14:59 KST] Active Phase processes: 7
[2026-05-31 18:14:59 KST] === CHECKPOINT COMPLETE ===
