[2026-05-29 00:20:43] [INFO] ========== Phase 2A Cron Job Start ==========
[2026-05-29 00:20:43] [INFO] Run ID: 1779981643
[2026-05-29 00:20:43] [INFO] Memory Dir: /home/jeepney/.openclaw/workspace-dev/memory
[2026-05-29 00:20:43] [INFO] Step 1: Pre-flight checks passed ✓
[2026-05-29 00:20:43] [INFO] Phase 2A service is running ✓
[2026-05-29 00:20:43] [INFO] Step 2: Service health check passed ✓
[2026-05-29 00:20:43] [INFO] Requesting message collection from Phase 2A...
[2026-05-29 06:16:54] [INFO] ========== Phase 2A Cron Job Start ==========
[2026-05-29 06:16:54] [INFO] Run ID: 1780003014
[2026-05-29 06:16:54] [INFO] Memory Dir: /home/jeepney/.openclaw/workspace-dev/memory
[2026-05-29 06:16:54] [INFO] Step 1: Pre-flight checks passed ✓
[2026-05-29 06:16:54] [INFO] Phase 2A service is running ✓
[2026-05-29 06:16:54] [INFO] Step 2: Service health check passed ✓
[2026-05-29 06:16:54] [INFO] Requesting message collection from Phase 2A...
[2026-05-29 06:20:56] [INFO] ========== Phase 2A Cron Job Start ==========
[2026-05-29 06:20:56] [INFO] Run ID: 1780003256
[2026-05-29 06:20:56] [INFO] Memory Dir: /home/jeepney/.openclaw/workspace-dev/memory
[2026-05-29 06:20:56] [INFO] Collector: /home/jeepney/.openclaw/workspace-dev/memory-automation/phase2a-local-collector.js
[2026-05-29 06:20:56] [INFO] Step 1: Pre-flight checks passed ✓
[2026-05-29 06:20:56] [INFO] Step 2: Running local message collector...
[2026-05-29 06:21:02] [INFO] ========== Phase 2A Cron Job Start ==========
[2026-05-29 06:21:02] [INFO] Run ID: 1780003262
[2026-05-29 06:21:02] [INFO] Memory Dir: /home/jeepney/.openclaw/workspace-dev/memory
[2026-05-29 06:21:02] [INFO] Collector: /home/jeepney/.openclaw/workspace-dev/memory-automation/phase2a-local-collector.js
[2026-05-29 06:21:02] [INFO] Step 1: Pre-flight checks passed ✓
[2026-05-29 06:21:02] [INFO] Step 2: Running local message collector...
[2026-05-29 06:21:07] [INFO] ========== Phase 2A Cron Job Start ==========
[2026-05-29 06:21:07] [INFO] Run ID: 1780003267
[2026-05-29 06:21:07] [INFO] Memory Dir: /home/jeepney/.openclaw/workspace-dev/memory
[2026-05-29 06:21:07] [INFO] Collector: /home/jeepney/.openclaw/workspace-dev/memory-automation/phase2a-local-collector.js
[2026-05-29 06:21:07] [INFO] Step 1: Pre-flight checks passed ✓
[2026-05-29 06:21:07] [INFO] Step 2: Running local message collector...
[2026-05-29 06:21:07] [INFO] ✓ SUCCESS: Local message collection completed
[2026-05-29 06:21:07] [INFO] Step 3: Message collection completed ✓
[2026-05-29 06:21:07] Phase 2A run succeeded
[2026-05-29 06:21:07] [INFO] ========== Phase 2A Cron Job End ==========
[2026-05-29 12:30:55] [INFO] ========== Phase 2A Cron Job Start ==========
[2026-05-29 12:30:55] [INFO] Run ID: 1780025455
[2026-05-29 12:30:55] [INFO] Memory Dir: /home/jeepney/.openclaw/workspace-dev/memory
[2026-05-29 12:30:55] [INFO] Collector: /home/jeepney/.openclaw/workspace-dev/memory-automation/phase2a-local-collector.js
[2026-05-29 12:30:55] [INFO] Step 1: Pre-flight checks passed ✓
[2026-05-29 12:30:55] [INFO] Step 2: Running local message collector...
[2026-05-29 12:30:55] [INFO] ✓ SUCCESS: Local message collection completed
[2026-05-29 12:30:55] [INFO] Step 3: Message collection completed ✓
[2026-05-29 12:30:55] Phase 2A run succeeded
[2026-05-29 12:30:55] [INFO] ========== Phase 2A Cron Job End ==========
[2026-05-29 18:33:25] [INFO] ========== Phase 2A Cron Job Start ==========
[2026-05-29 18:33:25] [INFO] Run ID: 1780047205
[2026-05-29 18:33:25] [INFO] Memory Dir: /home/jeepney/.openclaw/workspace-dev/memory
[2026-05-29 18:33:25] [INFO] Collector: /home/jeepney/.openclaw/workspace-dev/memory-automation/phase2a-local-collector.js
[2026-05-29 18:33:25] [INFO] Step 1: Pre-flight checks passed ✓
[2026-05-29 18:33:25] [INFO] Step 2: Running local message collector...
[2026-05-29 18:33:25] [INFO] ✓ SUCCESS: Local message collection completed
[2026-05-29 18:33:25] [INFO] Step 3: Message collection completed ✓
[2026-05-29 18:33:25] Phase 2A run succeeded
[2026-05-29 18:33:25] [INFO] ========== Phase 2A Cron Job End ==========
