[2026-05-30T01:00:01.279Z] [INFO] ========== Phase 2B Duplicate Detection Start (SIMPLIFIED) ==========
[2026-05-30T01:00:01.282Z] [INFO] Input: /home/jeepney/.openclaw/workspace-dev/memory/messages.jsonl
[2026-05-30T01:00:01.283Z] [INFO] Output: /home/jeepney/.openclaw/workspace-dev/memory/messages_deduplicated.jsonl
[2026-05-30T01:00:01.284Z] [INFO] Step 1: Loading messages...
[2026-05-30T01:00:01.301Z] [INFO] Loaded 364 messages
[2026-05-30T01:00:01.301Z] [INFO] Step 2: Running Layer 1 - Exact Hash Matching...
[2026-05-30T01:00:01.301Z] [INFO] Layer 1: 363 unique, 1 exact duplicates
[2026-05-30T01:00:01.301Z] [INFO] Step 3: Running Layer 2 - Prefix Matching...
[2026-05-30T01:00:01.306Z] [INFO] Layer 2: 345 unique, 18 prefix duplicates
[2026-05-30T01:00:01.306Z] [INFO] Step 4: Saving deduplicated messages...
[2026-05-30T01:00:01.319Z] [INFO] ✓ Saved 345 deduplicated messages to /home/jeepney/.openclaw/workspace-dev/memory/messages_deduplicated.jsonl
[2026-05-30T01:00:01.320Z] [INFO] ✓ Metadata saved to /home/jeepney/.openclaw/workspace-dev/memory/dedup_metadata.json
[2026-05-30T01:00:01.320Z] [INFO] Final: 345 unique messages (5.2% reduction)
[2026-05-30T01:00:01.320Z] [INFO] Total runtime: 28ms
[2026-05-30T01:00:01.320Z] [INFO] ========== Phase 2B Duplicate Detection Complete ==========
[2026-05-30T02:12:55.349Z] [INFO] ========== Phase 2B Duplicate Detection Start (SIMPLIFIED) ==========
[2026-05-30T02:12:55.351Z] [INFO] Input: /home/jeepney/.openclaw/workspace-dev/memory/messages.jsonl
[2026-05-30T02:12:55.351Z] [INFO] Output: /home/jeepney/.openclaw/workspace-dev/memory/messages_deduplicated.jsonl
[2026-05-30T02:12:55.351Z] [INFO] Step 1: Loading messages...
[2026-05-30T02:12:55.371Z] [INFO] Loaded 387 messages
[2026-05-30T02:12:55.371Z] [INFO] Step 2: Running Layer 1 - Exact Hash Matching...
[2026-05-30T02:12:55.371Z] [INFO] Layer 1: 386 unique, 1 exact duplicates
[2026-05-30T02:12:55.371Z] [INFO] Step 3: Running Layer 2 - Prefix Matching...
[2026-05-30T02:12:55.376Z] [INFO] Layer 2: 365 unique, 21 prefix duplicates
[2026-05-30T02:12:55.376Z] [INFO] Step 4: Saving deduplicated messages...
[2026-05-30T02:12:55.388Z] [INFO] ✓ Saved 365 deduplicated messages to /home/jeepney/.openclaw/workspace-dev/memory/messages_deduplicated.jsonl
[2026-05-30T02:12:55.389Z] [INFO] ✓ Metadata saved to /home/jeepney/.openclaw/workspace-dev/memory/dedup_metadata.json
[2026-05-30T02:12:55.389Z] [INFO] Final: 365 unique messages (5.7% reduction)
[2026-05-30T02:12:55.389Z] [INFO] Total runtime: 27ms
[2026-05-30T02:12:55.389Z] [INFO] ========== Phase 2B Duplicate Detection Complete ==========
[2026-05-30T05:00:01.964Z] [INFO] ========== Phase 2B Duplicate Detection Start (SIMPLIFIED) ==========
[2026-05-30T05:00:01.967Z] [INFO] Input: /home/jeepney/.openclaw/workspace-dev/memory/messages.jsonl
[2026-05-30T05:00:01.967Z] [INFO] Output: /home/jeepney/.openclaw/workspace-dev/memory/messages_deduplicated.jsonl
[2026-05-30T05:00:01.968Z] [INFO] Step 1: Loading messages...
[2026-05-30T05:00:01.988Z] [INFO] Loaded 390 messages
[2026-05-30T05:00:01.989Z] [INFO] Step 2: Running Layer 1 - Exact Hash Matching...
[2026-05-30T05:00:01.989Z] [INFO] Layer 1: 389 unique, 1 exact duplicates
[2026-05-30T05:00:01.989Z] [INFO] Step 3: Running Layer 2 - Prefix Matching...
[2026-05-30T05:00:01.993Z] [INFO] Layer 2: 366 unique, 23 prefix duplicates
[2026-05-30T05:00:01.993Z] [INFO] Step 4: Saving deduplicated messages...
[2026-05-30T05:00:02.007Z] [INFO] ✓ Saved 366 deduplicated messages to /home/jeepney/.openclaw/workspace-dev/memory/messages_deduplicated.jsonl
[2026-05-30T05:00:02.007Z] [INFO] ✓ Metadata saved to /home/jeepney/.openclaw/workspace-dev/memory/dedup_metadata.json
[2026-05-30T05:00:02.008Z] [INFO] Final: 366 unique messages (6.2% reduction)
[2026-05-30T05:00:02.008Z] [INFO] Total runtime: 30ms
[2026-05-30T05:00:02.008Z] [INFO] ========== Phase 2B Duplicate Detection Complete ==========
