[2026-05-28 00:01:42] [INFO] ========== Phase 2A Cron Job Start ==========
[2026-05-28 00:01:42] [INFO] Run ID: 1779894102
[2026-05-28 00:01:42] [INFO] Memory Dir: /home/jeepney/.openclaw/workspace-dev/memory
[2026-05-28 00:01:42] [INFO] Step 1: Pre-flight checks passed ✓
[2026-05-28 00:01:42] [INFO] Phase 2A service is running ✓
[2026-05-28 00:01:42] [INFO] Step 2: Service health check passed ✓
[2026-05-28 00:01:42] [INFO] Requesting message collection from Phase 2A...
[2026-05-28 00:01:44] [INFO] ========== Phase 2A Cron Job Start ==========
[2026-05-28 00:01:44] [INFO] Run ID: 1779894104
[2026-05-28 00:01:44] [INFO] Memory Dir: /home/jeepney/.openclaw/workspace-dev/memory
[2026-05-28 00:01:44] [INFO] Step 1: Pre-flight checks passed ✓
[2026-05-28 00:01:44] [INFO] Phase 2A service is running ✓
[2026-05-28 00:01:44] [INFO] Step 2: Service health check passed ✓
[2026-05-28 00:01:44] [INFO] Requesting message collection from Phase 2A...
[2026-05-28 00:01:54] [INFO] ========== Phase 2A Cron Job Start ==========
[2026-05-28 00:01:54] [INFO] Run ID: 1779894114
[2026-05-28 00:01:54] [INFO] Memory Dir: /home/jeepney/.openclaw/workspace-dev/memory
[2026-05-28 00:01:54] [INFO] Step 1: Pre-flight checks passed ✓
[2026-05-28 00:01:54] [INFO] Phase 2A service is running ✓
[2026-05-28 00:01:54] [INFO] Step 2: Service health check passed ✓
[2026-05-28 00:01:54] [INFO] Requesting message collection from Phase 2A...
[2026-05-28 00:02:33] [INFO] ========== Phase 2A Cron Job Start ==========
[2026-05-28 00:02:33] [INFO] Run ID: 1779894153
[2026-05-28 00:02:33] [INFO] Memory Dir: /home/jeepney/.openclaw/workspace-dev/memory
[2026-05-28 00:02:33] [INFO] Step 1: Pre-flight checks passed ✓
[2026-05-28 00:02:33] [INFO] Phase 2A service is running ✓
[2026-05-28 00:02:33] [INFO] Step 2: Service health check passed ✓
[2026-05-28 00:02:33] [INFO] Requesting message collection from Phase 2A...
[2026-05-28 00:02:38] [INFO] ========== Phase 2A Cron Job Start ==========
[2026-05-28 00:02:38] [INFO] Run ID: 1779894158
[2026-05-28 00:02:38] [INFO] Memory Dir: /home/jeepney/.openclaw/workspace-dev/memory
[2026-05-28 00:02:38] [INFO] Step 1: Pre-flight checks passed ✓
[2026-05-28 00:02:38] [INFO] Phase 2A service is running ✓
[2026-05-28 00:02:38] [INFO] Step 2: Service health check passed ✓
[2026-05-28 00:02:38] [INFO] Requesting message collection from Phase 2A...
[2026-05-28 12:04:36] [INFO] ========== Phase 2A Cron Job Start ==========
[2026-05-28 12:04:36] [INFO] Run ID: 1779937476
[2026-05-28 12:04:36] [INFO] Memory Dir: /home/jeepney/.openclaw/workspace-dev/memory
[2026-05-28 12:04:36] [INFO] Step 1: Pre-flight checks passed ✓
[2026-05-28 12:04:36] [INFO] Phase 2A service is running ✓
[2026-05-28 12:04:36] [INFO] Step 2: Service health check passed ✓
[2026-05-28 12:04:36] [INFO] Requesting message collection from Phase 2A...
