╔════════════════════════════════════════════════════════════════╗
║   PHASE 2F GATE SEQUENCE — MASTER ORCHESTRATION                ║
║   21-Hour Deployment Window (18:00 KST → 09:00 KST+1)          ║
╚════════════════════════════════════════════════════════════════╝

Timestamp: 2026-05-31 18:40:18 KST


═══════════════════════════════════════════════════════════════
GATE SEQUENCE TIMELINE
═══════════════════════════════════════════════════════════════

Phase 1: Smoke Tests (Phase 1 Finalization)       18:40-19:30 KST
Phase 2: Monitoring Setup                         19:30-21:00 KST
Phase 3: Alert Routing Setup                      21:00-21:30 KST
Phase 4: Full System Validation                   21:30-22:00 KST
Phase 5: 8-Hour Stability Test                    22:00-06:00 KST (next day)
Phase 6: Baseline Collection                      06:00-08:00 KST (next day)
Phase 7: Final Validation (Sign-Off)              08:00-09:00 KST (next day)

═══════════════════════════════════════════════════════════════

Phase 1 Execution Status:
  ✅ Already executed at [2026-05-31 18:30:38] === PHASE 2F GATE SEQUENCE - PHASE 1 FINALIZATION (SMOKE TESTS) ===

╔════════════════════════════════════════════════════════════════╗
║ PHASE 1: Monitoring Setup
║ Window: 19:30-21:00 KST
╚════════════════════════════════════════════════════════════════╝

Starting at: 2026-05-31 18:40:18 KST

[2026-05-31 18:40:18] === PHASE 2F GATE - MONITORING SETUP ===
[2026-05-31 18:40:18] Target: Deploy dashboard + alert rules (19:30-21:00 KST)

[2026-05-31 18:40:18] Starting monitoring setup...

[2026-05-31 18:40:18] Creating real-time monitoring dashboard...
✅ Dashboard created: /home/jeepney/.openclaw/workspace-dev/memory/logs/phase2f-dashboard.json
[2026-05-31 18:40:18] Creating alert rules...
✅ Alert rules created: /home/jeepney/.openclaw/workspace-dev/memory-automation/PHASE2F_ALERT_CONFIG.json
[2026-05-31 18:40:18] Creating health check script...
✅ Health check script created
[2026-05-31 18:40:18] Setting up monitoring cron job...
✅ Monitoring cron job registered (every minute)

========== MONITORING SETUP COMPLETE ==========

Deployed components:
  ✅ Real-time dashboard: /home/jeepney/.openclaw/workspace-dev/memory/logs/phase2f-dashboard.json
  ✅ Alert rules: /home/jeepney/.openclaw/workspace-dev/memory-automation/PHASE2F_ALERT_CONFIG.json
  ✅ Health check script: /home/jeepney/.openclaw/workspace-dev/memory-automation/phase2f-health-check.sh
  ✅ Monitoring cron: Every minute (phase2f-monitor-cron.sh)

Next phase (20:00):
  Alert Routing Setup — Slack/Discord integration


✅ PHASE 1 PASSED at 2026-05-31 18:40:18 KST

╔════════════════════════════════════════════════════════════════╗
║ PHASE 2: Alert Routing Setup
║ Window: 21:00-21:30 KST
╚════════════════════════════════════════════════════════════════╝

Starting at: 2026-05-31 18:40:18 KST

[2026-05-31 18:40:18] === PHASE 2F GATE - ALERT ROUTING SETUP ===
[2026-05-31 18:40:18] Target: Slack/Discord integration (21:00-21:30 KST)

[2026-05-31 18:40:18] Starting alert routing setup...

[2026-05-31 18:40:18] Creating alert routing configuration...
✅ Routing configuration created: /home/jeepney/.openclaw/workspace-dev/memory-automation/PHASE2F_ROUTING_CONFIG.json
[2026-05-31 18:40:18] Creating alert dispatcher...
✅ Alert dispatcher created
[2026-05-31 18:40:18] Creating alert routing integration test...
✅ Alert routing test created

========== ALERT ROUTING SETUP COMPLETE ==========

Deployed components:
  ✅ Routing configuration: /home/jeepney/.openclaw/workspace-dev/memory-automation/PHASE2F_ROUTING_CONFIG.json
  ✅ Alert dispatcher: /home/jeepney/.openclaw/workspace-dev/memory-automation/phase2f-alert-dispatcher.js
  ✅ Integration test: /home/jeepney/.openclaw/workspace-dev/memory-automation/phase2f-test-alerts.sh

Next phase (21:30):
  Full System Validation — End-to-end smoke tests


✅ PHASE 2 PASSED at 2026-05-31 18:40:18 KST

╔════════════════════════════════════════════════════════════════╗
║ PHASE 3: Full System Validation
║ Window: 21:30-22:00 KST
╚════════════════════════════════════════════════════════════════╝

Starting at: 2026-05-31 18:40:18 KST

[2026-05-31 18:40:18] === PHASE 2F GATE - FULL SYSTEM VALIDATION ===
[2026-05-31 18:40:18] Target: End-to-end pipeline validation

========== VALIDATION SUITE 1: SERVICE HEALTH ==========

[TEST 1] Phase 2A Service Health...
  ✅ PASS

[TEST 2] Phase 2B Service Health...
  ✅ PASS

[TEST 3] Phase 2C Service Health...
  ✅ PASS

========== VALIDATION SUITE 2: ALERT SYSTEM ==========

[TEST 4] Alert Dispatcher Health...
  ✅ PASS

[TEST 5] CRITICAL Alert Routing...
  ✅ PASS

[TEST 6] WARNING Alert Routing...
  ✅ PASS

========== VALIDATION SUITE 3: PIPELINE INTEGRATION ==========

[PHASE 2A] Memory collection...
{"success":true,"filename":"MEMORY.md","contentLength":14148,"lineCount":238,"truncatedLines":100,"content":"## 🎯 통합 메모리 SSOT (2026-05-26 완성) + Phase 2 설계 (2026-05-27 완성)\n\n- [📍 통합 색인](UNIFIED/_INDEX.md) — 87개 항목 중앙 색인 (Phase 1 완료)\n- [📋 의사결정 로그](UNIFIED/_DECISION_LOG.md) — 25개 기록, 2026-05-15~26 (신뢰도 96%)\n- [👥 팀 동기화 상태](UNIFIED/_TEAM_SYNC.md) — 15명 팀 일관성 추적 (신뢰도 95%, Phase C 6/11+)\n\n## 🎯 코어 & 자동화\n\n- [사용자 역할](user_role.md) — 한국 거주 해외파, DSC FMS CEO, 생산/기술/보전/생산관리 담당\n- [⭐ 생태계 전체 관리](feedback_ecosystem_wide_ownership.md) — DSC FMS + Phase 1-8 전체 생태계\n- [🏗️ **생태계 아키텍처 재설계 (2026-05-28)**](ECOSYSTEM_ARCHITECTURE_SEPARATION.md) — FMS 포탈은 대시보드만, 모든 기능 독립 앱으로 분리 (DSC-INDIA-MANNUR-*, JEEPNEY-*)\n- [DSC FMS Portal](project_dsc_fms.md) — 통합 대시보드 역할 (기존 앱 분리 준비 중)\n\n## 🤖 팀 구조 & 확장 (최종 통합 ✅ 완료)\n\n**✅ Phase C 전체 15명 팀 배치 완료 (2026-05-31 00:39)**\n\n- [✅ 통합 팀 구조 (2026-05-26)](TEAM_STRUCTURE_UNIFIED_2026_05_26.md) — CEO(1) + 기존(6) + Phase A/B 신규(4) + Phase C 확장(5) = 15명, 100% 배치 ✅\n- [📦 신규 4명 온보딩 패키지 (2026-05-26)](ONBOARDING_PACKAGE_NEW_MEMBERS_2026_05_26.md) — Phase A (5/26-5/28) + Phase B (5/29-6/02) 타임라인 ✅\n- [✅ Phase C 최종 상태 (2026-05-31)](PHASE_C_FINAL_STATUS_2026_05_31.md) — 5명 모두 스폰 완료, 자동 크론 정리 (중복 방지)\n- [🟡 Phase C #11 스폰 (2026-05-28 01:08 KST actual)](PHASE_C_DESIGN_SPECIALIST_2026_05_28.md) — 플래너 ✅ 배치, Team Dashboard P2 UI/UX 설계 (ETA 2026-06-10 18:00)\n- [🟡 Phase C #12 스폰 (2026-05-29 14:34 KST actual)](PHASE_C_DEVOPS_ENGINEER_2026_05_29.md) — DevOps 엔지니어 ✅ 배치, 인프라 모니터링 설계 (ETA 2026-06-05 18:00)\n- [✅ Phase C #13 스폰 (2026-05-27 19:37 KST actual)](PHASE_C_TRUST_SCORE_CALCULATOR_2026_05_27.md) — 메모리 시스템 전문가 ✅ 배치, 설계 완료 (Run ID: ab579972-f98e-4d43-b095-7c9171e7f0d6)\n- [🟡 Phase C #14 스폰 (2026-05-29 11:27 KST actual)](PHASE_C_QA_SPECIALIST_2026_05_28.md) — QA 전문가 ✅ 배치, 통합테스트 전략 (ETA 2026-06-02 18:00)\n- [🟡 Phase C #15 스폰 (2026-05-28 16:47 KST actual)](PHASE_C_PROJECT_PLANNER_FINAL_2026_05_28.md) — 프로젝트 플래너 ✅ 배치, 크로스프로젝트 조율 (ETA 2026-06-02 18:00)\n- [🔧 메모리 개선 종합안 (2026-05-26)](MEMORY_IMPROVEMENT_PLAN_COMPREHENSIVE.md) — 3단계 구조 정리 + 자동화 + 신뢰도 95%\n- [작업 이력 패키지](work_history_package.md) — 신규팀원 온보딩 (설계문서 요약, 코어 패턴)\n\n## 📋 6-8프로젝트 병렬 실행 (2026-05-26 확장)\n\n- [🚀 프로젝트 확장 6→8 (2026-05-26)](PROJECT_EXPANSION_6_8_2026_05_26.md) — 팀 활용도 49%→93.3%, 자율실행 규칙\n- [🎯 병렬처리 시스템](PARALLEL_PROCESSING_SYSTEM_ARCHITECTURE.md) — Lane 분해 + 의존도 관리\n- [📋 프로젝트 로드맵](PROJECT_EXECUTION_ROADMAP_2026_05_26.md) — 5/26~6/10 일일 일정\n- [📊 CEO 대시보드](CEO_UNIFIED_DASHBOARD_SPEC.md) — 실시간 모니터링 + 자동 알림\n\n## ✅ 활동 추적 & 상태\n\n- [✅ CTB 완전 복구](active_work_tracking.md) — Central Task Board 실시간 추적\n- [🟢 사용자 복귀 브리핑](FINAL_RETURN_BRIEFING.md) — 휴가 자율운영 결과 (신뢰도 96%)\n- [✅ DB 초기화 완료](DATABASE_INIT_COMPLETE.md) — Supabase 4테이블 + API 엔드포인트 검증 완료\n\n## 📋 규칙 & 워크플로우 (Rule Consolidation 2026-05-26)\n\n**🔄 통합 규칙 (통합 완료):**\n- [⭐⭐ 핵심 자율운영](feedback_core_autonomous_operation.md) — 기술 작업 즉시 진행 + API/토큰 직접 자동화 + 서브에이전트 자율성 (2026-05-27 spawn whitelist 추가, unified: autonomous_proceed + autonomous_mode)\n- [⭐⭐ 작업완료 및 책임규칙](feedback_absolute_task_completion_rule.md) — 끝까지 결과물 도출 + CTB 실시간 추적 (unified: task_completion + task_ownership)\n\n**기타 규칙:**\n- [⭐ 응답 전 자동 규칙 확인 시스템](AUTO_RULE_CHECK_BEFORE_RESPONSE.md) — 한국어 100%, 자동진행, GitHub 원본 링크, 완전한 URL, 리플라이 필수 (백그라운드 자동 검증, 프로세스 무음)\n- [상태 형식](feedback_status_reporting_format.md) — 🟢완료/🟡진행중/🔴대기 고정\n- [설계 문서 워크플로우](design_document_workflow.md) — 설계 완성 = 진행 신호\n- [우선순위 자율 결정](feedback_priority_autonomy.md) — 비서가 우선순위 판단 실행\n- [⭐ 세션 관리](feedback_session_management_adjustment.md) — 세션 장시간 유지하며 작업 흐름 조율 (컨텍스트 손실 방지)\n- [⭐ JARVIS 모드 — 능동적 예측](JARVIS_MODE_AUTONOMOUS_PREDICTION.md) — 매일 09:00 리스크 자동 분석 + 선제해결 (자비스 수준)\n- [⭐ 백그라운드 선제 준비](BACKGROUND_PREPARATION_PROACTIVE.md) — 작업 완료 후 다음 단계 자동 준비 (사용자 요청 전)\n- [⭐⭐ 뽀짝이서재 모드 — 매일 성장](DAILY_REFLECTION_GROWTH_SYSTEM.md) — 일일자기반성(18:00) + 주간학습(월09:00) + 월간성장(월초09:00)\n\n**폐기된 파일:** ✅ 모두 삭제됨 (2026-05-27 13:23)\n- [🤖 자동 정리 시스템](DEPRECATION_CLEANUP_AUTOMATION_SYSTEM.md) — 향후 폐기 파일 자동 정리\n\n## 🎯 프로젝트 설계 & 구현\n\n### Asset Master\n- [Asset Master Phase A](project_asset_master_phase_a.md) — 506개 자산 관리 + 일일 15:00 진도\n- [자산 마스터 Phase 2 온보딩](ASSET_MASTER_PHASE2_ONBOARDING_PACKAGE.md) — 16개 MVP API + 5일 로드맵\n- [Asset Master API v1](project_asset_master_api_v1.md) — 기본 CRUD\n\n### 백업 앱\n- [백업 Phase 2 완료](project_backup_phase2_completion_report.md) — 16개 API 완료\n- [백업 Phase 2 범위](project_backup_phase2_scope_decision.md) — 전체 범위 확정\n- [백업 앱 UI](project_backup_app_ui_design_system.md) — WCAG AA 기준\n\n### 출장 관리\n- [출장 Phase 1 API](project_travel_management_phase1_api.md) — DB 8테이블 + 13 API\n- [출장 Phase 2 UI](project_travel_management_phase2_ui_plan.md) — 13일 개발 계획\n- [출장 바우처 파싱](project_travel_management_voucher_parsing.md) — PDF 자동 분석\n\n### Discord 봇\n- [⭐ Discord 봇 Phase 1](project_discord_bot_phase1.md) — Telegram ↔ Discord 양방향\n- [Discord 봇 시스템](project_discord_bot_system.md) — API 명세 + 아키텍처\n- [✅ Item A: 5개 프로세서 완료](DISCORD_BOT_ITEM_A_COMPLETION.md) — 모든 프로세서 통합 + 테스트 완료\n\n### 팀 대시보드\n- [팀 대시보드 설계](project_team_dashboard.md) — 조직도 + 포트폴리오 + 이력 추적\n\n## 🔧 자동화 & 감시\n\n### Phase 2: Memory Automation (2026-05-27 설계 완료 → 2026-05-28 Phase 2A 구현 완료)\n- [✅ Phase 2 설계 완성](MEMORY_AUTOMATION_PHASE2_SUMMARY.md) — 1,500+ 라인 설계 문서, 2026-05-27 완료\n- [📋 Master Design](MEMORY_AUTOMATION_PHASE2_DESIGN.md) — System architecture + 4 subsystems\n- [🔍 중복 검출](DUPLICATE_DETECTION_SPECIFICATION.md) — 3단계 엔진 (패턴/퍼지/의미)\n- [📊 신뢰도 점수](TRUST_SCORE_CALCULATION_SPECIFICATION.md) — 4개 요소 점수 공식\n- [⚙️ 크론 템플릿](MEMORY_AUTOMATION_PHASE2_DESIGN.md#4-5-minute-cron-script-template) — 400+ 라인 bash 스크립트\n- [🔌 API 명세](MEMORY_AUTOMATION_PHASE2_DESIGN.md#5-api-specification) — 4개 REST 엔드포인트\n- [🟢 Cron Status](MEMORY_AUTOMATION_CRON_STATUS.md) — 재활성화 준비 완료 (Phase 2A 완료, Phase 2B 입력 준비)\n\n**Phase 2A: Message Collection API (2026-05-28 구현 완료 ✅)**\n- [📖 README](../memory-automation/README_PHASE2A.md) — Phase 2A 구현 상세\n- [📋 배포 체크리스트](../memory-automation/PHASE2A_DEPLOYMENT_CHECKLIST.md) — 배포 및 테스트 지침\n- [🚀 Express 서버](../memory-automation/phase2a-message-collection.js) — 4개 API 엔드포인트 구현","checksum":"4b39d78cad160db67ebc737d20ec3ff3","lastModified":"2026-05-31T06:40:42.051Z","collectedAt":"2026-05-31T09:40:18.540Z"}
[PHASE 2B] Duplicate detection...
{"success":true,"unique":[],"duplicates":[],"count":0,"removed":0,"timestamp":"2026-05-31T09:40:18.570Z"}
[PHASE 2C] Trust score calculation...
{"success":true,"total":0,"accepted":0,"quarantined":0,"rejected":0,"entries":[],"timestamp":"2026-05-31T09:40:18.597Z"}

[INTEGRATION TEST] Full 3-phase pipeline execution
  ✅ Phase 2A: Memory collection completed
  ✅ Phase 2B: Duplicate detection completed
  ✅ Phase 2C: Trust score calculation completed
  ✅ Total cycle time: 69ms
  ✅ PASS (under 10-second target)

========== VALIDATION SUITE 4: DATA PERSISTENCE ==========

[TEST 8] MEMORY.md Exists and Readable...
  ✅ PASS
123

[TEST 9] Monitoring Dashboard Exists...
  ✅ PASS

[TEST 10] Alert Rules Configuration Exists...
  ✅ PASS

========== VALIDATION SUITE 5: SYSTEM HEALTH ==========

[TEST 11] All Service Ports Active...
  ✅ PASS
OK

[TEST 12] Cron Jobs Registered...
  ✅ PASS
OK

[TEST 13] Log Directory Writable...
  ✅ PASS
OK

========== SUMMARY REPORT ==========

Total validations: 13
Passed:           13
Failed:           0
Cycle time:       69ms

🟢 VALIDATION PASSED - System ready for 8-hour stability test

Deployment Gate Status:
  ✅ Phase 1: Smoke Tests (18:40-19:30)
  ✅ Phase 2: Monitoring Setup (19:30-21:00)
  ✅ Phase 3: Alert Routing (21:00-21:30)
  ✅ Phase 4: Full System Validation (21:30-22:00) — NOW COMPLETE

Next phase (22:00 KST):
  8-Hour Stability Test — Continuous monitoring & error tracking


✅ PHASE 3 PASSED at 2026-05-31 18:40:18 KST

╔════════════════════════════════════════════════════════════════╗
║ PHASE 4: 8-Hour Stability Test
║ Window: 22:00-06:00 KST (next day)
╚════════════════════════════════════════════════════════════════╝

Starting at: 2026-05-31 18:40:18 KST

[2026-05-31 18:40:18] === PHASE 2F GATE - 8-HOUR STABILITY TEST ===
[2026-05-31 18:40:18] Duration: 28800 seconds (8 hours)
[2026-05-31 18:40:18] Monitoring interval: 30 seconds
[2026-05-31 18:40:18] Performance threshold: 5000ms
[2026-05-31 18:40:18] Uptime threshold: 95%

[2026-05-31 18:40:18] Starting stability test loop...

[2026-05-31 18:40:18] Cycle #1...
[2026-05-31 18:40:48] Cycle #2...
[2026-05-31 18:41:18] Cycle #3...
[2026-05-31 18:41:49] Cycle #4...
[2026-05-31 18:42:19] Cycle #5...
[2026-05-31 18:42:49] Cycle #6...
[2026-05-31 18:43:19] Cycle #7...
[2026-05-31 18:43:49] Cycle #8...
[2026-05-31 18:44:19] Cycle #9...
[2026-05-31 18:44:49] Cycle #10...
[2026-05-31 18:45:19] Cycle #11...
[2026-05-31 18:45:49] Cycle #12...
[2026-05-31 18:46:19] Cycle #13...
[2026-05-31 18:46:50] Cycle #14...
[2026-05-31 18:47:20] Cycle #15...
[2026-05-31 18:47:50] Cycle #16...
[2026-05-31 18:48:20] Cycle #17...
[2026-05-31 18:48:50] Cycle #18...
[2026-05-31 18:49:20] Cycle #19...
[2026-05-31 18:49:50] Cycle #20...
[2026-05-31 18:50:20] Cycle #21...
[2026-05-31 18:50:50] Cycle #22...
[2026-05-31 18:51:20] Cycle #23...
[2026-05-31 18:51:51] Cycle #24...
[2026-05-31 18:52:21] Cycle #25...
[2026-05-31 18:52:51] Cycle #26...
[2026-05-31 18:53:21] Cycle #27...
[2026-05-31 18:53:51] Cycle #28...
[2026-05-31 18:54:21] Cycle #29...
[2026-05-31 18:54:51] Cycle #30...
[2026-05-31 18:55:21] Cycle #31...
[2026-05-31 18:55:51] Cycle #32...
[2026-05-31 18:56:21] Cycle #33...
[2026-05-31 18:56:52] Cycle #34...
[2026-05-31 18:57:22] Cycle #35...
[2026-05-31 18:57:52] Cycle #36...
[2026-05-31 18:58:22] Cycle #37...
[2026-05-31 18:58:52] Cycle #38...
[2026-05-31 18:59:22] Cycle #39...
[2026-05-31 18:59:52] Cycle #40...
[2026-05-31 19:00:22] Cycle #41...
[2026-05-31 19:00:52] Cycle #42...
[2026-05-31 19:01:22] Cycle #43...
[2026-05-31 19:01:53] Cycle #44...
[2026-05-31 19:02:23] Cycle #45...
[2026-05-31 19:02:53] Cycle #46...
[2026-05-31 19:03:23] Cycle #47...
[2026-05-31 19:03:53] Cycle #48...
[2026-05-31 19:04:23] Cycle #49...
[2026-05-31 19:04:53] Cycle #50...
[2026-05-31 19:05:23] Cycle #51...
[2026-05-31 19:05:53] Cycle #52...
[2026-05-31 19:06:23] Cycle #53...
[2026-05-31 19:06:54] Cycle #54...
[2026-05-31 19:07:24] Cycle #55...
[2026-05-31 19:07:54] Cycle #56...
[2026-05-31 19:08:24] Cycle #57...
[2026-05-31 19:08:54] Cycle #58...
[2026-05-31 19:09:24] Cycle #59...
[2026-05-31 19:09:54] Cycle #60...
[2026-05-31 19:10:24] Cycle #61...
[2026-05-31 19:10:54] Cycle #62...
[2026-05-31 19:11:24] Cycle #63...
[2026-05-31 19:11:54] Cycle #64...
[2026-05-31 19:12:25] Cycle #65...
[2026-05-31 19:12:55] Cycle #66...
[2026-05-31 19:13:25] Cycle #67...
[2026-05-31 19:13:55] Cycle #68...
[2026-05-31 19:14:25] Cycle #69...
[2026-05-31 19:14:55] Cycle #70...
[2026-05-31 19:15:25] Cycle #71...
[2026-05-31 19:15:55] Cycle #72...
[2026-05-31 19:16:25] Cycle #73...
[2026-05-31 19:16:55] Cycle #74...
[2026-05-31 19:17:25] Cycle #75...
[2026-05-31 19:17:56] Cycle #76...
[2026-05-31 19:18:26] Cycle #77...
[2026-05-31 19:18:56] Cycle #78...
[2026-05-31 19:19:26] Cycle #79...
[2026-05-31 19:19:56] Cycle #80...
[2026-05-31 19:20:26] Cycle #81...
[2026-05-31 19:20:56] Cycle #82...
[2026-05-31 19:21:26] Cycle #83...
[2026-05-31 19:21:56] Cycle #84...
[2026-05-31 19:22:26] Cycle #85...
[2026-05-31 19:22:57] Cycle #86...
[2026-05-31 19:23:27] Cycle #87...
[2026-05-31 19:23:57] Cycle #88...
[2026-05-31 19:24:27] Cycle #89...
[2026-05-31 19:24:57] Cycle #90...
[2026-05-31 19:25:27] Cycle #91...
[2026-05-31 19:25:57] Cycle #92...
[2026-05-31 19:26:27] Cycle #93...
[2026-05-31 19:26:57] Cycle #94...
[2026-05-31 19:27:27] Cycle #95...
[2026-05-31 19:27:57] Cycle #96...
[2026-05-31 19:28:28] Cycle #97...
[2026-05-31 19:28:58] Cycle #98...
[2026-05-31 19:29:28] Cycle #99...
[2026-05-31 19:29:58] Cycle #100...
[2026-05-31 19:30:28] Cycle #101...
[2026-05-31 19:30:58] Cycle #102...
[2026-05-31 19:31:28] Cycle #103...
[2026-05-31 19:31:58] Cycle #104...
[2026-05-31 19:32:28] Cycle #105...
[2026-05-31 19:32:58] Cycle #106...
[2026-05-31 19:33:28] Cycle #107...
[2026-05-31 19:33:59] Cycle #108...
[2026-05-31 19:34:29] Cycle #109...
[2026-05-31 19:34:59] Cycle #110...
[2026-05-31 19:35:29] Cycle #111...
[2026-05-31 19:35:59] Cycle #112...
[2026-05-31 19:36:29] Cycle #113...
[2026-05-31 19:36:59] Cycle #114...
[2026-05-31 19:37:29] Cycle #115...
[2026-05-31 19:37:59] Cycle #116...
[2026-05-31 19:38:29] Cycle #117...
[2026-05-31 19:38:59] Cycle #118...
[2026-05-31 19:39:30] Cycle #119...
[2026-05-31 19:40:00] Cycle #120...
[2026-05-31 19:40:30] Cycle #121...
========== HOURLY REPORT #1 ==========
Time: 2026-05-31 19:40:30

Cycle Statistics:
  Total cycles: 121
  Successful: 121
  Failed: 0
  Success rate: 100%

Performance:
  Avg cycle time: 54ms
  Peak cycle time: 84ms
  Target: < 5000ms

Alerts:
  Total alerts: 0

Service Health:
  ✅ phase2a (port 3009): UP
  ✅ phase2b (port 3010): UP
  ✅ phase2c (port 3011): UP
  ✅ dispatcher (port 9000): UP


[2026-05-31 19:41:00] Cycle #122...
[2026-05-31 19:41:30] Cycle #123...
[2026-05-31 19:42:00] Cycle #124...
[2026-05-31 19:42:30] Cycle #125...
[2026-05-31 19:43:00] Cycle #126...
[2026-05-31 19:43:30] Cycle #127...
[2026-05-31 19:44:00] Cycle #128...
[2026-05-31 19:44:31] Cycle #129...
[2026-05-31 19:45:01] Cycle #130...
[2026-05-31 19:45:31] Cycle #131...
[2026-05-31 19:46:01] Cycle #132...
[2026-05-31 19:46:31] Cycle #133...
[2026-05-31 19:47:01] Cycle #134...
[2026-05-31 19:47:31] Cycle #135...
[2026-05-31 19:48:01] Cycle #136...
[2026-05-31 19:48:31] Cycle #137...
[2026-05-31 19:49:01] Cycle #138...
[2026-05-31 19:49:31] Cycle #139...
[2026-05-31 19:50:02] Cycle #140...
[2026-05-31 19:50:32] Cycle #141...
[2026-05-31 19:51:02] Cycle #142...
[2026-05-31 19:51:32] Cycle #143...
[2026-05-31 19:52:02] Cycle #144...
[2026-05-31 19:52:32] Cycle #145...
[2026-05-31 19:53:02] Cycle #146...
[2026-05-31 19:53:32] Cycle #147...
[2026-05-31 19:54:02] Cycle #148...
[2026-05-31 19:54:32] Cycle #149...
[2026-05-31 19:55:03] Cycle #150...
[2026-05-31 19:55:33] Cycle #151...
[2026-05-31 19:56:03] Cycle #152...
[2026-05-31 19:56:33] Cycle #153...
[2026-05-31 19:57:03] Cycle #154...
[2026-05-31 19:57:33] Cycle #155...
[2026-05-31 19:58:03] Cycle #156...
[2026-05-31 19:58:33] Cycle #157...
[2026-05-31 19:59:03] Cycle #158...
[2026-05-31 19:59:33] Cycle #159...
[2026-05-31 20:00:03] Cycle #160...
[2026-05-31 20:00:34] Cycle #161...
[2026-05-31 20:01:04] Cycle #162...
[2026-05-31 20:01:34] Cycle #163...
[2026-05-31 20:02:04] Cycle #164...
[2026-05-31 20:02:34] Cycle #165...
[2026-05-31 20:03:04] Cycle #166...
[2026-05-31 20:03:34] Cycle #167...
[2026-05-31 20:04:04] Cycle #168...
[2026-05-31 20:04:34] Cycle #169...
[2026-05-31 20:05:04] Cycle #170...
[2026-05-31 20:05:34] Cycle #171...
[2026-05-31 20:06:05] Cycle #172...
[2026-05-31 20:06:35] Cycle #173...
[2026-05-31 20:07:05] Cycle #174...
[2026-05-31 20:07:35] Cycle #175...
[2026-05-31 20:08:05] Cycle #176...
[2026-05-31 20:08:35] Cycle #177...
[2026-05-31 20:09:05] Cycle #178...
[2026-05-31 20:09:35] Cycle #179...
[2026-05-31 20:10:05] Cycle #180...
[2026-05-31 20:10:35] Cycle #181...
[2026-05-31 20:11:05] Cycle #182...
[2026-05-31 20:11:36] Cycle #183...
[2026-05-31 20:12:06] Cycle #184...
[2026-05-31 20:12:36] Cycle #185...
[2026-05-31 20:13:06] Cycle #186...
[2026-05-31 20:13:36] Cycle #187...
[2026-05-31 20:14:06] Cycle #188...
[2026-05-31 20:14:36] Cycle #189...
[2026-05-31 20:15:06] Cycle #190...
[2026-05-31 20:15:36] Cycle #191...
[2026-05-31 20:16:06] Cycle #192...
[2026-05-31 20:16:36] Cycle #193...
[2026-05-31 20:17:07] Cycle #194...
[2026-05-31 20:17:37] Cycle #195...
[2026-05-31 20:18:07] Cycle #196...
[2026-05-31 20:18:37] Cycle #197...
[2026-05-31 20:19:07] Cycle #198...
[2026-05-31 20:19:37] Cycle #199...
[2026-05-31 20:20:07] Cycle #200...
[2026-05-31 20:20:37] Cycle #201...
[2026-05-31 20:21:07] Cycle #202...
[2026-05-31 20:21:37] Cycle #203...
[2026-05-31 20:22:08] Cycle #204...
[2026-05-31 20:22:38] Cycle #205...
[2026-05-31 20:23:08] Cycle #206...
[2026-05-31 20:23:38] Cycle #207...
[2026-05-31 20:24:08] Cycle #208...
[2026-05-31 20:24:38] Cycle #209...
[2026-05-31 20:25:08] Cycle #210...
[2026-05-31 20:25:38] Cycle #211...
[2026-05-31 20:26:08] Cycle #212...
[2026-05-31 20:26:38] Cycle #213...
[2026-05-31 20:27:08] Cycle #214...
[2026-05-31 20:27:39] Cycle #215...
[2026-05-31 20:28:09] Cycle #216...
[2026-05-31 20:28:39] Cycle #217...
[2026-05-31 20:29:09] Cycle #218...
[2026-05-31 20:29:39] Cycle #219...
[2026-05-31 20:30:09] Cycle #220...
[2026-05-31 20:30:39] Cycle #221...
[2026-05-31 20:31:09] Cycle #222...
[2026-05-31 20:31:39] Cycle #223...
[2026-05-31 20:32:09] Cycle #224...
[2026-05-31 20:32:39] Cycle #225...
[2026-05-31 20:33:10] Cycle #226...
[2026-05-31 20:33:40] Cycle #227...
[2026-05-31 20:34:10] Cycle #228...
[2026-05-31 20:34:40] Cycle #229...
[2026-05-31 20:35:10] Cycle #230...
[2026-05-31 20:35:40] Cycle #231...
[2026-05-31 20:36:10] Cycle #232...
[2026-05-31 20:36:40] Cycle #233...
[2026-05-31 20:37:10] Cycle #234...
[2026-05-31 20:37:40] Cycle #235...
[2026-05-31 20:38:10] Cycle #236...
[2026-05-31 20:38:41] Cycle #237...
[2026-05-31 20:39:11] Cycle #238...
[2026-05-31 20:39:41] Cycle #239...
[2026-05-31 20:40:11] Cycle #240...
[2026-05-31 20:40:41] Cycle #241...
========== HOURLY REPORT #2 ==========
Time: 2026-05-31 20:40:41

Cycle Statistics:
  Total cycles: 241
  Successful: 241
  Failed: 0
  Success rate: 100%

Performance:
  Avg cycle time: 53ms
  Peak cycle time: 85ms
  Target: < 5000ms

Alerts:
  Total alerts: 0

Service Health:
  ✅ phase2a (port 3009): UP
  ✅ phase2b (port 3010): UP
  ✅ phase2c (port 3011): UP
  ✅ dispatcher (port 9000): UP


[2026-05-31 20:41:11] Cycle #242...
[2026-05-31 20:41:41] Cycle #243...
[2026-05-31 20:42:11] Cycle #244...
[2026-05-31 20:42:41] Cycle #245...
[2026-05-31 20:43:11] Cycle #246...
[2026-05-31 20:43:42] Cycle #247...
[2026-05-31 20:44:12] Cycle #248...
[2026-05-31 20:44:42] Cycle #249...
[2026-05-31 20:45:12] Cycle #250...
[2026-05-31 20:45:42] Cycle #251...
[2026-05-31 20:46:12] Cycle #252...
[2026-05-31 20:46:42] Cycle #253...
[2026-05-31 20:47:12] Cycle #254...
[2026-05-31 20:47:42] Cycle #255...
[2026-05-31 20:48:12] Cycle #256...
[2026-05-31 20:48:42] Cycle #257...
[2026-05-31 20:49:13] Cycle #258...
[2026-05-31 20:49:43] Cycle #259...
[2026-05-31 20:50:13] Cycle #260...
[2026-05-31 20:50:43] Cycle #261...
[2026-05-31 20:51:13] Cycle #262...
[2026-05-31 20:51:43] Cycle #263...
[2026-05-31 20:52:13] Cycle #264...
[2026-05-31 20:52:43] Cycle #265...
[2026-05-31 20:53:13] Cycle #266...
[2026-05-31 20:53:43] Cycle #267...
[2026-05-31 20:54:14] Cycle #268...
[2026-05-31 20:54:44] Cycle #269...
[2026-05-31 20:55:14] Cycle #270...
[2026-05-31 20:55:44] Cycle #271...
[2026-05-31 20:56:14] Cycle #272...
[2026-05-31 20:56:44] Cycle #273...
[2026-05-31 20:57:14] Cycle #274...
[2026-05-31 20:57:44] Cycle #275...
[2026-05-31 20:58:14] Cycle #276...
[2026-05-31 20:58:44] Cycle #277...
[2026-05-31 20:59:14] Cycle #278...
[2026-05-31 20:59:45] Cycle #279...
[2026-05-31 21:00:15] Cycle #280...
[2026-05-31 21:00:45] Cycle #281...
[2026-05-31 21:01:15] Cycle #282...
[2026-05-31 21:01:45] Cycle #283...
[2026-05-31 21:02:15] Cycle #284...
[2026-05-31 21:02:45] Cycle #285...
[2026-05-31 21:03:15] Cycle #286...
[2026-05-31 21:03:45] Cycle #287...
[2026-05-31 21:04:15] Cycle #288...
[2026-05-31 21:04:45] Cycle #289...
[2026-05-31 21:05:16] Cycle #290...
[2026-05-31 21:05:46] Cycle #291...
[2026-05-31 21:06:16] Cycle #292...
[2026-05-31 21:06:46] Cycle #293...
[2026-05-31 21:07:16] Cycle #294...
[2026-05-31 21:07:46] Cycle #295...
[2026-05-31 21:08:16] Cycle #296...
[2026-05-31 21:08:46] Cycle #297...
[2026-05-31 21:09:16] Cycle #298...
[2026-05-31 21:09:46] Cycle #299...
[2026-05-31 21:10:16] Cycle #300...
[2026-05-31 21:10:47] Cycle #301...
[2026-05-31 21:11:17] Cycle #302...
[2026-05-31 21:11:47] Cycle #303...
[2026-05-31 21:12:17] Cycle #304...
[2026-05-31 21:12:47] Cycle #305...
[2026-05-31 21:13:17] Cycle #306...
[2026-05-31 21:13:47] Cycle #307...
[2026-05-31 21:14:17] Cycle #308...
[2026-05-31 21:14:47] Cycle #309...
[2026-05-31 21:15:17] Cycle #310...
[2026-05-31 21:15:47] Cycle #311...
[2026-05-31 21:16:18] Cycle #312...
[2026-05-31 21:16:48] Cycle #313...
[2026-05-31 21:17:18] Cycle #314...
[2026-05-31 21:17:48] Cycle #315...
[2026-05-31 21:18:18] Cycle #316...
[2026-05-31 21:18:48] Cycle #317...
[2026-05-31 21:19:18] Cycle #318...
[2026-05-31 21:19:48] Cycle #319...
[2026-05-31 21:20:18] Cycle #320...
[2026-05-31 21:20:48] Cycle #321...
[2026-05-31 21:21:19] Cycle #322...
[2026-05-31 21:21:49] Cycle #323...
[2026-05-31 21:22:19] Cycle #324...
[2026-05-31 21:22:49] Cycle #325...
[2026-05-31 21:23:19] Cycle #326...
[2026-05-31 21:23:49] Cycle #327...
[2026-05-31 21:24:19] Cycle #328...
[2026-05-31 21:24:49] Cycle #329...
[2026-05-31 21:25:19] Cycle #330...
[2026-05-31 21:25:49] Cycle #331...
[2026-05-31 21:26:19] Cycle #332...
[2026-05-31 21:26:50] Cycle #333...
[2026-05-31 21:27:20] Cycle #334...
[2026-05-31 21:27:50] Cycle #335...
[2026-05-31 21:28:20] Cycle #336...
[2026-05-31 21:28:50] Cycle #337...
[2026-05-31 21:29:20] Cycle #338...
[2026-05-31 21:29:50] Cycle #339...
[2026-05-31 21:30:20] Cycle #340...
[2026-05-31 21:30:50] Cycle #341...
[2026-05-31 21:31:20] Cycle #342...
[2026-05-31 21:31:50] Cycle #343...
[2026-05-31 21:32:21] Cycle #344...
[2026-05-31 21:32:51] Cycle #345...
[2026-05-31 21:33:21] Cycle #346...
[2026-05-31 21:33:51] Cycle #347...
[2026-05-31 21:34:21] Cycle #348...
[2026-05-31 21:34:51] Cycle #349...
[2026-05-31 21:35:21] Cycle #350...
[2026-05-31 21:35:51] Cycle #351...
[2026-05-31 21:36:21] Cycle #352...
[2026-05-31 21:36:51] Cycle #353...
[2026-05-31 21:37:21] Cycle #354...
[2026-05-31 21:37:52] Cycle #355...
[2026-05-31 21:38:22] Cycle #356...
[2026-05-31 21:38:52] Cycle #357...
[2026-05-31 21:39:22] Cycle #358...
[2026-05-31 21:39:52] Cycle #359...
[2026-05-31 21:40:22] Cycle #360...
========== HOURLY REPORT #3 ==========
Time: 2026-05-31 21:40:22

Cycle Statistics:
  Total cycles: 360
  Successful: 360
  Failed: 0
  Success rate: 100%

Performance:
  Avg cycle time: 53ms
  Peak cycle time: 87ms
  Target: < 5000ms

Alerts:
  Total alerts: 0

Service Health:
  ✅ phase2a (port 3009): UP
  ✅ phase2b (port 3010): UP
  ✅ phase2c (port 3011): UP
  ✅ dispatcher (port 9000): UP


[2026-05-31 21:40:52] Cycle #361...
[2026-05-31 21:41:22] Cycle #362...
[2026-05-31 21:41:52] Cycle #363...
[2026-05-31 21:42:22] Cycle #364...
[2026-05-31 21:42:53] Cycle #365...
[2026-05-31 21:43:23] Cycle #366...
[2026-05-31 21:43:53] Cycle #367...
[2026-05-31 21:44:23] Cycle #368...
