[2026-05-30 02:00:01] [INFO] ========== Phase 2B Cron Job Start ==========
[2026-05-30 02:00:01] [INFO] Run ID: 1780074001
[2026-05-30 02:00:01] [INFO] Memory Dir: /home/jeepney/.openclaw/workspace-dev/memory
[2026-05-30 02:00:01] [INFO] Found 332 memory files to analyze
[2026-05-30 02:00:01] [INFO] Step 1: Pre-flight checks passed ✓
[2026-05-30 02:00:01] [INFO] Starting Phase 2B batch processor...
[2026-05-29T17:00:01.393Z] [INFO] ========== Phase 2B Duplicate Detection Start (SIMPLIFIED) ==========
[2026-05-29T17:00:01.396Z] [INFO] Input: /home/jeepney/.openclaw/workspace-dev/memory/messages.jsonl
[2026-05-29T17:00:01.396Z] [INFO] Output: /home/jeepney/.openclaw/workspace-dev/memory/messages_deduplicated.jsonl
[2026-05-29T17:00:01.397Z] [INFO] Step 1: Loading messages...
[2026-05-29T17:00:01.415Z] [INFO] Loaded 348 messages
[2026-05-29T17:00:01.415Z] [INFO] Step 2: Running Layer 1 - Exact Hash Matching...
[2026-05-29T17:00:01.415Z] [INFO] Layer 1: 347 unique, 1 exact duplicates
[2026-05-29T17:00:01.415Z] [INFO] Step 3: Running Layer 2 - Prefix Matching...
[2026-05-29T17:00:01.419Z] [INFO] Layer 2: 332 unique, 15 prefix duplicates
[2026-05-29T17:00:01.419Z] [INFO] Step 4: Saving deduplicated messages...
[2026-05-29T17:00:01.432Z] [INFO] ✓ Saved 332 deduplicated messages to /home/jeepney/.openclaw/workspace-dev/memory/messages_deduplicated.jsonl
[2026-05-29T17:00:01.432Z] [INFO] ✓ Metadata saved to /home/jeepney/.openclaw/workspace-dev/memory/dedup_metadata.json
[2026-05-29T17:00:01.432Z] [INFO] Final: 332 unique messages (4.6% reduction)
[2026-05-29T17:00:01.432Z] [INFO] Total runtime: 27ms
[2026-05-29T17:00:01.432Z] [INFO] ========== Phase 2B Duplicate Detection Complete ==========
[2026-05-30 02:00:01] [INFO] Phase 2B batch processor completed successfully ✓
[2026-05-30 02:00:01] [INFO] Step 2: Batch processor execution passed ✓
[2026-05-30 02:00:01] [INFO] Output file created with 332 entries
[2026-05-30 02:00:01] [INFO] ✓ SUCCESS: Batch processing completed
[2026-05-30 02:00:01] [INFO] Files Scanned: 332
[2026-05-30 02:00:01] [INFO] Deduplicated Entries: 332
[2026-05-30 02:00:01] [INFO] Step 3: Duplicate detection completed ✓
[2026-05-30 02:00:01] Phase 2B run succeeded - 332 entries
[2026-05-30 02:00:01] [INFO] ========== Phase 2B Cron Job End ==========
[2026-05-30 06:00:01] [INFO] ========== Phase 2B Cron Job Start ==========
[2026-05-30 06:00:01] [INFO] Run ID: 1780088401
[2026-05-30 06:00:01] [INFO] Memory Dir: /home/jeepney/.openclaw/workspace-dev/memory
[2026-05-30 06:00:01] [INFO] Found 342 memory files to analyze
[2026-05-30 06:00:01] [INFO] Step 1: Pre-flight checks passed ✓
[2026-05-30 06:00:01] [INFO] Starting Phase 2B batch processor...
[2026-05-29T21:00:01.462Z] [INFO] ========== Phase 2B Duplicate Detection Start (SIMPLIFIED) ==========
[2026-05-29T21:00:01.465Z] [INFO] Input: /home/jeepney/.openclaw/workspace-dev/memory/messages.jsonl
[2026-05-29T21:00:01.465Z] [INFO] Output: /home/jeepney/.openclaw/workspace-dev/memory/messages_deduplicated.jsonl
[2026-05-29T21:00:01.466Z] [INFO] Step 1: Loading messages...
[2026-05-29T21:00:01.483Z] [INFO] Loaded 348 messages
[2026-05-29T21:00:01.483Z] [INFO] Step 2: Running Layer 1 - Exact Hash Matching...
[2026-05-29T21:00:01.483Z] [INFO] Layer 1: 347 unique, 1 exact duplicates
[2026-05-29T21:00:01.484Z] [INFO] Step 3: Running Layer 2 - Prefix Matching...
[2026-05-29T21:00:01.487Z] [INFO] Layer 2: 332 unique, 15 prefix duplicates
[2026-05-29T21:00:01.488Z] [INFO] Step 4: Saving deduplicated messages...
[2026-05-29T21:00:01.502Z] [INFO] ✓ Saved 332 deduplicated messages to /home/jeepney/.openclaw/workspace-dev/memory/messages_deduplicated.jsonl
[2026-05-29T21:00:01.502Z] [INFO] ✓ Metadata saved to /home/jeepney/.openclaw/workspace-dev/memory/dedup_metadata.json
[2026-05-29T21:00:01.503Z] [INFO] Final: 332 unique messages (4.6% reduction)
[2026-05-29T21:00:01.503Z] [INFO] Total runtime: 27ms
[2026-05-29T21:00:01.503Z] [INFO] ========== Phase 2B Duplicate Detection Complete ==========
[2026-05-30 06:00:01] [INFO] Phase 2B batch processor completed successfully ✓
[2026-05-30 06:00:01] [INFO] Step 2: Batch processor execution passed ✓
[2026-05-30 06:00:01] [INFO] Output file created with 332 entries
[2026-05-30 06:00:01] [INFO] ✓ SUCCESS: Batch processing completed
[2026-05-30 06:00:01] [INFO] Files Scanned: 342
[2026-05-30 06:00:01] [INFO] Deduplicated Entries: 332
[2026-05-30 06:00:01] [INFO] Step 3: Duplicate detection completed ✓
[2026-05-30 06:00:01] Phase 2B run succeeded - 332 entries
[2026-05-30 06:00:01] [INFO] ========== Phase 2B Cron Job End ==========
