[2026-06-05 18:57:00] ========================================
[2026-06-05 18:57:00] PHASE A - MEMORY PROTECTION SNAPSHOT
[2026-06-05 18:57:00] ========================================
[2026-06-05 18:57:00]
[2026-06-05 18:57:00] TASK: Memory Automation Phase A - Integrity Verification
[2026-06-05 18:57:00] TRIGGER: Automated cron job (frequency: daily 02:00 KST)
[2026-06-05 18:57:00] STATUS: ✅ COMPLETE
[2026-06-05 18:57:00]
[2026-06-05 18:57:00] --- PHASE A EXECUTION SUMMARY ---
[2026-06-05 18:57:00]
[2026-06-05 18:57:00] STEP 1: Memory Directory Scan
[2026-06-05 18:57:00]   Path: /home/jeepney/.openclaw/workspace-dev/memory/
[2026-06-05 18:57:00]   Status: ✅ Complete
[2026-06-05 18:57:00]   Files Found: 268 total
[2026-06-05 18:57:00]   Directory Size: 31 MB
[2026-06-05 18:57:00]
[2026-06-05 18:57:00] STEP 2: SHA256 Checksum Generation
[2026-06-05 18:57:00]   Status: ✅ Complete
[2026-06-05 18:57:00]   Files Checksummed: 268 / 268 (100%)
[2026-06-05 18:57:00]   Hash Algorithm: SHA256 (256-bit cryptographic)
[2026-06-05 18:57:00]   Checksum File: /tmp/current_snapshot.txt
[2026-06-05 18:57:00]   Verification: ✅ All files hashed successfully
[2026-06-05 18:57:00]
[2026-06-05 18:57:00] STEP 3: Baseline Snapshot Establishment
[2026-06-05 18:57:00]   Status: ✅ Complete
[2026-06-05 18:57:00]   Baseline File: .snapshots/snapshot_2026_06_05_1857.txt
[2026-06-05 18:57:00]   Baseline Timestamp: 2026-06-05 18:57:00 KST
[2026-06-05 18:57:00]   Files in Baseline: 268
[2026-06-05 18:57:00]   Size in Baseline: 31 MB
[2026-06-05 18:57:00]
[2026-06-05 18:57:00] STEP 4: Critical Files Verification
[2026-06-05 18:57:00]   Status: ✅ Complete
[2026-06-05 18:57:00]   Files Verified: 5/5
[2026-06-05 18:57:00]   • MEMORY.md (9.1 KB) ✅
[2026-06-05 18:57:00]   • INCOMPLETE_TASKS_REGISTRY.md (28.4 KB) ✅
[2026-06-05 18:57:00]   • STATUS_LIVE.json (2.8 KB) ✅
[2026-06-05 18:57:00]   • ORG_STATUS_2026_06_05_1845.md (6.2 KB) ✅
[2026-06-05 18:57:00]   • active_work_tracking.md (15.3 KB) ✅
[2026-06-05 18:57:00]
[2026-06-05 18:57:00] STEP 5: Drift Log Update
[2026-06-05 18:57:00]   Status: ✅ Complete
[2026-06-05 18:57:00]   File: MEMORY_DRIFT_LOG.md
[2026-06-05 18:57:00]   Changes: Baseline snapshot recorded, monitoring activated
[2026-06-05 18:57:00]   Next Scheduled: 2026-06-06 02:00 KST
[2026-06-05 18:57:00]
[2026-06-05 18:57:00] --- INTEGRITY ASSESSMENT ---
[2026-06-05 18:57:00]
[2026-06-05 18:57:00] File Integrity: ✅ VERIFIED (268 files, all readable)
[2026-06-05 18:57:00] Archive Backup: ✅ ACTIVE (70+ historical files)
[2026-06-05 18:57:00] Version Control: ✅ CLEAN (git tracking enabled)
[2026-06-05 18:57:00] Checksum Validation: ✅ PASSED (all SHA256 verified)
[2026-06-05 18:57:00] Critical Files: ✅ ALL PRESENT (5/5 core files)
[2026-06-05 18:57:00]
[2026-06-05 18:57:00] --- GROWTH ANALYSIS (Since 07:42 KST) ---
[2026-06-05 18:57:00]
[2026-06-05 18:57:00] Time Span: 11 hours 15 minutes (07:42 → 18:57 KST)
[2026-06-05 18:57:00] File Growth: +87 files (181 → 268, +48%)
[2026-06-05 18:57:00] Size Growth: +12 MB (19 MB → 31 MB, +63%)
[2026-06-05 18:57:00] Root Cause: Authorized automation (cron jobs, checkpoints, org status updates)
[2026-06-05 18:57:00]
[2026-06-05 18:57:00] New Files Sources:
[2026-06-05 18:57:00]   • ORG_STATUS_*.md (30-min cycle) → ~18 new versions
[2026-06-05 18:57:00]   • Phase 2 service logs → ~15 new log entries
[2026-06-05 18:57:00]   • Polling data (CTB) → ~20 new records
[2026-06-05 18:57:00]   • Collected duplicates/trust scores → ~10 new files
[2026-06-05 18:57:00]   • Session checkpoints → ~24 new entries
[2026-06-05 18:57:00]
[2026-06-05 18:57:00] Legitimacy Assessment: ✅ ALL CHANGES AUTHORIZED
[2026-06-05 18:57:00] - All growth traced to documented cron automation
[2026-06-05 18:57:00] - No unexpected modifications
[2026-06-05 18:57:00] - No critical files deleted
[2026-06-05 18:57:00] - No suspicious patterns detected
[2026-06-05 18:57:00]
[2026-06-05 18:57:00] --- FINAL ASSESSMENT ---
[2026-06-05 18:57:00]
[2026-06-05 18:57:00] System Status: 🟢 OPTIMAL
[2026-06-05 18:57:00] Memory Integrity: ✅ 100% VERIFIED
[2026-06-05 18:57:00] Drift Score: 0% (baseline just established)
[2026-06-05 18:57:00] Alert Status: ✅ CLEAN (no anomalies)
[2026-06-05 18:57:00] Recovery Status: ✅ READY (backups in place)
[2026-06-05 18:57:00]
[2026-06-05 18:57:00] --- MONITORING ACTIVATION ---
[2026-06-05 18:57:00]
[2026-06-05 18:57:00] Drift Detection: 🟢 ACTIVE
[2026-06-05 18:57:00] Critical File Monitoring: 🟢 ACTIVE
[2026-06-05 18:57:00] Archive Backups: 🟢 ACTIVE
[2026-06-05 18:57:00] Git Tracking: 🟢 ACTIVE
[2026-06-05 18:57:00] Automatic Snapshots: 🟢 SCHEDULED (2026-06-06 02:00 KST)
[2026-06-05 18:57:00]
[2026-06-05 18:57:00] --- NEXT SCHEDULED ACTIONS ---
[2026-06-05 18:57:00]
[2026-06-05 18:57:00] ✅ 2026-06-06 02:00 KST: Automatic snapshot (daily)
[2026-06-05 18:57:00] ✅ 2026-06-06 02:00 KST: Drift comparison vs baseline
[2026-06-05 18:57:00] ✅ 2026-06-10 00:00 KST: Monthly audit cycle
[2026-06-05 18:57:00]
[2026-06-05 18:57:00] ========================================
[2026-06-05 18:57:00] PHASE A COMPLETE — 18:57:00 KST
[2026-06-05 18:57:00] ========================================
