[2026-06-02 00:00:01] [INFO] ╔════════════════════════════════════════════════════════╗
[2026-06-02 00:00:01] [INFO] ║  Phase 2D: Cron Integration — Full Cycle              ║
[2026-06-02 00:00:01] [INFO] ║  Start: 2026-06-02 00:00:01 KST                    ║
[2026-06-02 00:00:01] [INFO] ╚════════════════════════════════════════════════════════╝
[2026-06-02 00:00:01] [INFO] === PHASE 2A: Message Collection ===
[2026-06-02 00:00:01] [INFO] Phase 2A health check PASSED
[2026-06-02 00:00:01] [INFO] Phase 2A collected memory content (9863 bytes) in 26ms
[2026-06-02 00:00:01] [INFO] Memory collection saved to: memory_20260602_000001.json
[2026-06-02 00:00:01] [INFO] === PHASE 2B: Duplicate Detection ===
[2026-06-02 00:00:01] [WARNING] Phase 2B health check failed (attempt 1/3), retrying in 2s...
[2026-06-02 00:00:03] [WARNING] Phase 2B health check failed (attempt 2/3), retrying in 2s...
[2026-06-02 00:00:06] [ERROR] Phase 2B health check FAILED after 3 attempts
[2026-06-02 00:00:06] [WARNING] Phase 2B unavailable, skipping duplicate detection
[2026-06-02 00:00:06] [INFO] === PHASE 2C: Trust Score Calculation ===
[2026-06-02 00:00:06] [WARNING] Phase 2C health check failed (attempt 1/3), retrying in 2s...
[2026-06-02 00:00:08] [WARNING] Phase 2C health check failed (attempt 2/3), retrying in 2s...
[2026-06-02 00:00:10] [ERROR] Phase 2C health check FAILED after 3 attempts
[2026-06-02 00:00:10] [WARNING] Phase 2C unavailable, skipping trust score calculation
[2026-06-02 00:00:10] [INFO] === MEMORY.md Auto-Update ===
[2026-06-02 00:00:10] [INFO] Memory backup created: MEMORY_20260602_000001.md.bak
[2026-06-02 00:00:10] [INFO] No entries eligible for merge (all below threshold or not ACCEPTED)
[2026-06-02 00:00:10] [INFO] === Cron Cycle Complete ===
[2026-06-02 00:00:10] [INFO] Cycle duration: 8216ms, activities logged: 0
[2026-06-02 00:00:10] [INFO] ╔════════════════════════════════════════════════════════╗
[2026-06-02 00:00:10] [INFO] ║  Cycle Complete — Check logs for details              ║
[2026-06-02 00:00:10] [INFO] ║  Log file: /home/jeepney/.openclaw/workspace-dev/memory/logs/phase2d-cron-20260602.log              ║
[2026-06-02 00:00:10] [INFO] ╚════════════════════════════════════════════════════════╝
[2026-06-02 00:05:01] [INFO] ╔════════════════════════════════════════════════════════╗
[2026-06-02 00:05:01] [INFO] ║  Phase 2D: Cron Integration — Full Cycle              ║
[2026-06-02 00:05:01] [INFO] ║  Start: 2026-06-02 00:05:01 KST                    ║
[2026-06-02 00:05:01] [INFO] ╚════════════════════════════════════════════════════════╝
[2026-06-02 00:05:01] [INFO] === PHASE 2A: Message Collection ===
[2026-06-02 00:05:01] [INFO] Phase 2A health check PASSED
[2026-06-02 00:05:01] [INFO] Phase 2A collected memory content (9863 bytes) in 26ms
[2026-06-02 00:05:01] [INFO] Memory collection saved to: memory_20260602_000501.json
[2026-06-02 00:05:01] [INFO] === PHASE 2B: Duplicate Detection ===
[2026-06-02 00:05:01] [WARNING] Phase 2B health check failed (attempt 1/3), retrying in 2s...
[2026-06-02 00:05:03] [WARNING] Phase 2B health check failed (attempt 2/3), retrying in 2s...
[2026-06-02 00:05:05] [ERROR] Phase 2B health check FAILED after 3 attempts
[2026-06-02 00:05:05] [WARNING] Phase 2B unavailable, skipping duplicate detection
[2026-06-02 00:05:05] [INFO] === PHASE 2C: Trust Score Calculation ===
[2026-06-02 00:05:05] [WARNING] Phase 2C health check failed (attempt 1/3), retrying in 2s...
[2026-06-02 00:05:07] [WARNING] Phase 2C health check failed (attempt 2/3), retrying in 2s...
[2026-06-02 00:05:09] [ERROR] Phase 2C health check FAILED after 3 attempts
[2026-06-02 00:05:09] [WARNING] Phase 2C unavailable, skipping trust score calculation
[2026-06-02 00:05:09] [INFO] === MEMORY.md Auto-Update ===
[2026-06-02 00:05:09] [INFO] Memory backup created: MEMORY_20260602_000501.md.bak
[2026-06-02 00:05:09] [INFO] No entries eligible for merge (all below threshold or not ACCEPTED)
[2026-06-02 00:05:09] [INFO] === Cron Cycle Complete ===
[2026-06-02 00:05:09] [INFO] Cycle duration: 8195ms, activities logged: 0
[2026-06-02 00:05:09] [INFO] ╔════════════════════════════════════════════════════════╗
[2026-06-02 00:05:09] [INFO] ║  Cycle Complete — Check logs for details              ║
[2026-06-02 00:05:09] [INFO] ║  Log file: /home/jeepney/.openclaw/workspace-dev/memory/logs/phase2d-cron-20260602.log              ║
[2026-06-02 00:05:09] [INFO] ╚════════════════════════════════════════════════════════╝
[2026-06-02 00:10:01] [INFO] ╔════════════════════════════════════════════════════════╗
[2026-06-02 00:10:01] [INFO] ║  Phase 2D: Cron Integration — Full Cycle              ║
[2026-06-02 00:10:01] [INFO] ║  Start: 2026-06-02 00:10:01 KST                    ║
[2026-06-02 00:10:01] [INFO] ╚════════════════════════════════════════════════════════╝
[2026-06-02 00:10:01] [INFO] === PHASE 2A: Message Collection ===
[2026-06-02 00:10:01] [INFO] Phase 2A health check PASSED
[2026-06-02 00:10:01] [INFO] Phase 2A collected memory content (9863 bytes) in 26ms
[2026-06-02 00:10:01] [INFO] Memory collection saved to: memory_20260602_001001.json
[2026-06-02 00:10:01] [INFO] === PHASE 2B: Duplicate Detection ===
[2026-06-02 00:10:01] [WARNING] Phase 2B health check failed (attempt 1/3), retrying in 2s...
[2026-06-02 00:10:03] [WARNING] Phase 2B health check failed (attempt 2/3), retrying in 2s...
[2026-06-02 00:10:05] [ERROR] Phase 2B health check FAILED after 3 attempts
[2026-06-02 00:10:05] [WARNING] Phase 2B unavailable, skipping duplicate detection
[2026-06-02 00:10:05] [INFO] === PHASE 2C: Trust Score Calculation ===
[2026-06-02 00:10:05] [WARNING] Phase 2C health check failed (attempt 1/3), retrying in 2s...
[2026-06-02 00:10:07] [WARNING] Phase 2C health check failed (attempt 2/3), retrying in 2s...
[2026-06-02 00:10:09] [ERROR] Phase 2C health check FAILED after 3 attempts
[2026-06-02 00:10:09] [WARNING] Phase 2C unavailable, skipping trust score calculation
[2026-06-02 00:10:09] [INFO] === MEMORY.md Auto-Update ===
[2026-06-02 00:10:09] [INFO] Memory backup created: MEMORY_20260602_001001.md.bak
[2026-06-02 00:10:09] [INFO] No entries eligible for merge (all below threshold or not ACCEPTED)
[2026-06-02 00:10:09] [INFO] === Cron Cycle Complete ===
[2026-06-02 00:10:09] [INFO] Cycle duration: 8182ms, activities logged: 0
[2026-06-02 00:10:09] [INFO] ╔════════════════════════════════════════════════════════╗
[2026-06-02 00:10:09] [INFO] ║  Cycle Complete — Check logs for details              ║
[2026-06-02 00:10:09] [INFO] ║  Log file: /home/jeepney/.openclaw/workspace-dev/memory/logs/phase2d-cron-20260602.log              ║
[2026-06-02 00:10:09] [INFO] ╚════════════════════════════════════════════════════════╝
[2026-06-02 00:15:01] [INFO] ╔════════════════════════════════════════════════════════╗
[2026-06-02 00:15:01] [INFO] ║  Phase 2D: Cron Integration — Full Cycle              ║
[2026-06-02 00:15:01] [INFO] ║  Start: 2026-06-02 00:15:01 KST                    ║
[2026-06-02 00:15:01] [INFO] ╚════════════════════════════════════════════════════════╝
[2026-06-02 00:15:01] [INFO] === PHASE 2A: Message Collection ===
[2026-06-02 00:15:01] [INFO] Phase 2A health check PASSED
[2026-06-02 00:15:01] [INFO] Phase 2A collected memory content (9863 bytes) in 34ms
[2026-06-02 00:15:01] [INFO] Memory collection saved to: memory_20260602_001501.json
[2026-06-02 00:15:01] [INFO] === PHASE 2B: Duplicate Detection ===
[2026-06-02 00:15:01] [WARNING] Phase 2B health check failed (attempt 1/3), retrying in 2s...
[2026-06-02 00:15:03] [WARNING] Phase 2B health check failed (attempt 2/3), retrying in 2s...
[2026-06-02 00:15:05] [ERROR] Phase 2B health check FAILED after 3 attempts
[2026-06-02 00:15:05] [WARNING] Phase 2B unavailable, skipping duplicate detection
[2026-06-02 00:15:05] [INFO] === PHASE 2C: Trust Score Calculation ===
[2026-06-02 00:15:05] [WARNING] Phase 2C health check failed (attempt 1/3), retrying in 2s...
[2026-06-02 00:15:07] [WARNING] Phase 2C health check failed (attempt 2/3), retrying in 2s...
[2026-06-02 00:15:09] [ERROR] Phase 2C health check FAILED after 3 attempts
[2026-06-02 00:15:09] [WARNING] Phase 2C unavailable, skipping trust score calculation
[2026-06-02 00:15:09] [INFO] === MEMORY.md Auto-Update ===
[2026-06-02 00:15:09] [INFO] Memory backup created: MEMORY_20260602_001501.md.bak
[2026-06-02 00:15:09] [INFO] No entries eligible for merge (all below threshold or not ACCEPTED)
[2026-06-02 00:15:09] [INFO] === Cron Cycle Complete ===
[2026-06-02 00:15:09] [INFO] Cycle duration: 8197ms, activities logged: 0
[2026-06-02 00:15:09] [INFO] ╔════════════════════════════════════════════════════════╗
[2026-06-02 00:15:09] [INFO] ║  Cycle Complete — Check logs for details              ║
[2026-06-02 00:15:09] [INFO] ║  Log file: /home/jeepney/.openclaw/workspace-dev/memory/logs/phase2d-cron-20260602.log              ║
[2026-06-02 00:15:09] [INFO] ╚════════════════════════════════════════════════════════╝
[2026-06-02 00:20:01] [INFO] ╔════════════════════════════════════════════════════════╗
[2026-06-02 00:20:01] [INFO] ║  Phase 2D: Cron Integration — Full Cycle              ║
[2026-06-02 00:20:01] [INFO] ║  Start: 2026-06-02 00:20:01 KST                    ║
[2026-06-02 00:20:01] [INFO] ╚════════════════════════════════════════════════════════╝
[2026-06-02 00:20:01] [INFO] === PHASE 2A: Message Collection ===
[2026-06-02 00:20:01] [INFO] Phase 2A health check PASSED
[2026-06-02 00:20:01] [INFO] Phase 2A collected memory content (9863 bytes) in 25ms
[2026-06-02 00:20:01] [INFO] Memory collection saved to: memory_20260602_002001.json
[2026-06-02 00:20:01] [INFO] === PHASE 2B: Duplicate Detection ===
[2026-06-02 00:20:01] [WARNING] Phase 2B health check failed (attempt 1/3), retrying in 2s...
[2026-06-02 00:20:03] [WARNING] Phase 2B health check failed (attempt 2/3), retrying in 2s...
[2026-06-02 00:20:05] [ERROR] Phase 2B health check FAILED after 3 attempts
[2026-06-02 00:20:05] [WARNING] Phase 2B unavailable, skipping duplicate detection
[2026-06-02 00:20:05] [INFO] === PHASE 2C: Trust Score Calculation ===
[2026-06-02 00:20:05] [WARNING] Phase 2C health check failed (attempt 1/3), retrying in 2s...
[2026-06-02 00:20:07] [WARNING] Phase 2C health check failed (attempt 2/3), retrying in 2s...
[2026-06-02 00:20:09] [ERROR] Phase 2C health check FAILED after 3 attempts
[2026-06-02 00:20:09] [WARNING] Phase 2C unavailable, skipping trust score calculation
[2026-06-02 00:20:09] [INFO] === MEMORY.md Auto-Update ===
[2026-06-02 00:20:09] [INFO] Memory backup created: MEMORY_20260602_002001.md.bak
[2026-06-02 00:20:09] [INFO] No entries eligible for merge (all below threshold or not ACCEPTED)
[2026-06-02 00:20:09] [INFO] === Cron Cycle Complete ===
[2026-06-02 00:20:09] [INFO] Cycle duration: 8179ms, activities logged: 0
[2026-06-02 00:20:09] [INFO] ╔════════════════════════════════════════════════════════╗
[2026-06-02 00:20:09] [INFO] ║  Cycle Complete — Check logs for details              ║
[2026-06-02 00:20:09] [INFO] ║  Log file: /home/jeepney/.openclaw/workspace-dev/memory/logs/phase2d-cron-20260602.log              ║
[2026-06-02 00:20:09] [INFO] ╚════════════════════════════════════════════════════════╝
[2026-06-02 00:25:01] [INFO] ╔════════════════════════════════════════════════════════╗
[2026-06-02 00:25:01] [INFO] ║  Phase 2D: Cron Integration — Full Cycle              ║
[2026-06-02 00:25:01] [INFO] ║  Start: 2026-06-02 00:25:01 KST                    ║
[2026-06-02 00:25:01] [INFO] ╚════════════════════════════════════════════════════════╝
[2026-06-02 00:25:01] [INFO] === PHASE 2A: Message Collection ===
[2026-06-02 00:25:01] [INFO] Phase 2A health check PASSED
[2026-06-02 00:25:01] [INFO] Phase 2A collected memory content (9863 bytes) in 25ms
[2026-06-02 00:25:01] [INFO] Memory collection saved to: memory_20260602_002501.json
[2026-06-02 00:25:01] [INFO] === PHASE 2B: Duplicate Detection ===
[2026-06-02 00:25:01] [WARNING] Phase 2B health check failed (attempt 1/3), retrying in 2s...
[2026-06-02 00:25:03] [WARNING] Phase 2B health check failed (attempt 2/3), retrying in 2s...
[2026-06-02 00:25:05] [ERROR] Phase 2B health check FAILED after 3 attempts
[2026-06-02 00:25:05] [WARNING] Phase 2B unavailable, skipping duplicate detection
[2026-06-02 00:25:05] [INFO] === PHASE 2C: Trust Score Calculation ===
[2026-06-02 00:25:05] [WARNING] Phase 2C health check failed (attempt 1/3), retrying in 2s...
[2026-06-02 00:25:07] [WARNING] Phase 2C health check failed (attempt 2/3), retrying in 2s...
[2026-06-02 00:25:09] [ERROR] Phase 2C health check FAILED after 3 attempts
[2026-06-02 00:25:09] [WARNING] Phase 2C unavailable, skipping trust score calculation
[2026-06-02 00:25:09] [INFO] === MEMORY.md Auto-Update ===
[2026-06-02 00:25:09] [INFO] Memory backup created: MEMORY_20260602_002501.md.bak
[2026-06-02 00:25:09] [INFO] No entries eligible for merge (all below threshold or not ACCEPTED)
[2026-06-02 00:25:09] [INFO] === Cron Cycle Complete ===
[2026-06-02 00:25:09] [INFO] Cycle duration: 8177ms, activities logged: 0
[2026-06-02 00:25:09] [INFO] ╔════════════════════════════════════════════════════════╗
[2026-06-02 00:25:09] [INFO] ║  Cycle Complete — Check logs for details              ║
[2026-06-02 00:25:09] [INFO] ║  Log file: /home/jeepney/.openclaw/workspace-dev/memory/logs/phase2d-cron-20260602.log              ║
[2026-06-02 00:25:09] [INFO] ╚════════════════════════════════════════════════════════╝
[2026-06-02 00:30:01] [INFO] ╔════════════════════════════════════════════════════════╗
[2026-06-02 00:30:01] [INFO] ║  Phase 2D: Cron Integration — Full Cycle              ║
[2026-06-02 00:30:01] [INFO] ║  Start: 2026-06-02 00:30:01 KST                    ║
[2026-06-02 00:30:01] [INFO] ╚════════════════════════════════════════════════════════╝
[2026-06-02 00:30:01] [INFO] === PHASE 2A: Message Collection ===
[2026-06-02 00:30:01] [INFO] Phase 2A health check PASSED
[2026-06-02 00:30:01] [INFO] Phase 2A collected memory content (9851 bytes) in 26ms
[2026-06-02 00:30:01] [INFO] Memory collection saved to: memory_20260602_003001.json
[2026-06-02 00:30:01] [INFO] === PHASE 2B: Duplicate Detection ===
[2026-06-02 00:30:01] [WARNING] Phase 2B health check failed (attempt 1/3), retrying in 2s...
[2026-06-02 00:30:03] [WARNING] Phase 2B health check failed (attempt 2/3), retrying in 2s...
[2026-06-02 00:30:05] [ERROR] Phase 2B health check FAILED after 3 attempts
[2026-06-02 00:30:05] [WARNING] Phase 2B unavailable, skipping duplicate detection
[2026-06-02 00:30:05] [INFO] === PHASE 2C: Trust Score Calculation ===
[2026-06-02 00:30:05] [WARNING] Phase 2C health check failed (attempt 1/3), retrying in 2s...
[2026-06-02 00:30:07] [WARNING] Phase 2C health check failed (attempt 2/3), retrying in 2s...
[2026-06-02 00:30:09] [ERROR] Phase 2C health check FAILED after 3 attempts
[2026-06-02 00:30:09] [WARNING] Phase 2C unavailable, skipping trust score calculation
[2026-06-02 00:30:09] [INFO] === MEMORY.md Auto-Update ===
[2026-06-02 00:30:09] [INFO] Memory backup created: MEMORY_20260602_003001.md.bak
[2026-06-02 00:30:09] [INFO] No entries eligible for merge (all below threshold or not ACCEPTED)
[2026-06-02 00:30:09] [INFO] === Cron Cycle Complete ===
[2026-06-02 00:30:09] [INFO] Cycle duration: 8181ms, activities logged: 0
[2026-06-02 00:30:09] [INFO] ╔════════════════════════════════════════════════════════╗
[2026-06-02 00:30:09] [INFO] ║  Cycle Complete — Check logs for details              ║
[2026-06-02 00:30:09] [INFO] ║  Log file: /home/jeepney/.openclaw/workspace-dev/memory/logs/phase2d-cron-20260602.log              ║
[2026-06-02 00:30:09] [INFO] ╚════════════════════════════════════════════════════════╝
[2026-06-02 00:35:01] [INFO] ╔════════════════════════════════════════════════════════╗
[2026-06-02 00:35:01] [INFO] ║  Phase 2D: Cron Integration — Full Cycle              ║
[2026-06-02 00:35:01] [INFO] ║  Start: 2026-06-02 00:35:01 KST                    ║
[2026-06-02 00:35:01] [INFO] ╚════════════════════════════════════════════════════════╝
[2026-06-02 00:35:01] [INFO] === PHASE 2A: Message Collection ===
[2026-06-02 00:35:01] [INFO] Phase 2A health check PASSED
[2026-06-02 00:35:01] [INFO] Phase 2A collected memory content (9851 bytes) in 26ms
[2026-06-02 00:35:01] [INFO] Memory collection saved to: memory_20260602_003501.json
[2026-06-02 00:35:01] [INFO] === PHASE 2B: Duplicate Detection ===
[2026-06-02 00:35:01] [WARNING] Phase 2B health check failed (attempt 1/3), retrying in 2s...
[2026-06-02 00:35:03] [WARNING] Phase 2B health check failed (attempt 2/3), retrying in 2s...
[2026-06-02 00:35:05] [ERROR] Phase 2B health check FAILED after 3 attempts
[2026-06-02 00:35:05] [WARNING] Phase 2B unavailable, skipping duplicate detection
[2026-06-02 00:35:05] [INFO] === PHASE 2C: Trust Score Calculation ===
[2026-06-02 00:35:05] [WARNING] Phase 2C health check failed (attempt 1/3), retrying in 2s...
[2026-06-02 00:35:07] [WARNING] Phase 2C health check failed (attempt 2/3), retrying in 2s...
[2026-06-02 00:35:09] [ERROR] Phase 2C health check FAILED after 3 attempts
[2026-06-02 00:35:09] [WARNING] Phase 2C unavailable, skipping trust score calculation
[2026-06-02 00:35:09] [INFO] === MEMORY.md Auto-Update ===
[2026-06-02 00:35:09] [INFO] Memory backup created: MEMORY_20260602_003501.md.bak
[2026-06-02 00:35:09] [INFO] No entries eligible for merge (all below threshold or not ACCEPTED)
[2026-06-02 00:35:09] [INFO] === Cron Cycle Complete ===
[2026-06-02 00:35:09] [INFO] Cycle duration: 8178ms, activities logged: 0
[2026-06-02 00:35:09] [INFO] ╔════════════════════════════════════════════════════════╗
[2026-06-02 00:35:09] [INFO] ║  Cycle Complete — Check logs for details              ║
[2026-06-02 00:35:09] [INFO] ║  Log file: /home/jeepney/.openclaw/workspace-dev/memory/logs/phase2d-cron-20260602.log              ║
[2026-06-02 00:35:09] [INFO] ╚════════════════════════════════════════════════════════╝
[2026-06-02 00:40:01] [INFO] ╔════════════════════════════════════════════════════════╗
[2026-06-02 00:40:01] [INFO] ║  Phase 2D: Cron Integration — Full Cycle              ║
[2026-06-02 00:40:01] [INFO] ║  Start: 2026-06-02 00:40:01 KST                    ║
[2026-06-02 00:40:01] [INFO] ╚════════════════════════════════════════════════════════╝
[2026-06-02 00:40:01] [INFO] === PHASE 2A: Message Collection ===
[2026-06-02 00:40:01] [INFO] Phase 2A health check PASSED
[2026-06-02 00:40:01] [INFO] Phase 2A collected memory content (9851 bytes) in 26ms
[2026-06-02 00:40:01] [INFO] Memory collection saved to: memory_20260602_004001.json
[2026-06-02 00:40:01] [INFO] === PHASE 2B: Duplicate Detection ===
[2026-06-02 00:40:01] [WARNING] Phase 2B health check failed (attempt 1/3), retrying in 2s...
[2026-06-02 00:40:03] [WARNING] Phase 2B health check failed (attempt 2/3), retrying in 2s...
[2026-06-02 00:40:05] [ERROR] Phase 2B health check FAILED after 3 attempts
[2026-06-02 00:40:05] [WARNING] Phase 2B unavailable, skipping duplicate detection
[2026-06-02 00:40:05] [INFO] === PHASE 2C: Trust Score Calculation ===
[2026-06-02 00:40:05] [WARNING] Phase 2C health check failed (attempt 1/3), retrying in 2s...
[2026-06-02 00:40:07] [WARNING] Phase 2C health check failed (attempt 2/3), retrying in 2s...
[2026-06-02 00:40:09] [ERROR] Phase 2C health check FAILED after 3 attempts
[2026-06-02 00:40:09] [WARNING] Phase 2C unavailable, skipping trust score calculation
[2026-06-02 00:40:09] [INFO] === MEMORY.md Auto-Update ===
[2026-06-02 00:40:09] [INFO] Memory backup created: MEMORY_20260602_004001.md.bak
[2026-06-02 00:40:09] [INFO] No entries eligible for merge (all below threshold or not ACCEPTED)
[2026-06-02 00:40:09] [INFO] === Cron Cycle Complete ===
[2026-06-02 00:40:09] [INFO] Cycle duration: 8193ms, activities logged: 0
[2026-06-02 00:40:09] [INFO] ╔════════════════════════════════════════════════════════╗
[2026-06-02 00:40:09] [INFO] ║  Cycle Complete — Check logs for details              ║
[2026-06-02 00:40:09] [INFO] ║  Log file: /home/jeepney/.openclaw/workspace-dev/memory/logs/phase2d-cron-20260602.log              ║
[2026-06-02 00:40:09] [INFO] ╚════════════════════════════════════════════════════════╝
[2026-06-02 00:45:01] [INFO] ╔════════════════════════════════════════════════════════╗
[2026-06-02 00:45:01] [INFO] ║  Phase 2D: Cron Integration — Full Cycle              ║
[2026-06-02 00:45:01] [INFO] ║  Start: 2026-06-02 00:45:01 KST                    ║
[2026-06-02 00:45:01] [INFO] ╚════════════════════════════════════════════════════════╝
[2026-06-02 00:45:01] [INFO] === PHASE 2A: Message Collection ===
[2026-06-02 00:45:01] [INFO] Phase 2A health check PASSED
[2026-06-02 00:45:01] [INFO] Phase 2A collected memory content (9851 bytes) in 26ms
[2026-06-02 00:45:01] [INFO] Memory collection saved to: memory_20260602_004501.json
[2026-06-02 00:45:01] [INFO] === PHASE 2B: Duplicate Detection ===
[2026-06-02 00:45:01] [WARNING] Phase 2B health check failed (attempt 1/3), retrying in 2s...
[2026-06-02 00:45:03] [WARNING] Phase 2B health check failed (attempt 2/3), retrying in 2s...
[2026-06-02 00:45:05] [ERROR] Phase 2B health check FAILED after 3 attempts
[2026-06-02 00:45:05] [WARNING] Phase 2B unavailable, skipping duplicate detection
[2026-06-02 00:45:05] [INFO] === PHASE 2C: Trust Score Calculation ===
[2026-06-02 00:45:05] [WARNING] Phase 2C health check failed (attempt 1/3), retrying in 2s...
[2026-06-02 00:45:07] [WARNING] Phase 2C health check failed (attempt 2/3), retrying in 2s...
[2026-06-02 00:45:09] [ERROR] Phase 2C health check FAILED after 3 attempts
[2026-06-02 00:45:09] [WARNING] Phase 2C unavailable, skipping trust score calculation
[2026-06-02 00:45:09] [INFO] === MEMORY.md Auto-Update ===
[2026-06-02 00:45:09] [INFO] Memory backup created: MEMORY_20260602_004501.md.bak
[2026-06-02 00:45:09] [INFO] No entries eligible for merge (all below threshold or not ACCEPTED)
[2026-06-02 00:45:09] [INFO] === Cron Cycle Complete ===
[2026-06-02 00:45:09] [INFO] Cycle duration: 8184ms, activities logged: 0
[2026-06-02 00:45:09] [INFO] ╔════════════════════════════════════════════════════════╗
[2026-06-02 00:45:09] [INFO] ║  Cycle Complete — Check logs for details              ║
[2026-06-02 00:45:09] [INFO] ║  Log file: /home/jeepney/.openclaw/workspace-dev/memory/logs/phase2d-cron-20260602.log              ║
[2026-06-02 00:45:09] [INFO] ╚════════════════════════════════════════════════════════╝
[2026-06-02 00:50:01] [INFO] ╔════════════════════════════════════════════════════════╗
[2026-06-02 00:50:01] [INFO] ║  Phase 2D: Cron Integration — Full Cycle              ║
[2026-06-02 00:50:01] [INFO] ║  Start: 2026-06-02 00:50:01 KST                    ║
[2026-06-02 00:50:01] [INFO] ╚════════════════════════════════════════════════════════╝
[2026-06-02 00:50:01] [INFO] === PHASE 2A: Message Collection ===
[2026-06-02 00:50:01] [INFO] Phase 2A health check PASSED
[2026-06-02 00:50:01] [INFO] Phase 2A collected memory content (9851 bytes) in 26ms
[2026-06-02 00:50:01] [INFO] Memory collection saved to: memory_20260602_005001.json
[2026-06-02 00:50:01] [INFO] === PHASE 2B: Duplicate Detection ===
[2026-06-02 00:50:01] [WARNING] Phase 2B health check failed (attempt 1/3), retrying in 2s...
[2026-06-02 00:50:03] [WARNING] Phase 2B health check failed (attempt 2/3), retrying in 2s...
[2026-06-02 00:50:05] [ERROR] Phase 2B health check FAILED after 3 attempts
[2026-06-02 00:50:05] [WARNING] Phase 2B unavailable, skipping duplicate detection
[2026-06-02 00:50:05] [INFO] === PHASE 2C: Trust Score Calculation ===
[2026-06-02 00:50:05] [WARNING] Phase 2C health check failed (attempt 1/3), retrying in 2s...
[2026-06-02 00:50:07] [WARNING] Phase 2C health check failed (attempt 2/3), retrying in 2s...
[2026-06-02 00:50:09] [ERROR] Phase 2C health check FAILED after 3 attempts
[2026-06-02 00:50:09] [WARNING] Phase 2C unavailable, skipping trust score calculation
[2026-06-02 00:50:09] [INFO] === MEMORY.md Auto-Update ===
[2026-06-02 00:50:09] [INFO] Memory backup created: MEMORY_20260602_005001.md.bak
[2026-06-02 00:50:09] [INFO] No entries eligible for merge (all below threshold or not ACCEPTED)
[2026-06-02 00:50:09] [INFO] === Cron Cycle Complete ===
[2026-06-02 00:50:09] [INFO] Cycle duration: 8183ms, activities logged: 0
[2026-06-02 00:50:09] [INFO] ╔════════════════════════════════════════════════════════╗
[2026-06-02 00:50:09] [INFO] ║  Cycle Complete — Check logs for details              ║
[2026-06-02 00:50:09] [INFO] ║  Log file: /home/jeepney/.openclaw/workspace-dev/memory/logs/phase2d-cron-20260602.log              ║
[2026-06-02 00:50:09] [INFO] ╚════════════════════════════════════════════════════════╝
[2026-06-02 00:55:01] [INFO] ╔════════════════════════════════════════════════════════╗
[2026-06-02 00:55:01] [INFO] ║  Phase 2D: Cron Integration — Full Cycle              ║
[2026-06-02 00:55:01] [INFO] ║  Start: 2026-06-02 00:55:01 KST                    ║
[2026-06-02 00:55:01] [INFO] ╚════════════════════════════════════════════════════════╝
[2026-06-02 00:55:01] [INFO] === PHASE 2A: Message Collection ===
[2026-06-02 00:55:01] [INFO] Phase 2A health check PASSED
[2026-06-02 00:55:01] [INFO] Phase 2A collected memory content (9851 bytes) in 26ms
[2026-06-02 00:55:01] [INFO] Memory collection saved to: memory_20260602_005501.json
[2026-06-02 00:55:01] [INFO] === PHASE 2B: Duplicate Detection ===
[2026-06-02 00:55:01] [WARNING] Phase 2B health check failed (attempt 1/3), retrying in 2s...
[2026-06-02 00:55:03] [WARNING] Phase 2B health check failed (attempt 2/3), retrying in 2s...
[2026-06-02 00:55:05] [ERROR] Phase 2B health check FAILED after 3 attempts
[2026-06-02 00:55:05] [WARNING] Phase 2B unavailable, skipping duplicate detection
[2026-06-02 00:55:05] [INFO] === PHASE 2C: Trust Score Calculation ===
[2026-06-02 00:55:05] [WARNING] Phase 2C health check failed (attempt 1/3), retrying in 2s...
[2026-06-02 00:55:07] [WARNING] Phase 2C health check failed (attempt 2/3), retrying in 2s...
[2026-06-02 00:55:09] [ERROR] Phase 2C health check FAILED after 3 attempts
[2026-06-02 00:55:09] [WARNING] Phase 2C unavailable, skipping trust score calculation
[2026-06-02 00:55:09] [INFO] === MEMORY.md Auto-Update ===
[2026-06-02 00:55:09] [INFO] Memory backup created: MEMORY_20260602_005501.md.bak
[2026-06-02 00:55:09] [INFO] No entries eligible for merge (all below threshold or not ACCEPTED)
[2026-06-02 00:55:09] [INFO] === Cron Cycle Complete ===
[2026-06-02 00:55:09] [INFO] Cycle duration: 8191ms, activities logged: 0
[2026-06-02 00:55:09] [INFO] ╔════════════════════════════════════════════════════════╗
[2026-06-02 00:55:09] [INFO] ║  Cycle Complete — Check logs for details              ║
[2026-06-02 00:55:09] [INFO] ║  Log file: /home/jeepney/.openclaw/workspace-dev/memory/logs/phase2d-cron-20260602.log              ║
[2026-06-02 00:55:09] [INFO] ╚════════════════════════════════════════════════════════╝
[2026-06-02 01:00:01] [INFO] ╔════════════════════════════════════════════════════════╗
[2026-06-02 01:00:01] [INFO] ║  Phase 2D: Cron Integration — Full Cycle              ║
[2026-06-02 01:00:01] [INFO] ║  Start: 2026-06-02 01:00:01 KST                    ║
[2026-06-02 01:00:01] [INFO] ╚════════════════════════════════════════════════════════╝
[2026-06-02 01:00:01] [INFO] === PHASE 2A: Message Collection ===
[2026-06-02 01:00:01] [INFO] Phase 2A health check PASSED
[2026-06-02 01:00:01] [INFO] Phase 2A collected memory content (9851 bytes) in 28ms
[2026-06-02 01:00:01] [INFO] Memory collection saved to: memory_20260602_010001.json
[2026-06-02 01:00:01] [INFO] === PHASE 2B: Duplicate Detection ===
[2026-06-02 01:00:01] [WARNING] Phase 2B health check failed (attempt 1/3), retrying in 2s...
[2026-06-02 01:00:03] [WARNING] Phase 2B health check failed (attempt 2/3), retrying in 2s...
[2026-06-02 01:00:05] [ERROR] Phase 2B health check FAILED after 3 attempts
[2026-06-02 01:00:05] [WARNING] Phase 2B unavailable, skipping duplicate detection
[2026-06-02 01:00:05] [INFO] === PHASE 2C: Trust Score Calculation ===
[2026-06-02 01:00:05] [WARNING] Phase 2C health check failed (attempt 1/3), retrying in 2s...
[2026-06-02 01:00:07] [WARNING] Phase 2C health check failed (attempt 2/3), retrying in 2s...
[2026-06-02 01:00:09] [ERROR] Phase 2C health check FAILED after 3 attempts
[2026-06-02 01:00:09] [WARNING] Phase 2C unavailable, skipping trust score calculation
[2026-06-02 01:00:09] [INFO] === MEMORY.md Auto-Update ===
[2026-06-02 01:00:09] [INFO] Memory backup created: MEMORY_20260602_010001.md.bak
[2026-06-02 01:00:09] [INFO] No entries eligible for merge (all below threshold or not ACCEPTED)
[2026-06-02 01:00:09] [INFO] === Cron Cycle Complete ===
[2026-06-02 01:00:09] [INFO] Cycle duration: 8189ms, activities logged: 0
[2026-06-02 01:00:09] [INFO] ╔════════════════════════════════════════════════════════╗
[2026-06-02 01:00:09] [INFO] ║  Cycle Complete — Check logs for details              ║
[2026-06-02 01:00:09] [INFO] ║  Log file: /home/jeepney/.openclaw/workspace-dev/memory/logs/phase2d-cron-20260602.log              ║
[2026-06-02 01:00:09] [INFO] ╚════════════════════════════════════════════════════════╝
[2026-06-02 01:05:01] [INFO] ╔════════════════════════════════════════════════════════╗
[2026-06-02 01:05:01] [INFO] ║  Phase 2D: Cron Integration — Full Cycle              ║
[2026-06-02 01:05:01] [INFO] ║  Start: 2026-06-02 01:05:01 KST                    ║
[2026-06-02 01:05:01] [INFO] ╚════════════════════════════════════════════════════════╝
[2026-06-02 01:05:01] [INFO] === PHASE 2A: Message Collection ===
[2026-06-02 01:05:01] [INFO] Phase 2A health check PASSED
[2026-06-02 01:05:01] [INFO] Phase 2A collected memory content (9851 bytes) in 26ms
[2026-06-02 01:05:01] [INFO] Memory collection saved to: memory_20260602_010501.json
[2026-06-02 01:05:01] [INFO] === PHASE 2B: Duplicate Detection ===
[2026-06-02 01:05:01] [WARNING] Phase 2B health check failed (attempt 1/3), retrying in 2s...
[2026-06-02 01:05:03] [WARNING] Phase 2B health check failed (attempt 2/3), retrying in 2s...
[2026-06-02 01:05:05] [ERROR] Phase 2B health check FAILED after 3 attempts
[2026-06-02 01:05:05] [WARNING] Phase 2B unavailable, skipping duplicate detection
[2026-06-02 01:05:05] [INFO] === PHASE 2C: Trust Score Calculation ===
[2026-06-02 01:05:05] [WARNING] Phase 2C health check failed (attempt 1/3), retrying in 2s...
[2026-06-02 01:05:07] [WARNING] Phase 2C health check failed (attempt 2/3), retrying in 2s...
[2026-06-02 01:05:09] [ERROR] Phase 2C health check FAILED after 3 attempts
[2026-06-02 01:05:09] [WARNING] Phase 2C unavailable, skipping trust score calculation
[2026-06-02 01:05:09] [INFO] === MEMORY.md Auto-Update ===
[2026-06-02 01:05:09] [INFO] Memory backup created: MEMORY_20260602_010501.md.bak
[2026-06-02 01:05:09] [INFO] No entries eligible for merge (all below threshold or not ACCEPTED)
[2026-06-02 01:05:09] [INFO] === Cron Cycle Complete ===
[2026-06-02 01:05:09] [INFO] Cycle duration: 8192ms, activities logged: 0
[2026-06-02 01:05:09] [INFO] ╔════════════════════════════════════════════════════════╗
[2026-06-02 01:05:09] [INFO] ║  Cycle Complete — Check logs for details              ║
[2026-06-02 01:05:09] [INFO] ║  Log file: /home/jeepney/.openclaw/workspace-dev/memory/logs/phase2d-cron-20260602.log              ║
[2026-06-02 01:05:09] [INFO] ╚════════════════════════════════════════════════════════╝
[2026-06-02 01:10:01] [INFO] ╔════════════════════════════════════════════════════════╗
[2026-06-02 01:10:01] [INFO] ║  Phase 2D: Cron Integration — Full Cycle              ║
[2026-06-02 01:10:01] [INFO] ║  Start: 2026-06-02 01:10:01 KST                    ║
[2026-06-02 01:10:01] [INFO] ╚════════════════════════════════════════════════════════╝
[2026-06-02 01:10:01] [INFO] === PHASE 2A: Message Collection ===
[2026-06-02 01:10:01] [INFO] Phase 2A health check PASSED
[2026-06-02 01:10:01] [INFO] Phase 2A collected memory content (9851 bytes) in 26ms
[2026-06-02 01:10:01] [INFO] Memory collection saved to: memory_20260602_011001.json
[2026-06-02 01:10:01] [INFO] === PHASE 2B: Duplicate Detection ===
[2026-06-02 01:10:01] [WARNING] Phase 2B health check failed (attempt 1/3), retrying in 2s...
[2026-06-02 01:10:03] [WARNING] Phase 2B health check failed (attempt 2/3), retrying in 2s...
[2026-06-02 01:10:05] [ERROR] Phase 2B health check FAILED after 3 attempts
[2026-06-02 01:10:05] [WARNING] Phase 2B unavailable, skipping duplicate detection
[2026-06-02 01:10:05] [INFO] === PHASE 2C: Trust Score Calculation ===
[2026-06-02 01:10:05] [WARNING] Phase 2C health check failed (attempt 1/3), retrying in 2s...
[2026-06-02 01:10:07] [WARNING] Phase 2C health check failed (attempt 2/3), retrying in 2s...
[2026-06-02 01:10:09] [ERROR] Phase 2C health check FAILED after 3 attempts
[2026-06-02 01:10:09] [WARNING] Phase 2C unavailable, skipping trust score calculation
[2026-06-02 01:10:09] [INFO] === MEMORY.md Auto-Update ===
[2026-06-02 01:10:09] [INFO] Memory backup created: MEMORY_20260602_011001.md.bak
[2026-06-02 01:10:09] [INFO] No entries eligible for merge (all below threshold or not ACCEPTED)
[2026-06-02 01:10:09] [INFO] === Cron Cycle Complete ===
[2026-06-02 01:10:09] [INFO] Cycle duration: 8179ms, activities logged: 0
[2026-06-02 01:10:09] [INFO] ╔════════════════════════════════════════════════════════╗
[2026-06-02 01:10:09] [INFO] ║  Cycle Complete — Check logs for details              ║
[2026-06-02 01:10:09] [INFO] ║  Log file: /home/jeepney/.openclaw/workspace-dev/memory/logs/phase2d-cron-20260602.log              ║
[2026-06-02 01:10:09] [INFO] ╚════════════════════════════════════════════════════════╝
[2026-06-02 01:15:01] [INFO] ╔════════════════════════════════════════════════════════╗
[2026-06-02 01:15:01] [INFO] ║  Phase 2D: Cron Integration — Full Cycle              ║
[2026-06-02 01:15:01] [INFO] ║  Start: 2026-06-02 01:15:01 KST                    ║
[2026-06-02 01:15:01] [INFO] ╚════════════════════════════════════════════════════════╝
[2026-06-02 01:15:01] [INFO] === PHASE 2A: Message Collection ===
[2026-06-02 01:15:01] [INFO] Phase 2A health check PASSED
[2026-06-02 01:15:01] [INFO] Phase 2A collected memory content (9851 bytes) in 32ms
[2026-06-02 01:15:01] [INFO] Memory collection saved to: memory_20260602_011501.json
[2026-06-02 01:15:01] [INFO] === PHASE 2B: Duplicate Detection ===
[2026-06-02 01:15:01] [WARNING] Phase 2B health check failed (attempt 1/3), retrying in 2s...
[2026-06-02 01:15:03] [WARNING] Phase 2B health check failed (attempt 2/3), retrying in 2s...
[2026-06-02 01:15:05] [ERROR] Phase 2B health check FAILED after 3 attempts
[2026-06-02 01:15:05] [WARNING] Phase 2B unavailable, skipping duplicate detection
[2026-06-02 01:15:05] [INFO] === PHASE 2C: Trust Score Calculation ===
[2026-06-02 01:15:05] [WARNING] Phase 2C health check failed (attempt 1/3), retrying in 2s...
[2026-06-02 01:15:07] [WARNING] Phase 2C health check failed (attempt 2/3), retrying in 2s...
[2026-06-02 01:15:09] [ERROR] Phase 2C health check FAILED after 3 attempts
[2026-06-02 01:15:09] [WARNING] Phase 2C unavailable, skipping trust score calculation
[2026-06-02 01:15:09] [INFO] === MEMORY.md Auto-Update ===
[2026-06-02 01:15:09] [INFO] Memory backup created: MEMORY_20260602_011501.md.bak
[2026-06-02 01:15:09] [INFO] No entries eligible for merge (all below threshold or not ACCEPTED)
[2026-06-02 01:15:09] [INFO] === Cron Cycle Complete ===
[2026-06-02 01:15:09] [INFO] Cycle duration: 8200ms, activities logged: 0
[2026-06-02 01:15:09] [INFO] ╔════════════════════════════════════════════════════════╗
[2026-06-02 01:15:09] [INFO] ║  Cycle Complete — Check logs for details              ║
[2026-06-02 01:15:09] [INFO] ║  Log file: /home/jeepney/.openclaw/workspace-dev/memory/logs/phase2d-cron-20260602.log              ║
[2026-06-02 01:15:09] [INFO] ╚════════════════════════════════════════════════════════╝
[2026-06-02 01:20:01] [INFO] ╔════════════════════════════════════════════════════════╗
[2026-06-02 01:20:01] [INFO] ║  Phase 2D: Cron Integration — Full Cycle              ║
[2026-06-02 01:20:01] [INFO] ║  Start: 2026-06-02 01:20:01 KST                    ║
[2026-06-02 01:20:01] [INFO] ╚════════════════════════════════════════════════════════╝
[2026-06-02 01:20:01] [INFO] === PHASE 2A: Message Collection ===
[2026-06-02 01:20:01] [INFO] Phase 2A health check PASSED
[2026-06-02 01:20:01] [INFO] Phase 2A collected memory content (9851 bytes) in 25ms
[2026-06-02 01:20:01] [INFO] Memory collection saved to: memory_20260602_012001.json
[2026-06-02 01:20:01] [INFO] === PHASE 2B: Duplicate Detection ===
[2026-06-02 01:20:01] [WARNING] Phase 2B health check failed (attempt 1/3), retrying in 2s...
[2026-06-02 01:20:03] [WARNING] Phase 2B health check failed (attempt 2/3), retrying in 2s...
[2026-06-02 01:20:05] [ERROR] Phase 2B health check FAILED after 3 attempts
[2026-06-02 01:20:05] [WARNING] Phase 2B unavailable, skipping duplicate detection
[2026-06-02 01:20:05] [INFO] === PHASE 2C: Trust Score Calculation ===
[2026-06-02 01:20:05] [WARNING] Phase 2C health check failed (attempt 1/3), retrying in 2s...
[2026-06-02 01:20:07] [WARNING] Phase 2C health check failed (attempt 2/3), retrying in 2s...
[2026-06-02 01:20:09] [ERROR] Phase 2C health check FAILED after 3 attempts
[2026-06-02 01:20:09] [WARNING] Phase 2C unavailable, skipping trust score calculation
[2026-06-02 01:20:09] [INFO] === MEMORY.md Auto-Update ===
[2026-06-02 01:20:09] [INFO] Memory backup created: MEMORY_20260602_012001.md.bak
[2026-06-02 01:20:09] [INFO] No entries eligible for merge (all below threshold or not ACCEPTED)
[2026-06-02 01:20:09] [INFO] === Cron Cycle Complete ===
[2026-06-02 01:20:09] [INFO] Cycle duration: 8185ms, activities logged: 0
[2026-06-02 01:20:09] [INFO] ╔════════════════════════════════════════════════════════╗
[2026-06-02 01:20:09] [INFO] ║  Cycle Complete — Check logs for details              ║
[2026-06-02 01:20:09] [INFO] ║  Log file: /home/jeepney/.openclaw/workspace-dev/memory/logs/phase2d-cron-20260602.log              ║
[2026-06-02 01:20:09] [INFO] ╚════════════════════════════════════════════════════════╝
[2026-06-02 01:25:02] [INFO] ╔════════════════════════════════════════════════════════╗
[2026-06-02 01:25:02] [INFO] ║  Phase 2D: Cron Integration — Full Cycle              ║
[2026-06-02 01:25:02] [INFO] ║  Start: 2026-06-02 01:25:02 KST                    ║
[2026-06-02 01:25:02] [INFO] ╚════════════════════════════════════════════════════════╝
[2026-06-02 01:25:02] [INFO] === PHASE 2A: Message Collection ===
[2026-06-02 01:25:02] [INFO] Phase 2A health check PASSED
[2026-06-02 01:25:02] [INFO] Phase 2A collected memory content (9851 bytes) in 25ms
[2026-06-02 01:25:02] [INFO] Memory collection saved to: memory_20260602_012501.json
[2026-06-02 01:25:02] [INFO] === PHASE 2B: Duplicate Detection ===
[2026-06-02 01:25:02] [WARNING] Phase 2B health check failed (attempt 1/3), retrying in 2s...
[2026-06-02 01:25:04] [WARNING] Phase 2B health check failed (attempt 2/3), retrying in 2s...
[2026-06-02 01:25:06] [ERROR] Phase 2B health check FAILED after 3 attempts
[2026-06-02 01:25:06] [WARNING] Phase 2B unavailable, skipping duplicate detection
[2026-06-02 01:25:06] [INFO] === PHASE 2C: Trust Score Calculation ===
[2026-06-02 01:25:06] [WARNING] Phase 2C health check failed (attempt 1/3), retrying in 2s...
[2026-06-02 01:25:08] [WARNING] Phase 2C health check failed (attempt 2/3), retrying in 2s...
[2026-06-02 01:25:10] [ERROR] Phase 2C health check FAILED after 3 attempts
[2026-06-02 01:25:10] [WARNING] Phase 2C unavailable, skipping trust score calculation
[2026-06-02 01:25:10] [INFO] === MEMORY.md Auto-Update ===
[2026-06-02 01:25:10] [INFO] Memory backup created: MEMORY_20260602_012502.md.bak
[2026-06-02 01:25:10] [INFO] No entries eligible for merge (all below threshold or not ACCEPTED)
[2026-06-02 01:25:10] [INFO] === Cron Cycle Complete ===
[2026-06-02 01:25:10] [INFO] Cycle duration: 8177ms, activities logged: 0
[2026-06-02 01:25:10] [INFO] ╔════════════════════════════════════════════════════════╗
[2026-06-02 01:25:10] [INFO] ║  Cycle Complete — Check logs for details              ║
[2026-06-02 01:25:10] [INFO] ║  Log file: /home/jeepney/.openclaw/workspace-dev/memory/logs/phase2d-cron-20260602.log              ║
[2026-06-02 01:25:10] [INFO] ╚════════════════════════════════════════════════════════╝
[2026-06-02 01:30:01] [INFO] ╔════════════════════════════════════════════════════════╗
[2026-06-02 01:30:01] [INFO] ║  Phase 2D: Cron Integration — Full Cycle              ║
[2026-06-02 01:30:01] [INFO] ║  Start: 2026-06-02 01:30:01 KST                    ║
[2026-06-02 01:30:01] [INFO] ╚════════════════════════════════════════════════════════╝
[2026-06-02 01:30:01] [INFO] === PHASE 2A: Message Collection ===
[2026-06-02 01:30:01] [INFO] Phase 2A health check PASSED
[2026-06-02 01:30:01] [INFO] Phase 2A collected memory content (9851 bytes) in 26ms
[2026-06-02 01:30:01] [INFO] Memory collection saved to: memory_20260602_013001.json
[2026-06-02 01:30:01] [INFO] === PHASE 2B: Duplicate Detection ===
[2026-06-02 01:30:01] [WARNING] Phase 2B health check failed (attempt 1/3), retrying in 2s...
[2026-06-02 01:30:03] [WARNING] Phase 2B health check failed (attempt 2/3), retrying in 2s...
[2026-06-02 01:30:05] [ERROR] Phase 2B health check FAILED after 3 attempts
[2026-06-02 01:30:05] [WARNING] Phase 2B unavailable, skipping duplicate detection
[2026-06-02 01:30:05] [INFO] === PHASE 2C: Trust Score Calculation ===
[2026-06-02 01:30:05] [WARNING] Phase 2C health check failed (attempt 1/3), retrying in 2s...
[2026-06-02 01:30:07] [WARNING] Phase 2C health check failed (attempt 2/3), retrying in 2s...
[2026-06-02 01:30:09] [ERROR] Phase 2C health check FAILED after 3 attempts
[2026-06-02 01:30:09] [WARNING] Phase 2C unavailable, skipping trust score calculation
[2026-06-02 01:30:09] [INFO] === MEMORY.md Auto-Update ===
[2026-06-02 01:30:09] [INFO] Memory backup created: MEMORY_20260602_013001.md.bak
[2026-06-02 01:30:09] [INFO] No entries eligible for merge (all below threshold or not ACCEPTED)
[2026-06-02 01:30:09] [INFO] === Cron Cycle Complete ===
[2026-06-02 01:30:09] [INFO] Cycle duration: 8201ms, activities logged: 0
[2026-06-02 01:30:09] [INFO] ╔════════════════════════════════════════════════════════╗
[2026-06-02 01:30:09] [INFO] ║  Cycle Complete — Check logs for details              ║
[2026-06-02 01:30:09] [INFO] ║  Log file: /home/jeepney/.openclaw/workspace-dev/memory/logs/phase2d-cron-20260602.log              ║
[2026-06-02 01:30:09] [INFO] ╚════════════════════════════════════════════════════════╝
[2026-06-02 01:35:01] [INFO] ╔════════════════════════════════════════════════════════╗
[2026-06-02 01:35:01] [INFO] ║  Phase 2D: Cron Integration — Full Cycle              ║
[2026-06-02 01:35:01] [INFO] ║  Start: 2026-06-02 01:35:01 KST                    ║
[2026-06-02 01:35:01] [INFO] ╚════════════════════════════════════════════════════════╝
[2026-06-02 01:35:01] [INFO] === PHASE 2A: Message Collection ===
[2026-06-02 01:35:01] [INFO] Phase 2A health check PASSED
[2026-06-02 01:35:01] [INFO] Phase 2A collected memory content (9851 bytes) in 26ms
[2026-06-02 01:35:01] [INFO] Memory collection saved to: memory_20260602_013501.json
[2026-06-02 01:35:01] [INFO] === PHASE 2B: Duplicate Detection ===
[2026-06-02 01:35:01] [WARNING] Phase 2B health check failed (attempt 1/3), retrying in 2s...
[2026-06-02 01:35:03] [WARNING] Phase 2B health check failed (attempt 2/3), retrying in 2s...
[2026-06-02 01:35:05] [ERROR] Phase 2B health check FAILED after 3 attempts
[2026-06-02 01:35:05] [WARNING] Phase 2B unavailable, skipping duplicate detection
[2026-06-02 01:35:05] [INFO] === PHASE 2C: Trust Score Calculation ===
[2026-06-02 01:35:05] [WARNING] Phase 2C health check failed (attempt 1/3), retrying in 2s...
[2026-06-02 01:35:07] [WARNING] Phase 2C health check failed (attempt 2/3), retrying in 2s...
[2026-06-02 01:35:09] [ERROR] Phase 2C health check FAILED after 3 attempts
[2026-06-02 01:35:09] [WARNING] Phase 2C unavailable, skipping trust score calculation
[2026-06-02 01:35:09] [INFO] === MEMORY.md Auto-Update ===
[2026-06-02 01:35:09] [INFO] Memory backup created: MEMORY_20260602_013501.md.bak
[2026-06-02 01:35:09] [INFO] No entries eligible for merge (all below threshold or not ACCEPTED)
[2026-06-02 01:35:09] [INFO] === Cron Cycle Complete ===
[2026-06-02 01:35:09] [INFO] Cycle duration: 8201ms, activities logged: 0
[2026-06-02 01:35:09] [INFO] ╔════════════════════════════════════════════════════════╗
[2026-06-02 01:35:09] [INFO] ║  Cycle Complete — Check logs for details              ║
[2026-06-02 01:35:09] [INFO] ║  Log file: /home/jeepney/.openclaw/workspace-dev/memory/logs/phase2d-cron-20260602.log              ║
[2026-06-02 01:35:09] [INFO] ╚════════════════════════════════════════════════════════╝
