Phase 2C Trust Score Calculator listening on port 3011
Health check: http://localhost:3011/health
API: http://localhost:3011/api/calculate-trust-scores
SIGTERM received, shutting down gracefully
Phase 2C Trust Score Calculator listening on port 3011
Health check: http://localhost:3011/health
API: http://localhost:3011/api/calculate-trust-scores
SIGTERM received, shutting down gracefully
Phase 2C Trust Score Calculator listening on port 3011
Health check: http://localhost:3011/health
API: http://localhost:3011/api/calculate-trust-scores
SIGTERM received, shutting down gracefully
Phase 2C Trust Score Calculator listening on port 3011
Health check: http://localhost:3011/health
API: http://localhost:3011/api/calculate-trust-scores
SIGTERM received, shutting down gracefully
Phase 2C Trust Score Calculator listening on port 3011
Health check: http://localhost:3011/health
API: http://localhost:3011/api/calculate-trust-scores
Phase 2C Trust Score Calculator listening on port 3011
Health check: http://localhost:3011/health
API: http://localhost:3011/api/calculate-trust-scores
node:events:497
      throw er; // Unhandled 'error' event
      ^

Error: listen EADDRINUSE: address already in use :::3011
    at Server.setupListenHandle [as _listen2] (node:net:1940:16)
    at listenInCluster (node:net:1997:12)
    at Server.listen (node:net:2102:7)
    at Function.listen (/home/jeepney/.openclaw/workspace-dev/memory-automation/node_modules/express/lib/application.js:635:24)
    at Object.<anonymous> (/home/jeepney/.openclaw/workspace-dev/memory-automation/phase2c-express-wrapper.js:121:5)
    at Module._compile (node:internal/modules/cjs/loader:1705:14)
    at Object..js (node:internal/modules/cjs/loader:1838:10)
    at Module.load (node:internal/modules/cjs/loader:1441:32)
    at Function._load (node:internal/modules/cjs/loader:1263:12)
    at TracingChannel.traceSync (node:diagnostics_channel:328:14)
Emitted 'error' event on Server instance at:
    at emitErrorNT (node:net:1976:8)
    at process.processTicksAndRejections (node:internal/process/task_queues:89:21) {
  code: 'EADDRINUSE',
  errno: -98,
  syscall: 'listen',
  address: '::',
  port: 3011
}

Node.js v22.22.2
Phase 2C Trust Score Calculator listening on port 3011
Health check: http://localhost:3011/health
API: http://localhost:3011/api/calculate-trust-scores
Phase 2C Trust Score Calculator listening on port 3011
Health check: http://localhost:3011/health
API: http://localhost:3011/api/calculate-trust-scores
SIGTERM received, shutting down gracefully
Phase 2C Trust Score Calculator listening on port 3011
Health check: http://localhost:3011/health
API: http://localhost:3011/api/calculate-trust-scores
Phase 2C Trust Score Calculator listening on port 3011
Health check: http://localhost:3011/health
API: http://localhost:3011/api/calculate-trust-scores
