[2026-05-28 02:01:36] [INFO] ========== Phase 2B Cron Job Start ==========
[2026-05-28 02:01:36] [INFO] Run ID: 1779901296
[2026-05-28 02:01:36] [INFO] Memory Dir: /home/jeepney/.openclaw/workspace-dev/memory
[2026-05-28 02:01:36] [INFO] Found 231 memory files to analyze
[2026-05-28 02:01:36] [INFO] Step 1: Pre-flight checks passed ✓
[2026-05-28 02:01:36] [INFO] Phase 2B service is running ✓
[2026-05-28 02:01:36] [INFO] Step 2: Service health check passed ✓
[2026-05-28 02:01:36] [INFO] Calling Phase 2B API for duplicate detection...
[2026-05-28 02:02:13] [INFO] ========== Phase 2B Cron Job Start ==========
[2026-05-28 02:02:13] [INFO] Run ID: 1779901333
[2026-05-28 02:02:13] [INFO] Memory Dir: /home/jeepney/.openclaw/workspace-dev/memory
[2026-05-28 02:02:13] [INFO] Found 231 memory files to analyze
[2026-05-28 02:02:13] [INFO] Step 1: Pre-flight checks passed ✓
[2026-05-28 02:02:13] [INFO] Phase 2B service is running ✓
[2026-05-28 02:02:13] [INFO] Step 2: Service health check passed ✓
[2026-05-28 02:02:13] [INFO] Using collect-and-detect endpoint for automatic Phase 2A integration...
[2026-05-28 02:02:53] [INFO] ========== Phase 2B Cron Job Start ==========
[2026-05-28 02:02:53] [INFO] Run ID: 1779901373
[2026-05-28 02:02:53] [INFO] Memory Dir: /home/jeepney/.openclaw/workspace-dev/memory
[2026-05-28 02:02:53] [INFO] Found 231 memory files to analyze
[2026-05-28 02:02:53] [INFO] Step 1: Pre-flight checks passed ✓
[2026-05-28 02:02:53] [INFO] Phase 2B service is running ✓
[2026-05-28 02:02:53] [INFO] Step 2: Service health check passed ✓
[2026-05-28 02:02:53] [INFO] Calling Phase 2B API for duplicate detection...
[2026-05-28 02:02:53] [INFO] Converting 231 memory files to entries...
[2026-05-28 02:02:57] [INFO] ========== Phase 2B Cron Job Start ==========
[2026-05-28 02:02:57] [INFO] Run ID: 1779901377
[2026-05-28 02:02:57] [INFO] Memory Dir: /home/jeepney/.openclaw/workspace-dev/memory
[2026-05-28 02:02:57] [INFO] Found 231 memory files to analyze
[2026-05-28 02:02:57] [INFO] Step 1: Pre-flight checks passed ✓
[2026-05-28 02:02:57] [INFO] Phase 2B service is running ✓
[2026-05-28 02:02:57] [INFO] Step 2: Service health check passed ✓
[2026-05-28 02:02:57] [INFO] Calling Phase 2B API for duplicate detection...
[2026-05-28 02:02:57] [INFO] Converting 231 memory files to entries...
[2026-05-28 02:03:25] [INFO] ========== Phase 2B Cron Job Start ==========
[2026-05-28 02:03:25] [INFO] Run ID: 1779901405
[2026-05-28 02:03:25] [INFO] Memory Dir: /home/jeepney/.openclaw/workspace-dev/memory
[2026-05-28 02:03:25] [INFO] Found 231 memory files to analyze
[2026-05-28 02:03:25] [INFO] Step 1: Pre-flight checks passed ✓
[2026-05-28 02:03:25] [INFO] Phase 2B service is running ✓
[2026-05-28 02:03:25] [INFO] Step 2: Service health check passed ✓
[2026-05-28 02:03:25] [INFO] Calling Phase 2B API for duplicate detection...
[2026-05-28 02:04:30] [INFO] ========== Phase 2B Cron Job Start ==========
[2026-05-28 02:04:30] [INFO] Run ID: 1779901470
[2026-05-28 02:04:30] [INFO] Memory Dir: /home/jeepney/.openclaw/workspace-dev/memory
[2026-05-28 02:04:30] [INFO] Found 231 memory files to analyze
[2026-05-28 02:04:30] [INFO] Step 1: Pre-flight checks passed ✓
[2026-05-28 02:04:30] [INFO] Phase 2B service is running ✓
[2026-05-28 02:04:30] [INFO] Step 2: Service health check passed ✓
[2026-05-28 02:04:30] [INFO] Calling Phase 2B API for duplicate detection...
[2026-05-28 02:04:30] [INFO] ✓ SUCCESS: Found unknown duplicate clusters across 231 files in unknownms
[2026-05-28 02:04:30] [INFO] Entries Processed: unknown
[2026-05-28 02:04:30] [INFO] Step 3: Duplicate detection completed ✓
[2026-05-28 02:04:30] Phase 2B run succeeded - unknown clusters found
[2026-05-28 02:04:30] [INFO] ========== Phase 2B Cron Job End ==========
[2026-05-28 02:04:44] [INFO] ========== Phase 2B Cron Job Start ==========
[2026-05-28 02:04:44] [INFO] Run ID: 1779901484
[2026-05-28 02:04:44] [INFO] Memory Dir: /home/jeepney/.openclaw/workspace-dev/memory
[2026-05-28 02:04:44] [INFO] Found 232 memory files to analyze
[2026-05-28 02:04:44] [INFO] Step 1: Pre-flight checks passed ✓
[2026-05-28 02:04:44] [INFO] Phase 2B service is running ✓
[2026-05-28 02:04:44] [INFO] Step 2: Service health check passed ✓
[2026-05-28 02:04:44] [INFO] Calling Phase 2B API for duplicate detection...
[2026-05-28 02:04:44] [INFO] ✓ SUCCESS: Found 3 duplicate clusters across 232 files in 2ms
[2026-05-28 02:04:44] [INFO] Entries Processed: 232
[2026-05-28 02:04:44] [INFO] Step 3: Duplicate detection completed ✓
[2026-05-28 02:04:44] Phase 2B run succeeded - 3 clusters found
[2026-05-28 02:04:44] [INFO] ========== Phase 2B Cron Job End ==========
[2026-05-28 06:00:01] [INFO] ========== Phase 2B Cron Job Start ==========
[2026-05-28 06:00:01] [INFO] Run ID: 1779915601
[2026-05-28 06:00:01] [INFO] Memory Dir: /home/jeepney/.openclaw/workspace-dev/memory
[2026-05-28 06:00:01] [INFO] Found 247 memory files to analyze
[2026-05-28 06:00:01] [INFO] Step 1: Pre-flight checks passed ✓
[2026-05-28 06:00:01] [INFO] Phase 2B service is running ✓
[2026-05-28 06:00:01] [INFO] Step 2: Service health check passed ✓
[2026-05-28 06:00:01] [INFO] Calling Phase 2B API for duplicate detection...
[2026-05-28 06:00:01] [INFO] ✓ SUCCESS: Found 4 duplicate clusters across 247 files in 4ms
[2026-05-28 06:00:01] [INFO] Entries Processed: 247
[2026-05-28 06:00:01] [INFO] Step 3: Duplicate detection completed ✓
[2026-05-28 06:00:01] Phase 2B run succeeded - 4 clusters found
[2026-05-28 06:00:01] [INFO] ========== Phase 2B Cron Job End ==========
[2026-05-28 06:01:01] [INFO] ========== Phase 2B Cron Job Start ==========
[2026-05-28 06:01:01] [INFO] Run ID: 1779915661
[2026-05-28 06:01:01] [INFO] Memory Dir: /home/jeepney/.openclaw/workspace-dev/memory
[2026-05-28 06:01:01] [INFO] Found 247 memory files to analyze
[2026-05-28 06:01:01] [INFO] Step 1: Pre-flight checks passed ✓
[2026-05-28 06:01:01] [INFO] Phase 2B service is running ✓
[2026-05-28 06:01:01] [INFO] Step 2: Service health check passed ✓
[2026-05-28 06:01:01] [INFO] Calling Phase 2B API for duplicate detection...
[2026-05-28 06:01:01] [INFO] ✓ SUCCESS: Found 4 duplicate clusters across 247 files in 2ms
[2026-05-28 06:01:01] [INFO] Entries Processed: 247
[2026-05-28 06:01:01] [INFO] Step 3: Duplicate detection completed ✓
[2026-05-28 06:01:01] Phase 2B run succeeded - 4 clusters found
[2026-05-28 06:01:01] [INFO] ========== Phase 2B Cron Job End ==========
[2026-05-28 10:00:01] [INFO] ========== Phase 2B Cron Job Start ==========
[2026-05-28 10:00:01] [INFO] Run ID: 1779930001
[2026-05-28 10:00:01] [INFO] Memory Dir: /home/jeepney/.openclaw/workspace-dev/memory
[2026-05-28 10:00:01] [INFO] Found 250 memory files to analyze
[2026-05-28 10:00:01] [INFO] Step 1: Pre-flight checks passed ✓
[2026-05-28 10:00:01] [INFO] Phase 2B service is running ✓
[2026-05-28 10:00:01] [INFO] Step 2: Service health check passed ✓
[2026-05-28 10:00:01] [INFO] Calling Phase 2B API for duplicate detection...
[2026-05-28 10:01:51] [INFO] ========== Phase 2B Cron Job Start ==========
[2026-05-28 10:01:51] [INFO] Run ID: 1779930111
[2026-05-28 10:01:51] [INFO] Memory Dir: /home/jeepney/.openclaw/workspace-dev/memory
[2026-05-28 10:01:51] [INFO] Found 250 memory files to analyze
[2026-05-28 10:01:51] [INFO] Step 1: Pre-flight checks passed ✓
[2026-05-28 10:01:51] [INFO] Phase 2B service is running ✓
[2026-05-28 10:01:51] [INFO] Step 2: Service health check passed ✓
[2026-05-28 10:01:51] [INFO] Calling Phase 2B API for duplicate detection...
[2026-05-28 10:02:30] [INFO] ========== Phase 2B Cron Job Start ==========
[2026-05-28 10:02:30] [INFO] Run ID: 1779930150
[2026-05-28 10:02:30] [INFO] Memory Dir: /home/jeepney/.openclaw/workspace-dev/memory
[2026-05-28 10:02:30] [INFO] Found 250 memory files to analyze
[2026-05-28 10:02:30] [INFO] Step 1: Pre-flight checks passed ✓
[2026-05-28 10:02:30] [INFO] Phase 2B service is running ✓
[2026-05-28 10:02:30] [INFO] Step 2: Service health check passed ✓
[2026-05-28 10:02:30] [INFO] Calling Phase 2B API for duplicate detection...
[2026-05-28 10:04:53] [INFO] ========== Phase 2B Cron Job Start ==========
[2026-05-28 10:04:53] [INFO] Run ID: 1779930293
[2026-05-28 10:04:53] [INFO] Memory Dir: /home/jeepney/.openclaw/workspace-dev/memory
[2026-05-28 10:04:53] [INFO] Found 250 memory files to analyze
[2026-05-28 10:04:53] [INFO] Step 1: Pre-flight checks passed ✓
[2026-05-28 10:04:53] [INFO] Phase 2B service is running ✓
[2026-05-28 10:04:53] [INFO] Step 2: Service health check passed ✓
[2026-05-28 10:04:53] [INFO] Calling Phase 2B API for duplicate detection...
[2026-05-28 10:04:53] [INFO] ✓ SUCCESS: Found unknown duplicate clusters across 250 files in unknownms
[2026-05-28 10:04:53] [INFO] Entries Processed: 250
[2026-05-28 10:04:53] [INFO] Step 3: Duplicate detection completed ✓
[2026-05-28 10:04:53] Phase 2B run succeeded - unknown clusters found
[2026-05-28 10:04:53] [INFO] ========== Phase 2B Cron Job End ==========
[2026-05-28 14:00:01] [INFO] ========== Phase 2B Cron Job Start ==========
[2026-05-28 14:00:01] [INFO] Run ID: 1779944401
[2026-05-28 14:00:01] [INFO] Memory Dir: /home/jeepney/.openclaw/workspace-dev/memory
[2026-05-28 14:00:01] [INFO] Found 251 memory files to analyze
[2026-05-28 14:00:01] [INFO] Step 1: Pre-flight checks passed ✓
[2026-05-28 14:00:01] [WARN] Health check attempt 1 failed, retrying in 5s...
[2026-05-28 14:00:06] [WARN] Health check attempt 2 failed, retrying in 5s...
