[2026-06-06 12:06:01] ✓ Watchdog cycle complete
[2026-06-06 12:08:02] ✓ Watchdog cycle complete
[2026-06-06 12:10:01] ✓ Watchdog cycle complete
[2026-06-06 12:12:02] ✓ Watchdog cycle complete
[2026-06-06 12:14:03] ✓ Watchdog cycle complete
[2026-06-06 12:16:01] ✓ Watchdog cycle complete
[2026-06-06 12:18:01] ✓ Watchdog cycle complete
[2026-06-06 12:20:01] ✓ Watchdog cycle complete
[2026-06-06 12:22:01] ⚠️  Next.js FMS Portal (3000) DOWN — Restarting...
[2026-06-06 12:22:09] ✅ Next.js FMS Portal (3000) RESTARTED successfully
[2026-06-06 12:22:09] ✓ Watchdog cycle complete
[2026-06-06 12:24:01] ✓ Watchdog cycle complete
[2026-06-06 12:26:01] ✓ Watchdog cycle complete
[2026-06-06 12:28:02] ✓ Watchdog cycle complete
[2026-06-06 12:30:01] ✓ Watchdog cycle complete
[2026-06-06 12:32:01] ✓ Watchdog cycle complete
[2026-06-06 12:34:01] ✓ Watchdog cycle complete
[2026-06-06 12:36:02] ✓ Watchdog cycle complete
[2026-06-06 12:38:01] ✓ Watchdog cycle complete
[2026-06-06 12:40:01] ✓ Watchdog cycle complete
[2026-06-06 12:42:01] ✓ Watchdog cycle complete
[2026-06-06 12:44:01] ✓ Watchdog cycle complete
[2026-06-06 12:46:01] ✓ Watchdog cycle complete
[2026-06-06 12:48:01] ✓ Watchdog cycle complete
[2026-06-06 12:50:01] ✓ Watchdog cycle complete
[2026-06-06 12:52:01] ✓ Watchdog cycle complete
[2026-06-06 12:54:01] ✓ Watchdog cycle complete
[2026-06-06 12:56:01] ✓ Watchdog cycle complete
[2026-06-06 12:58:01] ✓ Watchdog cycle complete
[2026-06-06 13:00:01] ✓ Watchdog cycle complete
[2026-06-06 13:02:01] ✓ Watchdog cycle complete
[2026-06-06 13:04:01] ✓ Watchdog cycle complete
[2026-06-06 13:06:01] ✓ Watchdog cycle complete
[2026-06-06 13:08:01] ✓ Watchdog cycle complete
[2026-06-06 13:10:02] ✓ Watchdog cycle complete
[2026-06-06 13:12:01] ✓ Watchdog cycle complete
[2026-06-06 13:14:01] ✓ Watchdog cycle complete
[2026-06-06 13:16:01] ✓ Watchdog cycle complete
[2026-06-06 13:18:01] ✓ Watchdog cycle complete
[2026-06-06 13:20:01] ✓ Watchdog cycle complete
[2026-06-06 13:22:01] ✓ Watchdog cycle complete
[2026-06-06 13:24:01] ✓ Watchdog cycle complete
[2026-06-06 13:26:01] ✓ Watchdog cycle complete
[2026-06-06 13:28:01] ✓ Watchdog cycle complete
[2026-06-06 13:30:01] ✓ Watchdog cycle complete
[2026-06-06 13:32:01] ✓ Watchdog cycle complete
[2026-06-06 13:34:01] ✓ Watchdog cycle complete
[2026-06-06 13:36:01] ✓ Watchdog cycle complete
[2026-06-06 13:38:01] ✓ Watchdog cycle complete
[2026-06-06 13:40:01] ✓ Watchdog cycle complete
[2026-06-06 13:42:01] ✓ Watchdog cycle complete
[2026-06-06 13:44:01] ✓ Watchdog cycle complete
[2026-06-06 13:46:01] ✓ Watchdog cycle complete
[2026-06-06 13:48:01] ✓ Watchdog cycle complete
[2026-06-06 13:50:01] ✓ Watchdog cycle complete
[2026-06-06 13:52:01] ✓ Watchdog cycle complete
[2026-06-06 13:54:01] ✓ Watchdog cycle complete
[2026-06-06 13:56:01] ✓ Watchdog cycle complete
[2026-06-06 17:40:01] ✓ Watchdog cycle complete
[2026-06-06 17:44:01] ⚠️  Next.js FMS Portal (3000) DOWN — Restarting...
[2026-06-06 17:44:08] ✅ Next.js FMS Portal (3000) RESTARTED successfully
[2026-06-06 17:44:08] ✓ Watchdog cycle complete
[2026-06-06 17:46:01] ✓ Watchdog cycle complete
[2026-06-06 17:48:01] ✓ Watchdog cycle complete
[2026-06-06 17:50:01] ✓ Watchdog cycle complete
[2026-06-06 17:52:02] ✓ Watchdog cycle complete
[2026-06-06 17:54:01] ✓ Watchdog cycle complete
[2026-06-06 17:56:02] ✓ Watchdog cycle complete
[2026-06-06 17:58:02] ✓ Watchdog cycle complete
[2026-06-06 18:00:01] ✓ Watchdog cycle complete
[2026-06-06 18:02:02] ✓ Watchdog cycle complete
[2026-06-06 18:04:01] ✓ Watchdog cycle complete
[2026-06-06 18:06:01] ✓ Watchdog cycle complete
[2026-06-06 18:08:02] ✓ Watchdog cycle complete
[2026-06-06 18:10:01] ✓ Watchdog cycle complete
[2026-06-06 18:12:01] ✓ Watchdog cycle complete
[2026-06-06 18:14:01] ✓ Watchdog cycle complete
[2026-06-06 18:16:02] ✓ Watchdog cycle complete
[2026-06-06 18:18:01] ✓ Watchdog cycle complete
[2026-06-06 18:20:01] ✓ Watchdog cycle complete
[2026-06-06 18:22:01] ✓ Watchdog cycle complete
[2026-06-06 18:24:01] ✓ Watchdog cycle complete
[2026-06-06 18:26:02] ✓ Watchdog cycle complete
[2026-06-06 18:28:01] ✓ Watchdog cycle complete
[2026-06-06 18:30:01] ✓ Watchdog cycle complete
[2026-06-06 18:32:01] ✓ Watchdog cycle complete
[2026-06-06 18:34:01] ✓ Watchdog cycle complete
[2026-06-06 18:36:01] ✓ Watchdog cycle complete
[2026-06-06 18:38:01] ✓ Watchdog cycle complete
[2026-06-06 18:40:01] ✓ Watchdog cycle complete
[2026-06-06 18:42:01] ✓ Watchdog cycle complete
[2026-06-06 18:44:01] ✓ Watchdog cycle complete
[2026-06-06 18:46:01] ✓ Watchdog cycle complete
[2026-06-06 18:48:01] ✓ Watchdog cycle complete
[2026-06-06 18:50:01] ✓ Watchdog cycle complete
[2026-06-06 18:52:01] ✓ Watchdog cycle complete
[2026-06-06 18:54:01] ✓ Watchdog cycle complete
[2026-06-06 18:56:01] ✓ Watchdog cycle complete
[2026-06-06 18:58:01] ✓ Watchdog cycle complete
[2026-06-06 19:00:01] ✓ Watchdog cycle complete
[2026-06-06 19:02:01] ✓ Watchdog cycle complete
[2026-06-06 19:04:01] ✓ Watchdog cycle complete
[2026-06-06 19:06:01] ✓ Watchdog cycle complete
[2026-06-06 19:08:01] ✓ Watchdog cycle complete
[2026-06-06 19:10:01] ✓ Watchdog cycle complete
[2026-06-06 19:12:01] ✓ Watchdog cycle complete
[2026-06-06 19:14:01] ✓ Watchdog cycle complete
[2026-06-06 19:16:01] ✓ Watchdog cycle complete
[2026-06-06 19:18:01] ✓ Watchdog cycle complete
[2026-06-06 19:20:01] ✓ Watchdog cycle complete
[2026-06-06 19:22:01] ✓ Watchdog cycle complete
[2026-06-06 19:24:01] ✓ Watchdog cycle complete
[2026-06-06 19:26:01] ✓ Watchdog cycle complete
[2026-06-06 19:28:01] ✓ Watchdog cycle complete
[2026-06-06 19:30:01] ✓ Watchdog cycle complete
[2026-06-06 19:32:01] ✓ Watchdog cycle complete
[2026-06-06 19:34:01] ✓ Watchdog cycle complete
[2026-06-06 19:36:01] ✓ Watchdog cycle complete
[2026-06-06 19:38:01] ✓ Watchdog cycle complete
[2026-06-06 19:40:01] ✓ Watchdog cycle complete
[2026-06-06 19:42:01] ✓ Watchdog cycle complete
[2026-06-06 19:44:01] ✓ Watchdog cycle complete
[2026-06-06 19:46:01] ✓ Watchdog cycle complete
[2026-06-06 19:48:01] ✓ Watchdog cycle complete
[2026-06-06 19:50:01] ✓ Watchdog cycle complete
[2026-06-06 19:52:01] ✓ Watchdog cycle complete
[2026-06-06 19:54:01] ✓ Watchdog cycle complete
[2026-06-06 19:56:01] ✓ Watchdog cycle complete
[2026-06-06 19:58:01] ✓ Watchdog cycle complete
[2026-06-06 20:00:01] ✓ Watchdog cycle complete
[2026-06-06 20:02:01] ✓ Watchdog cycle complete
[2026-06-06 20:04:01] ✓ Watchdog cycle complete
[2026-06-06 20:06:01] ✓ Watchdog cycle complete
[2026-06-06 20:08:01] ✓ Watchdog cycle complete
[2026-06-06 20:10:01] ✓ Watchdog cycle complete
[2026-06-06 20:12:02] ✓ Watchdog cycle complete
[2026-06-06 20:14:01] ✓ Watchdog cycle complete
[2026-06-06 20:16:01] ✓ Watchdog cycle complete
[2026-06-06 20:18:02] ✓ Watchdog cycle complete
[2026-06-06 20:20:01] ✓ Watchdog cycle complete
[2026-06-06 20:22:01] ✓ Watchdog cycle complete
[2026-06-06 20:24:01] ✓ Watchdog cycle complete
[2026-06-06 20:26:02] ✓ Watchdog cycle complete
[2026-06-06 20:28:02] ✓ Watchdog cycle complete
[2026-06-06 20:30:01] ✓ Watchdog cycle complete
[2026-06-06 20:32:01] ✓ Watchdog cycle complete
[2026-06-06 20:34:01] ✓ Watchdog cycle complete
[2026-06-06 20:36:01] ✓ Watchdog cycle complete
[2026-06-06 20:38:01] ✓ Watchdog cycle complete
[2026-06-06 20:40:01] ✓ Watchdog cycle complete
[2026-06-06 20:42:01] ✓ Watchdog cycle complete
[2026-06-06 20:44:01] ✓ Watchdog cycle complete
[2026-06-06 20:46:01] ✓ Watchdog cycle complete
[2026-06-06 20:48:01] ✓ Watchdog cycle complete
[2026-06-06 20:50:01] ✓ Watchdog cycle complete
[2026-06-06 20:52:01] ✓ Watchdog cycle complete
[2026-06-06 20:54:01] ✓ Watchdog cycle complete
[2026-06-06 20:56:01] ✓ Watchdog cycle complete
[2026-06-06 20:58:01] ✓ Watchdog cycle complete
[2026-06-06 21:00:01] ✓ Watchdog cycle complete
[2026-06-06 21:02:01] ✓ Watchdog cycle complete
[2026-06-06 21:04:01] ✓ Watchdog cycle complete
[2026-06-06 21:06:01] ✓ Watchdog cycle complete
[2026-06-06 21:08:01] ✓ Watchdog cycle complete
[2026-06-06 21:10:01] ✓ Watchdog cycle complete
[2026-06-06 21:12:02] ✓ Watchdog cycle complete
[2026-06-06 21:14:01] ✓ Watchdog cycle complete
[2026-06-06 21:16:01] ✓ Watchdog cycle complete
[2026-06-06 21:18:02] ✓ Watchdog cycle complete
[2026-06-06 21:20:02] ✓ Watchdog cycle complete
[2026-06-06 21:22:01] ✓ Watchdog cycle complete
[2026-06-06 21:24:01] ✓ Watchdog cycle complete
[2026-06-06 21:26:01] ✓ Watchdog cycle complete
[2026-06-06 21:28:01] ✓ Watchdog cycle complete
[2026-06-06 21:30:02] ✓ Watchdog cycle complete
[2026-06-06 21:32:01] ✓ Watchdog cycle complete
[2026-06-06 21:34:01] ✓ Watchdog cycle complete
[2026-06-06 21:36:01] ✓ Watchdog cycle complete
[2026-06-06 21:38:02] ✓ Watchdog cycle complete
[2026-06-06 21:40:01] ✓ Watchdog cycle complete
[2026-06-06 21:42:02] ✓ Watchdog cycle complete
[2026-06-06 21:44:01] ✓ Watchdog cycle complete
[2026-06-06 21:46:01] ✓ Watchdog cycle complete
[2026-06-06 21:48:01] ⚠️  Next.js FMS Portal (3000) DOWN — Restarting...
[2026-06-06 21:48:09] ✅ Next.js FMS Portal (3000) RESTARTED successfully
[2026-06-06 21:48:09] ✓ Watchdog cycle complete
[2026-06-06 21:50:01] ✓ Watchdog cycle complete
[2026-06-06 21:52:02] ✓ Watchdog cycle complete
[2026-06-06 21:54:02] ✓ Watchdog cycle complete
[2026-06-06 21:56:01] ✓ Watchdog cycle complete
[2026-06-06 21:58:01] ✓ Watchdog cycle complete
[2026-06-06 22:00:01] ✓ Watchdog cycle complete
[2026-06-06 22:02:01] ✓ Watchdog cycle complete
[2026-06-06 22:04:01] ✓ Watchdog cycle complete
[2026-06-06 22:06:01] ✓ Watchdog cycle complete
[2026-06-06 22:08:01] ✓ Watchdog cycle complete
[2026-06-06 22:10:01] ✓ Watchdog cycle complete
[2026-06-06 22:12:01] ✓ Watchdog cycle complete
[2026-06-06 22:14:01] ✓ Watchdog cycle complete
[2026-06-06 22:16:01] ✓ Watchdog cycle complete
[2026-06-06 22:18:01] ✓ Watchdog cycle complete
[2026-06-06 22:20:01] ✓ Watchdog cycle complete
[2026-06-06 22:22:01] ✓ Watchdog cycle complete
[2026-06-06 22:24:01] ✓ Watchdog cycle complete
[2026-06-06 22:26:01] ✓ Watchdog cycle complete
[2026-06-06 22:28:01] ✓ Watchdog cycle complete
[2026-06-06 22:30:01] ✓ Watchdog cycle complete
[2026-06-06 22:32:01] ✓ Watchdog cycle complete
[2026-06-06 22:34:01] ✓ Watchdog cycle complete
[2026-06-06 22:36:01] ✓ Watchdog cycle complete
[2026-06-06 22:38:01] ✓ Watchdog cycle complete
[2026-06-06 22:40:01] ✓ Watchdog cycle complete
[2026-06-06 22:42:01] ✓ Watchdog cycle complete
[2026-06-06 22:44:01] ✓ Watchdog cycle complete
[2026-06-06 22:46:01] ✓ Watchdog cycle complete
[2026-06-06 22:48:01] ✓ Watchdog cycle complete
[2026-06-06 22:50:01] ✓ Watchdog cycle complete
[2026-06-06 22:52:01] ✓ Watchdog cycle complete
[2026-06-06 22:54:01] ✓ Watchdog cycle complete
[2026-06-06 22:56:01] ✓ Watchdog cycle complete
[2026-06-06 22:58:01] ✓ Watchdog cycle complete
[2026-06-06 23:00:01] ✓ Watchdog cycle complete
[2026-06-06 23:02:01] ✓ Watchdog cycle complete
[2026-06-06 23:04:01] ✓ Watchdog cycle complete
[2026-06-06 23:06:01] ✓ Watchdog cycle complete
[2026-06-06 23:08:01] ✓ Watchdog cycle complete
[2026-06-06 23:10:01] ✓ Watchdog cycle complete
[2026-06-06 23:12:01] ✓ Watchdog cycle complete
[2026-06-06 23:14:01] ✓ Watchdog cycle complete
[2026-06-06 23:16:01] ✓ Watchdog cycle complete
[2026-06-06 23:18:01] ✓ Watchdog cycle complete
[2026-06-06 23:20:01] ✓ Watchdog cycle complete
[2026-06-06 23:22:01] ✓ Watchdog cycle complete
[2026-06-06 23:24:01] ✓ Watchdog cycle complete
[2026-06-06 23:26:01] ✓ Watchdog cycle complete
[2026-06-06 23:28:01] ✓ Watchdog cycle complete
[2026-06-06 23:30:01] ✓ Watchdog cycle complete
[2026-06-06 23:32:01] ✓ Watchdog cycle complete
[2026-06-06 23:34:01] ✓ Watchdog cycle complete
[2026-06-06 23:36:01] ✓ Watchdog cycle complete
[2026-06-06 23:38:01] ✓ Watchdog cycle complete
[2026-06-06 23:40:01] ✓ Watchdog cycle complete
[2026-06-06 23:42:01] ✓ Watchdog cycle complete
[2026-06-06 23:44:01] ⚠️  Phase2A (3009) DOWN — Restarting...
[2026-06-06 23:44:04] ✅ Phase2A (3009) RESTARTED successfully
[2026-06-06 23:44:04] ⚠️  Phase2B (3010) DOWN — Restarting...
[2026-06-06 23:44:07] ✅ Phase2B (3010) RESTARTED successfully
[2026-06-06 23:44:07] ⚠️  Phase2C (3011) DOWN — Restarting...
[2026-06-06 23:44:10] ✅ Phase2C (3011) RESTARTED successfully
[2026-06-06 23:44:10] ✓ Watchdog cycle complete
[2026-06-06 23:46:01] ✓ Watchdog cycle complete
[2026-06-06 23:48:01] ✓ Watchdog cycle complete
[2026-06-06 23:50:01] ✓ Watchdog cycle complete
[2026-06-06 23:52:01] ✓ Watchdog cycle complete
[2026-06-06 23:54:01] ✓ Watchdog cycle complete
[2026-06-06 23:56:01] ✓ Watchdog cycle complete
[2026-06-06 23:58:01] ✓ Watchdog cycle complete
[2026-06-07 00:00:01] ✓ Watchdog cycle complete
[2026-06-07 00:02:01] ✓ Watchdog cycle complete
[2026-06-07 00:04:01] ✓ Watchdog cycle complete
[2026-06-07 00:06:01] ✓ Watchdog cycle complete
[2026-06-07 00:08:01] ✓ Watchdog cycle complete
[2026-06-07 00:10:01] ✓ Watchdog cycle complete
[2026-06-07 00:12:01] ✓ Watchdog cycle complete
[2026-06-07 00:14:01] ✓ Watchdog cycle complete
[2026-06-07 00:16:01] ✓ Watchdog cycle complete
[2026-06-07 00:18:01] ✓ Watchdog cycle complete
[2026-06-07 00:20:01] ✓ Watchdog cycle complete
[2026-06-07 00:22:01] ✓ Watchdog cycle complete
[2026-06-07 00:24:01] ✓ Watchdog cycle complete
[2026-06-07 00:26:01] ✓ Watchdog cycle complete
[2026-06-07 00:28:01] ✓ Watchdog cycle complete
[2026-06-07 00:30:01] ✓ Watchdog cycle complete
[2026-06-07 00:32:01] ✓ Watchdog cycle complete
[2026-06-07 00:34:01] ✓ Watchdog cycle complete
[2026-06-07 00:36:01] ✓ Watchdog cycle complete
[2026-06-07 00:38:01] ✓ Watchdog cycle complete
[2026-06-07 00:40:01] ✓ Watchdog cycle complete
[2026-06-07 00:42:01] ✓ Watchdog cycle complete
[2026-06-07 00:44:01] ✓ Watchdog cycle complete
[2026-06-07 00:46:01] ✓ Watchdog cycle complete
[2026-06-07 00:48:01] ✓ Watchdog cycle complete
[2026-06-07 00:50:01] ✓ Watchdog cycle complete
[2026-06-07 00:52:01] ✓ Watchdog cycle complete
[2026-06-07 00:54:01] ✓ Watchdog cycle complete
[2026-06-07 00:56:01] ✓ Watchdog cycle complete
[2026-06-07 00:58:01] ✓ Watchdog cycle complete
[2026-06-07 01:00:01] ✓ Watchdog cycle complete
[2026-06-07 01:02:01] ✓ Watchdog cycle complete
[2026-06-07 01:04:01] ✓ Watchdog cycle complete
[2026-06-07 01:06:01] ✓ Watchdog cycle complete
[2026-06-07 01:08:01] ✓ Watchdog cycle complete
[2026-06-07 01:10:01] ✓ Watchdog cycle complete
[2026-06-07 01:12:02] ✓ Watchdog cycle complete
[2026-06-07 01:14:02] ✓ Watchdog cycle complete
[2026-06-07 01:16:01] ✓ Watchdog cycle complete
[2026-06-07 01:18:01] ✓ Watchdog cycle complete
[2026-06-07 01:20:01] ✓ Watchdog cycle complete
[2026-06-07 01:22:01] ✓ Watchdog cycle complete
[2026-06-07 01:24:01] ✓ Watchdog cycle complete
[2026-06-07 01:26:01] ✓ Watchdog cycle complete
[2026-06-07 01:28:01] ✓ Watchdog cycle complete
[2026-06-07 01:30:02] ✓ Watchdog cycle complete
[2026-06-07 01:32:01] ✓ Watchdog cycle complete
[2026-06-07 01:34:01] ✓ Watchdog cycle complete
[2026-06-07 01:36:01] ✓ Watchdog cycle complete
[2026-06-07 01:38:01] ✓ Watchdog cycle complete
[2026-06-07 01:40:01] ✓ Watchdog cycle complete
[2026-06-07 01:42:01] ✓ Watchdog cycle complete
[2026-06-07 01:44:01] ✓ Watchdog cycle complete
[2026-06-07 01:46:01] ✓ Watchdog cycle complete
[2026-06-07 01:48:01] ✓ Watchdog cycle complete
[2026-06-07 01:50:01] ✓ Watchdog cycle complete
[2026-06-07 01:52:01] ✓ Watchdog cycle complete
[2026-06-07 01:54:01] ✓ Watchdog cycle complete
[2026-06-07 01:56:01] ✓ Watchdog cycle complete
[2026-06-07 01:58:01] ✓ Watchdog cycle complete
[2026-06-07 02:00:01] ✓ Watchdog cycle complete
[2026-06-07 02:02:02] ✓ Watchdog cycle complete
[2026-06-07 02:04:01] ✓ Watchdog cycle complete
[2026-06-07 02:06:01] ✓ Watchdog cycle complete
[2026-06-07 02:08:02] ✓ Watchdog cycle complete
[2026-06-07 02:10:01] ✓ Watchdog cycle complete
[2026-06-07 02:12:01] ✓ Watchdog cycle complete
[2026-06-07 02:14:01] ✓ Watchdog cycle complete
[2026-06-07 02:16:02] ✓ Watchdog cycle complete
[2026-06-07 02:18:01] ✓ Watchdog cycle complete
[2026-06-07 02:20:01] ✓ Watchdog cycle complete
[2026-06-07 02:22:01] ✓ Watchdog cycle complete
[2026-06-07 02:24:01] ✓ Watchdog cycle complete
[2026-06-07 02:26:01] ✓ Watchdog cycle complete
[2026-06-07 02:28:01] ✓ Watchdog cycle complete
[2026-06-07 02:30:01] ✓ Watchdog cycle complete
[2026-06-07 02:32:01] ✓ Watchdog cycle complete
[2026-06-07 02:34:01] ✓ Watchdog cycle complete
[2026-06-07 02:36:01] ✓ Watchdog cycle complete
[2026-06-07 02:38:01] ✓ Watchdog cycle complete
[2026-06-07 02:40:01] ✓ Watchdog cycle complete
[2026-06-07 02:42:01] ✓ Watchdog cycle complete
[2026-06-07 02:44:01] ✓ Watchdog cycle complete
[2026-06-07 02:46:01] ✓ Watchdog cycle complete
[2026-06-07 02:48:01] ✓ Watchdog cycle complete
[2026-06-07 02:50:02] ✓ Watchdog cycle complete
[2026-06-07 02:52:02] ✓ Watchdog cycle complete
[2026-06-07 02:54:01] ✓ Watchdog cycle complete
[2026-06-07 02:56:01] ✓ Watchdog cycle complete
[2026-06-07 02:58:01] ✓ Watchdog cycle complete
[2026-06-07 03:00:01] ✓ Watchdog cycle complete
[2026-06-07 03:02:01] ✓ Watchdog cycle complete
[2026-06-07 03:04:01] ✓ Watchdog cycle complete
[2026-06-07 03:06:02] ✓ Watchdog cycle complete
[2026-06-07 03:08:01] ✓ Watchdog cycle complete
[2026-06-07 03:10:02] ✓ Watchdog cycle complete
[2026-06-07 03:12:01] ✓ Watchdog cycle complete
[2026-06-07 03:14:01] ✓ Watchdog cycle complete
[2026-06-07 03:16:01] ✓ Watchdog cycle complete
[2026-06-07 03:18:01] ✓ Watchdog cycle complete
[2026-06-07 03:20:02] ✓ Watchdog cycle complete
[2026-06-07 03:22:01] ✓ Watchdog cycle complete
[2026-06-07 03:24:01] ✓ Watchdog cycle complete
[2026-06-07 03:26:01] ✓ Watchdog cycle complete
[2026-06-07 03:28:02] ✓ Watchdog cycle complete
[2026-06-07 03:30:01] ✓ Watchdog cycle complete
[2026-06-07 03:32:01] ✓ Watchdog cycle complete
[2026-06-07 03:34:01] ✓ Watchdog cycle complete
[2026-06-07 03:36:01] ✓ Watchdog cycle complete
[2026-06-07 03:38:01] ✓ Watchdog cycle complete
[2026-06-07 03:40:01] ✓ Watchdog cycle complete
[2026-06-07 03:42:01] ✓ Watchdog cycle complete
[2026-06-07 03:44:01] ✓ Watchdog cycle complete
[2026-06-07 03:46:01] ✓ Watchdog cycle complete
[2026-06-07 03:48:01] ✓ Watchdog cycle complete
[2026-06-07 03:50:01] ✓ Watchdog cycle complete
[2026-06-07 03:52:01] ✓ Watchdog cycle complete
[2026-06-07 03:54:01] ✓ Watchdog cycle complete
[2026-06-07 03:56:01] ✓ Watchdog cycle complete
[2026-06-07 03:58:01] ✓ Watchdog cycle complete
[2026-06-07 04:00:01] ✓ Watchdog cycle complete
[2026-06-07 04:02:01] ✓ Watchdog cycle complete
[2026-06-07 04:02:43] 🟢 P0 자동복구 검사 완료
[2026-06-07 04:04:01] ✓ Watchdog cycle complete
[2026-06-07 04:06:01] ✓ Watchdog cycle complete
[2026-06-07 04:08:01] ✓ Watchdog cycle complete
[2026-06-07 04:10:01] ✓ Watchdog cycle complete
[2026-06-07 04:12:01] ✓ Watchdog cycle complete
[2026-06-07 04:14:01] ✓ Watchdog cycle complete
[2026-06-07 04:16:01] ✓ Watchdog cycle complete
[2026-06-07 04:18:01] ✓ Watchdog cycle complete
[2026-06-07 04:20:01] ✓ Watchdog cycle complete
[2026-06-07 04:22:01] ✓ Watchdog cycle complete
[2026-06-07 04:24:01] ✓ Watchdog cycle complete
[2026-06-07 04:26:01] ✓ Watchdog cycle complete
[2026-06-07 04:28:01] ✓ Watchdog cycle complete
[2026-06-07 04:30:01] ✓ Watchdog cycle complete
[2026-06-07 04:32:01] ✓ Watchdog cycle complete
[2026-06-07 04:34:01] ✓ Watchdog cycle complete
[2026-06-07 04:36:01] ✓ Watchdog cycle complete
[2026-06-07 04:38:01] ✓ Watchdog cycle complete
[2026-06-07 04:40:01] ✓ Watchdog cycle complete
[2026-06-07 04:42:01] ✓ Watchdog cycle complete
[2026-06-07 04:44:01] ✓ Watchdog cycle complete
[2026-06-07 04:46:01] ✓ Watchdog cycle complete
[2026-06-07 04:48:01] ✓ Watchdog cycle complete
[2026-06-07 04:50:02] ✓ Watchdog cycle complete
[2026-06-07 04:52:01] ✓ Watchdog cycle complete
[2026-06-07 04:54:01] ✓ Watchdog cycle complete
[2026-06-07 04:56:02] ✓ Watchdog cycle complete
[2026-06-07 04:58:01] ✓ Watchdog cycle complete
[2026-06-07 05:00:01] ✓ Watchdog cycle complete
[2026-06-07 05:02:01] ✓ Watchdog cycle complete
[2026-06-07 05:04:01] ✓ Watchdog cycle complete
[2026-06-07 05:06:01] ✓ Watchdog cycle complete
[2026-06-07 05:08:01] ✓ Watchdog cycle complete
[2026-06-07 05:10:01] ✓ Watchdog cycle complete
[2026-06-07 05:12:01] ✓ Watchdog cycle complete
[2026-06-07 05:14:01] ✓ Watchdog cycle complete
[2026-06-07 05:16:01] ✓ Watchdog cycle complete
[2026-06-07 05:18:01] ✓ Watchdog cycle complete
[2026-06-07 05:20:01] ✓ Watchdog cycle complete
[2026-06-07 05:22:01] ✓ Watchdog cycle complete
[2026-06-07 05:24:01] ✓ Watchdog cycle complete
[2026-06-07 05:26:01] ✓ Watchdog cycle complete
[2026-06-07 05:28:01] ✓ Watchdog cycle complete
[2026-06-07 05:30:01] ✓ Watchdog cycle complete
[2026-06-07 05:32:01] ✓ Watchdog cycle complete
[2026-06-07 05:34:02] ✓ Watchdog cycle complete
[2026-06-07 05:36:01] ✓ Watchdog cycle complete
[2026-06-07 05:38:01] ✓ Watchdog cycle complete
[2026-06-07 05:40:01] ✓ Watchdog cycle complete
[2026-06-07 05:42:01] ✓ Watchdog cycle complete
[2026-06-07 05:44:01] ✓ Watchdog cycle complete
[2026-06-07 05:46:01] ✓ Watchdog cycle complete
[2026-06-07 05:48:01] ✓ Watchdog cycle complete
[2026-06-07 05:50:01] ✓ Watchdog cycle complete
[2026-06-07 05:52:01] ✓ Watchdog cycle complete
[2026-06-07 05:54:01] ✓ Watchdog cycle complete
[2026-06-07 05:56:01] ✓ Watchdog cycle complete
[2026-06-07 05:58:01] ✓ Watchdog cycle complete
[2026-06-07 06:00:01] ✓ Watchdog cycle complete
[2026-06-07 06:02:01] ✓ Watchdog cycle complete
[2026-06-07 06:04:01] ✓ Watchdog cycle complete
[2026-06-07 06:06:01] ✓ Watchdog cycle complete
[2026-06-07 06:08:01] ✓ Watchdog cycle complete
[2026-06-07 06:10:01] ✓ Watchdog cycle complete
[2026-06-07 06:12:01] ✓ Watchdog cycle complete
[2026-06-07 06:14:01] ✓ Watchdog cycle complete
[2026-06-07 06:16:01] ✓ Watchdog cycle complete
[2026-06-07 06:18:01] ✓ Watchdog cycle complete
[2026-06-07 06:20:01] ✓ Watchdog cycle complete
[2026-06-07 06:22:01] ✓ Watchdog cycle complete
[2026-06-07 06:24:01] ✓ Watchdog cycle complete
[2026-06-07 06:26:01] ✓ Watchdog cycle complete
[2026-06-07 06:28:01] ✓ Watchdog cycle complete
[2026-06-07 06:30:01] ✓ Watchdog cycle complete
[2026-06-07 06:32:02] ✓ Watchdog cycle complete
[2026-06-07 06:34:01] ✓ Watchdog cycle complete
[2026-06-07 06:36:01] ✓ Watchdog cycle complete
[2026-06-07 06:38:02] ✓ Watchdog cycle complete
[2026-06-07 06:40:01] ✓ Watchdog cycle complete
[2026-06-07 06:42:01] ✓ Watchdog cycle complete
[2026-06-07 06:44:01] ✓ Watchdog cycle complete
[2026-06-07 06:46:01] ✓ Watchdog cycle complete
[2026-06-07 06:48:01] ✓ Watchdog cycle complete
[2026-06-07 06:50:01] ✓ Watchdog cycle complete
[2026-06-07 06:52:01] ✓ Watchdog cycle complete
[2026-06-07 06:54:01] ✓ Watchdog cycle complete
[2026-06-07 06:56:01] ✓ Watchdog cycle complete
[2026-06-07 06:58:01] ✓ Watchdog cycle complete
[2026-06-07 07:00:01] ✓ Watchdog cycle complete
[2026-06-07 07:02:01] ✓ Watchdog cycle complete
[2026-06-07 07:04:01] ✓ Watchdog cycle complete
[2026-06-07 07:06:01] ✓ Watchdog cycle complete
[2026-06-07 07:08:01] ✓ Watchdog cycle complete
[2026-06-07 07:10:01] ✓ Watchdog cycle complete
[2026-06-07 07:12:01] ✓ Watchdog cycle complete
[2026-06-07 07:14:01] ✓ Watchdog cycle complete
[2026-06-07 07:16:01] ✓ Watchdog cycle complete
[2026-06-07 07:18:01] ✓ Watchdog cycle complete
[2026-06-07 07:20:02] ✓ Watchdog cycle complete
[2026-06-07 07:22:02] ✓ Watchdog cycle complete
[2026-06-07 07:24:01] ✓ Watchdog cycle complete
[2026-06-07 07:26:01] ✓ Watchdog cycle complete
[2026-06-07 07:28:02] ✓ Watchdog cycle complete
[2026-06-07 07:30:01] ✓ Watchdog cycle complete
[2026-06-07 07:32:01] ✓ Watchdog cycle complete
[2026-06-07 07:34:01] ✓ Watchdog cycle complete
[2026-06-07 07:36:01] ✓ Watchdog cycle complete
[2026-06-07 07:38:01] ✓ Watchdog cycle complete
[2026-06-07 07:40:01] ✓ Watchdog cycle complete
[2026-06-07 07:42:01] ✓ Watchdog cycle complete
[2026-06-07 07:44:01] ✓ Watchdog cycle complete
[2026-06-07 07:46:01] ✓ Watchdog cycle complete
[2026-06-07 07:48:01] ✓ Watchdog cycle complete
[2026-06-07 07:50:01] ✓ Watchdog cycle complete
[2026-06-07 07:52:01] ✓ Watchdog cycle complete
[2026-06-07 07:54:01] ✓ Watchdog cycle complete
[2026-06-07 07:56:01] ✓ Watchdog cycle complete
[2026-06-07 07:58:01] ✓ Watchdog cycle complete
[2026-06-07 08:00:01] ✓ Watchdog cycle complete
[2026-06-07 08:02:01] ✓ Watchdog cycle complete
[2026-06-07 08:04:01] ✓ Watchdog cycle complete
[2026-06-07 08:06:01] ✓ Watchdog cycle complete
[2026-06-07 08:08:01] ✓ Watchdog cycle complete
[2026-06-07 08:10:01] ✓ Watchdog cycle complete
[2026-06-07 08:12:02] ✓ Watchdog cycle complete
[2026-06-07 08:14:01] ⚠️  Phase2A (3009) DOWN — Restarting...
[2026-06-07 08:14:04] ✅ Phase2A (3009) RESTARTED successfully
[2026-06-07 08:14:04] ⚠️  Phase2B (3010) DOWN — Restarting...
[2026-06-07 08:14:07] ✅ Phase2B (3010) RESTARTED successfully
[2026-06-07 08:14:07] ⚠️  Phase2C (3011) DOWN — Restarting...
[2026-06-07 08:14:10] ✅ Phase2C (3011) RESTARTED successfully
[2026-06-07 08:14:10] ✓ Watchdog cycle complete
[2026-06-07 08:16:01] ✓ Watchdog cycle complete
[2026-06-07 08:18:01] ✓ Watchdog cycle complete
[2026-06-07 08:20:02] ✓ Watchdog cycle complete
[2026-06-07 08:22:01] ✓ Watchdog cycle complete
[2026-06-07 08:24:01] ✓ Watchdog cycle complete
[2026-06-07 08:26:01] ✓ Watchdog cycle complete
[2026-06-07 08:28:01] ✓ Watchdog cycle complete
[2026-06-07 08:30:01] ✓ Watchdog cycle complete
[2026-06-07 08:32:01] ✓ Watchdog cycle complete
[2026-06-07 08:34:01] ✓ Watchdog cycle complete
[2026-06-07 08:36:01] ✓ Watchdog cycle complete
[2026-06-07 08:38:01] ✓ Watchdog cycle complete
[2026-06-07 08:40:01] ✓ Watchdog cycle complete
[2026-06-07 08:42:01] ✓ Watchdog cycle complete
[2026-06-07 08:44:01] ✓ Watchdog cycle complete
[2026-06-07 08:46:01] ✓ Watchdog cycle complete
[2026-06-07 08:48:01] ✓ Watchdog cycle complete
[2026-06-07 08:50:01] ✓ Watchdog cycle complete
[2026-06-07 08:52:01] ✓ Watchdog cycle complete
[2026-06-07 08:54:01] ✓ Watchdog cycle complete
[2026-06-07 08:56:01] ✓ Watchdog cycle complete
[2026-06-07 08:58:01] ✓ Watchdog cycle complete
[2026-06-07 09:00:01] ✓ Watchdog cycle complete
[2026-06-07 09:02:01] ✓ Watchdog cycle complete
[2026-06-07 09:04:01] ✓ Watchdog cycle complete
[2026-06-07 09:06:01] ✓ Watchdog cycle complete
[2026-06-07 09:08:01] ✓ Watchdog cycle complete
[2026-06-07 09:10:01] ✓ Watchdog cycle complete
[2026-06-07 09:12:01] ✓ Watchdog cycle complete
[2026-06-07 09:14:01] ✓ Watchdog cycle complete
[2026-06-07 09:16:01] ✓ Watchdog cycle complete
[2026-06-07 09:18:01] ✓ Watchdog cycle complete
[2026-06-07 09:20:01] ✓ Watchdog cycle complete
[2026-06-07 09:22:02] ✓ Watchdog cycle complete
[2026-06-07 09:24:01] ✓ Watchdog cycle complete
[2026-06-07 09:26:01] ✓ Watchdog cycle complete
[2026-06-07 09:28:01] ✓ Watchdog cycle complete
[2026-06-07 09:30:01] ✓ Watchdog cycle complete
[2026-06-07 09:32:01] ✓ Watchdog cycle complete
[2026-06-07 09:34:01] ✓ Watchdog cycle complete
[2026-06-07 09:36:01] ✓ Watchdog cycle complete
[2026-06-07 09:38:01] ✓ Watchdog cycle complete
[2026-06-07 09:40:01] ✓ Watchdog cycle complete
[2026-06-07 09:42:01] ✓ Watchdog cycle complete
[2026-06-07 09:44:01] ✓ Watchdog cycle complete
[2026-06-07 09:46:01] ✓ Watchdog cycle complete
[2026-06-07 09:48:01] ✓ Watchdog cycle complete
[2026-06-07 09:50:01] ✓ Watchdog cycle complete
[2026-06-07 09:52:01] ✓ Watchdog cycle complete
[2026-06-07 09:54:01] ✓ Watchdog cycle complete
[2026-06-07 09:56:01] ✓ Watchdog cycle complete
[2026-06-07 09:58:01] ✓ Watchdog cycle complete
[2026-06-07 10:00:01] ✓ Watchdog cycle complete
[2026-06-07 10:02:01] ✓ Watchdog cycle complete
[2026-06-07 10:04:02] ✓ Watchdog cycle complete
[2026-06-07 10:06:01] ✓ Watchdog cycle complete
[2026-06-07 10:08:02] ✓ Watchdog cycle complete
[2026-06-07 10:10:02] ✓ Watchdog cycle complete
[2026-06-07 10:12:01] ✓ Watchdog cycle complete
[2026-06-07 10:14:01] ✓ Watchdog cycle complete
[2026-06-07 10:16:02] ✓ Watchdog cycle complete
[2026-06-07 10:18:01] ✓ Watchdog cycle complete
[2026-06-07 10:20:01] ✓ Watchdog cycle complete
[2026-06-07 10:22:01] ✓ Watchdog cycle complete
[2026-06-07 10:24:01] ✓ Watchdog cycle complete
[2026-06-07 10:26:01] ✓ Watchdog cycle complete
[2026-06-07 10:28:01] ✓ Watchdog cycle complete
[2026-06-07 10:30:01] ✓ Watchdog cycle complete
[2026-06-07 10:32:01] ✓ Watchdog cycle complete
[2026-06-07 10:34:01] ✓ Watchdog cycle complete
[2026-06-07 10:36:01] ✓ Watchdog cycle complete
[2026-06-07 10:38:01] ✓ Watchdog cycle complete
[2026-06-07 10:40:01] ✓ Watchdog cycle complete
[2026-06-07 10:42:01] ✓ Watchdog cycle complete
[2026-06-07 10:44:01] ✓ Watchdog cycle complete
[2026-06-07 10:46:01] ✓ Watchdog cycle complete
[2026-06-07 10:48:01] ✓ Watchdog cycle complete
[2026-06-07 10:50:01] ✓ Watchdog cycle complete
[2026-06-07 10:52:01] ✓ Watchdog cycle complete
[2026-06-07 10:54:01] ✓ Watchdog cycle complete
[2026-06-07 10:56:01] ✓ Watchdog cycle complete
[2026-06-07 10:58:01] ✓ Watchdog cycle complete
[2026-06-07 11:00:01] ✓ Watchdog cycle complete
[2026-06-07 11:02:01] ✓ Watchdog cycle complete
[2026-06-07 11:04:01] ✓ Watchdog cycle complete
[2026-06-07 11:06:01] ✓ Watchdog cycle complete
[2026-06-07 11:08:01] ✓ Watchdog cycle complete
[2026-06-07 11:10:02] ✓ Watchdog cycle complete
[2026-06-07 11:12:02] ✓ Watchdog cycle complete
[2026-06-07 11:14:02] ✓ Watchdog cycle complete
[2026-06-07 11:16:01] ✓ Watchdog cycle complete
[2026-06-07 11:18:02] ✓ Watchdog cycle complete
[2026-06-07 11:20:01] ✓ Watchdog cycle complete
[2026-06-07 11:22:01] ✓ Watchdog cycle complete
[2026-06-07 11:24:01] ✓ Watchdog cycle complete
[2026-06-07 11:26:01] ✓ Watchdog cycle complete
[2026-06-07 11:28:01] ✓ Watchdog cycle complete
[2026-06-07 11:30:01] ✓ Watchdog cycle complete
[2026-06-07 11:32:01] ✓ Watchdog cycle complete
[2026-06-07 11:34:01] ✓ Watchdog cycle complete
[2026-06-07 11:36:01] ✓ Watchdog cycle complete
[2026-06-07 11:38:01] ✓ Watchdog cycle complete
[2026-06-07 11:40:01] ✓ Watchdog cycle complete
[2026-06-07 11:42:01] ✓ Watchdog cycle complete
[2026-06-07 11:44:01] ✓ Watchdog cycle complete
[2026-06-07 11:46:01] ⚠️  Phase2A (3009) DOWN — Restarting...
[2026-06-07 11:46:04] ✅ Phase2A (3009) RESTARTED successfully
[2026-06-07 11:46:04] ✓ Watchdog cycle complete
[2026-06-07 11:48:01] ✓ Watchdog cycle complete
[2026-06-07 11:50:01] ✓ Watchdog cycle complete
[2026-06-07 11:52:01] ✓ Watchdog cycle complete
[2026-06-07 11:54:02] ✓ Watchdog cycle complete
[2026-06-07 11:56:01] ✓ Watchdog cycle complete
[2026-06-07 11:58:01] ✓ Watchdog cycle complete
[2026-06-07 12:00:02] ✓ Watchdog cycle complete
[2026-06-07 12:02:01] ✓ Watchdog cycle complete
[2026-06-07 12:04:01] ✓ Watchdog cycle complete
[2026-06-07 12:06:01] ✓ Watchdog cycle complete
[2026-06-07 12:08:01] ✓ Watchdog cycle complete
[2026-06-07 12:10:01] ✓ Watchdog cycle complete
[2026-06-07 12:12:01] ✓ Watchdog cycle complete
[2026-06-07 12:14:01] ✓ Watchdog cycle complete
[2026-06-07 12:16:01] ✓ Watchdog cycle complete
[2026-06-07 12:18:01] ✓ Watchdog cycle complete
[2026-06-07 12:20:01] ✓ Watchdog cycle complete
[2026-06-07 12:22:01] ✓ Watchdog cycle complete
[2026-06-07 12:24:01] ✓ Watchdog cycle complete
[2026-06-07 12:26:01] ✓ Watchdog cycle complete
[2026-06-07 12:28:01] ✓ Watchdog cycle complete
[2026-06-07 12:30:01] ✓ Watchdog cycle complete
[2026-06-07 12:32:01] ✓ Watchdog cycle complete
[2026-06-07 12:34:01] ✓ Watchdog cycle complete
[2026-06-07 12:36:01] ✓ Watchdog cycle complete
[2026-06-07 12:38:01] ✓ Watchdog cycle complete
[2026-06-07 12:40:01] ✓ Watchdog cycle complete
[2026-06-07 12:42:01] ✓ Watchdog cycle complete
[2026-06-07 12:44:02] ✓ Watchdog cycle complete
[2026-06-07 12:46:01] ✓ Watchdog cycle complete
[2026-06-07 12:48:01] ✓ Watchdog cycle complete
[2026-06-07 12:50:02] ✓ Watchdog cycle complete
[2026-06-07 12:52:01] ✓ Watchdog cycle complete
[2026-06-07 12:54:01] ✓ Watchdog cycle complete
[2026-06-07 12:56:01] ✓ Watchdog cycle complete
[2026-06-07 12:58:01] ✓ Watchdog cycle complete
[2026-06-07 13:00:01] ✓ Watchdog cycle complete
[2026-06-07 13:02:01] ✓ Watchdog cycle complete
[2026-06-07 13:04:01] ✓ Watchdog cycle complete
[2026-06-07 13:06:01] ✓ Watchdog cycle complete
[2026-06-07 13:08:01] ✓ Watchdog cycle complete
[2026-06-07 13:10:01] ✓ Watchdog cycle complete
[2026-06-07 13:12:01] ✓ Watchdog cycle complete
[2026-06-07 13:14:01] ✓ Watchdog cycle complete
[2026-06-07 13:16:01] ✓ Watchdog cycle complete
[2026-06-07 13:18:01] ✓ Watchdog cycle complete
[2026-06-07 13:20:01] ✓ Watchdog cycle complete
[2026-06-07 13:22:01] ✓ Watchdog cycle complete
[2026-06-07 13:24:01] ✓ Watchdog cycle complete
[2026-06-07 13:26:01] ✓ Watchdog cycle complete
[2026-06-07 13:28:01] ✓ Watchdog cycle complete
[2026-06-07 13:30:01] ✓ Watchdog cycle complete
[2026-06-07 13:32:01] ✓ Watchdog cycle complete
[2026-06-07 13:34:01] ✓ Watchdog cycle complete
[2026-06-07 13:36:01] ✓ Watchdog cycle complete
[2026-06-07 13:38:02] ✓ Watchdog cycle complete
[2026-06-07 13:40:01] ✓ Watchdog cycle complete
[2026-06-07 13:42:01] ✓ Watchdog cycle complete
[2026-06-07 13:44:01] ✓ Watchdog cycle complete
[2026-06-07 13:46:01] ✓ Watchdog cycle complete
[2026-06-07 13:48:01] ✓ Watchdog cycle complete
[2026-06-07 13:50:01] ✓ Watchdog cycle complete
[2026-06-07 13:52:01] ✓ Watchdog cycle complete
[2026-06-07 13:54:01] ✓ Watchdog cycle complete
[2026-06-07 13:56:01] ✓ Watchdog cycle complete
[2026-06-07 13:58:01] ✓ Watchdog cycle complete
[2026-06-07 14:00:01] ✓ Watchdog cycle complete
[2026-06-07 14:02:01] ✓ Watchdog cycle complete
[2026-06-07 14:04:01] ✓ Watchdog cycle complete
[2026-06-07 14:06:01] ✓ Watchdog cycle complete
[2026-06-07 14:08:01] ✓ Watchdog cycle complete
[2026-06-07 14:10:02] ✓ Watchdog cycle complete
[2026-06-07 14:12:01] ✓ Watchdog cycle complete
[2026-06-07 14:14:01] ✓ Watchdog cycle complete
[2026-06-07 14:16:01] ✓ Watchdog cycle complete
[2026-06-07 14:18:01] ✓ Watchdog cycle complete
[2026-06-07 14:20:01] ✓ Watchdog cycle complete
[2026-06-07 14:22:01] ✓ Watchdog cycle complete
[2026-06-07 14:24:01] ✓ Watchdog cycle complete
[2026-06-07 14:26:01] ✓ Watchdog cycle complete
[2026-06-07 14:28:01] ✓ Watchdog cycle complete
[2026-06-07 14:30:01] ✓ Watchdog cycle complete
[2026-06-07 14:32:01] ✓ Watchdog cycle complete
[2026-06-07 14:34:01] ✓ Watchdog cycle complete
[2026-06-07 14:36:01] ✓ Watchdog cycle complete
[2026-06-07 14:38:01] ✓ Watchdog cycle complete
[2026-06-07 14:40:02] ✓ Watchdog cycle complete
[2026-06-07 14:42:01] ✓ Watchdog cycle complete
[2026-06-07 14:44:01] ✓ Watchdog cycle complete
[2026-06-07 14:46:01] ✓ Watchdog cycle complete
[2026-06-07 14:48:01] ✓ Watchdog cycle complete
[2026-06-07 14:50:01] ✓ Watchdog cycle complete
[2026-06-07 14:52:01] ✓ Watchdog cycle complete
[2026-06-07 14:54:01] ✓ Watchdog cycle complete
[2026-06-07 14:56:01] ✓ Watchdog cycle complete
[2026-06-07 14:58:01] ✓ Watchdog cycle complete
[2026-06-07 15:00:01] ✓ Watchdog cycle complete
[2026-06-07 15:02:01] ✓ Watchdog cycle complete
[2026-06-07 15:04:01] ✓ Watchdog cycle complete
[2026-06-07 15:06:01] ✓ Watchdog cycle complete
[2026-06-07 15:08:01] ✓ Watchdog cycle complete
[2026-06-07 15:10:01] ✓ Watchdog cycle complete
[2026-06-07 15:12:01] ✓ Watchdog cycle complete
[2026-06-07 15:14:02] ✓ Watchdog cycle complete
[2026-06-07 15:16:01] ✓ Watchdog cycle complete
[2026-06-07 15:18:02] ✓ Watchdog cycle complete
[2026-06-07 15:20:01] ✓ Watchdog cycle complete
[2026-06-07 15:22:01] ✓ Watchdog cycle complete
[2026-06-07 15:24:01] ✓ Watchdog cycle complete
[2026-06-07 15:26:01] ✓ Watchdog cycle complete
[2026-06-07 15:28:01] ✓ Watchdog cycle complete
[2026-06-07 15:30:01] ✓ Watchdog cycle complete
[2026-06-07 15:32:01] ✓ Watchdog cycle complete
[2026-06-07 15:34:01] ✓ Watchdog cycle complete
[2026-06-07 15:36:01] ✓ Watchdog cycle complete
[2026-06-07 15:38:01] ✓ Watchdog cycle complete
[2026-06-07 15:40:01] ✓ Watchdog cycle complete
[2026-06-07 15:42:02] ✓ Watchdog cycle complete
[2026-06-07 15:44:01] ✓ Watchdog cycle complete
[2026-06-07 15:46:01] ✓ Watchdog cycle complete
[2026-06-07 15:48:02] ✓ Watchdog cycle complete
[2026-06-07 15:50:01] ✓ Watchdog cycle complete
[2026-06-07 15:52:01] ✓ Watchdog cycle complete
[2026-06-07 15:54:01] ✓ Watchdog cycle complete
[2026-06-07 15:56:01] ✓ Watchdog cycle complete
[2026-06-07 15:58:01] ✓ Watchdog cycle complete
[2026-06-07 16:00:01] ✓ Watchdog cycle complete
[2026-06-07 16:02:01] ✓ Watchdog cycle complete
[2026-06-07 16:04:01] ✓ Watchdog cycle complete
[2026-06-07 16:06:01] ✓ Watchdog cycle complete
[2026-06-07 16:08:01] ✓ Watchdog cycle complete
[2026-06-07 16:10:01] ✓ Watchdog cycle complete
[2026-06-07 16:12:01] ✓ Watchdog cycle complete
[2026-06-07 16:14:01] ✓ Watchdog cycle complete
[2026-06-07 16:16:01] ✓ Watchdog cycle complete
[2026-06-07 16:18:01] ✓ Watchdog cycle complete
[2026-06-07 16:20:01] ✓ Watchdog cycle complete
[2026-06-07 16:22:01] ✓ Watchdog cycle complete
[2026-06-07 16:24:01] ✓ Watchdog cycle complete
[2026-06-07 16:26:01] ✓ Watchdog cycle complete
[2026-06-07 16:28:01] ✓ Watchdog cycle complete
[2026-06-07 16:30:01] ✓ Watchdog cycle complete
[2026-06-07 16:32:01] ✓ Watchdog cycle complete
[2026-06-07 16:34:01] ✓ Watchdog cycle complete
[2026-06-07 16:36:01] ✓ Watchdog cycle complete
[2026-06-07 16:38:01] ✓ Watchdog cycle complete
[2026-06-07 16:40:01] ✓ Watchdog cycle complete
[2026-06-07 16:42:01] ✓ Watchdog cycle complete
[2026-06-07 16:44:01] ✓ Watchdog cycle complete
[2026-06-07 16:46:01] ✓ Watchdog cycle complete
[2026-06-07 16:48:01] ✓ Watchdog cycle complete
[2026-06-07 16:50:01] ✓ Watchdog cycle complete
[2026-06-07 16:52:01] ✓ Watchdog cycle complete
[2026-06-07 16:54:01] ✓ Watchdog cycle complete
[2026-06-07 16:56:01] ✓ Watchdog cycle complete
[2026-06-07 16:58:01] ✓ Watchdog cycle complete
[2026-06-07 17:00:01] ✓ Watchdog cycle complete
[2026-06-07 17:02:02] ✓ Watchdog cycle complete
[2026-06-07 17:04:02] ✓ Watchdog cycle complete
[2026-06-07 17:06:01] ✓ Watchdog cycle complete
[2026-06-07 17:08:02] ✓ Watchdog cycle complete
[2026-06-07 17:10:01] ✓ Watchdog cycle complete
[2026-06-07 17:12:01] ✓ Watchdog cycle complete
[2026-06-07 17:14:01] ✓ Watchdog cycle complete
[2026-06-07 17:16:01] ✓ Watchdog cycle complete
[2026-06-07 17:18:01] ✓ Watchdog cycle complete
[2026-06-07 17:20:01] ✓ Watchdog cycle complete
[2026-06-07 17:22:01] ✓ Watchdog cycle complete
[2026-06-07 17:24:01] ✓ Watchdog cycle complete
[2026-06-07 17:26:01] ✓ Watchdog cycle complete
[2026-06-07 17:28:01] ✓ Watchdog cycle complete
[2026-06-07 17:30:01] ✓ Watchdog cycle complete
[2026-06-07 17:32:01] ✓ Watchdog cycle complete
[2026-06-07 17:34:02] ✓ Watchdog cycle complete
[2026-06-07 17:36:01] ✓ Watchdog cycle complete
[2026-06-07 17:38:01] ✓ Watchdog cycle complete
[2026-06-07 17:40:01] ✓ Watchdog cycle complete
[2026-06-07 17:42:01] ✓ Watchdog cycle complete
[2026-06-07 17:44:01] ✓ Watchdog cycle complete
[2026-06-07 17:46:01] ⚠️  Next.js FMS Portal (3000) DOWN — Restarting...
[2026-06-07 17:46:09] ✅ Next.js FMS Portal (3000) RESTARTED successfully
[2026-06-07 17:46:09] ✓ Watchdog cycle complete
[2026-06-07 17:48:01] ✓ Watchdog cycle complete
[2026-06-07 17:50:01] ✓ Watchdog cycle complete
[2026-06-07 17:52:01] ✓ Watchdog cycle complete
[2026-06-07 17:54:01] ✓ Watchdog cycle complete
[2026-06-07 17:56:01] ✓ Watchdog cycle complete
[2026-06-07 17:58:01] ✓ Watchdog cycle complete
[2026-06-07 18:00:01] ✓ Watchdog cycle complete
[2026-06-07 18:02:01] ✓ Watchdog cycle complete
[2026-06-07 18:04:01] ✓ Watchdog cycle complete
[2026-06-07 18:06:01] ✓ Watchdog cycle complete
[2026-06-07 18:08:02] ✓ Watchdog cycle complete
[2026-06-07 18:10:01] ✓ Watchdog cycle complete
[2026-06-07 18:12:01] ✓ Watchdog cycle complete
[2026-06-07 18:14:01] ✓ Watchdog cycle complete
[2026-06-07 18:16:01] ✓ Watchdog cycle complete
[2026-06-07 18:18:01] ✓ Watchdog cycle complete
[2026-06-07 18:20:01] ✓ Watchdog cycle complete
[2026-06-07 18:22:01] ✓ Watchdog cycle complete
[2026-06-07 18:24:01] ✓ Watchdog cycle complete
[2026-06-07 18:26:01] ✓ Watchdog cycle complete
[2026-06-07 18:28:01] ✓ Watchdog cycle complete
[2026-06-07 18:30:01] ✓ Watchdog cycle complete
[2026-06-07 18:32:01] ✓ Watchdog cycle complete
[2026-06-07 18:34:01] ✓ Watchdog cycle complete
[2026-06-07 18:36:01] ✓ Watchdog cycle complete
[2026-06-07 18:38:01] ✓ Watchdog cycle complete
[2026-06-07 18:40:01] ✓ Watchdog cycle complete
[2026-06-07 18:42:01] ✓ Watchdog cycle complete
[2026-06-07 18:44:01] ✓ Watchdog cycle complete
[2026-06-07 18:46:01] ✓ Watchdog cycle complete
[2026-06-07 18:48:01] ✓ Watchdog cycle complete
[2026-06-07 18:50:01] ✓ Watchdog cycle complete
[2026-06-07 18:52:01] ✓ Watchdog cycle complete
[2026-06-07 18:54:01] ✓ Watchdog cycle complete
[2026-06-07 18:56:01] ✓ Watchdog cycle complete
[2026-06-07 18:58:01] ✓ Watchdog cycle complete
[2026-06-07 19:00:01] ✓ Watchdog cycle complete
[2026-06-07 19:02:01] ✓ Watchdog cycle complete
[2026-06-07 19:04:01] ✓ Watchdog cycle complete
[2026-06-07 19:06:01] ✓ Watchdog cycle complete
[2026-06-07 19:08:01] ✓ Watchdog cycle complete
[2026-06-07 19:10:01] ✓ Watchdog cycle complete
[2026-06-07 19:12:01] ✓ Watchdog cycle complete
[2026-06-07 19:14:01] ✓ Watchdog cycle complete
[2026-06-07 19:16:01] ✓ Watchdog cycle complete
[2026-06-07 19:18:01] ✓ Watchdog cycle complete
[2026-06-07 19:20:01] ✓ Watchdog cycle complete
[2026-06-07 19:22:01] ✓ Watchdog cycle complete
[2026-06-07 19:24:01] ✓ Watchdog cycle complete
[2026-06-07 19:26:01] ✓ Watchdog cycle complete
[2026-06-07 19:28:01] ✓ Watchdog cycle complete
[2026-06-07 19:30:01] ✓ Watchdog cycle complete
[2026-06-07 19:32:01] ✓ Watchdog cycle complete
[2026-06-07 19:34:02] ✓ Watchdog cycle complete
[2026-06-07 19:36:01] ✓ Watchdog cycle complete
[2026-06-07 19:38:01] ✓ Watchdog cycle complete
[2026-06-07 19:40:01] ✓ Watchdog cycle complete
[2026-06-07 19:42:01] ✓ Watchdog cycle complete
[2026-06-07 19:44:01] ✓ Watchdog cycle complete
[2026-06-07 19:46:02] ✓ Watchdog cycle complete
[2026-06-07 19:48:01] ✓ Watchdog cycle complete
[2026-06-07 19:50:01] ✓ Watchdog cycle complete
[2026-06-07 19:52:01] ✓ Watchdog cycle complete
[2026-06-07 19:54:01] ✓ Watchdog cycle complete
[2026-06-07 19:56:01] ✓ Watchdog cycle complete
[2026-06-07 19:58:01] ✓ Watchdog cycle complete
[2026-06-07 20:00:01] ✓ Watchdog cycle complete
[2026-06-07 20:02:01] ✓ Watchdog cycle complete
[2026-06-07 20:04:01] ✓ Watchdog cycle complete
[2026-06-07 20:06:01] ✓ Watchdog cycle complete
[2026-06-07 20:08:01] ✓ Watchdog cycle complete
[2026-06-07 20:10:01] ✓ Watchdog cycle complete
[2026-06-07 20:12:01] ✓ Watchdog cycle complete
[2026-06-07 20:14:01] ✓ Watchdog cycle complete
[2026-06-07 20:16:01] ✓ Watchdog cycle complete
[2026-06-07 20:18:01] ✓ Watchdog cycle complete
[2026-06-07 20:20:01] ✓ Watchdog cycle complete
[2026-06-07 20:22:01] ✓ Watchdog cycle complete
[2026-06-07 20:24:01] ✓ Watchdog cycle complete
[2026-06-07 20:26:01] ✓ Watchdog cycle complete
[2026-06-07 20:28:01] ✓ Watchdog cycle complete
[2026-06-07 20:30:01] ✓ Watchdog cycle complete
[2026-06-07 20:32:01] ✓ Watchdog cycle complete
[2026-06-07 20:34:01] ✓ Watchdog cycle complete
[2026-06-07 20:36:01] ✓ Watchdog cycle complete
[2026-06-07 20:38:01] ✓ Watchdog cycle complete
[2026-06-07 20:40:01] ✓ Watchdog cycle complete
[2026-06-07 20:42:01] ✓ Watchdog cycle complete
[2026-06-07 20:44:01] ✓ Watchdog cycle complete
[2026-06-07 20:46:01] ✓ Watchdog cycle complete
[2026-06-07 20:48:01] ✓ Watchdog cycle complete
[2026-06-07 20:50:01] ✓ Watchdog cycle complete
[2026-06-07 20:52:01] ✓ Watchdog cycle complete
[2026-06-07 20:54:01] ✓ Watchdog cycle complete
[2026-06-07 20:56:01] ✓ Watchdog cycle complete
[2026-06-07 20:58:01] ✓ Watchdog cycle complete
[2026-06-07 21:00:01] ✓ Watchdog cycle complete
[2026-06-07 21:02:01] ✓ Watchdog cycle complete
[2026-06-07 21:04:01] ✓ Watchdog cycle complete
[2026-06-07 21:06:01] ✓ Watchdog cycle complete
[2026-06-07 21:08:01] ✓ Watchdog cycle complete
[2026-06-07 21:10:01] ✓ Watchdog cycle complete
[2026-06-07 21:12:02] ✓ Watchdog cycle complete
[2026-06-07 21:14:01] ✓ Watchdog cycle complete
[2026-06-07 21:16:01] ✓ Watchdog cycle complete
[2026-06-07 21:18:01] ✓ Watchdog cycle complete
[2026-06-07 21:20:01] ✓ Watchdog cycle complete
[2026-06-07 21:22:01] ✓ Watchdog cycle complete
[2026-06-07 21:24:01] ✓ Watchdog cycle complete
[2026-06-07 21:26:01] ✓ Watchdog cycle complete
[2026-06-07 21:28:01] ✓ Watchdog cycle complete
[2026-06-07 21:30:01] ✓ Watchdog cycle complete
[2026-06-07 21:32:01] ✓ Watchdog cycle complete
[2026-06-07 21:34:01] ✓ Watchdog cycle complete
[2026-06-07 21:36:01] ✓ Watchdog cycle complete
[2026-06-07 21:38:01] ✓ Watchdog cycle complete
[2026-06-07 21:40:01] ✓ Watchdog cycle complete
[2026-06-07 21:42:01] ✓ Watchdog cycle complete
[2026-06-07 21:44:02] ✓ Watchdog cycle complete
[2026-06-07 21:46:01] ✓ Watchdog cycle complete
[2026-06-07 21:48:01] ✓ Watchdog cycle complete
[2026-06-07 21:50:02] ✓ Watchdog cycle complete
[2026-06-07 21:52:01] ✓ Watchdog cycle complete
[2026-06-07 21:54:01] ✓ Watchdog cycle complete
[2026-06-07 21:56:01] ✓ Watchdog cycle complete
[2026-06-07 21:58:01] ✓ Watchdog cycle complete
[2026-06-07 22:00:01] ✓ Watchdog cycle complete
[2026-06-07 22:02:01] ✓ Watchdog cycle complete
[2026-06-07 22:04:01] ✓ Watchdog cycle complete
[2026-06-07 22:06:01] ✓ Watchdog cycle complete
[2026-06-07 22:08:01] ✓ Watchdog cycle complete
[2026-06-07 22:10:01] ✓ Watchdog cycle complete
[2026-06-07 22:12:01] ✓ Watchdog cycle complete
[2026-06-07 22:14:01] ✓ Watchdog cycle complete
[2026-06-07 22:16:02] ✓ Watchdog cycle complete
[2026-06-07 22:18:01] ✓ Watchdog cycle complete
[2026-06-07 22:20:01] ✓ Watchdog cycle complete
[2026-06-07 22:22:01] ✓ Watchdog cycle complete
[2026-06-07 22:24:01] ✓ Watchdog cycle complete
[2026-06-07 22:26:01] ✓ Watchdog cycle complete
[2026-06-07 22:28:01] ✓ Watchdog cycle complete
[2026-06-07 22:30:02] ✓ Watchdog cycle complete
[2026-06-07 22:32:01] ✓ Watchdog cycle complete
[2026-06-07 22:34:01] ✓ Watchdog cycle complete
[2026-06-07 22:36:01] ✓ Watchdog cycle complete
[2026-06-07 22:38:01] ✓ Watchdog cycle complete
[2026-06-07 22:40:01] ✓ Watchdog cycle complete
[2026-06-07 22:42:01] ✓ Watchdog cycle complete
[2026-06-07 22:44:01] ✓ Watchdog cycle complete
[2026-06-07 22:46:01] ✓ Watchdog cycle complete
[2026-06-07 22:48:01] ✓ Watchdog cycle complete
[2026-06-07 22:50:01] ✓ Watchdog cycle complete
[2026-06-07 22:52:01] ✓ Watchdog cycle complete
[2026-06-07 22:54:01] ✓ Watchdog cycle complete
[2026-06-07 22:56:01] ✓ Watchdog cycle complete
[2026-06-07 22:58:02] ✓ Watchdog cycle complete
[2026-06-07 23:00:01] ✓ Watchdog cycle complete
[2026-06-07 23:02:01] ✓ Watchdog cycle complete
[2026-06-07 23:04:02] ✓ Watchdog cycle complete
[2026-06-07 23:06:02] ✓ Watchdog cycle complete
[2026-06-07 23:08:01] ✓ Watchdog cycle complete
[2026-06-07 23:10:01] ✓ Watchdog cycle complete
[2026-06-07 23:12:01] ✓ Watchdog cycle complete
[2026-06-07 23:14:01] ✓ Watchdog cycle complete
[2026-06-07 23:16:01] ✓ Watchdog cycle complete
[2026-06-07 23:18:01] ✓ Watchdog cycle complete
[2026-06-07 23:20:01] ✓ Watchdog cycle complete
[2026-06-07 23:22:01] ✓ Watchdog cycle complete
[2026-06-07 23:24:01] ✓ Watchdog cycle complete
[2026-06-07 23:26:01] ✓ Watchdog cycle complete
[2026-06-07 23:28:01] ✓ Watchdog cycle complete
[2026-06-07 23:30:01] ✓ Watchdog cycle complete
[2026-06-07 23:32:01] ✓ Watchdog cycle complete
[2026-06-07 23:34:01] ✓ Watchdog cycle complete
[2026-06-07 23:36:01] ✓ Watchdog cycle complete
[2026-06-07 23:38:01] ✓ Watchdog cycle complete
[2026-06-07 23:40:02] ✓ Watchdog cycle complete
[2026-06-07 23:42:01] ✓ Watchdog cycle complete
[2026-06-07 23:44:01] ✓ Watchdog cycle complete
[2026-06-07 23:46:01] ⚠️  Next.js FMS Portal (3000) DOWN — Restarting...
[2026-06-07 23:46:09] ✅ Next.js FMS Portal (3000) RESTARTED successfully
[2026-06-07 23:46:09] ✓ Watchdog cycle complete
[2026-06-07 23:48:01] ✓ Watchdog cycle complete
[2026-06-07 23:50:01] ✓ Watchdog cycle complete
[2026-06-07 23:52:01] ✓ Watchdog cycle complete
[2026-06-07 23:54:01] ✓ Watchdog cycle complete
[2026-06-07 23:56:01] ✓ Watchdog cycle complete
[2026-06-07 23:58:01] ✓ Watchdog cycle complete
[2026-06-08 00:00:01] ✓ Watchdog cycle complete
[2026-06-08 00:02:01] ✓ Watchdog cycle complete
[2026-06-08 00:04:01] ✓ Watchdog cycle complete
[2026-06-08 00:06:01] ✓ Watchdog cycle complete
[2026-06-08 00:08:01] ✓ Watchdog cycle complete
[2026-06-08 00:10:01] ✓ Watchdog cycle complete
[2026-06-08 00:12:01] ✓ Watchdog cycle complete
[2026-06-08 00:14:01] ✓ Watchdog cycle complete
[2026-06-08 00:16:01] ✓ Watchdog cycle complete
[2026-06-08 00:18:01] ✓ Watchdog cycle complete
[2026-06-08 00:20:01] ✓ Watchdog cycle complete
[2026-06-08 00:22:01] ✓ Watchdog cycle complete
[2026-06-08 00:24:01] ✓ Watchdog cycle complete
[2026-06-08 00:26:01] ✓ Watchdog cycle complete
[2026-06-08 00:28:01] ✓ Watchdog cycle complete
[2026-06-08 00:30:01] ✓ Watchdog cycle complete
[2026-06-08 00:32:01] ✓ Watchdog cycle complete
[2026-06-08 00:34:01] ✓ Watchdog cycle complete
[2026-06-08 00:36:01] ✓ Watchdog cycle complete
[2026-06-08 00:38:01] ✓ Watchdog cycle complete
[2026-06-08 00:40:01] ✓ Watchdog cycle complete
[2026-06-08 00:42:01] ✓ Watchdog cycle complete
[2026-06-08 00:44:01] ✓ Watchdog cycle complete
[2026-06-08 00:46:01] ✓ Watchdog cycle complete
[2026-06-08 00:48:01] ✓ Watchdog cycle complete
[2026-06-08 00:50:02] ✓ Watchdog cycle complete
[2026-06-08 00:52:01] ✓ Watchdog cycle complete
[2026-06-08 00:54:01] ✓ Watchdog cycle complete
[2026-06-08 00:56:01] ✓ Watchdog cycle complete
[2026-06-08 00:58:01] ✓ Watchdog cycle complete
[2026-06-08 01:00:01] ✓ Watchdog cycle complete
[2026-06-08 01:02:01] ✓ Watchdog cycle complete
[2026-06-08 01:04:01] ✓ Watchdog cycle complete
[2026-06-08 01:06:01] ✓ Watchdog cycle complete
[2026-06-08 01:08:02] ✓ Watchdog cycle complete
[2026-06-08 01:10:01] ✓ Watchdog cycle complete
[2026-06-08 01:12:01] ✓ Watchdog cycle complete
[2026-06-08 01:14:01] ✓ Watchdog cycle complete
[2026-06-08 01:16:01] ✓ Watchdog cycle complete
[2026-06-08 01:18:01] ✓ Watchdog cycle complete
[2026-06-08 01:20:01] ✓ Watchdog cycle complete
[2026-06-08 01:22:01] ✓ Watchdog cycle complete
[2026-06-08 01:24:01] ✓ Watchdog cycle complete
[2026-06-08 01:26:01] ✓ Watchdog cycle complete
[2026-06-08 01:28:01] ✓ Watchdog cycle complete
[2026-06-08 01:30:01] ✓ Watchdog cycle complete
[2026-06-08 01:32:01] ✓ Watchdog cycle complete
[2026-06-08 01:34:01] ✓ Watchdog cycle complete
[2026-06-08 01:36:01] ✓ Watchdog cycle complete
[2026-06-08 01:38:01] ✓ Watchdog cycle complete
[2026-06-08 01:40:01] ✓ Watchdog cycle complete
[2026-06-08 01:42:01] ✓ Watchdog cycle complete
[2026-06-08 01:44:01] ✓ Watchdog cycle complete
[2026-06-08 01:46:01] ✓ Watchdog cycle complete
[2026-06-08 01:48:01] ✓ Watchdog cycle complete
[2026-06-08 01:50:02] ✓ Watchdog cycle complete
[2026-06-08 01:52:01] ✓ Watchdog cycle complete
[2026-06-08 01:54:02] ✓ Watchdog cycle complete
[2026-06-08 01:56:01] ✓ Watchdog cycle complete
[2026-06-08 01:58:02] ✓ Watchdog cycle complete
[2026-06-08 02:00:01] ✓ Watchdog cycle complete
[2026-06-08 02:02:01] ✓ Watchdog cycle complete
[2026-06-08 02:04:01] ✓ Watchdog cycle complete
[2026-06-08 02:06:01] ✓ Watchdog cycle complete
[2026-06-08 02:08:01] ✓ Watchdog cycle complete
[2026-06-08 02:10:01] ✓ Watchdog cycle complete
[2026-06-08 02:12:01] ✓ Watchdog cycle complete
[2026-06-08 02:14:01] ✓ Watchdog cycle complete
[2026-06-08 02:16:01] ✓ Watchdog cycle complete
[2026-06-08 02:18:01] ✓ Watchdog cycle complete
[2026-06-08 02:20:01] ✓ Watchdog cycle complete
[2026-06-08 02:22:01] ✓ Watchdog cycle complete
[2026-06-08 02:24:01] ✓ Watchdog cycle complete
[2026-06-08 02:26:01] ✓ Watchdog cycle complete
[2026-06-08 02:28:01] ✓ Watchdog cycle complete
[2026-06-08 02:30:01] ✓ Watchdog cycle complete
[2026-06-08 02:32:01] ✓ Watchdog cycle complete
[2026-06-08 02:34:01] ✓ Watchdog cycle complete
[2026-06-08 02:36:01] ✓ Watchdog cycle complete
[2026-06-08 02:38:01] ✓ Watchdog cycle complete
[2026-06-08 02:40:02] ✓ Watchdog cycle complete
[2026-06-08 02:42:01] ✓ Watchdog cycle complete
[2026-06-08 02:44:01] ✓ Watchdog cycle complete
[2026-06-08 02:46:01] ✓ Watchdog cycle complete
[2026-06-08 02:48:01] ✓ Watchdog cycle complete
[2026-06-08 02:50:01] ✓ Watchdog cycle complete
[2026-06-08 02:52:01] ✓ Watchdog cycle complete
[2026-06-08 02:54:01] ✓ Watchdog cycle complete
[2026-06-08 02:56:01] ✓ Watchdog cycle complete
[2026-06-08 02:58:01] ✓ Watchdog cycle complete
[2026-06-08 03:00:01] ✓ Watchdog cycle complete
[2026-06-08 03:02:01] ✓ Watchdog cycle complete
[2026-06-08 03:04:01] ✓ Watchdog cycle complete
[2026-06-08 03:06:01] ✓ Watchdog cycle complete
[2026-06-08 03:08:01] ✓ Watchdog cycle complete
[2026-06-08 03:10:01] ✓ Watchdog cycle complete
[2026-06-08 03:12:01] ✓ Watchdog cycle complete
[2026-06-08 03:14:02] ✓ Watchdog cycle complete
[2026-06-08 03:16:01] ✓ Watchdog cycle complete
[2026-06-08 03:18:01] ✓ Watchdog cycle complete
[2026-06-08 03:20:01] ✓ Watchdog cycle complete
[2026-06-08 03:22:01] ✓ Watchdog cycle complete
[2026-06-08 03:24:01] ✓ Watchdog cycle complete
[2026-06-08 03:26:01] ✓ Watchdog cycle complete
[2026-06-08 03:28:01] ✓ Watchdog cycle complete
[2026-06-08 03:30:01] ✓ Watchdog cycle complete
[2026-06-08 03:32:01] ✓ Watchdog cycle complete
[2026-06-08 03:34:01] ✓ Watchdog cycle complete
[2026-06-08 03:36:01] ✓ Watchdog cycle complete
[2026-06-08 03:38:01] ✓ Watchdog cycle complete
[2026-06-08 03:40:01] ✓ Watchdog cycle complete
[2026-06-08 03:42:01] ✓ Watchdog cycle complete
[2026-06-08 03:44:01] ✓ Watchdog cycle complete
[2026-06-08 03:46:01] ✓ Watchdog cycle complete
[2026-06-08 03:48:01] ✓ Watchdog cycle complete
[2026-06-08 03:50:01] ✓ Watchdog cycle complete
[2026-06-08 03:52:01] ✓ Watchdog cycle complete
[2026-06-08 03:54:01] ✓ Watchdog cycle complete
[2026-06-08 03:56:01] ✓ Watchdog cycle complete
[2026-06-08 03:58:01] ✓ Watchdog cycle complete
[2026-06-08 04:00:01] ✓ Watchdog cycle complete
[2026-06-08 04:02:01] ✓ Watchdog cycle complete
[2026-06-08 04:04:01] ✓ Watchdog cycle complete
[2026-06-08 04:06:01] ✓ Watchdog cycle complete
[2026-06-08 04:08:01] ✓ Watchdog cycle complete
[2026-06-08 04:10:01] ✓ Watchdog cycle complete
[2026-06-08 04:12:01] ✓ Watchdog cycle complete
[2026-06-08 04:14:01] ✓ Watchdog cycle complete
[2026-06-08 04:16:01] ✓ Watchdog cycle complete
[2026-06-08 04:18:01] ✓ Watchdog cycle complete
[2026-06-08 04:20:01] ✓ Watchdog cycle complete
[2026-06-08 04:22:02] ✓ Watchdog cycle complete
[2026-06-08 04:24:01] ✓ Watchdog cycle complete
[2026-06-08 04:26:01] ✓ Watchdog cycle complete
[2026-06-08 04:28:01] ✓ Watchdog cycle complete
[2026-06-08 04:30:01] ✓ Watchdog cycle complete
[2026-06-08 04:32:01] ✓ Watchdog cycle complete
[2026-06-08 04:34:01] ✓ Watchdog cycle complete
[2026-06-08 04:36:01] ✓ Watchdog cycle complete
[2026-06-08 04:38:01] ✓ Watchdog cycle complete
[2026-06-08 04:40:01] ✓ Watchdog cycle complete
[2026-06-08 04:42:01] ✓ Watchdog cycle complete
[2026-06-08 04:44:01] ✓ Watchdog cycle complete
[2026-06-08 04:46:01] ✓ Watchdog cycle complete
[2026-06-08 04:48:01] ✓ Watchdog cycle complete
[2026-06-08 04:50:01] ✓ Watchdog cycle complete
[2026-06-08 04:52:01] ✓ Watchdog cycle complete
[2026-06-08 04:54:01] ✓ Watchdog cycle complete
[2026-06-08 04:56:01] ✓ Watchdog cycle complete
[2026-06-08 04:58:01] ✓ Watchdog cycle complete
[2026-06-08 05:00:01] ✓ Watchdog cycle complete
[2026-06-08 05:02:01] ✓ Watchdog cycle complete
[2026-06-08 05:04:01] ✓ Watchdog cycle complete
[2026-06-08 05:06:01] ✓ Watchdog cycle complete
[2026-06-08 05:08:01] ✓ Watchdog cycle complete
[2026-06-08 05:10:01] ✓ Watchdog cycle complete
[2026-06-08 05:12:01] ✓ Watchdog cycle complete
[2026-06-08 05:14:01] ✓ Watchdog cycle complete
[2026-06-08 05:16:01] ✓ Watchdog cycle complete
[2026-06-08 05:18:01] ✓ Watchdog cycle complete
[2026-06-08 05:20:01] ✓ Watchdog cycle complete
[2026-06-08 05:22:01] ✓ Watchdog cycle complete
[2026-06-08 05:24:01] ✓ Watchdog cycle complete
[2026-06-08 05:26:01] ✓ Watchdog cycle complete
[2026-06-08 05:28:01] ✓ Watchdog cycle complete
[2026-06-08 05:30:01] ✓ Watchdog cycle complete
[2026-06-08 05:32:01] ✓ Watchdog cycle complete
[2026-06-08 05:34:01] ✓ Watchdog cycle complete
[2026-06-08 05:36:01] ✓ Watchdog cycle complete
[2026-06-08 05:38:01] ✓ Watchdog cycle complete
[2026-06-08 05:40:01] ✓ Watchdog cycle complete
[2026-06-08 05:42:01] ✓ Watchdog cycle complete
[2026-06-08 05:44:01] ✓ Watchdog cycle complete
[2026-06-08 05:46:02] ⚠️  Next.js FMS Portal (3000) DOWN — Restarting...
[2026-06-08 05:46:17] ✅ Next.js FMS Portal (3000) RESTARTED successfully
[2026-06-08 05:46:17] ✓ Watchdog cycle complete
[2026-06-08 05:48:01] ✓ Watchdog cycle complete
[2026-06-08 05:50:01] ✓ Watchdog cycle complete
[2026-06-08 05:52:01] ✓ Watchdog cycle complete
[2026-06-08 05:54:01] ✓ Watchdog cycle complete
[2026-06-08 05:56:01] ✓ Watchdog cycle complete
[2026-06-08 05:58:01] ✓ Watchdog cycle complete
[2026-06-08 06:00:01] ✓ Watchdog cycle complete
[2026-06-08 06:02:02] ✓ Watchdog cycle complete
[2026-06-08 06:04:01] ✓ Watchdog cycle complete
[2026-06-08 06:06:01] ✓ Watchdog cycle complete
[2026-06-08 06:08:01] ✓ Watchdog cycle complete
[2026-06-08 06:10:01] ✓ Watchdog cycle complete
[2026-06-08 06:12:01] ✓ Watchdog cycle complete
[2026-06-08 06:14:01] ✓ Watchdog cycle complete
[2026-06-08 06:16:01] ✓ Watchdog cycle complete
[2026-06-08 06:18:01] ✓ Watchdog cycle complete
[2026-06-08 06:20:01] ✓ Watchdog cycle complete
[2026-06-08 06:22:01] ✓ Watchdog cycle complete
[2026-06-08 06:24:01] ✓ Watchdog cycle complete
[2026-06-08 06:26:01] ✓ Watchdog cycle complete
[2026-06-08 06:28:01] ✓ Watchdog cycle complete
[2026-06-08 06:30:01] ✓ Watchdog cycle complete
[2026-06-08 06:32:01] ✓ Watchdog cycle complete
[2026-06-08 06:34:01] ✓ Watchdog cycle complete
[2026-06-08 06:36:01] ✓ Watchdog cycle complete
[2026-06-08 06:38:01] ✓ Watchdog cycle complete
[2026-06-08 06:40:01] ✓ Watchdog cycle complete
[2026-06-08 06:42:01] ✓ Watchdog cycle complete
[2026-06-08 06:44:01] ✓ Watchdog cycle complete
[2026-06-08 06:46:02] ✓ Watchdog cycle complete
[2026-06-08 06:48:01] ✓ Watchdog cycle complete
[2026-06-08 06:50:01] ✓ Watchdog cycle complete
[2026-06-08 06:52:01] ✓ Watchdog cycle complete
[2026-06-08 06:54:01] ✓ Watchdog cycle complete
[2026-06-08 06:56:01] ✓ Watchdog cycle complete
[2026-06-08 06:58:01] ✓ Watchdog cycle complete
[2026-06-08 07:00:01] ✓ Watchdog cycle complete
[2026-06-08 07:02:01] ✓ Watchdog cycle complete
[2026-06-08 07:04:01] ✓ Watchdog cycle complete
[2026-06-08 07:06:01] ✓ Watchdog cycle complete
[2026-06-08 07:08:01] ✓ Watchdog cycle complete
[2026-06-08 07:10:01] ✓ Watchdog cycle complete
[2026-06-08 07:12:01] ✓ Watchdog cycle complete
[2026-06-08 07:14:01] ✓ Watchdog cycle complete
[2026-06-08 07:16:01] ✓ Watchdog cycle complete
[2026-06-08 07:18:01] ✓ Watchdog cycle complete
[2026-06-08 07:20:01] ✓ Watchdog cycle complete
[2026-06-08 07:22:01] ✓ Watchdog cycle complete
[2026-06-08 07:24:01] ✓ Watchdog cycle complete
[2026-06-08 07:26:01] ✓ Watchdog cycle complete
[2026-06-08 07:28:01] ✓ Watchdog cycle complete
[2026-06-08 07:30:02] ✓ Watchdog cycle complete
[2026-06-08 07:32:02] ✓ Watchdog cycle complete
[2026-06-08 07:34:01] ✓ Watchdog cycle complete
[2026-06-08 07:36:01] ✓ Watchdog cycle complete
[2026-06-08 07:38:01] ✓ Watchdog cycle complete
[2026-06-08 07:40:01] ✓ Watchdog cycle complete
[2026-06-08 07:42:01] ✓ Watchdog cycle complete
[2026-06-08 07:44:01] ✓ Watchdog cycle complete
[2026-06-08 07:46:01] ✓ Watchdog cycle complete
[2026-06-08 07:48:01] ✓ Watchdog cycle complete
[2026-06-08 07:50:01] ✓ Watchdog cycle complete
[2026-06-08 07:52:01] ✓ Watchdog cycle complete
[2026-06-08 07:54:01] ✓ Watchdog cycle complete
[2026-06-08 07:56:01] ✓ Watchdog cycle complete
[2026-06-08 07:58:01] ✓ Watchdog cycle complete
[2026-06-08 08:00:01] ✓ Watchdog cycle complete
[2026-06-08 08:02:01] ✓ Watchdog cycle complete
[2026-06-08 08:04:01] ✓ Watchdog cycle complete
[2026-06-08 08:06:01] ✓ Watchdog cycle complete
[2026-06-08 08:08:01] ✓ Watchdog cycle complete
[2026-06-08 08:10:01] ✓ Watchdog cycle complete
[2026-06-08 08:12:01] ✓ Watchdog cycle complete
[2026-06-08 08:14:01] ✓ Watchdog cycle complete
[2026-06-08 08:16:02] ✓ Watchdog cycle complete
[2026-06-08 08:18:01] ✓ Watchdog cycle complete
[2026-06-08 08:20:01] ✓ Watchdog cycle complete
[2026-06-08 08:22:01] ✓ Watchdog cycle complete
[2026-06-08 08:24:01] ✓ Watchdog cycle complete
[2026-06-08 08:26:01] ✓ Watchdog cycle complete
[2026-06-08 08:28:01] ✓ Watchdog cycle complete
[2026-06-08 08:30:01] ✓ Watchdog cycle complete
[2026-06-08 08:32:01] ✓ Watchdog cycle complete
[2026-06-08 08:34:01] ✓ Watchdog cycle complete
[2026-06-08 08:36:01] ✓ Watchdog cycle complete
[2026-06-08 08:38:01] ✓ Watchdog cycle complete
[2026-06-08 08:40:02] ✓ Watchdog cycle complete
[2026-06-08 08:42:01] ✓ Watchdog cycle complete
[2026-06-08 08:44:01] ✓ Watchdog cycle complete
[2026-06-08 08:46:01] ✓ Watchdog cycle complete
[2026-06-08 08:48:01] ✓ Watchdog cycle complete
[2026-06-08 08:50:01] ✓ Watchdog cycle complete
[2026-06-08 08:52:01] ✓ Watchdog cycle complete
[2026-06-08 08:54:01] ✓ Watchdog cycle complete
[2026-06-08 08:56:01] ✓ Watchdog cycle complete
[2026-06-08 08:58:01] ✓ Watchdog cycle complete
[2026-06-08 09:00:01] ✓ Watchdog cycle complete
[2026-06-08 09:02:01] ✓ Watchdog cycle complete
[2026-06-08 09:04:02] ✓ Watchdog cycle complete
[2026-06-08 09:06:01] ✓ Watchdog cycle complete
[2026-06-08 09:08:01] ✓ Watchdog cycle complete
[2026-06-08 09:10:01] ✓ Watchdog cycle complete
[2026-06-08 09:12:01] ✓ Watchdog cycle complete
[2026-06-08 09:14:01] ✓ Watchdog cycle complete
[2026-06-08 09:16:01] ✓ Watchdog cycle complete
[2026-06-08 09:18:01] ✓ Watchdog cycle complete
[2026-06-08 09:20:01] ✓ Watchdog cycle complete
[2026-06-08 09:22:01] ✓ Watchdog cycle complete
[2026-06-08 09:24:01] ✓ Watchdog cycle complete
[2026-06-08 09:26:02] ✓ Watchdog cycle complete
[2026-06-08 09:28:01] ✓ Watchdog cycle complete
[2026-06-08 09:30:01] ✓ Watchdog cycle complete
[2026-06-08 09:32:01] ✓ Watchdog cycle complete
[2026-06-08 09:34:01] ✓ Watchdog cycle complete
[2026-06-08 09:36:01] ✓ Watchdog cycle complete
[2026-06-08 09:38:01] ✓ Watchdog cycle complete
[2026-06-08 09:40:01] ✓ Watchdog cycle complete
[2026-06-08 09:42:01] ✓ Watchdog cycle complete
[2026-06-08 09:44:01] ✓ Watchdog cycle complete
[2026-06-08 09:46:01] ✓ Watchdog cycle complete
[2026-06-08 09:48:01] ✓ Watchdog cycle complete
[2026-06-08 09:50:02] ✓ Watchdog cycle complete
[2026-06-08 09:52:01] ✓ Watchdog cycle complete
[2026-06-08 09:54:01] ✓ Watchdog cycle complete
[2026-06-08 09:56:01] ✓ Watchdog cycle complete
[2026-06-08 09:58:01] ✓ Watchdog cycle complete
[2026-06-08 10:00:01] ✓ Watchdog cycle complete
[2026-06-08 10:02:01] ✓ Watchdog cycle complete
[2026-06-08 10:04:01] ✓ Watchdog cycle complete
[2026-06-08 10:06:01] ✓ Watchdog cycle complete
[2026-06-08 10:08:02] ✓ Watchdog cycle complete
[2026-06-08 10:10:01] ✓ Watchdog cycle complete
[2026-06-08 10:12:01] ✓ Watchdog cycle complete
[2026-06-08 10:14:01] ✓ Watchdog cycle complete
[2026-06-08 10:16:01] ✓ Watchdog cycle complete
[2026-06-08 10:18:01] ✓ Watchdog cycle complete
[2026-06-08 10:20:01] ✓ Watchdog cycle complete
[2026-06-08 10:22:01] ✓ Watchdog cycle complete
[2026-06-08 10:24:01] ✓ Watchdog cycle complete
[2026-06-08 10:26:01] ✓ Watchdog cycle complete
[2026-06-08 10:28:02] ✓ Watchdog cycle complete
[2026-06-08 10:30:01] ✓ Watchdog cycle complete
[2026-06-08 11:24:09] ✓ Watchdog cycle complete
[2026-06-08 11:26:02] ✓ Watchdog cycle complete
[2026-06-08 11:28:01] ✓ Watchdog cycle complete
[2026-06-08 11:30:01] ✓ Watchdog cycle complete
[2026-06-08 11:32:01] ✓ Watchdog cycle complete
[2026-06-08 11:34:01] ✓ Watchdog cycle complete
[2026-06-08 11:36:01] ✓ Watchdog cycle complete
[2026-06-08 11:38:01] ✓ Watchdog cycle complete
[2026-06-08 11:40:01] ✓ Watchdog cycle complete
[2026-06-08 11:42:01] ✓ Watchdog cycle complete
[2026-06-08 11:44:01] ✓ Watchdog cycle complete
[2026-06-08 11:46:01] ✓ Watchdog cycle complete
[2026-06-08 11:48:01] ✓ Watchdog cycle complete
[2026-06-08 11:50:02] ✓ Watchdog cycle complete
[2026-06-08 11:52:01] ✓ Watchdog cycle complete
[2026-06-08 11:54:01] ✓ Watchdog cycle complete
[2026-06-08 11:56:01] ✓ Watchdog cycle complete
[2026-06-08 11:58:01] ✓ Watchdog cycle complete
[2026-06-08 12:00:01] ✓ Watchdog cycle complete
[2026-06-08 12:02:01] ✓ Watchdog cycle complete
[2026-06-08 12:04:01] ✓ Watchdog cycle complete
[2026-06-08 12:06:01] ✓ Watchdog cycle complete
[2026-06-08 12:08:01] ✓ Watchdog cycle complete
[2026-06-08 12:10:01] ✓ Watchdog cycle complete
[2026-06-08 12:12:02] ✓ Watchdog cycle complete
[2026-06-08 12:14:01] ✓ Watchdog cycle complete
[2026-06-08 12:16:01] ✓ Watchdog cycle complete
[2026-06-08 12:18:01] ✓ Watchdog cycle complete
[2026-06-08 12:20:01] ✓ Watchdog cycle complete
[2026-06-08 12:22:01] ✓ Watchdog cycle complete
[2026-06-08 12:24:01] ✓ Watchdog cycle complete
[2026-06-08 12:26:01] ✓ Watchdog cycle complete
[2026-06-08 12:28:01] ✓ Watchdog cycle complete
[2026-06-08 12:30:01] ✓ Watchdog cycle complete
[2026-06-08 12:32:01] ✓ Watchdog cycle complete
[2026-06-08 12:34:01] ✓ Watchdog cycle complete
[2026-06-08 12:36:01] ✓ Watchdog cycle complete
[2026-06-08 12:38:01] ✓ Watchdog cycle complete
[2026-06-08 12:40:01] ✓ Watchdog cycle complete
[2026-06-08 12:42:01] ✓ Watchdog cycle complete
[2026-06-08 12:44:01] ✓ Watchdog cycle complete
[2026-06-08 12:46:01] ✓ Watchdog cycle complete
[2026-06-08 12:48:01] ✓ Watchdog cycle complete
[2026-06-08 12:50:01] ✓ Watchdog cycle complete
[2026-06-08 12:52:01] ✓ Watchdog cycle complete
[2026-06-08 12:54:01] ✓ Watchdog cycle complete
[2026-06-08 12:56:01] ✓ Watchdog cycle complete
[2026-06-08 12:58:01] ✓ Watchdog cycle complete
[2026-06-08 13:00:01] ✓ Watchdog cycle complete
[2026-06-08 13:02:01] ✓ Watchdog cycle complete
[2026-06-08 13:04:01] ✓ Watchdog cycle complete
[2026-06-08 13:06:01] ✓ Watchdog cycle complete
[2026-06-08 13:08:01] ✓ Watchdog cycle complete
[2026-06-08 13:10:01] ✓ Watchdog cycle complete
[2026-06-08 13:12:01] ✓ Watchdog cycle complete
[2026-06-08 13:14:02] ✓ Watchdog cycle complete
[2026-06-08 13:16:01] ✓ Watchdog cycle complete
[2026-06-08 13:18:01] ✓ Watchdog cycle complete
[2026-06-08 13:20:01] ✓ Watchdog cycle complete
[2026-06-08 13:22:01] ✓ Watchdog cycle complete
[2026-06-08 13:24:01] ✓ Watchdog cycle complete
[2026-06-08 13:26:01] ✓ Watchdog cycle complete
[2026-06-08 13:28:01] ✓ Watchdog cycle complete
[2026-06-08 13:30:01] ✓ Watchdog cycle complete
[2026-06-08 13:32:01] ✓ Watchdog cycle complete
[2026-06-08 13:34:01] ✓ Watchdog cycle complete
[2026-06-08 13:36:02] ✓ Watchdog cycle complete
[2026-06-08 13:38:01] ✓ Watchdog cycle complete
[2026-06-08 13:40:01] ✓ Watchdog cycle complete
[2026-06-08 13:42:01] ✓ Watchdog cycle complete
[2026-06-08 13:44:01] ✓ Watchdog cycle complete
[2026-06-08 13:46:01] ✓ Watchdog cycle complete
[2026-06-08 13:48:01] ✓ Watchdog cycle complete
[2026-06-08 13:50:01] ✓ Watchdog cycle complete
[2026-06-08 13:52:01] ✓ Watchdog cycle complete
[2026-06-08 13:54:01] ✓ Watchdog cycle complete
[2026-06-08 13:56:01] ✓ Watchdog cycle complete
[2026-06-08 13:58:01] ✓ Watchdog cycle complete
[2026-06-08 14:00:02] ✓ Watchdog cycle complete
[2026-06-08 14:02:01] ✓ Watchdog cycle complete
[2026-06-08 14:04:01] ✓ Watchdog cycle complete
[2026-06-08 14:06:01] ✓ Watchdog cycle complete
[2026-06-08 14:08:01] ✓ Watchdog cycle complete
[2026-06-08 14:10:01] ✓ Watchdog cycle complete
[2026-06-08 14:12:01] ✓ Watchdog cycle complete
[2026-06-08 14:14:01] ✓ Watchdog cycle complete
[2026-06-08 14:16:01] ✓ Watchdog cycle complete
[2026-06-08 14:18:01] ✓ Watchdog cycle complete
[2026-06-08 14:20:01] ✓ Watchdog cycle complete
[2026-06-08 14:22:01] ✓ Watchdog cycle complete
[2026-06-08 14:24:01] ✓ Watchdog cycle complete
[2026-06-08 14:26:01] ✓ Watchdog cycle complete
[2026-06-08 14:28:01] ✓ Watchdog cycle complete
[2026-06-08 14:30:01] ✓ Watchdog cycle complete
[2026-06-08 14:32:01] ✓ Watchdog cycle complete
[2026-06-08 14:34:01] ✓ Watchdog cycle complete
[2026-06-08 14:36:01] ✓ Watchdog cycle complete
[2026-06-08 14:38:01] ✓ Watchdog cycle complete
[2026-06-08 14:40:01] ✓ Watchdog cycle complete
[2026-06-08 14:42:01] ✓ Watchdog cycle complete
[2026-06-08 14:44:01] ✓ Watchdog cycle complete
[2026-06-08 14:46:02] ✓ Watchdog cycle complete
[2026-06-08 14:48:02] ✓ Watchdog cycle complete
[2026-06-08 14:50:02] ✓ Watchdog cycle complete
[2026-06-08 14:52:02] ✓ Watchdog cycle complete
[2026-06-08 14:54:02] ✓ Watchdog cycle complete
[2026-06-08 14:56:01] ✓ Watchdog cycle complete
[2026-06-08 14:58:01] ✓ Watchdog cycle complete
[2026-06-08 15:00:01] ✓ Watchdog cycle complete
[2026-06-08 15:02:01] ✓ Watchdog cycle complete
[2026-06-08 15:04:01] ✓ Watchdog cycle complete
[2026-06-08 15:06:01] ✓ Watchdog cycle complete
[2026-06-08 15:08:01] ✓ Watchdog cycle complete
[2026-06-08 15:10:01] ✓ Watchdog cycle complete
[2026-06-08 15:12:01] ✓ Watchdog cycle complete
[2026-06-08 15:14:01] ✓ Watchdog cycle complete
[2026-06-08 15:16:01] ✓ Watchdog cycle complete
[2026-06-08 15:18:01] ✓ Watchdog cycle complete
[2026-06-08 15:20:01] ✓ Watchdog cycle complete
[2026-06-08 15:22:01] ✓ Watchdog cycle complete
[2026-06-08 15:24:01] ✓ Watchdog cycle complete
[2026-06-08 15:26:01] ✓ Watchdog cycle complete
[2026-06-08 15:28:01] ✓ Watchdog cycle complete
[2026-06-08 15:30:02] ✓ Watchdog cycle complete
[2026-06-08 15:32:01] ✓ Watchdog cycle complete
[2026-06-08 15:34:01] ⚠️  Phase2A (3009) DOWN — Restarting...
[2026-06-08 15:34:04] ✅ Phase2A (3009) RESTARTED successfully
[2026-06-08 15:34:04] ⚠️  Phase2B (3010) DOWN — Restarting...
[2026-06-08 15:34:07] ✅ Phase2B (3010) RESTARTED successfully
[2026-06-08 15:34:07] ⚠️  Phase2C (3011) DOWN — Restarting...
[2026-06-08 15:34:10] ✅ Phase2C (3011) RESTARTED successfully
[2026-06-08 15:34:10] ⚠️  Next.js FMS Portal (3000) DOWN — Restarting...
[2026-06-08 15:34:17] ✅ Next.js FMS Portal (3000) RESTARTED successfully
[2026-06-08 15:34:17] ✓ Watchdog cycle complete
[2026-06-08 15:36:01] ✓ Watchdog cycle complete
[2026-06-08 15:38:01] ✓ Watchdog cycle complete
[2026-06-08 15:40:01] ✓ Watchdog cycle complete
[2026-06-08 15:42:02] ✓ Watchdog cycle complete
[2026-06-08 15:44:02] ✓ Watchdog cycle complete
[2026-06-08 15:46:01] ✓ Watchdog cycle complete
[2026-06-08 15:48:01] ✓ Watchdog cycle complete
[2026-06-08 15:50:01] ✓ Watchdog cycle complete
[2026-06-08 15:52:01] ✓ Watchdog cycle complete
[2026-06-08 15:54:01] ✓ Watchdog cycle complete
[2026-06-08 15:56:01] ✓ Watchdog cycle complete
[2026-06-08 15:58:01] ✓ Watchdog cycle complete
[2026-06-08 16:00:01] ✓ Watchdog cycle complete
[2026-06-08 16:02:01] ✓ Watchdog cycle complete
[2026-06-08 16:04:02] ✓ Watchdog cycle complete
[2026-06-08 16:06:01] ✓ Watchdog cycle complete
[2026-06-08 16:08:01] ✓ Watchdog cycle complete
[2026-06-08 16:10:01] ✓ Watchdog cycle complete
[2026-06-08 16:12:01] ✓ Watchdog cycle complete
[2026-06-08 16:14:01] ✓ Watchdog cycle complete
[2026-06-08 16:16:01] ✓ Watchdog cycle complete
[2026-06-08 16:18:01] ✓ Watchdog cycle complete
[2026-06-08 16:20:01] ✓ Watchdog cycle complete
[2026-06-08 16:22:01] ✓ Watchdog cycle complete
[2026-06-08 16:24:01] ✓ Watchdog cycle complete
[2026-06-08 16:26:01] ✓ Watchdog cycle complete
[2026-06-08 16:28:01] ✓ Watchdog cycle complete
[2026-06-08 16:30:01] ✓ Watchdog cycle complete
[2026-06-08 16:32:01] ✓ Watchdog cycle complete
[2026-06-08 16:34:01] ✓ Watchdog cycle complete
[2026-06-08 16:36:01] ✓ Watchdog cycle complete
[2026-06-08 16:38:01] ✓ Watchdog cycle complete
[2026-06-08 16:40:01] ✓ Watchdog cycle complete
[2026-06-08 16:42:01] ✓ Watchdog cycle complete
[2026-06-08 16:44:01] ✓ Watchdog cycle complete
[2026-06-08 16:46:01] ✓ Watchdog cycle complete
[2026-06-08 16:48:01] ✓ Watchdog cycle complete
[2026-06-08 16:50:02] ✓ Watchdog cycle complete
[2026-06-08 16:52:02] ✓ Watchdog cycle complete
[2026-06-08 16:54:01] ✓ Watchdog cycle complete
[2026-06-08 16:56:01] ✓ Watchdog cycle complete
[2026-06-08 16:58:01] ✓ Watchdog cycle complete
[2026-06-08 17:00:01] ✓ Watchdog cycle complete
[2026-06-08 17:02:01] ✓ Watchdog cycle complete
[2026-06-08 17:04:01] ✓ Watchdog cycle complete
[2026-06-08 17:06:01] ✓ Watchdog cycle complete
[2026-06-08 17:08:01] ✓ Watchdog cycle complete
[2026-06-08 17:10:01] ✓ Watchdog cycle complete
[2026-06-08 17:12:01] ✓ Watchdog cycle complete
[2026-06-08 17:14:01] ✓ Watchdog cycle complete
[2026-06-08 17:16:01] ✓ Watchdog cycle complete
[2026-06-08 17:18:01] ✓ Watchdog cycle complete
[2026-06-08 17:20:01] ✓ Watchdog cycle complete
[2026-06-08 17:22:01] ✓ Watchdog cycle complete
[2026-06-08 17:24:02] ✓ Watchdog cycle complete
[2026-06-08 17:26:01] ✓ Watchdog cycle complete
[2026-06-08 17:28:01] ✓ Watchdog cycle complete
[2026-06-08 17:30:01] ✓ Watchdog cycle complete
[2026-06-08 17:32:01] ✓ Watchdog cycle complete
[2026-06-08 17:34:01] ✓ Watchdog cycle complete
[2026-06-08 17:36:01] ✓ Watchdog cycle complete
[2026-06-08 17:38:01] ✓ Watchdog cycle complete
[2026-06-08 17:40:01] ✓ Watchdog cycle complete
[2026-06-08 17:42:01] ✓ Watchdog cycle complete
[2026-06-08 17:44:01] ✓ Watchdog cycle complete
[2026-06-08 17:46:02] ✓ Watchdog cycle complete
[2026-06-08 17:48:01] ✓ Watchdog cycle complete
[2026-06-08 17:50:01] ✓ Watchdog cycle complete
[2026-06-08 17:52:01] ✓ Watchdog cycle complete
[2026-06-08 17:54:01] ⚠️  Next.js FMS Portal (3000) DOWN — Restarting...
[2026-06-08 17:54:10] ✅ Next.js FMS Portal (3000) RESTARTED successfully
[2026-06-08 17:54:10] ✓ Watchdog cycle complete
[2026-06-08 17:56:01] ✓ Watchdog cycle complete
[2026-06-08 17:58:02] ✓ Watchdog cycle complete
[2026-06-08 18:00:03] ✓ Watchdog cycle complete
[2026-06-08 18:02:01] ✓ Watchdog cycle complete
[2026-06-08 18:04:03] ✓ Watchdog cycle complete
[2026-06-08 18:06:02] ✓ Watchdog cycle complete
[2026-06-08 18:08:02] ✓ Watchdog cycle complete
[2026-06-08 18:10:01] ✓ Watchdog cycle complete
[2026-06-08 18:12:01] ✓ Watchdog cycle complete
[2026-06-08 18:14:01] ✓ Watchdog cycle complete
[2026-06-08 18:16:01] ✓ Watchdog cycle complete
[2026-06-08 18:18:01] ✓ Watchdog cycle complete
[2026-06-08 18:20:01] ✓ Watchdog cycle complete
[2026-06-08 18:22:01] ✓ Watchdog cycle complete
[2026-06-08 18:24:01] ✓ Watchdog cycle complete
[2026-06-08 18:26:01] ✓ Watchdog cycle complete
[2026-06-08 18:28:02] ✓ Watchdog cycle complete
[2026-06-08 18:30:01] ✓ Watchdog cycle complete
[2026-06-08 18:32:01] ✓ Watchdog cycle complete
[2026-06-08 18:34:01] ✓ Watchdog cycle complete
[2026-06-08 18:36:01] ✓ Watchdog cycle complete
[2026-06-08 18:38:01] ✓ Watchdog cycle complete
[2026-06-08 18:40:01] ✓ Watchdog cycle complete
[2026-06-08 18:42:01] ✓ Watchdog cycle complete
[2026-06-08 18:44:01] ✓ Watchdog cycle complete
[2026-06-08 18:46:01] ✓ Watchdog cycle complete
[2026-06-08 18:48:01] ✓ Watchdog cycle complete
[2026-06-08 18:50:01] ✓ Watchdog cycle complete
[2026-06-08 18:52:01] ✓ Watchdog cycle complete
[2026-06-08 18:54:02] ✓ Watchdog cycle complete
[2026-06-08 18:56:01] ✓ Watchdog cycle complete
[2026-06-08 18:58:01] ✓ Watchdog cycle complete
[2026-06-08 19:00:01] ✓ Watchdog cycle complete
[2026-06-08 19:02:01] ✓ Watchdog cycle complete
[2026-06-08 19:04:01] ✓ Watchdog cycle complete
[2026-06-08 19:06:01] ✓ Watchdog cycle complete
[2026-06-08 19:08:01] ✓ Watchdog cycle complete
[2026-06-08 19:10:01] ✓ Watchdog cycle complete
[2026-06-08 19:12:01] ✓ Watchdog cycle complete
[2026-06-08 19:14:01] ✓ Watchdog cycle complete
[2026-06-08 19:16:01] ✓ Watchdog cycle complete
[2026-06-08 19:18:01] ✓ Watchdog cycle complete
[2026-06-08 19:20:01] ✓ Watchdog cycle complete
[2026-06-08 19:22:01] ✓ Watchdog cycle complete
[2026-06-08 19:24:01] ✓ Watchdog cycle complete
[2026-06-08 19:26:01] ✓ Watchdog cycle complete
[2026-06-08 19:28:02] ✓ Watchdog cycle complete
[2026-06-08 19:30:02] ✓ Watchdog cycle complete
[2026-06-08 19:32:01] ✓ Watchdog cycle complete
[2026-06-08 19:34:01] ✓ Watchdog cycle complete
[2026-06-08 19:36:01] ✓ Watchdog cycle complete
[2026-06-08 19:38:01] ✓ Watchdog cycle complete
[2026-06-08 19:40:01] ✓ Watchdog cycle complete
[2026-06-08 19:42:01] ✓ Watchdog cycle complete
