[2026-06-01 00:00:01] [INFO] ╔════════════════════════════════════════════════════════╗
[2026-06-01 00:00:01] [INFO] ║  Phase 2D: Cron Integration — Full Cycle              ║
[2026-06-01 00:00:01] [INFO] ║  Start: 2026-06-01 00:00:01 KST                    ║
[2026-06-01 00:00:01] [INFO] ╚════════════════════════════════════════════════════════╝
[2026-06-01 00:00:01] [INFO] === PHASE 2A: Message Collection ===
[2026-06-01 00:00:01] [INFO] Phase 2A health check PASSED
[2026-06-01 00:00:01] [INFO] Phase 2A collected memory content (14148 bytes) in 28ms
[2026-06-01 00:00:01] [INFO] Memory collection saved to: memory_20260601_000001.json
[2026-06-01 00:00:01] [INFO] === PHASE 2B: Duplicate Detection ===
[2026-06-01 00:00:01] [INFO] Phase 2B health check PASSED
[2026-06-01 00:00:01] [INFO] Phase 2B processed 1 unique entries, 0 duplicates removed in 30ms
[2026-06-01 00:00:01] [INFO] Duplicate detection result saved to: duplicates_20260601_000001.json
[2026-06-01 00:00:01] [INFO] === PHASE 2C: Trust Score Calculation ===
[2026-06-01 00:00:01] [INFO] Phase 2C health check PASSED
[2026-06-01 00:00:01] [INFO] Phase 2C processed 0 entries in 52ms: 0 accepted, 0 quarantined, 0 rejected
[2026-06-01 00:00:01] [INFO] Trust scores saved to: trust_scores_20260601_000001.json
[2026-06-01 00:00:01] [INFO] === MEMORY.md Auto-Update ===
[2026-06-01 00:00:01] [INFO] Memory backup created: MEMORY_20260601_000001.md.bak
[2026-06-01 00:00:01] [INFO] No entries eligible for merge (all below threshold or not ACCEPTED)
[2026-06-01 00:00:01] [INFO] === Cron Cycle Complete ===
[2026-06-01 00:00:01] [INFO] Cycle duration: 207ms, activities logged: 0
[2026-06-01 00:00:01] [INFO] ╔════════════════════════════════════════════════════════╗
[2026-06-01 00:00:01] [INFO] ║  Cycle Complete — Check logs for details              ║
[2026-06-01 00:00:01] [INFO] ║  Log file: /home/jeepney/.openclaw/workspace-dev/memory/logs/phase2d-cron-20260601.log              ║
[2026-06-01 00:00:01] [INFO] ╚════════════════════════════════════════════════════════╝
[2026-06-01 00:05:01] [INFO] ╔════════════════════════════════════════════════════════╗
[2026-06-01 00:05:01] [INFO] ║  Phase 2D: Cron Integration — Full Cycle              ║
[2026-06-01 00:05:01] [INFO] ║  Start: 2026-06-01 00:05:01 KST                    ║
[2026-06-01 00:05:01] [INFO] ╚════════════════════════════════════════════════════════╝
[2026-06-01 00:05:01] [INFO] === PHASE 2A: Message Collection ===
[2026-06-01 00:05:01] [INFO] Phase 2A health check PASSED
[2026-06-01 00:05:01] [INFO] Phase 2A collected memory content (14148 bytes) in 29ms
[2026-06-01 00:05:01] [INFO] Memory collection saved to: memory_20260601_000501.json
[2026-06-01 00:05:01] [INFO] === PHASE 2B: Duplicate Detection ===
[2026-06-01 00:05:01] [INFO] Phase 2B health check PASSED
[2026-06-01 00:05:01] [INFO] Phase 2B processed 1 unique entries, 0 duplicates removed in 33ms
[2026-06-01 00:05:01] [INFO] Duplicate detection result saved to: duplicates_20260601_000501.json
[2026-06-01 00:05:01] [INFO] === PHASE 2C: Trust Score Calculation ===
[2026-06-01 00:05:01] [INFO] Phase 2C health check PASSED
[2026-06-01 00:05:01] [INFO] Phase 2C processed 0 entries in 52ms: 0 accepted, 0 quarantined, 0 rejected
[2026-06-01 00:05:01] [INFO] Trust scores saved to: trust_scores_20260601_000501.json
[2026-06-01 00:05:01] [INFO] === MEMORY.md Auto-Update ===
[2026-06-01 00:05:01] [INFO] Memory backup created: MEMORY_20260601_000501.md.bak
[2026-06-01 00:05:01] [INFO] No entries eligible for merge (all below threshold or not ACCEPTED)
[2026-06-01 00:05:01] [INFO] === Cron Cycle Complete ===
[2026-06-01 00:05:01] [INFO] Cycle duration: 207ms, activities logged: 0
[2026-06-01 00:05:01] [INFO] ╔════════════════════════════════════════════════════════╗
[2026-06-01 00:05:01] [INFO] ║  Cycle Complete — Check logs for details              ║
[2026-06-01 00:05:01] [INFO] ║  Log file: /home/jeepney/.openclaw/workspace-dev/memory/logs/phase2d-cron-20260601.log              ║
[2026-06-01 00:05:01] [INFO] ╚════════════════════════════════════════════════════════╝
[2026-06-01 00:10:01] [INFO] ╔════════════════════════════════════════════════════════╗
[2026-06-01 00:10:01] [INFO] ║  Phase 2D: Cron Integration — Full Cycle              ║
[2026-06-01 00:10:01] [INFO] ║  Start: 2026-06-01 00:10:01 KST                    ║
[2026-06-01 00:10:01] [INFO] ╚════════════════════════════════════════════════════════╝
[2026-06-01 00:10:01] [INFO] === PHASE 2A: Message Collection ===
[2026-06-01 00:10:01] [INFO] Phase 2A health check PASSED
[2026-06-01 00:10:01] [INFO] Phase 2A collected memory content (14148 bytes) in 27ms
[2026-06-01 00:10:01] [INFO] Memory collection saved to: memory_20260601_001001.json
[2026-06-01 00:10:01] [INFO] === PHASE 2B: Duplicate Detection ===
[2026-06-01 00:10:01] [INFO] Phase 2B health check PASSED
[2026-06-01 00:10:01] [INFO] Phase 2B processed 1 unique entries, 0 duplicates removed in 31ms
[2026-06-01 00:10:01] [INFO] Duplicate detection result saved to: duplicates_20260601_001001.json
[2026-06-01 00:10:01] [INFO] === PHASE 2C: Trust Score Calculation ===
[2026-06-01 00:10:01] [INFO] Phase 2C health check PASSED
[2026-06-01 00:10:01] [INFO] Phase 2C processed 0 entries in 51ms: 0 accepted, 0 quarantined, 0 rejected
[2026-06-01 00:10:01] [INFO] Trust scores saved to: trust_scores_20260601_001001.json
[2026-06-01 00:10:01] [INFO] === MEMORY.md Auto-Update ===
[2026-06-01 00:10:01] [INFO] Memory backup created: MEMORY_20260601_001001.md.bak
[2026-06-01 00:10:01] [INFO] No entries eligible for merge (all below threshold or not ACCEPTED)
[2026-06-01 00:10:01] [INFO] === Cron Cycle Complete ===
[2026-06-01 00:10:01] [INFO] Cycle duration: 191ms, activities logged: 0
[2026-06-01 00:10:01] [INFO] ╔════════════════════════════════════════════════════════╗
[2026-06-01 00:10:01] [INFO] ║  Cycle Complete — Check logs for details              ║
[2026-06-01 00:10:01] [INFO] ║  Log file: /home/jeepney/.openclaw/workspace-dev/memory/logs/phase2d-cron-20260601.log              ║
[2026-06-01 00:10:01] [INFO] ╚════════════════════════════════════════════════════════╝
[2026-06-01 00:15:01] [INFO] ╔════════════════════════════════════════════════════════╗
[2026-06-01 00:15:01] [INFO] ║  Phase 2D: Cron Integration — Full Cycle              ║
[2026-06-01 00:15:01] [INFO] ║  Start: 2026-06-01 00:15:01 KST                    ║
[2026-06-01 00:15:01] [INFO] ╚════════════════════════════════════════════════════════╝
[2026-06-01 00:15:01] [INFO] === PHASE 2A: Message Collection ===
[2026-06-01 00:15:01] [INFO] Phase 2A health check PASSED
[2026-06-01 00:15:01] [INFO] Phase 2A collected memory content (14148 bytes) in 25ms
[2026-06-01 00:15:01] [INFO] Memory collection saved to: memory_20260601_001501.json
[2026-06-01 00:15:01] [INFO] === PHASE 2B: Duplicate Detection ===
[2026-06-01 00:15:01] [INFO] Phase 2B health check PASSED
[2026-06-01 00:15:01] [INFO] Phase 2B processed 1 unique entries, 0 duplicates removed in 30ms
[2026-06-01 00:15:01] [INFO] Duplicate detection result saved to: duplicates_20260601_001501.json
[2026-06-01 00:15:01] [INFO] === PHASE 2C: Trust Score Calculation ===
[2026-06-01 00:15:01] [INFO] Phase 2C health check PASSED
[2026-06-01 00:15:01] [INFO] Phase 2C processed 0 entries in 54ms: 0 accepted, 0 quarantined, 0 rejected
[2026-06-01 00:15:01] [INFO] Trust scores saved to: trust_scores_20260601_001501.json
[2026-06-01 00:15:01] [INFO] === MEMORY.md Auto-Update ===
[2026-06-01 00:15:01] [INFO] Memory backup created: MEMORY_20260601_001501.md.bak
[2026-06-01 00:15:01] [INFO] No entries eligible for merge (all below threshold or not ACCEPTED)
[2026-06-01 00:15:01] [INFO] === Cron Cycle Complete ===
[2026-06-01 00:15:01] [INFO] Cycle duration: 195ms, activities logged: 0
[2026-06-01 00:15:01] [INFO] ╔════════════════════════════════════════════════════════╗
[2026-06-01 00:15:01] [INFO] ║  Cycle Complete — Check logs for details              ║
[2026-06-01 00:15:01] [INFO] ║  Log file: /home/jeepney/.openclaw/workspace-dev/memory/logs/phase2d-cron-20260601.log              ║
[2026-06-01 00:15:01] [INFO] ╚════════════════════════════════════════════════════════╝
[2026-06-01 00:20:01] [INFO] ╔════════════════════════════════════════════════════════╗
[2026-06-01 00:20:01] [INFO] ║  Phase 2D: Cron Integration — Full Cycle              ║
[2026-06-01 00:20:01] [INFO] ║  Start: 2026-06-01 00:20:01 KST                    ║
[2026-06-01 00:20:01] [INFO] ╚════════════════════════════════════════════════════════╝
[2026-06-01 00:20:01] [INFO] === PHASE 2A: Message Collection ===
[2026-06-01 00:20:01] [INFO] Phase 2A health check PASSED
[2026-06-01 00:20:01] [INFO] Phase 2A collected memory content (14148 bytes) in 26ms
[2026-06-01 00:20:01] [INFO] Memory collection saved to: memory_20260601_002001.json
[2026-06-01 00:20:01] [INFO] === PHASE 2B: Duplicate Detection ===
[2026-06-01 00:20:01] [INFO] Phase 2B health check PASSED
[2026-06-01 00:20:01] [INFO] Phase 2B processed 1 unique entries, 0 duplicates removed in 31ms
[2026-06-01 00:20:01] [INFO] Duplicate detection result saved to: duplicates_20260601_002001.json
[2026-06-01 00:20:01] [INFO] === PHASE 2C: Trust Score Calculation ===
[2026-06-01 00:20:01] [INFO] Phase 2C health check PASSED
[2026-06-01 00:20:01] [INFO] Phase 2C processed 0 entries in 52ms: 0 accepted, 0 quarantined, 0 rejected
[2026-06-01 00:20:01] [INFO] Trust scores saved to: trust_scores_20260601_002001.json
[2026-06-01 00:20:01] [INFO] === MEMORY.md Auto-Update ===
[2026-06-01 00:20:01] [INFO] Memory backup created: MEMORY_20260601_002001.md.bak
[2026-06-01 00:20:01] [INFO] No entries eligible for merge (all below threshold or not ACCEPTED)
[2026-06-01 00:20:01] [INFO] === Cron Cycle Complete ===
[2026-06-01 00:20:01] [INFO] Cycle duration: 195ms, activities logged: 0
[2026-06-01 00:20:01] [INFO] ╔════════════════════════════════════════════════════════╗
[2026-06-01 00:20:01] [INFO] ║  Cycle Complete — Check logs for details              ║
[2026-06-01 00:20:01] [INFO] ║  Log file: /home/jeepney/.openclaw/workspace-dev/memory/logs/phase2d-cron-20260601.log              ║
[2026-06-01 00:20:01] [INFO] ╚════════════════════════════════════════════════════════╝
[2026-06-01 00:25:01] [INFO] ╔════════════════════════════════════════════════════════╗
[2026-06-01 00:25:01] [INFO] ║  Phase 2D: Cron Integration — Full Cycle              ║
[2026-06-01 00:25:01] [INFO] ║  Start: 2026-06-01 00:25:01 KST                    ║
[2026-06-01 00:25:01] [INFO] ╚════════════════════════════════════════════════════════╝
[2026-06-01 00:25:01] [INFO] === PHASE 2A: Message Collection ===
[2026-06-01 00:25:01] [INFO] Phase 2A health check PASSED
[2026-06-01 00:25:01] [INFO] Phase 2A collected memory content (14148 bytes) in 25ms
[2026-06-01 00:25:01] [INFO] Memory collection saved to: memory_20260601_002501.json
[2026-06-01 00:25:01] [INFO] === PHASE 2B: Duplicate Detection ===
[2026-06-01 00:25:01] [INFO] Phase 2B health check PASSED
[2026-06-01 00:25:01] [INFO] Phase 2B processed 1 unique entries, 0 duplicates removed in 30ms
[2026-06-01 00:25:01] [INFO] Duplicate detection result saved to: duplicates_20260601_002501.json
[2026-06-01 00:25:01] [INFO] === PHASE 2C: Trust Score Calculation ===
[2026-06-01 00:25:01] [INFO] Phase 2C health check PASSED
[2026-06-01 00:25:01] [INFO] Phase 2C processed 0 entries in 51ms: 0 accepted, 0 quarantined, 0 rejected
[2026-06-01 00:25:01] [INFO] Trust scores saved to: trust_scores_20260601_002501.json
[2026-06-01 00:25:01] [INFO] === MEMORY.md Auto-Update ===
[2026-06-01 00:25:01] [INFO] Memory backup created: MEMORY_20260601_002501.md.bak
[2026-06-01 00:25:01] [INFO] No entries eligible for merge (all below threshold or not ACCEPTED)
[2026-06-01 00:25:01] [INFO] === Cron Cycle Complete ===
[2026-06-01 00:25:01] [INFO] Cycle duration: 185ms, activities logged: 0
[2026-06-01 00:25:01] [INFO] ╔════════════════════════════════════════════════════════╗
[2026-06-01 00:25:01] [INFO] ║  Cycle Complete — Check logs for details              ║
[2026-06-01 00:25:01] [INFO] ║  Log file: /home/jeepney/.openclaw/workspace-dev/memory/logs/phase2d-cron-20260601.log              ║
[2026-06-01 00:25:01] [INFO] ╚════════════════════════════════════════════════════════╝
[2026-06-01 00:30:01] [INFO] ╔════════════════════════════════════════════════════════╗
[2026-06-01 00:30:01] [INFO] ║  Phase 2D: Cron Integration — Full Cycle              ║
[2026-06-01 00:30:01] [INFO] ║  Start: 2026-06-01 00:30:01 KST                    ║
[2026-06-01 00:30:01] [INFO] ╚════════════════════════════════════════════════════════╝
[2026-06-01 00:30:01] [INFO] === PHASE 2A: Message Collection ===
[2026-06-01 00:30:01] [INFO] Phase 2A health check PASSED
[2026-06-01 00:30:01] [INFO] Phase 2A collected memory content (14148 bytes) in 36ms
[2026-06-01 00:30:01] [INFO] Memory collection saved to: memory_20260601_003001.json
[2026-06-01 00:30:01] [INFO] === PHASE 2B: Duplicate Detection ===
[2026-06-01 00:30:01] [INFO] Phase 2B health check PASSED
[2026-06-01 00:30:01] [INFO] Phase 2B processed 1 unique entries, 0 duplicates removed in 37ms
[2026-06-01 00:30:01] [INFO] Duplicate detection result saved to: duplicates_20260601_003001.json
[2026-06-01 00:30:01] [INFO] === PHASE 2C: Trust Score Calculation ===
[2026-06-01 00:30:01] [INFO] Phase 2C health check PASSED
[2026-06-01 00:30:01] [INFO] Phase 2C processed 0 entries in 51ms: 0 accepted, 0 quarantined, 0 rejected
[2026-06-01 00:30:01] [INFO] Trust scores saved to: trust_scores_20260601_003001.json
[2026-06-01 00:30:01] [INFO] === MEMORY.md Auto-Update ===
[2026-06-01 00:30:01] [INFO] Memory backup created: MEMORY_20260601_003001.md.bak
[2026-06-01 00:30:01] [INFO] No entries eligible for merge (all below threshold or not ACCEPTED)
[2026-06-01 00:30:01] [INFO] === Cron Cycle Complete ===
[2026-06-01 00:30:01] [INFO] Cycle duration: 225ms, activities logged: 0
[2026-06-01 00:30:01] [INFO] ╔════════════════════════════════════════════════════════╗
[2026-06-01 00:30:01] [INFO] ║  Cycle Complete — Check logs for details              ║
[2026-06-01 00:30:01] [INFO] ║  Log file: /home/jeepney/.openclaw/workspace-dev/memory/logs/phase2d-cron-20260601.log              ║
[2026-06-01 00:30:01] [INFO] ╚════════════════════════════════════════════════════════╝
[2026-06-01 00:35:01] [INFO] ╔════════════════════════════════════════════════════════╗
[2026-06-01 00:35:01] [INFO] ║  Phase 2D: Cron Integration — Full Cycle              ║
[2026-06-01 00:35:01] [INFO] ║  Start: 2026-06-01 00:35:01 KST                    ║
[2026-06-01 00:35:01] [INFO] ╚════════════════════════════════════════════════════════╝
[2026-06-01 00:35:01] [INFO] === PHASE 2A: Message Collection ===
[2026-06-01 00:35:01] [INFO] Phase 2A health check PASSED
[2026-06-01 00:35:01] [INFO] Phase 2A collected memory content (14148 bytes) in 25ms
[2026-06-01 00:35:01] [INFO] Memory collection saved to: memory_20260601_003501.json
[2026-06-01 00:35:01] [INFO] === PHASE 2B: Duplicate Detection ===
[2026-06-01 00:35:01] [INFO] Phase 2B health check PASSED
[2026-06-01 00:35:01] [INFO] Phase 2B processed 1 unique entries, 0 duplicates removed in 31ms
[2026-06-01 00:35:01] [INFO] Duplicate detection result saved to: duplicates_20260601_003501.json
[2026-06-01 00:35:01] [INFO] === PHASE 2C: Trust Score Calculation ===
[2026-06-01 00:35:01] [INFO] Phase 2C health check PASSED
[2026-06-01 00:35:01] [INFO] Phase 2C processed 0 entries in 50ms: 0 accepted, 0 quarantined, 0 rejected
[2026-06-01 00:35:01] [INFO] Trust scores saved to: trust_scores_20260601_003501.json
[2026-06-01 00:35:01] [INFO] === MEMORY.md Auto-Update ===
[2026-06-01 00:35:01] [INFO] Memory backup created: MEMORY_20260601_003501.md.bak
[2026-06-01 00:35:01] [INFO] No entries eligible for merge (all below threshold or not ACCEPTED)
[2026-06-01 00:35:01] [INFO] === Cron Cycle Complete ===
[2026-06-01 00:35:01] [INFO] Cycle duration: 191ms, activities logged: 0
[2026-06-01 00:35:01] [INFO] ╔════════════════════════════════════════════════════════╗
[2026-06-01 00:35:01] [INFO] ║  Cycle Complete — Check logs for details              ║
[2026-06-01 00:35:01] [INFO] ║  Log file: /home/jeepney/.openclaw/workspace-dev/memory/logs/phase2d-cron-20260601.log              ║
[2026-06-01 00:35:01] [INFO] ╚════════════════════════════════════════════════════════╝
[2026-06-01 00:40:01] [INFO] ╔════════════════════════════════════════════════════════╗
[2026-06-01 00:40:01] [INFO] ║  Phase 2D: Cron Integration — Full Cycle              ║
[2026-06-01 00:40:01] [INFO] ║  Start: 2026-06-01 00:40:01 KST                    ║
[2026-06-01 00:40:01] [INFO] ╚════════════════════════════════════════════════════════╝
[2026-06-01 00:40:01] [INFO] === PHASE 2A: Message Collection ===
[2026-06-01 00:40:01] [INFO] Phase 2A health check PASSED
[2026-06-01 00:40:01] [INFO] Phase 2A collected memory content (14148 bytes) in 26ms
[2026-06-01 00:40:01] [INFO] Memory collection saved to: memory_20260601_004001.json
[2026-06-01 00:40:01] [INFO] === PHASE 2B: Duplicate Detection ===
[2026-06-01 00:40:01] [INFO] Phase 2B health check PASSED
[2026-06-01 00:40:01] [INFO] Phase 2B processed 1 unique entries, 0 duplicates removed in 30ms
[2026-06-01 00:40:01] [INFO] Duplicate detection result saved to: duplicates_20260601_004001.json
[2026-06-01 00:40:01] [INFO] === PHASE 2C: Trust Score Calculation ===
[2026-06-01 00:40:01] [INFO] Phase 2C health check PASSED
[2026-06-01 00:40:01] [INFO] Phase 2C processed 0 entries in 51ms: 0 accepted, 0 quarantined, 0 rejected
[2026-06-01 00:40:01] [INFO] Trust scores saved to: trust_scores_20260601_004001.json
[2026-06-01 00:40:01] [INFO] === MEMORY.md Auto-Update ===
[2026-06-01 00:40:01] [INFO] Memory backup created: MEMORY_20260601_004001.md.bak
[2026-06-01 00:40:01] [INFO] No entries eligible for merge (all below threshold or not ACCEPTED)
[2026-06-01 00:40:01] [INFO] === Cron Cycle Complete ===
[2026-06-01 00:40:01] [INFO] Cycle duration: 196ms, activities logged: 0
[2026-06-01 00:40:01] [INFO] ╔════════════════════════════════════════════════════════╗
[2026-06-01 00:40:01] [INFO] ║  Cycle Complete — Check logs for details              ║
[2026-06-01 00:40:01] [INFO] ║  Log file: /home/jeepney/.openclaw/workspace-dev/memory/logs/phase2d-cron-20260601.log              ║
[2026-06-01 00:40:01] [INFO] ╚════════════════════════════════════════════════════════╝
