[2026-06-04 00:00:01] [INFO] ╔════════════════════════════════════════════════════════╗
[2026-06-04 00:00:01] [INFO] ║  Phase 2D: Cron Integration — Full Cycle              ║
[2026-06-04 00:00:01] [INFO] ║  Start: 2026-06-04 00:00:01 KST                    ║
[2026-06-04 00:00:01] [INFO] ╚════════════════════════════════════════════════════════╝
[2026-06-04 00:00:01] [INFO] === PHASE 2A: Message Collection ===
[2026-06-04 00:00:01] [INFO] Phase 2A health check PASSED
[2026-06-04 00:00:01] [INFO] Phase 2A collected memory content (10728 bytes) in 29ms
[2026-06-04 00:00:01] [INFO] Memory collection saved to: memory_20260604_000001.json
[2026-06-04 00:00:01] [INFO] === PHASE 2B: Duplicate Detection ===
[2026-06-04 00:00:01] [INFO] Phase 2B health check PASSED
[2026-06-04 00:00:01] [INFO] Phase 2B processed 1 unique entries, 0 duplicates removed in 31ms
[2026-06-04 00:00:01] [INFO] Duplicate detection result saved to: duplicates_20260604_000001.json
[2026-06-04 00:00:01] [INFO] === PHASE 2C: Trust Score Calculation ===
[2026-06-04 00:00:01] [INFO] Phase 2C health check PASSED
[2026-06-04 00:00:02] [INFO] Phase 2C processed 0 entries in 52ms: 0 accepted, 0 quarantined, 0 rejected
[2026-06-04 00:00:02] [INFO] Trust scores saved to: trust_scores_20260604_000001.json
[2026-06-04 00:00:02] [INFO] === MEMORY.md Auto-Update ===
[2026-06-04 00:00:02] [INFO] Memory backup created: MEMORY_20260604_000001.md.bak
[2026-06-04 00:00:02] [INFO] No entries eligible for merge (all below threshold or not ACCEPTED)
[2026-06-04 00:00:02] [INFO] === Cron Cycle Complete ===
[2026-06-04 00:00:02] [INFO] Cycle duration: 200ms, activities logged: 0
[2026-06-04 00:00:02] [INFO] ╔════════════════════════════════════════════════════════╗
[2026-06-04 00:00:02] [INFO] ║  Cycle Complete — Check logs for details              ║
[2026-06-04 00:00:02] [INFO] ║  Log file: /home/jeepney/.openclaw/workspace-dev/memory/logs/phase2d-cron-20260604.log              ║
[2026-06-04 00:00:02] [INFO] ╚════════════════════════════════════════════════════════╝
[2026-06-04 01:27:46] [INFO] ╔════════════════════════════════════════════════════════╗
[2026-06-04 01:27:46] [INFO] ║  Phase 2D: Cron Integration — Full Cycle              ║
[2026-06-04 01:27:46] [INFO] ║  Start: 2026-06-04 01:27:46 KST                    ║
[2026-06-04 01:27:46] [INFO] ╚════════════════════════════════════════════════════════╝
[2026-06-04 01:27:46] [INFO] === PHASE 2A: Message Collection ===
[2026-06-04 01:27:46] [INFO] Phase 2A health check PASSED
[2026-06-04 01:27:46] [INFO] Phase 2A collected memory content (2397 bytes) in 43ms
[2026-06-04 01:27:46] [INFO] Memory collection saved to: memory_20260604_012746.json
[2026-06-04 01:27:46] [INFO] === PHASE 2B: Duplicate Detection ===
[2026-06-04 01:27:46] [INFO] Phase 2B health check PASSED
[2026-06-04 01:27:46] [INFO] Phase 2B processed 1 unique entries, 0 duplicates removed in 37ms
[2026-06-04 01:27:46] [INFO] Duplicate detection result saved to: duplicates_20260604_012746.json
[2026-06-04 01:27:46] [INFO] === PHASE 2C: Trust Score Calculation ===
[2026-06-04 01:27:46] [INFO] Phase 2C health check PASSED
[2026-06-04 01:27:46] [INFO] Phase 2C processed 0 entries in 59ms: 0 accepted, 0 quarantined, 0 rejected
[2026-06-04 01:27:46] [INFO] Trust scores saved to: trust_scores_20260604_012746.json
[2026-06-04 01:27:46] [INFO] === MEMORY.md Auto-Update ===
[2026-06-04 01:27:46] [INFO] Memory backup created: MEMORY_20260604_012746.md.bak
[2026-06-04 01:27:46] [INFO] No entries eligible for merge (all below threshold or not ACCEPTED)
[2026-06-04 01:27:46] [INFO] === Cron Cycle Complete ===
[2026-06-04 01:27:46] [INFO] Cycle duration: 229ms, activities logged: 0
[2026-06-04 01:27:46] [INFO] ╔════════════════════════════════════════════════════════╗
[2026-06-04 01:27:46] [INFO] ║  Cycle Complete — Check logs for details              ║
[2026-06-04 01:27:46] [INFO] ║  Log file: /home/jeepney/.openclaw/workspace-dev/memory/logs/phase2d-cron-20260604.log              ║
[2026-06-04 01:27:46] [INFO] ╚════════════════════════════════════════════════════════╝
[2026-06-04 01:30:01] [INFO] ╔════════════════════════════════════════════════════════╗
[2026-06-04 01:30:01] [INFO] ║  Phase 2D: Cron Integration — Full Cycle              ║
[2026-06-04 01:30:01] [INFO] ║  Start: 2026-06-04 01:30:01 KST                    ║
[2026-06-04 01:30:01] [INFO] ╚════════════════════════════════════════════════════════╝
[2026-06-04 01:30:01] [INFO] === PHASE 2A: Message Collection ===
[2026-06-04 01:30:01] [INFO] Phase 2A health check PASSED
[2026-06-04 01:30:01] [INFO] Phase 2A collected memory content (2397 bytes) in 30ms
[2026-06-04 01:30:01] [INFO] Memory collection saved to: memory_20260604_013001.json
[2026-06-04 01:30:01] [INFO] === PHASE 2B: Duplicate Detection ===
[2026-06-04 01:30:01] [INFO] Phase 2B health check PASSED
[2026-06-04 01:30:01] [INFO] Phase 2B processed 1 unique entries, 0 duplicates removed in 31ms
[2026-06-04 01:30:01] [INFO] Duplicate detection result saved to: duplicates_20260604_013001.json
[2026-06-04 01:30:01] [INFO] === PHASE 2C: Trust Score Calculation ===
[2026-06-04 01:30:01] [INFO] Phase 2C health check PASSED
[2026-06-04 01:30:01] [INFO] Phase 2C processed 0 entries in 50ms: 0 accepted, 0 quarantined, 0 rejected
[2026-06-04 01:30:01] [INFO] Trust scores saved to: trust_scores_20260604_013001.json
[2026-06-04 01:30:01] [INFO] === MEMORY.md Auto-Update ===
[2026-06-04 01:30:01] [INFO] Memory backup created: MEMORY_20260604_013001.md.bak
[2026-06-04 01:30:01] [INFO] No entries eligible for merge (all below threshold or not ACCEPTED)
[2026-06-04 01:30:01] [INFO] === Cron Cycle Complete ===
[2026-06-04 01:30:01] [INFO] Cycle duration: 193ms, activities logged: 0
[2026-06-04 01:30:01] [INFO] ╔════════════════════════════════════════════════════════╗
[2026-06-04 01:30:01] [INFO] ║  Cycle Complete — Check logs for details              ║
[2026-06-04 01:30:01] [INFO] ║  Log file: /home/jeepney/.openclaw/workspace-dev/memory/logs/phase2d-cron-20260604.log              ║
[2026-06-04 01:30:01] [INFO] ╚════════════════════════════════════════════════════════╝
[2026-06-04 01:35:01] [INFO] ╔════════════════════════════════════════════════════════╗
[2026-06-04 01:35:01] [INFO] ║  Phase 2D: Cron Integration — Full Cycle              ║
[2026-06-04 01:35:01] [INFO] ║  Start: 2026-06-04 01:35:01 KST                    ║
[2026-06-04 01:35:01] [INFO] ╚════════════════════════════════════════════════════════╝
[2026-06-04 01:35:01] [INFO] === PHASE 2A: Message Collection ===
[2026-06-04 01:35:01] [INFO] Phase 2A health check PASSED
[2026-06-04 01:35:01] [INFO] Phase 2A collected memory content (2397 bytes) in 27ms
[2026-06-04 01:35:01] [INFO] Memory collection saved to: memory_20260604_013501.json
[2026-06-04 01:35:01] [INFO] === PHASE 2B: Duplicate Detection ===
[2026-06-04 01:35:01] [INFO] Phase 2B health check PASSED
[2026-06-04 01:35:01] [INFO] Phase 2B processed 1 unique entries, 0 duplicates removed in 30ms
[2026-06-04 01:35:01] [INFO] Duplicate detection result saved to: duplicates_20260604_013501.json
[2026-06-04 01:35:01] [INFO] === PHASE 2C: Trust Score Calculation ===
[2026-06-04 01:35:01] [INFO] Phase 2C health check PASSED
[2026-06-04 01:35:01] [INFO] Phase 2C processed 0 entries in 51ms: 0 accepted, 0 quarantined, 0 rejected
[2026-06-04 01:35:01] [INFO] Trust scores saved to: trust_scores_20260604_013501.json
[2026-06-04 01:35:01] [INFO] === MEMORY.md Auto-Update ===
[2026-06-04 01:35:01] [INFO] Memory backup created: MEMORY_20260604_013501.md.bak
[2026-06-04 01:35:01] [INFO] No entries eligible for merge (all below threshold or not ACCEPTED)
[2026-06-04 01:35:01] [INFO] === Cron Cycle Complete ===
[2026-06-04 01:35:01] [INFO] Cycle duration: 189ms, activities logged: 0
[2026-06-04 01:35:01] [INFO] ╔════════════════════════════════════════════════════════╗
[2026-06-04 01:35:01] [INFO] ║  Cycle Complete — Check logs for details              ║
[2026-06-04 01:35:01] [INFO] ║  Log file: /home/jeepney/.openclaw/workspace-dev/memory/logs/phase2d-cron-20260604.log              ║
[2026-06-04 01:35:01] [INFO] ╚════════════════════════════════════════════════════════╝
[2026-06-04 01:40:01] [INFO] ╔════════════════════════════════════════════════════════╗
[2026-06-04 01:40:01] [INFO] ║  Phase 2D: Cron Integration — Full Cycle              ║
[2026-06-04 01:40:01] [INFO] ║  Start: 2026-06-04 01:40:01 KST                    ║
[2026-06-04 01:40:01] [INFO] ╚════════════════════════════════════════════════════════╝
[2026-06-04 01:40:01] [INFO] === PHASE 2A: Message Collection ===
[2026-06-04 01:40:01] [INFO] Phase 2A health check PASSED
[2026-06-04 01:40:01] [INFO] Phase 2A collected memory content (2397 bytes) in 26ms
[2026-06-04 01:40:01] [INFO] Memory collection saved to: memory_20260604_014001.json
[2026-06-04 01:40:01] [INFO] === PHASE 2B: Duplicate Detection ===
[2026-06-04 01:40:01] [INFO] Phase 2B health check PASSED
[2026-06-04 01:40:01] [INFO] Phase 2B processed 1 unique entries, 0 duplicates removed in 31ms
[2026-06-04 01:40:01] [INFO] Duplicate detection result saved to: duplicates_20260604_014001.json
[2026-06-04 01:40:01] [INFO] === PHASE 2C: Trust Score Calculation ===
[2026-06-04 01:40:01] [INFO] Phase 2C health check PASSED
[2026-06-04 01:40:01] [INFO] Phase 2C processed 0 entries in 53ms: 0 accepted, 0 quarantined, 0 rejected
[2026-06-04 01:40:01] [INFO] Trust scores saved to: trust_scores_20260604_014001.json
[2026-06-04 01:40:01] [INFO] === MEMORY.md Auto-Update ===
[2026-06-04 01:40:01] [INFO] Memory backup created: MEMORY_20260604_014001.md.bak
[2026-06-04 01:40:01] [INFO] No entries eligible for merge (all below threshold or not ACCEPTED)
[2026-06-04 01:40:01] [INFO] === Cron Cycle Complete ===
[2026-06-04 01:40:01] [INFO] Cycle duration: 194ms, activities logged: 0
[2026-06-04 01:40:01] [INFO] ╔════════════════════════════════════════════════════════╗
[2026-06-04 01:40:01] [INFO] ║  Cycle Complete — Check logs for details              ║
[2026-06-04 01:40:01] [INFO] ║  Log file: /home/jeepney/.openclaw/workspace-dev/memory/logs/phase2d-cron-20260604.log              ║
[2026-06-04 01:40:01] [INFO] ╚════════════════════════════════════════════════════════╝
