[2026-06-03 18:00:01] [INFO] ╔════════════════════════════════════════════════════════╗
[2026-06-03 18:00:01] [INFO] ║  Phase 2D: Cron Integration — Full Cycle              ║
[2026-06-03 18:00:01] [INFO] ║  Start: 2026-06-03 18:00:01 KST                    ║
[2026-06-03 18:00:01] [INFO] ╚════════════════════════════════════════════════════════╝
[2026-06-03 18:00:01] [INFO] === PHASE 2A: Message Collection ===
[2026-06-03 18:00:01] [WARNING] Phase 2A health check failed (attempt 1/3), retrying in 2s...
[2026-06-03 18:00:03] [WARNING] Phase 2A health check failed (attempt 2/3), retrying in 2s...
[2026-06-03 18:00:05] [ERROR] Phase 2A health check FAILED after 3 attempts
[2026-06-03 18:00:05] [WARNING] Phase 2A unavailable, skipping message collection
[2026-06-03 18:00:05] [INFO] === PHASE 2B: Duplicate Detection ===
[2026-06-03 18:00:05] [WARNING] Phase 2B health check failed (attempt 1/3), retrying in 2s...
[2026-06-03 18:00:07] [WARNING] Phase 2B health check failed (attempt 2/3), retrying in 2s...
[2026-06-03 18:00:09] [ERROR] Phase 2B health check FAILED after 3 attempts
[2026-06-03 18:00:09] [WARNING] Phase 2B unavailable, skipping duplicate detection
[2026-06-03 18:00:09] [INFO] === PHASE 2C: Trust Score Calculation ===
[2026-06-03 18:00:09] [WARNING] Phase 2C health check failed (attempt 1/3), retrying in 2s...
[2026-06-03 18:00:11] [WARNING] Phase 2C health check failed (attempt 2/3), retrying in 2s...
[2026-06-03 18:00:13] [ERROR] Phase 2C health check FAILED after 3 attempts
[2026-06-03 18:00:13] [WARNING] Phase 2C unavailable, skipping trust score calculation
[2026-06-03 18:00:13] [INFO] === MEMORY.md Auto-Update ===
[2026-06-03 18:00:13] [INFO] Memory backup created: MEMORY_20260603_180001.md.bak
[2026-06-03 18:00:13] [INFO] No trust scores to merge, MEMORY.md unchanged
[2026-06-03 18:00:13] [INFO] === Cron Cycle Complete ===
[2026-06-03 18:00:13] [INFO] Cycle duration: 12216ms, activities logged: 0
[2026-06-03 18:00:13] [INFO] ╔════════════════════════════════════════════════════════╗
[2026-06-03 18:00:13] [INFO] ║  Cycle Complete — Check logs for details              ║
[2026-06-03 18:00:13] [INFO] ║  Log file: /home/jeepney/.openclaw/workspace-dev/memory/logs/phase2d-cron-20260603.log              ║
[2026-06-03 18:00:13] [INFO] ╚════════════════════════════════════════════════════════╝
