[2026-06-12 17:10:53] Watchdog cycle started
[2026-06-12 17:10:53] Watchdog cycle started
[2026-06-12 17:10:53] ✓ Phase2A (PID 65516): RSS=58MB, FDs=19
[2026-06-12 17:10:53] ✓ Phase2B (PID 65628): RSS=59MB, FDs=19
[2026-06-12 17:10:53] ✓ Phase2C (PID 65642): RSS=58MB, FDs=19
[2026-06-12 17:10:53] ✓ Watchdog cycle complete
[2026-06-12 17:10:53] ✓ Watchdog cycle complete
[2026-06-12 17:14:01] Watchdog cycle started
[2026-06-12 17:14:01] Watchdog cycle started
[2026-06-12 17:14:01] ✓ Phase2A (PID 65516): RSS=58MB, FDs=19
[2026-06-12 17:14:01] ✓ Phase2B (PID 65628): RSS=60MB, FDs=19
[2026-06-12 17:14:01] ✓ Phase2C (PID 65642): RSS=58MB, FDs=19
[2026-06-12 17:14:01] ✓ Watchdog cycle complete
[2026-06-12 17:14:01] ✓ Watchdog cycle complete
[2026-06-12 17:16:01] Watchdog cycle started
[2026-06-12 17:16:01] Watchdog cycle started
[2026-06-12 17:16:01] ✓ Phase2A (PID 65516): RSS=59MB, FDs=19
[2026-06-12 17:16:01] ✓ Phase2B (PID 65628): RSS=60MB, FDs=19
[2026-06-12 17:16:01] ✓ Phase2C (PID 65642): RSS=58MB, FDs=19
[2026-06-12 17:16:01] ✓ Watchdog cycle complete
[2026-06-12 17:16:01] ✓ Watchdog cycle complete
[2026-06-12 17:18:01] Watchdog cycle started
[2026-06-12 17:18:01] Watchdog cycle started
[2026-06-12 17:18:01] ✓ Phase2A (PID 65516): RSS=59MB, FDs=19
[2026-06-12 17:18:01] ✓ Phase2B (PID 65628): RSS=60MB, FDs=19
[2026-06-12 17:18:01] ✓ Phase2C (PID 65642): RSS=58MB, FDs=19
[2026-06-12 17:18:01] ✓ Watchdog cycle complete
[2026-06-12 17:18:01] ✓ Watchdog cycle complete
[2026-06-12 17:20:01] Watchdog cycle started
[2026-06-12 17:20:01] Watchdog cycle started
[2026-06-12 17:20:01] ✓ Phase2A (PID 65516): RSS=58MB, FDs=19
[2026-06-12 17:20:01] ✓ Phase2B (PID 65628): RSS=60MB, FDs=19
[2026-06-12 17:20:01] ✓ Phase2C (PID 65642): RSS=59MB, FDs=19
[2026-06-12 17:20:01] ✓ Watchdog cycle complete
[2026-06-12 17:20:01] ✓ Watchdog cycle complete
[2026-06-12 17:22:01] Watchdog cycle started
[2026-06-12 17:22:01] Watchdog cycle started
[2026-06-12 17:22:01] ✓ Phase2A (PID 65516): RSS=58MB, FDs=19
[2026-06-12 17:22:01] ✓ Phase2B (PID 65628): RSS=60MB, FDs=19
[2026-06-12 17:22:01] ✓ Phase2C (PID 65642): RSS=58MB, FDs=19
[2026-06-12 17:22:01] ✓ Watchdog cycle complete
[2026-06-12 17:22:01] ✓ Watchdog cycle complete
[2026-06-12 17:24:01] Watchdog cycle started
[2026-06-12 17:24:01] Watchdog cycle started
[2026-06-12 17:24:01] ✓ Phase2A (PID 65516): RSS=58MB, FDs=19
[2026-06-12 17:24:01] ✓ Phase2B (PID 65628): RSS=60MB, FDs=19
[2026-06-12 17:24:01] ✓ Phase2C (PID 65642): RSS=58MB, FDs=19
[2026-06-12 17:24:01] ✓ Watchdog cycle complete
[2026-06-12 17:24:01] ✓ Watchdog cycle complete
[2026-06-12 17:26:01] Watchdog cycle started
[2026-06-12 17:26:01] Watchdog cycle started
[2026-06-12 17:26:01] ✓ Phase2A (PID 65516): RSS=58MB, FDs=19
[2026-06-12 17:26:01] ✓ Phase2B (PID 65628): RSS=60MB, FDs=19
[2026-06-12 17:26:01] ✓ Phase2C (PID 65642): RSS=58MB, FDs=19
[2026-06-12 17:26:01] ✓ Watchdog cycle complete
[2026-06-12 17:26:01] ✓ Watchdog cycle complete
[2026-06-12 17:28:01] Watchdog cycle started
[2026-06-12 17:28:01] Watchdog cycle started
[2026-06-12 17:28:01] ✓ Phase2A (PID 65516): RSS=58MB, FDs=19
[2026-06-12 17:28:01] ✓ Phase2B (PID 65628): RSS=60MB, FDs=19
[2026-06-12 17:28:01] ✓ Phase2C (PID 65642): RSS=58MB, FDs=19
[2026-06-12 17:28:01] ✓ Watchdog cycle complete
[2026-06-12 17:28:01] ✓ Watchdog cycle complete
[2026-06-12 17:30:01] Watchdog cycle started
[2026-06-12 17:30:01] Watchdog cycle started
[2026-06-12 17:30:01] ✓ Phase2A (PID 65516): RSS=59MB, FDs=19
[2026-06-12 17:30:01] ✓ Phase2B (PID 65628): RSS=60MB, FDs=19
[2026-06-12 17:30:01] ✓ Phase2C (PID 65642): RSS=59MB, FDs=19
[2026-06-12 17:30:01] ✓ Watchdog cycle complete
[2026-06-12 17:30:01] ✓ Watchdog cycle complete
[2026-06-12 17:32:01] Watchdog cycle started
[2026-06-12 17:32:01] Watchdog cycle started
[2026-06-12 17:32:01] ✓ Phase2A (PID 65516): RSS=59MB, FDs=19
[2026-06-12 17:32:01] ✓ Phase2B (PID 65628): RSS=60MB, FDs=19
[2026-06-12 17:32:01] ✓ Phase2C (PID 65642): RSS=59MB, FDs=19
[2026-06-12 17:32:01] ✓ Watchdog cycle complete
[2026-06-12 17:32:01] ✓ Watchdog cycle complete
[2026-06-12 17:34:01] Watchdog cycle started
[2026-06-12 17:34:01] Watchdog cycle started
[2026-06-12 17:34:01] ✓ Phase2A (PID 65516): RSS=59MB, FDs=19
[2026-06-12 17:34:01] ✓ Phase2B (PID 65628): RSS=60MB, FDs=19
[2026-06-12 17:34:01] ✓ Phase2C (PID 65642): RSS=59MB, FDs=19
[2026-06-12 17:34:01] ✓ Watchdog cycle complete
[2026-06-12 17:34:01] ✓ Watchdog cycle complete
[2026-06-12 17:36:01] Watchdog cycle started
[2026-06-12 17:36:01] Watchdog cycle started
[2026-06-12 17:36:01] ✓ Phase2A (PID 65516): RSS=59MB, FDs=19
[2026-06-12 17:36:01] ✓ Phase2B (PID 65628): RSS=60MB, FDs=19
[2026-06-12 17:36:01] ✓ Phase2C (PID 65642): RSS=59MB, FDs=19
[2026-06-12 17:36:01] ✓ Watchdog cycle complete
[2026-06-12 17:36:01] ✓ Watchdog cycle complete
[2026-06-12 17:38:01] Watchdog cycle started
[2026-06-12 17:38:01] Watchdog cycle started
[2026-06-12 17:38:01] ✓ Phase2A (PID 65516): RSS=59MB, FDs=19
[2026-06-12 17:38:01] ✓ Phase2B (PID 65628): RSS=60MB, FDs=19
[2026-06-12 17:38:01] ✓ Phase2C (PID 65642): RSS=59MB, FDs=19
[2026-06-12 17:38:01] ✓ Watchdog cycle complete
[2026-06-12 17:38:01] ✓ Watchdog cycle complete
[2026-06-12 17:40:01] Watchdog cycle started
[2026-06-12 17:40:01] Watchdog cycle started
[2026-06-12 17:40:01] ✓ Phase2A (PID 65516): RSS=60MB, FDs=19
[2026-06-12 17:40:01] ✓ Phase2B (PID 65628): RSS=60MB, FDs=19
[2026-06-12 17:40:01] ✓ Phase2C (PID 65642): RSS=59MB, FDs=19
[2026-06-12 17:40:01] ✓ Watchdog cycle complete
[2026-06-12 17:40:01] ✓ Watchdog cycle complete
[2026-06-12 17:42:02] Watchdog cycle started
[2026-06-12 17:42:02] Watchdog cycle started
[2026-06-12 17:42:02] ✓ Phase2A (PID 65516): RSS=60MB, FDs=19
[2026-06-12 17:42:02] ✓ Phase2B (PID 65628): RSS=60MB, FDs=19
[2026-06-12 17:42:02] ✓ Phase2C (PID 65642): RSS=60MB, FDs=19
[2026-06-12 17:42:02] ✓ Watchdog cycle complete
[2026-06-12 17:42:02] ✓ Watchdog cycle complete
[2026-06-12 17:44:01] Watchdog cycle started
[2026-06-12 17:44:01] Watchdog cycle started
[2026-06-12 17:44:01] ✓ Phase2A (PID 65516): RSS=60MB, FDs=19
[2026-06-12 17:44:01] ✓ Phase2B (PID 65628): RSS=60MB, FDs=19
[2026-06-12 17:44:01] ✓ Phase2C (PID 65642): RSS=60MB, FDs=19
[2026-06-12 17:44:02] ✓ Watchdog cycle complete
[2026-06-12 17:44:02] ✓ Watchdog cycle complete
[2026-06-12 17:46:02] Watchdog cycle started
[2026-06-12 17:46:02] Watchdog cycle started
[2026-06-12 17:46:02] ✓ Phase2A (PID 65516): RSS=59MB, FDs=19
[2026-06-12 17:46:02] ✓ Phase2B (PID 65628): RSS=60MB, FDs=19
[2026-06-12 17:46:02] ✓ Phase2C (PID 65642): RSS=59MB, FDs=19
[2026-06-12 17:46:02] ✓ Watchdog cycle complete
[2026-06-12 17:46:02] ✓ Watchdog cycle complete
[2026-06-12 17:48:01] Watchdog cycle started
[2026-06-12 17:48:01] Watchdog cycle started
[2026-06-12 17:48:01] ✓ Phase2A (PID 65516): RSS=59MB, FDs=19
[2026-06-12 17:48:01] ✓ Phase2B (PID 65628): RSS=60MB, FDs=19
[2026-06-12 17:48:01] ✓ Phase2C (PID 65642): RSS=59MB, FDs=19
[2026-06-12 17:48:02] ✓ Watchdog cycle complete
[2026-06-12 17:48:02] ✓ Watchdog cycle complete
[2026-06-12 17:50:01] Watchdog cycle started
[2026-06-12 17:50:01] Watchdog cycle started
[2026-06-12 17:50:01] ✓ Phase2A (PID 65516): RSS=59MB, FDs=19
[2026-06-12 17:50:01] ✓ Phase2B (PID 65628): RSS=60MB, FDs=19
[2026-06-12 17:50:01] ✓ Phase2C (PID 65642): RSS=59MB, FDs=19
[2026-06-12 17:50:01] ✓ Watchdog cycle complete
[2026-06-12 17:50:01] ✓ Watchdog cycle complete
[2026-06-12 17:52:01] Watchdog cycle started
[2026-06-12 17:52:01] Watchdog cycle started
[2026-06-12 17:52:01] ✓ Phase2A (PID 65516): RSS=59MB, FDs=19
[2026-06-12 17:52:01] ✓ Phase2B (PID 65628): RSS=59MB, FDs=19
[2026-06-12 17:52:01] ✓ Phase2C (PID 65642): RSS=59MB, FDs=19
[2026-06-12 17:52:01] ✓ Watchdog cycle complete
[2026-06-12 17:52:01] ✓ Watchdog cycle complete
[2026-06-12 17:54:01] Watchdog cycle started
[2026-06-12 17:54:01] Watchdog cycle started
[2026-06-12 17:54:01] ✓ Phase2A (PID 65516): RSS=59MB, FDs=19
[2026-06-12 17:54:01] ✓ Phase2B (PID 65628): RSS=59MB, FDs=19
[2026-06-12 17:54:01] ✓ Phase2C (PID 65642): RSS=59MB, FDs=19
[2026-06-12 17:54:01] ✓ Watchdog cycle complete
[2026-06-12 17:54:01] ✓ Watchdog cycle complete
[2026-06-12 17:56:01] Watchdog cycle started
[2026-06-12 17:56:01] Watchdog cycle started
[2026-06-12 17:56:01] ✓ Phase2A (PID 65516): RSS=58MB, FDs=19
[2026-06-12 17:56:01] ✓ Phase2B (PID 65628): RSS=59MB, FDs=19
[2026-06-12 17:56:01] ✓ Phase2C (PID 65642): RSS=59MB, FDs=19
[2026-06-12 17:56:01] ✓ Watchdog cycle complete
[2026-06-12 17:56:01] ✓ Watchdog cycle complete
[2026-06-12 17:58:01] Watchdog cycle started
[2026-06-12 17:58:01] Watchdog cycle started
[2026-06-12 17:58:01] ✓ Phase2A (PID 65516): RSS=58MB, FDs=19
[2026-06-12 17:58:01] ✓ Phase2B (PID 65628): RSS=59MB, FDs=19
[2026-06-12 17:58:01] ✓ Phase2C (PID 65642): RSS=59MB, FDs=19
[2026-06-12 17:58:01] ✓ Watchdog cycle complete
[2026-06-12 17:58:01] ✓ Watchdog cycle complete
[2026-06-12 18:00:01] Watchdog cycle started
[2026-06-12 18:00:01] Watchdog cycle started
[2026-06-12 18:00:01] ✓ Phase2A (PID 65516): RSS=58MB, FDs=19
[2026-06-12 18:00:01] ✓ Phase2B (PID 65628): RSS=59MB, FDs=19
[2026-06-12 18:00:01] ✓ Phase2C (PID 65642): RSS=58MB, FDs=19
[2026-06-12 18:00:01] ✓ Watchdog cycle complete
[2026-06-12 18:00:01] ✓ Watchdog cycle complete
[2026-06-12 18:02:01] Watchdog cycle started
[2026-06-12 18:02:01] Watchdog cycle started
[2026-06-12 18:02:01] ✓ Phase2A (PID 65516): RSS=58MB, FDs=19
[2026-06-12 18:02:01] ✓ Phase2B (PID 65628): RSS=59MB, FDs=19
[2026-06-12 18:02:01] ✓ Phase2C (PID 65642): RSS=58MB, FDs=19
[2026-06-12 18:02:01] ✓ Watchdog cycle complete
[2026-06-12 18:02:01] ✓ Watchdog cycle complete
[2026-06-12 18:04:01] Watchdog cycle started
[2026-06-12 18:04:01] Watchdog cycle started
[2026-06-12 18:04:01] ✓ Phase2A (PID 65516): RSS=58MB, FDs=19
[2026-06-12 18:04:01] ✓ Phase2B (PID 65628): RSS=59MB, FDs=19
[2026-06-12 18:04:01] ✓ Phase2C (PID 65642): RSS=58MB, FDs=19
[2026-06-12 18:04:01] ✓ Watchdog cycle complete
[2026-06-12 18:04:01] ✓ Watchdog cycle complete
[2026-06-12 18:06:01] Watchdog cycle started
[2026-06-12 18:06:01] Watchdog cycle started
[2026-06-12 18:06:01] ✓ Phase2A (PID 65516): RSS=58MB, FDs=19
[2026-06-12 18:06:01] ✓ Phase2B (PID 65628): RSS=59MB, FDs=19
[2026-06-12 18:06:01] ✓ Phase2C (PID 65642): RSS=58MB, FDs=19
[2026-06-12 18:06:01] ✓ Watchdog cycle complete
[2026-06-12 18:06:01] ✓ Watchdog cycle complete
[2026-06-12 18:08:01] Watchdog cycle started
[2026-06-12 18:08:01] Watchdog cycle started
[2026-06-12 18:08:01] ✓ Phase2A (PID 65516): RSS=58MB, FDs=19
[2026-06-12 18:08:01] ✓ Phase2B (PID 65628): RSS=59MB, FDs=19
[2026-06-12 18:08:01] ✓ Phase2C (PID 65642): RSS=58MB, FDs=19
[2026-06-12 18:08:01] ✓ Watchdog cycle complete
[2026-06-12 18:08:01] ✓ Watchdog cycle complete
[2026-06-12 18:10:01] Watchdog cycle started
[2026-06-12 18:10:01] Watchdog cycle started
[2026-06-12 18:10:01] ✓ Phase2A (PID 65516): RSS=59MB, FDs=19
[2026-06-12 18:10:01] ✓ Phase2B (PID 65628): RSS=59MB, FDs=19
[2026-06-12 18:10:01] ✓ Phase2C (PID 65642): RSS=59MB, FDs=19
[2026-06-12 18:10:01] ✓ Watchdog cycle complete
[2026-06-12 18:10:01] ✓ Watchdog cycle complete
[2026-06-12 18:12:01] Watchdog cycle started
[2026-06-12 18:12:01] Watchdog cycle started
[2026-06-12 18:12:01] ✓ Phase2A (PID 65516): RSS=59MB, FDs=19
[2026-06-12 18:12:01] ✓ Phase2B (PID 65628): RSS=59MB, FDs=19
[2026-06-12 18:12:01] ✓ Phase2C (PID 65642): RSS=58MB, FDs=19
[2026-06-12 18:12:01] ✓ Watchdog cycle complete
[2026-06-12 18:12:01] ✓ Watchdog cycle complete
[2026-06-12 18:14:01] Watchdog cycle started
[2026-06-12 18:14:01] Watchdog cycle started
[2026-06-12 18:14:02] ✓ Phase2A (PID 65516): RSS=59MB, FDs=19
[2026-06-12 18:14:02] ✓ Phase2B (PID 65628): RSS=59MB, FDs=19
[2026-06-12 18:14:02] ✓ Phase2C (PID 65642): RSS=58MB, FDs=19
[2026-06-12 18:14:02] ✓ Watchdog cycle complete
[2026-06-12 18:14:02] ✓ Watchdog cycle complete
[2026-06-12 18:16:02] Watchdog cycle started
[2026-06-12 18:16:02] Watchdog cycle started
[2026-06-12 18:16:02] ✓ Phase2A (PID 65516): RSS=59MB, FDs=19
[2026-06-12 18:16:02] ✓ Phase2B (PID 65628): RSS=60MB, FDs=19
[2026-06-12 18:16:02] ✓ Phase2C (PID 65642): RSS=58MB, FDs=19
[2026-06-12 18:16:02] ✓ Watchdog cycle complete
[2026-06-12 18:16:02] ✓ Watchdog cycle complete
[2026-06-12 18:18:01] Watchdog cycle started
[2026-06-12 18:18:01] Watchdog cycle started
[2026-06-12 18:18:01] ✓ Phase2A (PID 65516): RSS=59MB, FDs=19
[2026-06-12 18:18:01] ✓ Phase2B (PID 65628): RSS=60MB, FDs=19
[2026-06-12 18:18:01] ✓ Phase2C (PID 65642): RSS=58MB, FDs=19
[2026-06-12 18:18:02] ✓ Watchdog cycle complete
[2026-06-12 18:18:02] ✓ Watchdog cycle complete
[2026-06-12 18:20:01] Watchdog cycle started
[2026-06-12 18:20:01] Watchdog cycle started
[2026-06-12 18:20:01] ✓ Phase2A (PID 65516): RSS=59MB, FDs=19
[2026-06-12 18:20:01] ✓ Phase2B (PID 65628): RSS=60MB, FDs=19
[2026-06-12 18:20:01] ✓ Phase2C (PID 65642): RSS=58MB, FDs=19
[2026-06-12 18:20:01] ✓ Watchdog cycle complete
[2026-06-12 18:20:01] ✓ Watchdog cycle complete
[2026-06-12 18:22:01] Watchdog cycle started
[2026-06-12 18:22:01] Watchdog cycle started
[2026-06-12 18:22:01] ✓ Phase2A (PID 65516): RSS=59MB, FDs=19
[2026-06-12 18:22:01] ✓ Phase2B (PID 65628): RSS=60MB, FDs=19
[2026-06-12 18:22:01] ✓ Phase2C (PID 65642): RSS=59MB, FDs=19
[2026-06-12 18:22:01] ✓ Watchdog cycle complete
[2026-06-12 18:22:01] ✓ Watchdog cycle complete
[2026-06-12 18:24:01] Watchdog cycle started
[2026-06-12 18:24:01] Watchdog cycle started
[2026-06-12 18:24:01] ✓ Phase2A (PID 65516): RSS=59MB, FDs=19
[2026-06-12 18:24:01] ✓ Phase2B (PID 65628): RSS=60MB, FDs=19
[2026-06-12 18:24:01] ✓ Phase2C (PID 65642): RSS=59MB, FDs=19
[2026-06-12 18:24:01] ✓ Watchdog cycle complete
[2026-06-12 18:24:01] ✓ Watchdog cycle complete
[2026-06-12 18:26:01] Watchdog cycle started
[2026-06-12 18:26:01] Watchdog cycle started
[2026-06-12 18:26:01] ✓ Phase2A (PID 65516): RSS=60MB, FDs=19
[2026-06-12 18:26:01] ✓ Phase2B (PID 65628): RSS=60MB, FDs=19
[2026-06-12 18:26:01] ✓ Phase2C (PID 65642): RSS=59MB, FDs=19
[2026-06-12 18:26:01] ✓ Watchdog cycle complete
[2026-06-12 18:26:01] ✓ Watchdog cycle complete
[2026-06-12 18:28:01] Watchdog cycle started
[2026-06-12 18:28:01] Watchdog cycle started
[2026-06-12 18:28:01] ✓ Phase2A (PID 65516): RSS=59MB, FDs=19
[2026-06-12 18:28:01] ✓ Phase2B (PID 65628): RSS=60MB, FDs=19
[2026-06-12 18:28:01] ✓ Phase2C (PID 65642): RSS=59MB, FDs=19
[2026-06-12 18:28:01] ✓ Watchdog cycle complete
[2026-06-12 18:28:01] ✓ Watchdog cycle complete
[2026-06-12 18:30:01] Watchdog cycle started
[2026-06-12 18:30:01] Watchdog cycle started
[2026-06-12 18:30:01] ✓ Phase2A (PID 65516): RSS=59MB, FDs=19
[2026-06-12 18:30:01] ✓ Phase2B (PID 65628): RSS=61MB, FDs=19
[2026-06-12 18:30:01] ✓ Phase2C (PID 65642): RSS=59MB, FDs=19
[2026-06-12 18:30:01] ✓ Watchdog cycle complete
[2026-06-12 18:30:01] ✓ Watchdog cycle complete
[2026-06-12 18:32:01] Watchdog cycle started
[2026-06-12 18:32:01] Watchdog cycle started
[2026-06-12 18:32:01] ✓ Phase2A (PID 65516): RSS=59MB, FDs=19
[2026-06-12 18:32:01] ✓ Phase2B (PID 65628): RSS=60MB, FDs=19
[2026-06-12 18:32:01] ✓ Phase2C (PID 65642): RSS=59MB, FDs=19
[2026-06-12 18:32:01] ✓ Watchdog cycle complete
[2026-06-12 18:32:01] ✓ Watchdog cycle complete
[2026-06-12 18:34:01] Watchdog cycle started
[2026-06-12 18:34:01] Watchdog cycle started
[2026-06-12 18:34:01] ✓ Phase2A (PID 65516): RSS=59MB, FDs=19
[2026-06-12 18:34:01] ✓ Phase2B (PID 65628): RSS=60MB, FDs=19
[2026-06-12 18:34:01] ✓ Phase2C (PID 65642): RSS=59MB, FDs=19
[2026-06-12 18:34:01] ✓ Watchdog cycle complete
[2026-06-12 18:34:01] ✓ Watchdog cycle complete
[2026-06-12 18:36:02] Watchdog cycle started
[2026-06-12 18:36:02] Watchdog cycle started
[2026-06-12 18:36:02] ✓ Phase2A (PID 65516): RSS=59MB, FDs=19
[2026-06-12 18:36:02] ✓ Phase2B (PID 65628): RSS=60MB, FDs=19
[2026-06-12 18:36:02] ✓ Phase2C (PID 65642): RSS=60MB, FDs=19
[2026-06-12 18:36:02] ✓ Watchdog cycle complete
[2026-06-12 18:36:02] ✓ Watchdog cycle complete
[2026-06-12 18:38:01] Watchdog cycle started
[2026-06-12 18:38:01] Watchdog cycle started
[2026-06-12 18:38:01] ✓ Phase2A (PID 65516): RSS=59MB, FDs=19
[2026-06-12 18:38:01] ✓ Phase2B (PID 65628): RSS=60MB, FDs=19
[2026-06-12 18:38:01] ✓ Phase2C (PID 65642): RSS=60MB, FDs=19
[2026-06-12 18:38:01] ✓ Watchdog cycle complete
[2026-06-12 18:38:01] ✓ Watchdog cycle complete
[2026-06-12 18:40:01] Watchdog cycle started
[2026-06-12 18:40:01] Watchdog cycle started
[2026-06-12 18:40:01] ✓ Phase2A (PID 65516): RSS=59MB, FDs=19
[2026-06-12 18:40:01] ✓ Phase2B (PID 65628): RSS=60MB, FDs=19
[2026-06-12 18:40:01] ✓ Phase2C (PID 65642): RSS=59MB, FDs=19
[2026-06-12 18:40:01] ✓ Watchdog cycle complete
[2026-06-12 18:40:01] ✓ Watchdog cycle complete
[2026-06-12 18:42:01] Watchdog cycle started
[2026-06-12 18:42:01] Watchdog cycle started
[2026-06-12 18:42:01] ✓ Phase2A (PID 65516): RSS=59MB, FDs=19
[2026-06-12 18:42:01] ✓ Phase2B (PID 65628): RSS=60MB, FDs=19
[2026-06-12 18:42:01] ✓ Phase2C (PID 65642): RSS=59MB, FDs=19
[2026-06-12 18:42:01] ✓ Watchdog cycle complete
[2026-06-12 18:42:01] ✓ Watchdog cycle complete
[2026-06-12 18:44:01] Watchdog cycle started
[2026-06-12 18:44:01] Watchdog cycle started
[2026-06-12 18:44:01] ✓ Phase2A (PID 65516): RSS=59MB, FDs=19
[2026-06-12 18:44:01] ✓ Phase2B (PID 65628): RSS=60MB, FDs=19
[2026-06-12 18:44:01] ✓ Phase2C (PID 65642): RSS=59MB, FDs=19
[2026-06-12 18:44:01] ✓ Watchdog cycle complete
[2026-06-12 18:44:01] ✓ Watchdog cycle complete
[2026-06-12 18:46:01] Watchdog cycle started
[2026-06-12 18:46:01] Watchdog cycle started
[2026-06-12 18:46:01] ✓ Phase2A (PID 65516): RSS=59MB, FDs=19
[2026-06-12 18:46:01] ✓ Phase2B (PID 65628): RSS=59MB, FDs=19
[2026-06-12 18:46:01] ✓ Phase2C (PID 65642): RSS=59MB, FDs=19
[2026-06-12 18:46:01] ✓ Watchdog cycle complete
[2026-06-12 18:46:01] ✓ Watchdog cycle complete
[2026-06-12 18:48:01] Watchdog cycle started
[2026-06-12 18:48:01] Watchdog cycle started
[2026-06-12 18:48:01] ✓ Phase2A (PID 65516): RSS=59MB, FDs=19
[2026-06-12 18:48:01] ✓ Phase2B (PID 65628): RSS=59MB, FDs=19
[2026-06-12 18:48:01] ✓ Phase2C (PID 65642): RSS=59MB, FDs=19
[2026-06-12 18:48:01] ✓ Watchdog cycle complete
[2026-06-12 18:48:01] ✓ Watchdog cycle complete
[2026-06-12 18:50:01] Watchdog cycle started
[2026-06-12 18:50:01] Watchdog cycle started
[2026-06-12 18:50:01] ✓ Phase2A (PID 65516): RSS=58MB, FDs=19
[2026-06-12 18:50:01] ✓ Phase2B (PID 65628): RSS=59MB, FDs=19
[2026-06-12 18:50:01] ✓ Phase2C (PID 65642): RSS=59MB, FDs=19
[2026-06-12 18:50:01] ✓ Watchdog cycle complete
[2026-06-12 18:50:01] ✓ Watchdog cycle complete
[2026-06-12 18:52:01] Watchdog cycle started
[2026-06-12 18:52:01] Watchdog cycle started
[2026-06-12 18:52:01] ✓ Phase2A (PID 65516): RSS=58MB, FDs=19
[2026-06-12 18:52:01] ✓ Phase2B (PID 65628): RSS=59MB, FDs=19
[2026-06-12 18:52:01] ✓ Phase2C (PID 65642): RSS=59MB, FDs=19
[2026-06-12 18:52:01] ✓ Watchdog cycle complete
[2026-06-12 18:52:01] ✓ Watchdog cycle complete
[2026-06-12 18:54:02] Watchdog cycle started
[2026-06-12 18:54:02] Watchdog cycle started
[2026-06-12 18:54:02] ✓ Phase2A (PID 65516): RSS=58MB, FDs=19
[2026-06-12 18:54:02] ✓ Phase2B (PID 65628): RSS=59MB, FDs=19
[2026-06-12 18:54:02] ✓ Phase2C (PID 65642): RSS=59MB, FDs=19
[2026-06-12 18:54:02] ✓ Watchdog cycle complete
[2026-06-12 18:54:02] ✓ Watchdog cycle complete
[2026-06-12 18:56:02] Watchdog cycle started
[2026-06-12 18:56:02] Watchdog cycle started
[2026-06-12 18:56:02] ✓ Phase2A (PID 65516): RSS=59MB, FDs=19
[2026-06-12 18:56:02] ✓ Phase2B (PID 65628): RSS=59MB, FDs=19
[2026-06-12 18:56:02] ✓ Phase2C (PID 65642): RSS=58MB, FDs=19
[2026-06-12 18:56:02] ✓ Watchdog cycle complete
[2026-06-12 18:56:02] ✓ Watchdog cycle complete
[2026-06-12 18:58:01] Watchdog cycle started
[2026-06-12 18:58:01] Watchdog cycle started
[2026-06-12 18:58:02] ✓ Phase2A (PID 65516): RSS=59MB, FDs=19
[2026-06-12 18:58:02] ✓ Phase2B (PID 65628): RSS=60MB, FDs=19
[2026-06-12 18:58:02] ✓ Phase2C (PID 65642): RSS=58MB, FDs=19
[2026-06-12 18:58:02] ✓ Watchdog cycle complete
[2026-06-12 18:58:02] ✓ Watchdog cycle complete
[2026-06-12 19:00:01] Watchdog cycle started
[2026-06-12 19:00:01] Watchdog cycle started
[2026-06-12 19:00:01] ✓ Phase2A (PID 65516): RSS=59MB, FDs=19
[2026-06-12 19:00:01] ✓ Phase2B (PID 65628): RSS=59MB, FDs=19
[2026-06-12 19:00:01] ✓ Phase2C (PID 65642): RSS=59MB, FDs=19
[2026-06-12 19:00:01] ✓ Watchdog cycle complete
[2026-06-12 19:00:01] ✓ Watchdog cycle complete
[2026-06-12 19:02:01] Watchdog cycle started
[2026-06-12 19:02:01] Watchdog cycle started
[2026-06-12 19:02:01] ✓ Phase2A (PID 65516): RSS=59MB, FDs=19
[2026-06-12 19:02:01] ✓ Phase2B (PID 65628): RSS=59MB, FDs=19
[2026-06-12 19:02:01] ✓ Phase2C (PID 65642): RSS=58MB, FDs=19
[2026-06-12 19:02:01] ✓ Watchdog cycle complete
[2026-06-12 19:02:01] ✓ Watchdog cycle complete
[2026-06-12 19:04:01] Watchdog cycle started
[2026-06-12 19:04:01] Watchdog cycle started
[2026-06-12 19:04:01] ✓ Phase2A (PID 65516): RSS=59MB, FDs=19
[2026-06-12 19:04:01] ✓ Phase2B (PID 65628): RSS=59MB, FDs=19
[2026-06-12 19:04:01] ✓ Phase2C (PID 65642): RSS=58MB, FDs=19
[2026-06-12 19:04:01] ✓ Watchdog cycle complete
[2026-06-12 19:04:01] ✓ Watchdog cycle complete
[2026-06-12 19:06:01] Watchdog cycle started
[2026-06-12 19:06:01] Watchdog cycle started
[2026-06-12 19:06:01] ✓ Phase2A (PID 65516): RSS=59MB, FDs=19
[2026-06-12 19:06:01] ✓ Phase2B (PID 65628): RSS=59MB, FDs=19
[2026-06-12 19:06:01] ✓ Phase2C (PID 65642): RSS=59MB, FDs=19
[2026-06-12 19:06:01] ✓ Watchdog cycle complete
[2026-06-12 19:06:01] ✓ Watchdog cycle complete
[2026-06-12 19:08:01] Watchdog cycle started
[2026-06-12 19:08:01] Watchdog cycle started
[2026-06-12 19:08:01] ✓ Phase2A (PID 65516): RSS=59MB, FDs=19
[2026-06-12 19:08:01] ✓ Phase2B (PID 65628): RSS=59MB, FDs=19
[2026-06-12 19:08:01] ✓ Phase2C (PID 65642): RSS=59MB, FDs=19
[2026-06-12 19:08:01] ✓ Watchdog cycle complete
[2026-06-12 19:08:01] ✓ Watchdog cycle complete
[2026-06-12 19:10:01] Watchdog cycle started
[2026-06-12 19:10:01] Watchdog cycle started
[2026-06-12 19:10:01] ✓ Phase2A (PID 65516): RSS=59MB, FDs=19
[2026-06-12 19:10:01] ✓ Phase2B (PID 65628): RSS=59MB, FDs=19
[2026-06-12 19:10:01] ✓ Phase2C (PID 65642): RSS=60MB, FDs=19
[2026-06-12 19:10:01] ✓ Watchdog cycle complete
[2026-06-12 19:10:01] ✓ Watchdog cycle complete
[2026-06-12 19:12:02] Watchdog cycle started
[2026-06-12 19:12:02] Watchdog cycle started
[2026-06-12 19:12:02] ✓ Phase2A (PID 65516): RSS=59MB, FDs=19
[2026-06-12 19:12:02] ✓ Phase2B (PID 65628): RSS=59MB, FDs=19
[2026-06-12 19:12:02] ✓ Phase2C (PID 65642): RSS=59MB, FDs=19
[2026-06-12 19:12:02] ✓ Watchdog cycle complete
[2026-06-12 19:12:02] ✓ Watchdog cycle complete
[2026-06-12 19:14:01] Watchdog cycle started
[2026-06-12 19:14:01] Watchdog cycle started
[2026-06-12 19:14:02] ✓ Phase2A (PID 65516): RSS=59MB, FDs=19
[2026-06-12 19:14:02] ✓ Phase2B (PID 65628): RSS=59MB, FDs=19
[2026-06-12 19:14:02] ✓ Phase2C (PID 65642): RSS=59MB, FDs=19
[2026-06-12 19:14:02] ✓ Watchdog cycle complete
[2026-06-12 19:14:02] ✓ Watchdog cycle complete
[2026-06-12 19:16:01] Watchdog cycle started
[2026-06-12 19:16:01] Watchdog cycle started
[2026-06-12 19:16:01] ✓ Phase2A (PID 65516): RSS=60MB, FDs=19
[2026-06-12 19:16:01] ✓ Phase2B (PID 65628): RSS=60MB, FDs=19
[2026-06-12 19:16:01] ✓ Phase2C (PID 65642): RSS=59MB, FDs=19
[2026-06-12 19:16:01] ✓ Watchdog cycle complete
[2026-06-12 19:16:01] ✓ Watchdog cycle complete
[2026-06-12 19:18:02] Watchdog cycle started
[2026-06-12 19:18:02] Watchdog cycle started
[2026-06-12 19:18:02] ✓ Phase2A (PID 65516): RSS=60MB, FDs=19
[2026-06-12 19:18:02] ✓ Phase2B (PID 65628): RSS=60MB, FDs=19
[2026-06-12 19:18:02] ✓ Phase2C (PID 65642): RSS=59MB, FDs=19
[2026-06-12 19:18:02] ✓ Watchdog cycle complete
[2026-06-12 19:18:02] ✓ Watchdog cycle complete
[2026-06-12 19:20:01] Watchdog cycle started
[2026-06-12 19:20:01] Watchdog cycle started
[2026-06-12 19:20:01] ✓ Phase2A (PID 65516): RSS=59MB, FDs=19
[2026-06-12 19:20:01] ✓ Phase2B (PID 65628): RSS=60MB, FDs=19
[2026-06-12 19:20:01] ✓ Phase2C (PID 65642): RSS=59MB, FDs=19
[2026-06-12 19:20:01] ✓ Watchdog cycle complete
[2026-06-12 19:20:01] ✓ Watchdog cycle complete
