[2026-05-31T03:00:09.063Z] [INFO] ========== Phase 2A Local Collector Start ==========
[2026-05-31T03:00:09.066Z] [INFO] Memory Dir: /home/jeepney/.openclaw/workspace-dev/memory
[2026-05-31T03:00:09.066Z] [INFO] Step 1: Scanning memory files...
[2026-05-31T03:00:09.069Z] [INFO] Found 376 memory files
[2026-05-31T03:00:09.069Z] [INFO] Step 2: Extracting messages from files...
[2026-05-31T03:00:09.165Z] [INFO] Extracted 376 messages
[2026-05-31T03:00:09.165Z] [INFO] Step 3: Loading existing message hashes...
[2026-05-31T03:00:09.185Z] [INFO] Existing hashes: 414
[2026-05-31T03:00:09.185Z] [INFO] Step 4: Saving new messages...
[2026-05-31T03:00:09.186Z] [INFO] ✓ Saved: 4, Duplicates: 372
[2026-05-31T03:00:09.186Z] [INFO] Step 5: Statistics updated
[2026-05-31T03:00:09.186Z] [INFO] ========== Phase 2A Local Collector End ==========
[2026-05-31T09:08:43.185Z] [INFO] ========== Phase 2A Local Collector Start ==========
[2026-05-31T09:08:43.186Z] [INFO] Memory Dir: /home/jeepney/.openclaw/workspace-dev/memory
[2026-05-31T09:08:43.186Z] [INFO] Step 1: Scanning memory files...
[2026-05-31T09:08:43.191Z] [INFO] Found 380 memory files
[2026-05-31T09:08:43.191Z] [INFO] Step 2: Extracting messages from files...
[2026-05-31T09:08:43.224Z] [INFO] Extracted 380 messages
[2026-05-31T09:08:43.224Z] [INFO] Step 3: Loading existing message hashes...
[2026-05-31T09:08:43.245Z] [INFO] Existing hashes: 418
[2026-05-31T09:08:43.245Z] [INFO] Step 4: Saving new messages...
[2026-05-31T09:08:43.247Z] [INFO] ✓ Saved: 21, Duplicates: 359
[2026-05-31T09:08:43.247Z] [INFO] Step 5: Statistics updated
[2026-05-31T09:08:43.247Z] [INFO] ========== Phase 2A Local Collector End ==========
[2026-05-31T15:00:24.778Z] [INFO] ========== Phase 2A Local Collector Start ==========
[2026-05-31T15:00:24.780Z] [INFO] Memory Dir: /home/jeepney/.openclaw/workspace-dev/memory
[2026-05-31T15:00:24.781Z] [INFO] Step 1: Scanning memory files...
[2026-05-31T15:00:24.784Z] [INFO] Found 380 memory files
[2026-05-31T15:00:24.784Z] [INFO] Step 2: Extracting messages from files...
[2026-05-31T15:00:24.813Z] [INFO] Extracted 380 messages
[2026-05-31T15:00:24.813Z] [INFO] Step 3: Loading existing message hashes...
[2026-05-31T15:00:24.830Z] [INFO] Existing hashes: 439
[2026-05-31T15:00:24.831Z] [INFO] Step 4: Saving new messages...
[2026-05-31T15:00:24.831Z] [INFO] ✓ Saved: 4, Duplicates: 376
[2026-05-31T15:00:24.831Z] [INFO] Step 5: Statistics updated
[2026-05-31T15:00:24.831Z] [INFO] ========== Phase 2A Local Collector End ==========
