[1;33m[2026-06-04 06:10:01] [WARNING] Phase 2A health check failed (attempt 1/3), retrying in 2s...[0m
[1;33m[2026-06-04 06:10:03] [WARNING] Phase 2A health check failed (attempt 2/3), retrying in 2s...[0m
[0;31m[2026-06-04 06:10:05] [ERROR] Phase 2A health check FAILED after 3 attempts[0m
[1;33m[2026-06-04 06:10:05] [WARNING] Phase 2A unavailable, skipping message collection[0m
[1;33m[2026-06-04 06:10:05] [WARNING] Phase 2B health check failed (attempt 1/3), retrying in 2s...[0m
[1;33m[2026-06-04 06:10:07] [WARNING] Phase 2B health check failed (attempt 2/3), retrying in 2s...[0m
[0;31m[2026-06-04 06:10:09] [ERROR] Phase 2B health check FAILED after 3 attempts[0m
[1;33m[2026-06-04 06:10:09] [WARNING] Phase 2B unavailable, skipping duplicate detection[0m
[1;33m[2026-06-04 06:10:09] [WARNING] Phase 2C health check failed (attempt 1/3), retrying in 2s...[0m
[1;33m[2026-06-04 06:10:11] [WARNING] Phase 2C health check failed (attempt 2/3), retrying in 2s...[0m
[0;31m[2026-06-04 06:10:13] [ERROR] Phase 2C health check FAILED after 3 attempts[0m
[1;33m[2026-06-04 06:10:13] [WARNING] Phase 2C unavailable, skipping trust score calculation[0m
[1;33m[2026-06-04 06:15:01] [WARNING] Phase 2A health check failed (attempt 1/3), retrying in 2s...[0m
[1;33m[2026-06-04 06:15:03] [WARNING] Phase 2A health check failed (attempt 2/3), retrying in 2s...[0m
[0;31m[2026-06-04 06:15:05] [ERROR] Phase 2A health check FAILED after 3 attempts[0m
[1;33m[2026-06-04 06:15:05] [WARNING] Phase 2A unavailable, skipping message collection[0m
[1;33m[2026-06-04 06:15:05] [WARNING] Phase 2B health check failed (attempt 1/3), retrying in 2s...[0m
[1;33m[2026-06-04 06:15:07] [WARNING] Phase 2B health check failed (attempt 2/3), retrying in 2s...[0m
[0;31m[2026-06-04 06:15:09] [ERROR] Phase 2B health check FAILED after 3 attempts[0m
[1;33m[2026-06-04 06:15:09] [WARNING] Phase 2B unavailable, skipping duplicate detection[0m
[1;33m[2026-06-04 06:15:09] [WARNING] Phase 2C health check failed (attempt 1/3), retrying in 2s...[0m
[1;33m[2026-06-04 06:15:11] [WARNING] Phase 2C health check failed (attempt 2/3), retrying in 2s...[0m
[0;31m[2026-06-04 06:15:13] [ERROR] Phase 2C health check FAILED after 3 attempts[0m
[1;33m[2026-06-04 06:15:13] [WARNING] Phase 2C unavailable, skipping trust score calculation[0m
[1;33m[2026-06-04 06:20:01] [WARNING] Phase 2A health check failed (attempt 1/3), retrying in 2s...[0m
[1;33m[2026-06-04 06:20:03] [WARNING] Phase 2A health check failed (attempt 2/3), retrying in 2s...[0m
[0;31m[2026-06-04 06:20:05] [ERROR] Phase 2A health check FAILED after 3 attempts[0m
[1;33m[2026-06-04 06:20:05] [WARNING] Phase 2A unavailable, skipping message collection[0m
[1;33m[2026-06-04 06:20:05] [WARNING] Phase 2B health check failed (attempt 1/3), retrying in 2s...[0m
[1;33m[2026-06-04 06:20:07] [WARNING] Phase 2B health check failed (attempt 2/3), retrying in 2s...[0m
[0;31m[2026-06-04 06:20:09] [ERROR] Phase 2B health check FAILED after 3 attempts[0m
[1;33m[2026-06-04 06:20:09] [WARNING] Phase 2B unavailable, skipping duplicate detection[0m
[1;33m[2026-06-04 06:20:09] [WARNING] Phase 2C health check failed (attempt 1/3), retrying in 2s...[0m
[1;33m[2026-06-04 06:20:11] [WARNING] Phase 2C health check failed (attempt 2/3), retrying in 2s...[0m
[0;31m[2026-06-04 06:20:13] [ERROR] Phase 2C health check FAILED after 3 attempts[0m
[1;33m[2026-06-04 06:20:13] [WARNING] Phase 2C unavailable, skipping trust score calculation[0m
[1;33m[2026-06-04 06:25:01] [WARNING] Phase 2A health check failed (attempt 1/3), retrying in 2s...[0m
[1;33m[2026-06-04 06:25:03] [WARNING] Phase 2A health check failed (attempt 2/3), retrying in 2s...[0m
[0;31m[2026-06-04 06:25:05] [ERROR] Phase 2A health check FAILED after 3 attempts[0m
[1;33m[2026-06-04 06:25:05] [WARNING] Phase 2A unavailable, skipping message collection[0m
[1;33m[2026-06-04 06:25:05] [WARNING] Phase 2B health check failed (attempt 1/3), retrying in 2s...[0m
[1;33m[2026-06-04 06:25:07] [WARNING] Phase 2B health check failed (attempt 2/3), retrying in 2s...[0m
[0;31m[2026-06-04 06:25:09] [ERROR] Phase 2B health check FAILED after 3 attempts[0m
[1;33m[2026-06-04 06:25:09] [WARNING] Phase 2B unavailable, skipping duplicate detection[0m
[1;33m[2026-06-04 06:25:09] [WARNING] Phase 2C health check failed (attempt 1/3), retrying in 2s...[0m
[1;33m[2026-06-04 06:25:11] [WARNING] Phase 2C health check failed (attempt 2/3), retrying in 2s...[0m
[0;31m[2026-06-04 06:25:13] [ERROR] Phase 2C health check FAILED after 3 attempts[0m
[1;33m[2026-06-04 06:25:13] [WARNING] Phase 2C unavailable, skipping trust score calculation[0m
[1;33m[2026-06-04 06:30:01] [WARNING] Phase 2A health check failed (attempt 1/3), retrying in 2s...[0m
[1;33m[2026-06-04 06:30:03] [WARNING] Phase 2A health check failed (attempt 2/3), retrying in 2s...[0m
[0;31m[2026-06-04 06:30:05] [ERROR] Phase 2A health check FAILED after 3 attempts[0m
[1;33m[2026-06-04 06:30:05] [WARNING] Phase 2A unavailable, skipping message collection[0m
[1;33m[2026-06-04 06:30:05] [WARNING] Phase 2B health check failed (attempt 1/3), retrying in 2s...[0m
[1;33m[2026-06-04 06:30:07] [WARNING] Phase 2B health check failed (attempt 2/3), retrying in 2s...[0m
[0;31m[2026-06-04 06:30:09] [ERROR] Phase 2B health check FAILED after 3 attempts[0m
[1;33m[2026-06-04 06:30:09] [WARNING] Phase 2B unavailable, skipping duplicate detection[0m
[1;33m[2026-06-04 06:30:09] [WARNING] Phase 2C health check failed (attempt 1/3), retrying in 2s...[0m
[1;33m[2026-06-04 06:30:11] [WARNING] Phase 2C health check failed (attempt 2/3), retrying in 2s...[0m
[0;31m[2026-06-04 06:30:13] [ERROR] Phase 2C health check FAILED after 3 attempts[0m
[1;33m[2026-06-04 06:30:13] [WARNING] Phase 2C unavailable, skipping trust score calculation[0m
[1;33m[2026-06-04 06:35:01] [WARNING] Phase 2A health check failed (attempt 1/3), retrying in 2s...[0m
[1;33m[2026-06-04 06:35:03] [WARNING] Phase 2A health check failed (attempt 2/3), retrying in 2s...[0m
[0;31m[2026-06-04 06:35:05] [ERROR] Phase 2A health check FAILED after 3 attempts[0m
[1;33m[2026-06-04 06:35:05] [WARNING] Phase 2A unavailable, skipping message collection[0m
[1;33m[2026-06-04 06:35:05] [WARNING] Phase 2B health check failed (attempt 1/3), retrying in 2s...[0m
[1;33m[2026-06-04 06:35:07] [WARNING] Phase 2B health check failed (attempt 2/3), retrying in 2s...[0m
[0;31m[2026-06-04 06:35:09] [ERROR] Phase 2B health check FAILED after 3 attempts[0m
[1;33m[2026-06-04 06:35:09] [WARNING] Phase 2B unavailable, skipping duplicate detection[0m
[1;33m[2026-06-04 06:35:09] [WARNING] Phase 2C health check failed (attempt 1/3), retrying in 2s...[0m
[1;33m[2026-06-04 06:35:11] [WARNING] Phase 2C health check failed (attempt 2/3), retrying in 2s...[0m
[0;31m[2026-06-04 06:35:13] [ERROR] Phase 2C health check FAILED after 3 attempts[0m
[1;33m[2026-06-04 06:35:13] [WARNING] Phase 2C unavailable, skipping trust score calculation[0m
[1;33m[2026-06-04 06:40:01] [WARNING] Phase 2A health check failed (attempt 1/3), retrying in 2s...[0m
[1;33m[2026-06-04 06:40:03] [WARNING] Phase 2A health check failed (attempt 2/3), retrying in 2s...[0m
[0;31m[2026-06-04 06:40:05] [ERROR] Phase 2A health check FAILED after 3 attempts[0m
[1;33m[2026-06-04 06:40:05] [WARNING] Phase 2A unavailable, skipping message collection[0m
[1;33m[2026-06-04 06:40:05] [WARNING] Phase 2B health check failed (attempt 1/3), retrying in 2s...[0m
[1;33m[2026-06-04 06:40:07] [WARNING] Phase 2B health check failed (attempt 2/3), retrying in 2s...[0m
[0;31m[2026-06-04 06:40:09] [ERROR] Phase 2B health check FAILED after 3 attempts[0m
[1;33m[2026-06-04 06:40:09] [WARNING] Phase 2B unavailable, skipping duplicate detection[0m
[1;33m[2026-06-04 06:40:09] [WARNING] Phase 2C health check failed (attempt 1/3), retrying in 2s...[0m
[1;33m[2026-06-04 06:40:11] [WARNING] Phase 2C health check failed (attempt 2/3), retrying in 2s...[0m
[0;31m[2026-06-04 06:40:13] [ERROR] Phase 2C health check FAILED after 3 attempts[0m
[1;33m[2026-06-04 06:40:13] [WARNING] Phase 2C unavailable, skipping trust score calculation[0m
[1;33m[2026-06-04 06:45:01] [WARNING] Phase 2A health check failed (attempt 1/3), retrying in 2s...[0m
[1;33m[2026-06-04 06:45:03] [WARNING] Phase 2A health check failed (attempt 2/3), retrying in 2s...[0m
[0;31m[2026-06-04 06:45:05] [ERROR] Phase 2A health check FAILED after 3 attempts[0m
[1;33m[2026-06-04 06:45:05] [WARNING] Phase 2A unavailable, skipping message collection[0m
[1;33m[2026-06-04 06:45:05] [WARNING] Phase 2B health check failed (attempt 1/3), retrying in 2s...[0m
[1;33m[2026-06-04 06:45:07] [WARNING] Phase 2B health check failed (attempt 2/3), retrying in 2s...[0m
[0;31m[2026-06-04 06:45:09] [ERROR] Phase 2B health check FAILED after 3 attempts[0m
[1;33m[2026-06-04 06:45:09] [WARNING] Phase 2B unavailable, skipping duplicate detection[0m
[1;33m[2026-06-04 06:45:09] [WARNING] Phase 2C health check failed (attempt 1/3), retrying in 2s...[0m
[1;33m[2026-06-04 06:45:11] [WARNING] Phase 2C health check failed (attempt 2/3), retrying in 2s...[0m
[0;31m[2026-06-04 06:45:13] [ERROR] Phase 2C health check FAILED after 3 attempts[0m
[1;33m[2026-06-04 06:45:13] [WARNING] Phase 2C unavailable, skipping trust score calculation[0m
[1;33m[2026-06-04 06:50:01] [WARNING] Phase 2A health check failed (attempt 1/3), retrying in 2s...[0m
[1;33m[2026-06-04 06:50:03] [WARNING] Phase 2A health check failed (attempt 2/3), retrying in 2s...[0m
[0;31m[2026-06-04 06:50:05] [ERROR] Phase 2A health check FAILED after 3 attempts[0m
[1;33m[2026-06-04 06:50:05] [WARNING] Phase 2A unavailable, skipping message collection[0m
[1;33m[2026-06-04 06:50:05] [WARNING] Phase 2B health check failed (attempt 1/3), retrying in 2s...[0m
[1;33m[2026-06-04 06:50:07] [WARNING] Phase 2B health check failed (attempt 2/3), retrying in 2s...[0m
[0;31m[2026-06-04 06:50:09] [ERROR] Phase 2B health check FAILED after 3 attempts[0m
[1;33m[2026-06-04 06:50:09] [WARNING] Phase 2B unavailable, skipping duplicate detection[0m
[1;33m[2026-06-04 06:50:09] [WARNING] Phase 2C health check failed (attempt 1/3), retrying in 2s...[0m
[1;33m[2026-06-04 06:50:11] [WARNING] Phase 2C health check failed (attempt 2/3), retrying in 2s...[0m
[0;31m[2026-06-04 06:50:13] [ERROR] Phase 2C health check FAILED after 3 attempts[0m
[1;33m[2026-06-04 06:50:13] [WARNING] Phase 2C unavailable, skipping trust score calculation[0m
[1;33m[2026-06-04 06:55:01] [WARNING] Phase 2A health check failed (attempt 1/3), retrying in 2s...[0m
[1;33m[2026-06-04 06:55:03] [WARNING] Phase 2A health check failed (attempt 2/3), retrying in 2s...[0m
[0;31m[2026-06-04 06:55:05] [ERROR] Phase 2A health check FAILED after 3 attempts[0m
[1;33m[2026-06-04 06:55:05] [WARNING] Phase 2A unavailable, skipping message collection[0m
[1;33m[2026-06-04 06:55:05] [WARNING] Phase 2B health check failed (attempt 1/3), retrying in 2s...[0m
[1;33m[2026-06-04 06:55:07] [WARNING] Phase 2B health check failed (attempt 2/3), retrying in 2s...[0m
[0;31m[2026-06-04 06:55:09] [ERROR] Phase 2B health check FAILED after 3 attempts[0m
[1;33m[2026-06-04 06:55:09] [WARNING] Phase 2B unavailable, skipping duplicate detection[0m
[1;33m[2026-06-04 06:55:09] [WARNING] Phase 2C health check failed (attempt 1/3), retrying in 2s...[0m
[1;33m[2026-06-04 06:55:11] [WARNING] Phase 2C health check failed (attempt 2/3), retrying in 2s...[0m
[0;31m[2026-06-04 06:55:13] [ERROR] Phase 2C health check FAILED after 3 attempts[0m
[1;33m[2026-06-04 06:55:13] [WARNING] Phase 2C unavailable, skipping trust score calculation[0m
[1;33m[2026-06-04 07:00:01] [WARNING] Phase 2A health check failed (attempt 1/3), retrying in 2s...[0m
[1;33m[2026-06-04 07:00:03] [WARNING] Phase 2A health check failed (attempt 2/3), retrying in 2s...[0m
[0;31m[2026-06-04 07:00:05] [ERROR] Phase 2A health check FAILED after 3 attempts[0m
[1;33m[2026-06-04 07:00:05] [WARNING] Phase 2A unavailable, skipping message collection[0m
[1;33m[2026-06-04 07:00:05] [WARNING] Phase 2B health check failed (attempt 1/3), retrying in 2s...[0m
[1;33m[2026-06-04 07:00:07] [WARNING] Phase 2B health check failed (attempt 2/3), retrying in 2s...[0m
[0;31m[2026-06-04 07:00:09] [ERROR] Phase 2B health check FAILED after 3 attempts[0m
[1;33m[2026-06-04 07:00:09] [WARNING] Phase 2B unavailable, skipping duplicate detection[0m
[1;33m[2026-06-04 07:00:09] [WARNING] Phase 2C health check failed (attempt 1/3), retrying in 2s...[0m
[1;33m[2026-06-04 07:00:11] [WARNING] Phase 2C health check failed (attempt 2/3), retrying in 2s...[0m
[0;31m[2026-06-04 07:00:14] [ERROR] Phase 2C health check FAILED after 3 attempts[0m
[1;33m[2026-06-04 07:00:14] [WARNING] Phase 2C unavailable, skipping trust score calculation[0m
[1;33m[2026-06-04 07:05:01] [WARNING] Phase 2A health check failed (attempt 1/3), retrying in 2s...[0m
[1;33m[2026-06-04 07:05:03] [WARNING] Phase 2A health check failed (attempt 2/3), retrying in 2s...[0m
[0;31m[2026-06-04 07:05:05] [ERROR] Phase 2A health check FAILED after 3 attempts[0m
[1;33m[2026-06-04 07:05:05] [WARNING] Phase 2A unavailable, skipping message collection[0m
[1;33m[2026-06-04 07:05:05] [WARNING] Phase 2B health check failed (attempt 1/3), retrying in 2s...[0m
[1;33m[2026-06-04 07:05:07] [WARNING] Phase 2B health check failed (attempt 2/3), retrying in 2s...[0m
[0;31m[2026-06-04 07:05:09] [ERROR] Phase 2B health check FAILED after 3 attempts[0m
[1;33m[2026-06-04 07:05:09] [WARNING] Phase 2B unavailable, skipping duplicate detection[0m
[1;33m[2026-06-04 07:05:09] [WARNING] Phase 2C health check failed (attempt 1/3), retrying in 2s...[0m
[1;33m[2026-06-04 07:05:11] [WARNING] Phase 2C health check failed (attempt 2/3), retrying in 2s...[0m
[0;31m[2026-06-04 07:05:13] [ERROR] Phase 2C health check FAILED after 3 attempts[0m
[1;33m[2026-06-04 07:05:14] [WARNING] Phase 2C unavailable, skipping trust score calculation[0m
[1;33m[2026-06-04 14:25:01] [WARNING] Phase 2A health check failed (attempt 1/3), retrying in 2s...[0m
[1;33m[2026-06-04 14:25:03] [WARNING] Phase 2A health check failed (attempt 2/3), retrying in 2s...[0m
[0;31m[2026-06-04 14:25:05] [ERROR] Phase 2A health check FAILED after 3 attempts[0m
[1;33m[2026-06-04 14:25:05] [WARNING] Phase 2A unavailable, skipping message collection[0m
[1;33m[2026-06-04 14:25:05] [WARNING] Phase 2B health check failed (attempt 1/3), retrying in 2s...[0m
[1;33m[2026-06-04 14:25:07] [WARNING] Phase 2B health check failed (attempt 2/3), retrying in 2s...[0m
[0;31m[2026-06-04 14:25:09] [ERROR] Phase 2B health check FAILED after 3 attempts[0m
[1;33m[2026-06-04 14:25:09] [WARNING] Phase 2B unavailable, skipping duplicate detection[0m
[1;33m[2026-06-04 14:25:09] [WARNING] Phase 2C health check failed (attempt 1/3), retrying in 2s...[0m
[1;33m[2026-06-04 14:25:11] [WARNING] Phase 2C health check failed (attempt 2/3), retrying in 2s...[0m
[0;31m[2026-06-04 14:25:13] [ERROR] Phase 2C health check FAILED after 3 attempts[0m
[1;33m[2026-06-04 14:25:13] [WARNING] Phase 2C unavailable, skipping trust score calculation[0m
[1;33m[2026-06-04 14:30:01] [WARNING] Phase 2A health check failed (attempt 1/3), retrying in 2s...[0m
[1;33m[2026-06-04 14:30:03] [WARNING] Phase 2A health check failed (attempt 2/3), retrying in 2s...[0m
[0;31m[2026-06-04 14:30:05] [ERROR] Phase 2A health check FAILED after 3 attempts[0m
[1;33m[2026-06-04 14:30:05] [WARNING] Phase 2A unavailable, skipping message collection[0m
[1;33m[2026-06-04 14:30:05] [WARNING] Phase 2B health check failed (attempt 1/3), retrying in 2s...[0m
[1;33m[2026-06-04 14:30:07] [WARNING] Phase 2B health check failed (attempt 2/3), retrying in 2s...[0m
[0;31m[2026-06-04 14:30:09] [ERROR] Phase 2B health check FAILED after 3 attempts[0m
[1;33m[2026-06-04 14:30:09] [WARNING] Phase 2B unavailable, skipping duplicate detection[0m
[1;33m[2026-06-04 14:30:10] [WARNING] Phase 2C health check failed (attempt 1/3), retrying in 2s...[0m
[1;33m[2026-06-04 14:30:12] [WARNING] Phase 2C health check failed (attempt 2/3), retrying in 2s...[0m
[0;31m[2026-06-04 14:30:14] [ERROR] Phase 2C health check FAILED after 3 attempts[0m
[1;33m[2026-06-04 14:30:14] [WARNING] Phase 2C unavailable, skipping trust score calculation[0m
