[2026-06-06 12:06:01] 🔍 Rule Compliance 검증 시작...
[2026-06-06 12:06:01] ✅ All compliance rules PASSED (5/5 checks OK)
[2026-06-06 12:06:01] Cycle complete
[2026-06-06 12:08:02] 🔍 Rule Compliance 검증 시작...
[2026-06-06 12:08:02] ✅ All compliance rules PASSED (5/5 checks OK)
[2026-06-06 12:08:02] Cycle complete
[2026-06-06 12:10:01] 🔍 Rule Compliance 검증 시작...
[2026-06-06 12:10:01] ✅ All compliance rules PASSED (5/5 checks OK)
[2026-06-06 12:10:01] Cycle complete
[2026-06-06 12:12:01] 🔍 Rule Compliance 검증 시작...
[2026-06-06 12:12:02] ✅ All compliance rules PASSED (5/5 checks OK)
[2026-06-06 12:12:02] Cycle complete
[2026-06-06 12:14:01] 🔍 Rule Compliance 검증 시작...
[2026-06-06 12:14:01] ✅ All compliance rules PASSED (5/5 checks OK)
[2026-06-06 12:14:01] Cycle complete
[2026-06-06 12:16:01] 🔍 Rule Compliance 검증 시작...
[2026-06-06 12:16:01] ✅ All compliance rules PASSED (5/5 checks OK)
[2026-06-06 12:16:01] Cycle complete
[2026-06-06 12:18:01] 🔍 Rule Compliance 검증 시작...
[2026-06-06 12:18:01] ✅ All compliance rules PASSED (5/5 checks OK)
[2026-06-06 12:18:01] Cycle complete
[2026-06-06 12:20:01] 🔍 Rule Compliance 검증 시작...
[2026-06-06 12:20:01] ✅ All compliance rules PASSED (5/5 checks OK)
[2026-06-06 12:20:01] Cycle complete
[2026-06-06 12:22:01] 🔍 Rule Compliance 검증 시작...
[2026-06-06 12:22:01] ✅ All compliance rules PASSED (5/5 checks OK)
[2026-06-06 12:22:01] Cycle complete
[2026-06-06 12:24:01] 🔍 Rule Compliance 검증 시작...
[2026-06-06 12:24:01] ✅ All compliance rules PASSED (5/5 checks OK)
[2026-06-06 12:24:01] Cycle complete
[2026-06-06 12:26:01] 🔍 Rule Compliance 검증 시작...
[2026-06-06 12:26:01] ✅ All compliance rules PASSED (5/5 checks OK)
[2026-06-06 12:26:01] Cycle complete
[2026-06-06 12:28:01] 🔍 Rule Compliance 검증 시작...
[2026-06-06 12:28:01] ✅ All compliance rules PASSED (5/5 checks OK)
[2026-06-06 12:28:01] Cycle complete
[2026-06-06 12:30:01] 🔍 Rule Compliance 검증 시작...
[2026-06-06 12:30:01] ✅ All compliance rules PASSED (5/5 checks OK)
[2026-06-06 12:30:01] Cycle complete
[2026-06-06 12:32:01] 🔍 Rule Compliance 검증 시작...
[2026-06-06 12:32:01] ✅ All compliance rules PASSED (5/5 checks OK)
[2026-06-06 12:32:01] Cycle complete
[2026-06-06 12:34:01] 🔍 Rule Compliance 검증 시작...
[2026-06-06 12:34:01] ✅ All compliance rules PASSED (5/5 checks OK)
[2026-06-06 12:34:01] Cycle complete
[2026-06-06 12:36:01] 🔍 Rule Compliance 검증 시작...
[2026-06-06 12:36:01] ✅ All compliance rules PASSED (5/5 checks OK)
[2026-06-06 12:36:01] Cycle complete
[2026-06-06 12:38:01] 🔍 Rule Compliance 검증 시작...
[2026-06-06 12:38:01] ✅ All compliance rules PASSED (5/5 checks OK)
[2026-06-06 12:38:01] Cycle complete
[2026-06-06 12:40:01] 🔍 Rule Compliance 검증 시작...
[2026-06-06 12:40:01] ✅ All compliance rules PASSED (5/5 checks OK)
[2026-06-06 12:40:01] Cycle complete
[2026-06-06 12:42:01] 🔍 Rule Compliance 검증 시작...
[2026-06-06 12:42:01] ✅ All compliance rules PASSED (5/5 checks OK)
[2026-06-06 12:42:01] Cycle complete
[2026-06-06 12:44:01] 🔍 Rule Compliance 검증 시작...
[2026-06-06 12:44:01] ✅ All compliance rules PASSED (5/5 checks OK)
[2026-06-06 12:44:01] Cycle complete
[2026-06-06 12:46:01] 🔍 Rule Compliance 검증 시작...
[2026-06-06 12:46:01] ✅ All compliance rules PASSED (5/5 checks OK)
[2026-06-06 12:46:01] Cycle complete
[2026-06-06 12:48:01] 🔍 Rule Compliance 검증 시작...
[2026-06-06 12:48:01] ✅ All compliance rules PASSED (5/5 checks OK)
[2026-06-06 12:48:01] Cycle complete
[2026-06-06 12:50:01] 🔍 Rule Compliance 검증 시작...
[2026-06-06 12:50:01] ✅ All compliance rules PASSED (5/5 checks OK)
[2026-06-06 12:50:01] Cycle complete
[2026-06-06 12:52:01] 🔍 Rule Compliance 검증 시작...
[2026-06-06 12:52:01] ✅ All compliance rules PASSED (5/5 checks OK)
[2026-06-06 12:52:01] Cycle complete
[2026-06-06 12:54:01] 🔍 Rule Compliance 검증 시작...
[2026-06-06 12:54:01] ✅ All compliance rules PASSED (5/5 checks OK)
[2026-06-06 12:54:01] Cycle complete
[2026-06-06 12:56:01] 🔍 Rule Compliance 검증 시작...
[2026-06-06 12:56:01] ✅ All compliance rules PASSED (5/5 checks OK)
[2026-06-06 12:56:01] Cycle complete
[2026-06-06 12:58:01] 🔍 Rule Compliance 검증 시작...
[2026-06-06 12:58:01] ✅ All compliance rules PASSED (5/5 checks OK)
[2026-06-06 12:58:01] Cycle complete
[2026-06-06 13:00:01] 🔍 Rule Compliance 검증 시작...
[2026-06-06 13:00:01] ✅ All compliance rules PASSED (5/5 checks OK)
[2026-06-06 13:00:01] Cycle complete
[2026-06-06 13:02:01] 🔍 Rule Compliance 검증 시작...
[2026-06-06 13:02:01] ✅ All compliance rules PASSED (5/5 checks OK)
[2026-06-06 13:02:01] Cycle complete
[2026-06-06 13:04:01] 🔍 Rule Compliance 검증 시작...
[2026-06-06 13:04:01] ✅ All compliance rules PASSED (5/5 checks OK)
[2026-06-06 13:04:01] Cycle complete
[2026-06-06 13:06:01] 🔍 Rule Compliance 검증 시작...
[2026-06-06 13:06:01] ✅ All compliance rules PASSED (5/5 checks OK)
[2026-06-06 13:06:01] Cycle complete
[2026-06-06 13:08:01] 🔍 Rule Compliance 검증 시작...
[2026-06-06 13:08:01] ✅ All compliance rules PASSED (5/5 checks OK)
[2026-06-06 13:08:01] Cycle complete
[2026-06-06 13:10:01] 🔍 Rule Compliance 검증 시작...
[2026-06-06 13:10:02] ✅ All compliance rules PASSED (5/5 checks OK)
[2026-06-06 13:10:02] Cycle complete
[2026-06-06 13:12:01] 🔍 Rule Compliance 검증 시작...
[2026-06-06 13:12:01] ✅ All compliance rules PASSED (5/5 checks OK)
[2026-06-06 13:12:01] Cycle complete
[2026-06-06 13:14:01] 🔍 Rule Compliance 검증 시작...
[2026-06-06 13:14:01] ✅ All compliance rules PASSED (5/5 checks OK)
[2026-06-06 13:14:01] Cycle complete
[2026-06-06 13:16:01] 🔍 Rule Compliance 검증 시작...
[2026-06-06 13:16:01] ✅ All compliance rules PASSED (5/5 checks OK)
[2026-06-06 13:16:01] Cycle complete
[2026-06-06 13:18:01] 🔍 Rule Compliance 검증 시작...
[2026-06-06 13:18:01] ✅ All compliance rules PASSED (5/5 checks OK)
[2026-06-06 13:18:01] Cycle complete
[2026-06-06 13:20:01] 🔍 Rule Compliance 검증 시작...
[2026-06-06 13:20:01] ✅ All compliance rules PASSED (5/5 checks OK)
[2026-06-06 13:20:01] Cycle complete
[2026-06-06 13:22:01] 🔍 Rule Compliance 검증 시작...
[2026-06-06 13:22:01] ✅ All compliance rules PASSED (5/5 checks OK)
[2026-06-06 13:22:01] Cycle complete
[2026-06-06 13:24:01] 🔍 Rule Compliance 검증 시작...
[2026-06-06 13:24:01] ✅ All compliance rules PASSED (5/5 checks OK)
[2026-06-06 13:24:01] Cycle complete
[2026-06-06 13:26:01] 🔍 Rule Compliance 검증 시작...
[2026-06-06 13:26:01] ✅ All compliance rules PASSED (5/5 checks OK)
[2026-06-06 13:26:01] Cycle complete
[2026-06-06 13:28:01] 🔍 Rule Compliance 검증 시작...
[2026-06-06 13:28:01] ✅ All compliance rules PASSED (5/5 checks OK)
[2026-06-06 13:28:01] Cycle complete
[2026-06-06 13:30:01] 🔍 Rule Compliance 검증 시작...
[2026-06-06 13:30:01] ✅ All compliance rules PASSED (5/5 checks OK)
[2026-06-06 13:30:01] Cycle complete
[2026-06-06 13:32:01] 🔍 Rule Compliance 검증 시작...
[2026-06-06 13:32:01] ✅ All compliance rules PASSED (5/5 checks OK)
[2026-06-06 13:32:01] Cycle complete
[2026-06-06 13:34:01] 🔍 Rule Compliance 검증 시작...
[2026-06-06 13:34:01] ✅ All compliance rules PASSED (5/5 checks OK)
[2026-06-06 13:34:01] Cycle complete
[2026-06-06 13:36:01] 🔍 Rule Compliance 검증 시작...
[2026-06-06 13:36:01] ✅ All compliance rules PASSED (5/5 checks OK)
[2026-06-06 13:36:01] Cycle complete
[2026-06-06 13:38:01] 🔍 Rule Compliance 검증 시작...
[2026-06-06 13:38:01] ✅ All compliance rules PASSED (5/5 checks OK)
[2026-06-06 13:38:01] Cycle complete
[2026-06-06 13:40:01] 🔍 Rule Compliance 검증 시작...
[2026-06-06 13:40:01] ✅ All compliance rules PASSED (5/5 checks OK)
[2026-06-06 13:40:01] Cycle complete
[2026-06-06 13:42:01] 🔍 Rule Compliance 검증 시작...
[2026-06-06 13:42:01] ✅ All compliance rules PASSED (5/5 checks OK)
[2026-06-06 13:42:01] Cycle complete
[2026-06-06 13:44:01] 🔍 Rule Compliance 검증 시작...
[2026-06-06 13:44:01] ✅ All compliance rules PASSED (5/5 checks OK)
[2026-06-06 13:44:01] Cycle complete
[2026-06-06 13:46:01] 🔍 Rule Compliance 검증 시작...
[2026-06-06 13:46:01] ✅ All compliance rules PASSED (5/5 checks OK)
[2026-06-06 13:46:01] Cycle complete
[2026-06-06 13:48:01] 🔍 Rule Compliance 검증 시작...
[2026-06-06 13:48:01] ✅ All compliance rules PASSED (5/5 checks OK)
[2026-06-06 13:48:01] Cycle complete
[2026-06-06 13:50:01] 🔍 Rule Compliance 검증 시작...
[2026-06-06 13:50:01] ✅ All compliance rules PASSED (5/5 checks OK)
[2026-06-06 13:50:01] Cycle complete
[2026-06-06 13:52:01] 🔍 Rule Compliance 검증 시작...
[2026-06-06 13:52:01] ✅ All compliance rules PASSED (5/5 checks OK)
[2026-06-06 13:52:01] Cycle complete
[2026-06-06 13:54:01] 🔍 Rule Compliance 검증 시작...
[2026-06-06 13:54:01] ✅ All compliance rules PASSED (5/5 checks OK)
[2026-06-06 13:54:01] Cycle complete
[2026-06-06 13:56:01] 🔍 Rule Compliance 검증 시작...
[2026-06-06 13:56:01] ✅ All compliance rules PASSED (5/5 checks OK)
[2026-06-06 13:56:01] Cycle complete
[2026-06-06 17:40:01] 🔍 Rule Compliance 검증 시작...
[2026-06-06 17:40:01] ✅ All compliance rules PASSED (5/5 checks OK)
[2026-06-06 17:40:01] Cycle complete
[2026-06-06 17:44:01] 🔍 Rule Compliance 검증 시작...
[2026-06-06 17:44:01] ✅ All compliance rules PASSED (5/5 checks OK)
[2026-06-06 17:44:01] Cycle complete
[2026-06-06 17:46:01] 🔍 Rule Compliance 검증 시작...
[2026-06-06 17:46:01] ✅ All compliance rules PASSED (5/5 checks OK)
[2026-06-06 17:46:01] Cycle complete
[2026-06-06 17:48:01] 🔍 Rule Compliance 검증 시작...
[2026-06-06 17:48:01] ✅ All compliance rules PASSED (5/5 checks OK)
[2026-06-06 17:48:01] Cycle complete
[2026-06-06 17:50:01] 🔍 Rule Compliance 검증 시작...
[2026-06-06 17:50:01] ✅ All compliance rules PASSED (5/5 checks OK)
[2026-06-06 17:50:01] Cycle complete
[2026-06-06 17:52:01] 🔍 Rule Compliance 검증 시작...
[2026-06-06 17:52:02] ✅ All compliance rules PASSED (5/5 checks OK)
[2026-06-06 17:52:02] Cycle complete
[2026-06-06 17:54:01] 🔍 Rule Compliance 검증 시작...
[2026-06-06 17:54:01] ✅ All compliance rules PASSED (5/5 checks OK)
[2026-06-06 17:54:01] Cycle complete
[2026-06-06 17:56:02] 🔍 Rule Compliance 검증 시작...
[2026-06-06 17:56:02] ✅ All compliance rules PASSED (5/5 checks OK)
[2026-06-06 17:56:02] Cycle complete
[2026-06-06 17:58:01] 🔍 Rule Compliance 검증 시작...
[2026-06-06 17:58:02] ✅ All compliance rules PASSED (5/5 checks OK)
[2026-06-06 17:58:02] Cycle complete
[2026-06-06 18:00:01] 🔍 Rule Compliance 검증 시작...
[2026-06-06 18:00:01] ✅ All compliance rules PASSED (5/5 checks OK)
[2026-06-06 18:00:01] Cycle complete
[2026-06-06 18:02:01] 🔍 Rule Compliance 검증 시작...
[2026-06-06 18:02:02] ✅ All compliance rules PASSED (5/5 checks OK)
[2026-06-06 18:02:02] Cycle complete
[2026-06-06 18:04:01] 🔍 Rule Compliance 검증 시작...
[2026-06-06 18:04:02] ✅ All compliance rules PASSED (5/5 checks OK)
[2026-06-06 18:04:02] Cycle complete
[2026-06-06 18:06:01] 🔍 Rule Compliance 검증 시작...
[2026-06-06 18:06:01] ✅ All compliance rules PASSED (5/5 checks OK)
[2026-06-06 18:06:01] Cycle complete
[2026-06-06 18:08:01] 🔍 Rule Compliance 검증 시작...
[2026-06-06 18:08:02] ✅ All compliance rules PASSED (5/5 checks OK)
[2026-06-06 18:08:02] Cycle complete
[2026-06-06 18:10:01] 🔍 Rule Compliance 검증 시작...
[2026-06-06 18:10:02] ✅ All compliance rules PASSED (5/5 checks OK)
[2026-06-06 18:10:02] Cycle complete
[2026-06-06 18:12:01] 🔍 Rule Compliance 검증 시작...
[2026-06-06 18:12:01] ✅ All compliance rules PASSED (5/5 checks OK)
[2026-06-06 18:12:01] Cycle complete
[2026-06-06 18:14:01] 🔍 Rule Compliance 검증 시작...
[2026-06-06 18:14:01] ✅ All compliance rules PASSED (5/5 checks OK)
[2026-06-06 18:14:01] Cycle complete
[2026-06-06 18:16:01] 🔍 Rule Compliance 검증 시작...
[2026-06-06 18:16:02] ✅ All compliance rules PASSED (5/5 checks OK)
[2026-06-06 18:16:02] Cycle complete
[2026-06-06 18:18:01] 🔍 Rule Compliance 검증 시작...
[2026-06-06 18:18:01] ✅ All compliance rules PASSED (5/5 checks OK)
[2026-06-06 18:18:01] Cycle complete
[2026-06-06 18:20:01] 🔍 Rule Compliance 검증 시작...
[2026-06-06 18:20:01] ✅ All compliance rules PASSED (5/5 checks OK)
[2026-06-06 18:20:01] Cycle complete
[2026-06-06 18:22:01] 🔍 Rule Compliance 검증 시작...
[2026-06-06 18:22:01] ✅ All compliance rules PASSED (5/5 checks OK)
[2026-06-06 18:22:01] Cycle complete
[2026-06-06 18:24:01] 🔍 Rule Compliance 검증 시작...
[2026-06-06 18:24:01] ✅ All compliance rules PASSED (5/5 checks OK)
[2026-06-06 18:24:01] Cycle complete
[2026-06-06 18:26:02] 🔍 Rule Compliance 검증 시작...
[2026-06-06 18:26:02] ✅ All compliance rules PASSED (5/5 checks OK)
[2026-06-06 18:26:02] Cycle complete
[2026-06-06 18:28:01] 🔍 Rule Compliance 검증 시작...
[2026-06-06 18:28:01] ✅ All compliance rules PASSED (5/5 checks OK)
[2026-06-06 18:28:01] Cycle complete
[2026-06-06 18:30:01] 🔍 Rule Compliance 검증 시작...
[2026-06-06 18:30:02] ✅ All compliance rules PASSED (5/5 checks OK)
[2026-06-06 18:30:02] Cycle complete
[2026-06-06 18:32:01] 🔍 Rule Compliance 검증 시작...
[2026-06-06 18:32:01] ✅ All compliance rules PASSED (5/5 checks OK)
[2026-06-06 18:32:01] Cycle complete
[2026-06-06 18:34:01] 🔍 Rule Compliance 검증 시작...
[2026-06-06 18:34:01] ✅ All compliance rules PASSED (5/5 checks OK)
[2026-06-06 18:34:01] Cycle complete
[2026-06-06 18:36:01] 🔍 Rule Compliance 검증 시작...
[2026-06-06 18:36:02] ✅ All compliance rules PASSED (5/5 checks OK)
[2026-06-06 18:36:02] Cycle complete
[2026-06-06 18:38:01] 🔍 Rule Compliance 검증 시작...
[2026-06-06 18:38:01] ✅ All compliance rules PASSED (5/5 checks OK)
[2026-06-06 18:38:01] Cycle complete
[2026-06-06 18:40:01] 🔍 Rule Compliance 검증 시작...
[2026-06-06 18:40:01] ✅ All compliance rules PASSED (5/5 checks OK)
[2026-06-06 18:40:01] Cycle complete
[2026-06-06 18:42:01] 🔍 Rule Compliance 검증 시작...
[2026-06-06 18:42:01] ✅ All compliance rules PASSED (5/5 checks OK)
[2026-06-06 18:42:01] Cycle complete
[2026-06-06 18:44:01] 🔍 Rule Compliance 검증 시작...
[2026-06-06 18:44:01] ✅ All compliance rules PASSED (5/5 checks OK)
[2026-06-06 18:44:01] Cycle complete
[2026-06-06 18:46:01] 🔍 Rule Compliance 검증 시작...
[2026-06-06 18:46:01] ✅ All compliance rules PASSED (5/5 checks OK)
[2026-06-06 18:46:01] Cycle complete
[2026-06-06 18:48:01] 🔍 Rule Compliance 검증 시작...
[2026-06-06 18:48:01] ✅ All compliance rules PASSED (5/5 checks OK)
[2026-06-06 18:48:01] Cycle complete
[2026-06-06 18:50:01] 🔍 Rule Compliance 검증 시작...
[2026-06-06 18:50:01] ✅ All compliance rules PASSED (5/5 checks OK)
[2026-06-06 18:50:01] Cycle complete
[2026-06-06 18:52:01] 🔍 Rule Compliance 검증 시작...
[2026-06-06 18:52:01] ✅ All compliance rules PASSED (5/5 checks OK)
[2026-06-06 18:52:01] Cycle complete
[2026-06-06 18:54:01] 🔍 Rule Compliance 검증 시작...
[2026-06-06 18:54:01] ✅ All compliance rules PASSED (5/5 checks OK)
[2026-06-06 18:54:01] Cycle complete
[2026-06-06 18:56:01] 🔍 Rule Compliance 검증 시작...
[2026-06-06 18:56:01] ✅ All compliance rules PASSED (5/5 checks OK)
[2026-06-06 18:56:01] Cycle complete
[2026-06-06 18:58:01] 🔍 Rule Compliance 검증 시작...
[2026-06-06 18:58:01] ✅ All compliance rules PASSED (5/5 checks OK)
[2026-06-06 18:58:01] Cycle complete
[2026-06-06 19:00:01] 🔍 Rule Compliance 검증 시작...
[2026-06-06 19:00:01] ✅ All compliance rules PASSED (5/5 checks OK)
[2026-06-06 19:00:01] Cycle complete
[2026-06-06 19:02:01] 🔍 Rule Compliance 검증 시작...
[2026-06-06 19:02:01] ✅ All compliance rules PASSED (5/5 checks OK)
[2026-06-06 19:02:01] Cycle complete
[2026-06-06 19:04:01] 🔍 Rule Compliance 검증 시작...
[2026-06-06 19:04:01] ✅ All compliance rules PASSED (5/5 checks OK)
[2026-06-06 19:04:01] Cycle complete
[2026-06-06 19:06:01] 🔍 Rule Compliance 검증 시작...
[2026-06-06 19:06:01] ✅ All compliance rules PASSED (5/5 checks OK)
[2026-06-06 19:06:01] Cycle complete
[2026-06-06 19:08:01] 🔍 Rule Compliance 검증 시작...
[2026-06-06 19:08:01] ✅ All compliance rules PASSED (5/5 checks OK)
[2026-06-06 19:08:01] Cycle complete
[2026-06-06 19:10:01] 🔍 Rule Compliance 검증 시작...
[2026-06-06 19:10:01] ✅ All compliance rules PASSED (5/5 checks OK)
[2026-06-06 19:10:01] Cycle complete
[2026-06-06 19:12:01] 🔍 Rule Compliance 검증 시작...
[2026-06-06 19:12:01] ✅ All compliance rules PASSED (5/5 checks OK)
[2026-06-06 19:12:01] Cycle complete
[2026-06-06 19:14:01] 🔍 Rule Compliance 검증 시작...
[2026-06-06 19:14:01] ✅ All compliance rules PASSED (5/5 checks OK)
[2026-06-06 19:14:01] Cycle complete
[2026-06-06 19:16:01] 🔍 Rule Compliance 검증 시작...
[2026-06-06 19:16:01] ✅ All compliance rules PASSED (5/5 checks OK)
[2026-06-06 19:16:01] Cycle complete
[2026-06-06 19:18:01] 🔍 Rule Compliance 검증 시작...
[2026-06-06 19:18:01] ✅ All compliance rules PASSED (5/5 checks OK)
[2026-06-06 19:18:01] Cycle complete
[2026-06-06 19:20:01] 🔍 Rule Compliance 검증 시작...
[2026-06-06 19:20:01] ✅ All compliance rules PASSED (5/5 checks OK)
[2026-06-06 19:20:01] Cycle complete
[2026-06-06 19:22:01] 🔍 Rule Compliance 검증 시작...
[2026-06-06 19:22:01] ✅ All compliance rules PASSED (5/5 checks OK)
[2026-06-06 19:22:01] Cycle complete
[2026-06-06 19:24:01] 🔍 Rule Compliance 검증 시작...
[2026-06-06 19:24:01] ✅ All compliance rules PASSED (5/5 checks OK)
[2026-06-06 19:24:01] Cycle complete
[2026-06-06 19:26:01] 🔍 Rule Compliance 검증 시작...
[2026-06-06 19:26:01] ✅ All compliance rules PASSED (5/5 checks OK)
[2026-06-06 19:26:01] Cycle complete
[2026-06-06 19:28:01] 🔍 Rule Compliance 검증 시작...
[2026-06-06 19:28:01] ✅ All compliance rules PASSED (5/5 checks OK)
[2026-06-06 19:28:01] Cycle complete
[2026-06-06 19:30:01] 🔍 Rule Compliance 검증 시작...
[2026-06-06 19:30:01] ✅ All compliance rules PASSED (5/5 checks OK)
[2026-06-06 19:30:01] Cycle complete
[2026-06-06 19:32:01] 🔍 Rule Compliance 검증 시작...
[2026-06-06 19:32:01] ✅ All compliance rules PASSED (5/5 checks OK)
[2026-06-06 19:32:01] Cycle complete
[2026-06-06 19:34:01] 🔍 Rule Compliance 검증 시작...
[2026-06-06 19:34:01] ✅ All compliance rules PASSED (5/5 checks OK)
[2026-06-06 19:34:01] Cycle complete
[2026-06-06 19:36:01] 🔍 Rule Compliance 검증 시작...
[2026-06-06 19:36:01] ✅ All compliance rules PASSED (5/5 checks OK)
[2026-06-06 19:36:01] Cycle complete
[2026-06-06 19:38:01] 🔍 Rule Compliance 검증 시작...
[2026-06-06 19:38:01] ✅ All compliance rules PASSED (5/5 checks OK)
[2026-06-06 19:38:01] Cycle complete
[2026-06-06 19:40:01] 🔍 Rule Compliance 검증 시작...
[2026-06-06 19:40:01] ✅ All compliance rules PASSED (5/5 checks OK)
[2026-06-06 19:40:01] Cycle complete
[2026-06-06 19:42:01] 🔍 Rule Compliance 검증 시작...
[2026-06-06 19:42:01] ✅ All compliance rules PASSED (5/5 checks OK)
[2026-06-06 19:42:01] Cycle complete
[2026-06-06 19:44:01] 🔍 Rule Compliance 검증 시작...
[2026-06-06 19:44:01] ✅ All compliance rules PASSED (5/5 checks OK)
[2026-06-06 19:44:01] Cycle complete
[2026-06-06 19:46:01] 🔍 Rule Compliance 검증 시작...
[2026-06-06 19:46:01] ✅ All compliance rules PASSED (5/5 checks OK)
[2026-06-06 19:46:01] Cycle complete
[2026-06-06 19:48:01] 🔍 Rule Compliance 검증 시작...
[2026-06-06 19:48:01] ✅ All compliance rules PASSED (5/5 checks OK)
[2026-06-06 19:48:01] Cycle complete
[2026-06-06 19:50:01] 🔍 Rule Compliance 검증 시작...
[2026-06-06 19:50:01] ✅ All compliance rules PASSED (5/5 checks OK)
[2026-06-06 19:50:01] Cycle complete
[2026-06-06 19:52:01] 🔍 Rule Compliance 검증 시작...
[2026-06-06 19:52:01] ✅ All compliance rules PASSED (5/5 checks OK)
[2026-06-06 19:52:01] Cycle complete
[2026-06-06 19:54:01] 🔍 Rule Compliance 검증 시작...
[2026-06-06 19:54:01] ✅ All compliance rules PASSED (5/5 checks OK)
[2026-06-06 19:54:01] Cycle complete
[2026-06-06 19:56:01] 🔍 Rule Compliance 검증 시작...
[2026-06-06 19:56:01] ✅ All compliance rules PASSED (5/5 checks OK)
[2026-06-06 19:56:01] Cycle complete
[2026-06-06 19:58:01] 🔍 Rule Compliance 검증 시작...
[2026-06-06 19:58:01] ✅ All compliance rules PASSED (5/5 checks OK)
[2026-06-06 19:58:01] Cycle complete
[2026-06-06 20:00:01] 🔍 Rule Compliance 검증 시작...
[2026-06-06 20:00:01] ✅ All compliance rules PASSED (5/5 checks OK)
[2026-06-06 20:00:01] Cycle complete
[2026-06-06 20:02:01] 🔍 Rule Compliance 검증 시작...
[2026-06-06 20:02:01] ✅ All compliance rules PASSED (5/5 checks OK)
[2026-06-06 20:02:01] Cycle complete
[2026-06-06 20:04:01] 🔍 Rule Compliance 검증 시작...
[2026-06-06 20:04:01] ✅ All compliance rules PASSED (5/5 checks OK)
[2026-06-06 20:04:01] Cycle complete
[2026-06-06 20:06:01] 🔍 Rule Compliance 검증 시작...
[2026-06-06 20:06:01] ✅ All compliance rules PASSED (5/5 checks OK)
[2026-06-06 20:06:01] Cycle complete
[2026-06-06 20:08:01] 🔍 Rule Compliance 검증 시작...
[2026-06-06 20:08:01] ✅ All compliance rules PASSED (5/5 checks OK)
[2026-06-06 20:08:01] Cycle complete
[2026-06-06 20:10:01] 🔍 Rule Compliance 검증 시작...
[2026-06-06 20:10:01] ✅ All compliance rules PASSED (5/5 checks OK)
[2026-06-06 20:10:01] Cycle complete
[2026-06-06 20:12:02] 🔍 Rule Compliance 검증 시작...
[2026-06-06 20:12:02] ✅ All compliance rules PASSED (5/5 checks OK)
[2026-06-06 20:12:02] Cycle complete
[2026-06-06 20:14:01] 🔍 Rule Compliance 검증 시작...
[2026-06-06 20:14:01] ✅ All compliance rules PASSED (5/5 checks OK)
[2026-06-06 20:14:01] Cycle complete
[2026-06-06 20:16:01] 🔍 Rule Compliance 검증 시작...
[2026-06-06 20:16:01] ✅ All compliance rules PASSED (5/5 checks OK)
[2026-06-06 20:16:01] Cycle complete
[2026-06-06 20:18:01] 🔍 Rule Compliance 검증 시작...
[2026-06-06 20:18:02] ✅ All compliance rules PASSED (5/5 checks OK)
[2026-06-06 20:18:02] Cycle complete
[2026-06-06 20:20:01] 🔍 Rule Compliance 검증 시작...
[2026-06-06 20:20:01] ✅ All compliance rules PASSED (5/5 checks OK)
[2026-06-06 20:20:01] Cycle complete
[2026-06-06 20:22:01] 🔍 Rule Compliance 검증 시작...
[2026-06-06 20:22:01] ✅ All compliance rules PASSED (5/5 checks OK)
[2026-06-06 20:22:01] Cycle complete
[2026-06-06 20:24:01] 🔍 Rule Compliance 검증 시작...
[2026-06-06 20:24:01] ✅ All compliance rules PASSED (5/5 checks OK)
[2026-06-06 20:24:01] Cycle complete
[2026-06-06 20:26:01] 🔍 Rule Compliance 검증 시작...
[2026-06-06 20:26:02] ✅ All compliance rules PASSED (5/5 checks OK)
[2026-06-06 20:26:02] Cycle complete
[2026-06-06 20:28:01] 🔍 Rule Compliance 검증 시작...
[2026-06-06 20:28:02] ✅ All compliance rules PASSED (5/5 checks OK)
[2026-06-06 20:28:02] Cycle complete
[2026-06-06 20:30:01] 🔍 Rule Compliance 검증 시작...
[2026-06-06 20:30:01] ✅ All compliance rules PASSED (5/5 checks OK)
[2026-06-06 20:30:01] Cycle complete
[2026-06-06 20:32:01] 🔍 Rule Compliance 검증 시작...
[2026-06-06 20:32:01] ✅ All compliance rules PASSED (5/5 checks OK)
[2026-06-06 20:32:01] Cycle complete
[2026-06-06 20:34:01] 🔍 Rule Compliance 검증 시작...
[2026-06-06 20:34:01] ✅ All compliance rules PASSED (5/5 checks OK)
[2026-06-06 20:34:01] Cycle complete
[2026-06-06 20:36:01] 🔍 Rule Compliance 검증 시작...
[2026-06-06 20:36:01] ✅ All compliance rules PASSED (5/5 checks OK)
[2026-06-06 20:36:01] Cycle complete
[2026-06-06 20:38:01] 🔍 Rule Compliance 검증 시작...
[2026-06-06 20:38:01] ✅ All compliance rules PASSED (5/5 checks OK)
[2026-06-06 20:38:01] Cycle complete
[2026-06-06 20:40:01] 🔍 Rule Compliance 검증 시작...
[2026-06-06 20:40:01] ✅ All compliance rules PASSED (5/5 checks OK)
[2026-06-06 20:40:01] Cycle complete
[2026-06-06 20:42:01] 🔍 Rule Compliance 검증 시작...
[2026-06-06 20:42:01] ✅ All compliance rules PASSED (5/5 checks OK)
[2026-06-06 20:42:01] Cycle complete
[2026-06-06 20:44:01] 🔍 Rule Compliance 검증 시작...
[2026-06-06 20:44:01] ✅ All compliance rules PASSED (5/5 checks OK)
[2026-06-06 20:44:01] Cycle complete
[2026-06-06 20:46:01] 🔍 Rule Compliance 검증 시작...
[2026-06-06 20:46:01] ✅ All compliance rules PASSED (5/5 checks OK)
[2026-06-06 20:46:01] Cycle complete
[2026-06-06 20:48:01] 🔍 Rule Compliance 검증 시작...
[2026-06-06 20:48:01] ✅ All compliance rules PASSED (5/5 checks OK)
[2026-06-06 20:48:01] Cycle complete
[2026-06-06 20:50:01] 🔍 Rule Compliance 검증 시작...
[2026-06-06 20:50:01] ✅ All compliance rules PASSED (5/5 checks OK)
[2026-06-06 20:50:01] Cycle complete
[2026-06-06 20:52:01] 🔍 Rule Compliance 검증 시작...
[2026-06-06 20:52:01] ✅ All compliance rules PASSED (5/5 checks OK)
[2026-06-06 20:52:01] Cycle complete
[2026-06-06 20:54:01] 🔍 Rule Compliance 검증 시작...
[2026-06-06 20:54:01] ✅ All compliance rules PASSED (5/5 checks OK)
[2026-06-06 20:54:01] Cycle complete
[2026-06-06 20:56:01] 🔍 Rule Compliance 검증 시작...
[2026-06-06 20:56:01] ✅ All compliance rules PASSED (5/5 checks OK)
[2026-06-06 20:56:01] Cycle complete
[2026-06-06 20:58:01] 🔍 Rule Compliance 검증 시작...
[2026-06-06 20:58:01] ✅ All compliance rules PASSED (5/5 checks OK)
[2026-06-06 20:58:01] Cycle complete
[2026-06-06 21:00:01] 🔍 Rule Compliance 검증 시작...
[2026-06-06 21:00:01] ✅ All compliance rules PASSED (5/5 checks OK)
[2026-06-06 21:00:01] Cycle complete
[2026-06-06 21:02:01] 🔍 Rule Compliance 검증 시작...
[2026-06-06 21:02:01] ✅ All compliance rules PASSED (5/5 checks OK)
[2026-06-06 21:02:01] Cycle complete
[2026-06-06 21:04:01] 🔍 Rule Compliance 검증 시작...
[2026-06-06 21:04:01] ✅ All compliance rules PASSED (5/5 checks OK)
[2026-06-06 21:04:01] Cycle complete
[2026-06-06 21:06:01] 🔍 Rule Compliance 검증 시작...
[2026-06-06 21:06:01] ✅ All compliance rules PASSED (5/5 checks OK)
[2026-06-06 21:06:01] Cycle complete
[2026-06-06 21:08:01] 🔍 Rule Compliance 검증 시작...
[2026-06-06 21:08:01] ✅ All compliance rules PASSED (5/5 checks OK)
[2026-06-06 21:08:01] Cycle complete
[2026-06-06 21:10:01] 🔍 Rule Compliance 검증 시작...
[2026-06-06 21:10:01] ✅ All compliance rules PASSED (5/5 checks OK)
[2026-06-06 21:10:01] Cycle complete
[2026-06-06 21:12:01] 🔍 Rule Compliance 검증 시작...
[2026-06-06 21:12:02] ✅ All compliance rules PASSED (5/5 checks OK)
[2026-06-06 21:12:02] Cycle complete
[2026-06-06 21:14:01] 🔍 Rule Compliance 검증 시작...
[2026-06-06 21:14:01] ✅ All compliance rules PASSED (5/5 checks OK)
[2026-06-06 21:14:01] Cycle complete
[2026-06-06 21:16:01] 🔍 Rule Compliance 검증 시작...
[2026-06-06 21:16:01] ✅ All compliance rules PASSED (5/5 checks OK)
[2026-06-06 21:16:01] Cycle complete
[2026-06-06 21:18:01] 🔍 Rule Compliance 검증 시작...
[2026-06-06 21:18:02] ✅ All compliance rules PASSED (5/5 checks OK)
[2026-06-06 21:18:02] Cycle complete
[2026-06-06 21:20:01] 🔍 Rule Compliance 검증 시작...
[2026-06-06 21:20:02] ✅ All compliance rules PASSED (5/5 checks OK)
[2026-06-06 21:20:02] Cycle complete
[2026-06-06 21:22:01] 🔍 Rule Compliance 검증 시작...
[2026-06-06 21:22:01] ✅ All compliance rules PASSED (5/5 checks OK)
[2026-06-06 21:22:01] Cycle complete
[2026-06-06 21:24:01] 🔍 Rule Compliance 검증 시작...
[2026-06-06 21:24:01] ✅ All compliance rules PASSED (5/5 checks OK)
[2026-06-06 21:24:01] Cycle complete
[2026-06-06 21:26:01] 🔍 Rule Compliance 검증 시작...
[2026-06-06 21:26:01] ✅ All compliance rules PASSED (5/5 checks OK)
[2026-06-06 21:26:01] Cycle complete
[2026-06-06 21:28:01] 🔍 Rule Compliance 검증 시작...
[2026-06-06 21:28:01] ✅ All compliance rules PASSED (5/5 checks OK)
[2026-06-06 21:28:01] Cycle complete
[2026-06-06 21:30:02] 🔍 Rule Compliance 검증 시작...
[2026-06-06 21:30:02] ✅ All compliance rules PASSED (5/5 checks OK)
[2026-06-06 21:30:02] Cycle complete
[2026-06-06 21:32:01] 🔍 Rule Compliance 검증 시작...
[2026-06-06 21:32:02] ✅ All compliance rules PASSED (5/5 checks OK)
[2026-06-06 21:32:02] Cycle complete
[2026-06-06 21:34:01] 🔍 Rule Compliance 검증 시작...
[2026-06-06 21:34:01] ✅ All compliance rules PASSED (5/5 checks OK)
[2026-06-06 21:34:01] Cycle complete
[2026-06-06 21:36:01] 🔍 Rule Compliance 검증 시작...
[2026-06-06 21:36:01] ✅ All compliance rules PASSED (5/5 checks OK)
[2026-06-06 21:36:01] Cycle complete
[2026-06-06 21:38:01] 🔍 Rule Compliance 검증 시작...
[2026-06-06 21:38:02] ✅ All compliance rules PASSED (5/5 checks OK)
[2026-06-06 21:38:02] Cycle complete
[2026-06-06 21:40:01] 🔍 Rule Compliance 검증 시작...
[2026-06-06 21:40:01] ✅ All compliance rules PASSED (5/5 checks OK)
[2026-06-06 21:40:01] Cycle complete
[2026-06-06 21:42:01] 🔍 Rule Compliance 검증 시작...
[2026-06-06 21:42:02] ✅ All compliance rules PASSED (5/5 checks OK)
[2026-06-06 21:42:02] Cycle complete
[2026-06-06 21:44:01] 🔍 Rule Compliance 검증 시작...
[2026-06-06 21:44:01] ✅ All compliance rules PASSED (5/5 checks OK)
[2026-06-06 21:44:01] Cycle complete
[2026-06-06 21:46:01] 🔍 Rule Compliance 검증 시작...
[2026-06-06 21:46:01] ✅ All compliance rules PASSED (5/5 checks OK)
[2026-06-06 21:46:01] Cycle complete
[2026-06-06 21:48:01] 🔍 Rule Compliance 검증 시작...
[2026-06-06 21:48:02] ✅ All compliance rules PASSED (5/5 checks OK)
[2026-06-06 21:48:02] Cycle complete
[2026-06-06 21:50:01] 🔍 Rule Compliance 검증 시작...
[2026-06-06 21:50:01] ✅ All compliance rules PASSED (5/5 checks OK)
[2026-06-06 21:50:01] Cycle complete
[2026-06-06 21:52:01] 🔍 Rule Compliance 검증 시작...
[2026-06-06 21:52:01] ✅ All compliance rules PASSED (5/5 checks OK)
[2026-06-06 21:52:01] Cycle complete
[2026-06-06 21:54:01] 🔍 Rule Compliance 검증 시작...
[2026-06-06 21:54:01] ✅ All compliance rules PASSED (5/5 checks OK)
[2026-06-06 21:54:01] Cycle complete
[2026-06-06 21:56:01] 🔍 Rule Compliance 검증 시작...
[2026-06-06 21:56:01] ✅ All compliance rules PASSED (5/5 checks OK)
[2026-06-06 21:56:01] Cycle complete
[2026-06-06 21:58:01] 🔍 Rule Compliance 검증 시작...
[2026-06-06 21:58:01] ✅ All compliance rules PASSED (5/5 checks OK)
[2026-06-06 21:58:01] Cycle complete
[2026-06-06 22:00:01] 🔍 Rule Compliance 검증 시작...
[2026-06-06 22:00:01] ✅ All compliance rules PASSED (5/5 checks OK)
[2026-06-06 22:00:01] Cycle complete
[2026-06-06 22:02:01] 🔍 Rule Compliance 검증 시작...
[2026-06-06 22:02:01] ✅ All compliance rules PASSED (5/5 checks OK)
[2026-06-06 22:02:01] Cycle complete
[2026-06-06 22:04:01] 🔍 Rule Compliance 검증 시작...
[2026-06-06 22:04:01] ✅ All compliance rules PASSED (5/5 checks OK)
[2026-06-06 22:04:01] Cycle complete
[2026-06-06 22:06:01] 🔍 Rule Compliance 검증 시작...
[2026-06-06 22:06:01] ✅ All compliance rules PASSED (5/5 checks OK)
[2026-06-06 22:06:01] Cycle complete
[2026-06-06 22:08:01] 🔍 Rule Compliance 검증 시작...
[2026-06-06 22:08:01] ✅ All compliance rules PASSED (5/5 checks OK)
[2026-06-06 22:08:01] Cycle complete
[2026-06-06 22:10:01] 🔍 Rule Compliance 검증 시작...
[2026-06-06 22:10:01] ✅ All compliance rules PASSED (5/5 checks OK)
[2026-06-06 22:10:01] Cycle complete
[2026-06-06 22:12:01] 🔍 Rule Compliance 검증 시작...
[2026-06-06 22:12:01] ✅ All compliance rules PASSED (5/5 checks OK)
[2026-06-06 22:12:01] Cycle complete
[2026-06-06 22:14:01] 🔍 Rule Compliance 검증 시작...
[2026-06-06 22:14:01] ✅ All compliance rules PASSED (5/5 checks OK)
[2026-06-06 22:14:01] Cycle complete
[2026-06-06 22:16:01] 🔍 Rule Compliance 검증 시작...
[2026-06-06 22:16:01] ✅ All compliance rules PASSED (5/5 checks OK)
[2026-06-06 22:16:01] Cycle complete
[2026-06-06 22:18:01] 🔍 Rule Compliance 검증 시작...
[2026-06-06 22:18:01] ✅ All compliance rules PASSED (5/5 checks OK)
[2026-06-06 22:18:01] Cycle complete
[2026-06-06 22:20:01] 🔍 Rule Compliance 검증 시작...
[2026-06-06 22:20:01] ✅ All compliance rules PASSED (5/5 checks OK)
[2026-06-06 22:20:01] Cycle complete
[2026-06-06 22:22:01] 🔍 Rule Compliance 검증 시작...
[2026-06-06 22:22:01] ✅ All compliance rules PASSED (5/5 checks OK)
[2026-06-06 22:22:01] Cycle complete
[2026-06-06 22:24:01] 🔍 Rule Compliance 검증 시작...
[2026-06-06 22:24:01] ✅ All compliance rules PASSED (5/5 checks OK)
[2026-06-06 22:24:01] Cycle complete
[2026-06-06 22:26:01] 🔍 Rule Compliance 검증 시작...
[2026-06-06 22:26:01] ✅ All compliance rules PASSED (5/5 checks OK)
[2026-06-06 22:26:01] Cycle complete
[2026-06-06 22:28:01] 🔍 Rule Compliance 검증 시작...
[2026-06-06 22:28:01] ✅ All compliance rules PASSED (5/5 checks OK)
[2026-06-06 22:28:01] Cycle complete
[2026-06-06 22:30:01] 🔍 Rule Compliance 검증 시작...
[2026-06-06 22:30:01] ✅ All compliance rules PASSED (5/5 checks OK)
[2026-06-06 22:30:01] Cycle complete
[2026-06-06 22:32:01] 🔍 Rule Compliance 검증 시작...
[2026-06-06 22:32:01] ✅ All compliance rules PASSED (5/5 checks OK)
[2026-06-06 22:32:01] Cycle complete
[2026-06-06 22:34:01] 🔍 Rule Compliance 검증 시작...
[2026-06-06 22:34:01] ✅ All compliance rules PASSED (5/5 checks OK)
[2026-06-06 22:34:01] Cycle complete
[2026-06-06 22:36:01] 🔍 Rule Compliance 검증 시작...
[2026-06-06 22:36:01] ✅ All compliance rules PASSED (5/5 checks OK)
[2026-06-06 22:36:01] Cycle complete
[2026-06-06 22:38:01] 🔍 Rule Compliance 검증 시작...
[2026-06-06 22:38:01] ✅ All compliance rules PASSED (5/5 checks OK)
[2026-06-06 22:38:01] Cycle complete
[2026-06-06 22:40:01] 🔍 Rule Compliance 검증 시작...
[2026-06-06 22:40:01] ✅ All compliance rules PASSED (5/5 checks OK)
[2026-06-06 22:40:01] Cycle complete
[2026-06-06 22:42:01] 🔍 Rule Compliance 검증 시작...
[2026-06-06 22:42:01] ✅ All compliance rules PASSED (5/5 checks OK)
[2026-06-06 22:42:01] Cycle complete
[2026-06-06 22:44:01] 🔍 Rule Compliance 검증 시작...
[2026-06-06 22:44:01] ✅ All compliance rules PASSED (5/5 checks OK)
[2026-06-06 22:44:01] Cycle complete
[2026-06-06 22:46:01] 🔍 Rule Compliance 검증 시작...
[2026-06-06 22:46:01] ✅ All compliance rules PASSED (5/5 checks OK)
[2026-06-06 22:46:01] Cycle complete
[2026-06-06 22:48:01] 🔍 Rule Compliance 검증 시작...
[2026-06-06 22:48:01] ✅ All compliance rules PASSED (5/5 checks OK)
[2026-06-06 22:48:01] Cycle complete
[2026-06-06 22:50:01] 🔍 Rule Compliance 검증 시작...
[2026-06-06 22:50:01] ✅ All compliance rules PASSED (5/5 checks OK)
[2026-06-06 22:50:01] Cycle complete
[2026-06-06 22:52:01] 🔍 Rule Compliance 검증 시작...
[2026-06-06 22:52:01] ✅ All compliance rules PASSED (5/5 checks OK)
[2026-06-06 22:52:01] Cycle complete
[2026-06-06 22:54:01] 🔍 Rule Compliance 검증 시작...
[2026-06-06 22:54:01] ✅ All compliance rules PASSED (5/5 checks OK)
[2026-06-06 22:54:01] Cycle complete
[2026-06-06 22:56:01] 🔍 Rule Compliance 검증 시작...
[2026-06-06 22:56:01] ✅ All compliance rules PASSED (5/5 checks OK)
[2026-06-06 22:56:01] Cycle complete
[2026-06-06 22:58:01] 🔍 Rule Compliance 검증 시작...
[2026-06-06 22:58:01] ✅ All compliance rules PASSED (5/5 checks OK)
[2026-06-06 22:58:01] Cycle complete
[2026-06-06 23:00:01] 🔍 Rule Compliance 검증 시작...
[2026-06-06 23:00:01] ✅ All compliance rules PASSED (5/5 checks OK)
[2026-06-06 23:00:01] Cycle complete
[2026-06-06 23:02:01] 🔍 Rule Compliance 검증 시작...
[2026-06-06 23:02:01] ✅ All compliance rules PASSED (5/5 checks OK)
[2026-06-06 23:02:01] Cycle complete
[2026-06-06 23:04:01] 🔍 Rule Compliance 검증 시작...
[2026-06-06 23:04:01] ✅ All compliance rules PASSED (5/5 checks OK)
[2026-06-06 23:04:01] Cycle complete
[2026-06-06 23:06:01] 🔍 Rule Compliance 검증 시작...
[2026-06-06 23:06:01] ✅ All compliance rules PASSED (5/5 checks OK)
[2026-06-06 23:06:01] Cycle complete
[2026-06-06 23:08:01] 🔍 Rule Compliance 검증 시작...
[2026-06-06 23:08:01] ✅ All compliance rules PASSED (5/5 checks OK)
[2026-06-06 23:08:01] Cycle complete
[2026-06-06 23:10:01] 🔍 Rule Compliance 검증 시작...
[2026-06-06 23:10:01] ✅ All compliance rules PASSED (5/5 checks OK)
[2026-06-06 23:10:01] Cycle complete
[2026-06-06 23:12:01] 🔍 Rule Compliance 검증 시작...
[2026-06-06 23:12:01] ✅ All compliance rules PASSED (5/5 checks OK)
[2026-06-06 23:12:01] Cycle complete
[2026-06-06 23:14:01] 🔍 Rule Compliance 검증 시작...
[2026-06-06 23:14:01] ✅ All compliance rules PASSED (5/5 checks OK)
[2026-06-06 23:14:01] Cycle complete
[2026-06-06 23:16:01] 🔍 Rule Compliance 검증 시작...
[2026-06-06 23:16:01] ✅ All compliance rules PASSED (5/5 checks OK)
[2026-06-06 23:16:01] Cycle complete
[2026-06-06 23:18:01] 🔍 Rule Compliance 검증 시작...
[2026-06-06 23:18:01] ✅ All compliance rules PASSED (5/5 checks OK)
[2026-06-06 23:18:01] Cycle complete
[2026-06-06 23:20:01] 🔍 Rule Compliance 검증 시작...
[2026-06-06 23:20:01] ✅ All compliance rules PASSED (5/5 checks OK)
[2026-06-06 23:20:01] Cycle complete
[2026-06-06 23:22:01] 🔍 Rule Compliance 검증 시작...
[2026-06-06 23:22:01] ✅ All compliance rules PASSED (5/5 checks OK)
[2026-06-06 23:22:01] Cycle complete
[2026-06-06 23:24:01] 🔍 Rule Compliance 검증 시작...
[2026-06-06 23:24:01] ✅ All compliance rules PASSED (5/5 checks OK)
[2026-06-06 23:24:01] Cycle complete
[2026-06-06 23:26:01] 🔍 Rule Compliance 검증 시작...
[2026-06-06 23:26:01] ✅ All compliance rules PASSED (5/5 checks OK)
[2026-06-06 23:26:01] Cycle complete
[2026-06-06 23:28:01] 🔍 Rule Compliance 검증 시작...
[2026-06-06 23:28:01] ✅ All compliance rules PASSED (5/5 checks OK)
[2026-06-06 23:28:01] Cycle complete
[2026-06-06 23:30:01] 🔍 Rule Compliance 검증 시작...
[2026-06-06 23:30:01] ✅ All compliance rules PASSED (5/5 checks OK)
[2026-06-06 23:30:01] Cycle complete
[2026-06-06 23:32:01] 🔍 Rule Compliance 검증 시작...
[2026-06-06 23:32:02] ✅ All compliance rules PASSED (5/5 checks OK)
[2026-06-06 23:32:02] Cycle complete
[2026-06-06 23:34:01] 🔍 Rule Compliance 검증 시작...
[2026-06-06 23:34:02] ✅ All compliance rules PASSED (5/5 checks OK)
[2026-06-06 23:34:02] Cycle complete
[2026-06-06 23:36:01] 🔍 Rule Compliance 검증 시작...
[2026-06-06 23:36:01] ✅ All compliance rules PASSED (5/5 checks OK)
[2026-06-06 23:36:01] Cycle complete
[2026-06-06 23:38:01] 🔍 Rule Compliance 검증 시작...
[2026-06-06 23:38:01] ✅ All compliance rules PASSED (5/5 checks OK)
[2026-06-06 23:38:01] Cycle complete
[2026-06-06 23:40:01] 🔍 Rule Compliance 검증 시작...
[2026-06-06 23:40:01] ✅ All compliance rules PASSED (5/5 checks OK)
[2026-06-06 23:40:01] Cycle complete
[2026-06-06 23:42:01] 🔍 Rule Compliance 검증 시작...
[2026-06-06 23:42:01] ✅ All compliance rules PASSED (5/5 checks OK)
[2026-06-06 23:42:01] Cycle complete
[2026-06-06 23:44:01] 🔍 Rule Compliance 검증 시작...
[2026-06-06 23:44:01] ⚠️  VIOLATIONS FOUND: 6 rule(s) failed
[2026-06-06 23:44:01]    ❌ phase2a (port 3009) DOWN
[2026-06-06 23:44:01]    ❌ phase2b (port 3010) DOWN
[2026-06-06 23:44:01]    ❌ phase2c (port 3011) DOWN
[2026-06-06 23:44:01]    ❌ Port 3009 not listening
[2026-06-06 23:44:01]    ❌ Port 3010 not listening
[2026-06-06 23:44:01]    ❌ Port 3011 not listening
[2026-06-06 23:44:01] Cycle complete
[2026-06-06 23:46:01] 🔍 Rule Compliance 검증 시작...
[2026-06-06 23:46:01] ✅ All compliance rules PASSED (5/5 checks OK)
[2026-06-06 23:46:01] Cycle complete
[2026-06-06 23:48:01] 🔍 Rule Compliance 검증 시작...
[2026-06-06 23:48:01] ✅ All compliance rules PASSED (5/5 checks OK)
[2026-06-06 23:48:01] Cycle complete
[2026-06-06 23:50:01] 🔍 Rule Compliance 검증 시작...
[2026-06-06 23:50:01] ✅ All compliance rules PASSED (5/5 checks OK)
[2026-06-06 23:50:01] Cycle complete
[2026-06-06 23:52:01] 🔍 Rule Compliance 검증 시작...
[2026-06-06 23:52:01] ✅ All compliance rules PASSED (5/5 checks OK)
[2026-06-06 23:52:01] Cycle complete
[2026-06-06 23:54:01] 🔍 Rule Compliance 검증 시작...
[2026-06-06 23:54:01] ✅ All compliance rules PASSED (5/5 checks OK)
[2026-06-06 23:54:01] Cycle complete
[2026-06-06 23:56:01] 🔍 Rule Compliance 검증 시작...
[2026-06-06 23:56:02] ✅ All compliance rules PASSED (5/5 checks OK)
[2026-06-06 23:56:02] Cycle complete
[2026-06-06 23:58:01] 🔍 Rule Compliance 검증 시작...
[2026-06-06 23:58:01] ✅ All compliance rules PASSED (5/5 checks OK)
[2026-06-06 23:58:01] Cycle complete
[2026-06-07 00:00:01] 🔍 Rule Compliance 검증 시작...
[2026-06-07 00:00:01] ✅ All compliance rules PASSED (5/5 checks OK)
[2026-06-07 00:00:01] Cycle complete
[2026-06-07 00:02:01] 🔍 Rule Compliance 검증 시작...
[2026-06-07 00:02:01] ✅ All compliance rules PASSED (5/5 checks OK)
[2026-06-07 00:02:01] Cycle complete
[2026-06-07 00:04:01] 🔍 Rule Compliance 검증 시작...
[2026-06-07 00:04:01] ✅ All compliance rules PASSED (5/5 checks OK)
[2026-06-07 00:04:01] Cycle complete
[2026-06-07 00:06:01] 🔍 Rule Compliance 검증 시작...
[2026-06-07 00:06:01] ✅ All compliance rules PASSED (5/5 checks OK)
[2026-06-07 00:06:01] Cycle complete
[2026-06-07 00:08:01] 🔍 Rule Compliance 검증 시작...
[2026-06-07 00:08:01] ✅ All compliance rules PASSED (5/5 checks OK)
[2026-06-07 00:08:01] Cycle complete
[2026-06-07 00:10:01] 🔍 Rule Compliance 검증 시작...
[2026-06-07 00:10:01] ✅ All compliance rules PASSED (5/5 checks OK)
[2026-06-07 00:10:01] Cycle complete
[2026-06-07 00:12:01] 🔍 Rule Compliance 검증 시작...
[2026-06-07 00:12:01] ✅ All compliance rules PASSED (5/5 checks OK)
[2026-06-07 00:12:01] Cycle complete
[2026-06-07 00:14:01] 🔍 Rule Compliance 검증 시작...
[2026-06-07 00:14:01] ✅ All compliance rules PASSED (5/5 checks OK)
[2026-06-07 00:14:01] Cycle complete
[2026-06-07 00:16:01] 🔍 Rule Compliance 검증 시작...
[2026-06-07 00:16:01] ✅ All compliance rules PASSED (5/5 checks OK)
[2026-06-07 00:16:01] Cycle complete
[2026-06-07 00:18:01] 🔍 Rule Compliance 검증 시작...
[2026-06-07 00:18:01] ✅ All compliance rules PASSED (5/5 checks OK)
[2026-06-07 00:18:01] Cycle complete
[2026-06-07 00:20:01] 🔍 Rule Compliance 검증 시작...
[2026-06-07 00:20:01] ✅ All compliance rules PASSED (5/5 checks OK)
[2026-06-07 00:20:01] Cycle complete
[2026-06-07 00:22:01] 🔍 Rule Compliance 검증 시작...
[2026-06-07 00:22:01] ✅ All compliance rules PASSED (5/5 checks OK)
[2026-06-07 00:22:01] Cycle complete
[2026-06-07 00:24:01] 🔍 Rule Compliance 검증 시작...
[2026-06-07 00:24:01] ✅ All compliance rules PASSED (5/5 checks OK)
[2026-06-07 00:24:01] Cycle complete
[2026-06-07 00:26:01] 🔍 Rule Compliance 검증 시작...
[2026-06-07 00:26:01] ✅ All compliance rules PASSED (5/5 checks OK)
[2026-06-07 00:26:01] Cycle complete
[2026-06-07 00:28:01] 🔍 Rule Compliance 검증 시작...
[2026-06-07 00:28:01] ✅ All compliance rules PASSED (5/5 checks OK)
[2026-06-07 00:28:01] Cycle complete
[2026-06-07 00:30:01] 🔍 Rule Compliance 검증 시작...
[2026-06-07 00:30:01] ✅ All compliance rules PASSED (5/5 checks OK)
[2026-06-07 00:30:01] Cycle complete
[2026-06-07 00:32:01] 🔍 Rule Compliance 검증 시작...
[2026-06-07 00:32:01] ✅ All compliance rules PASSED (5/5 checks OK)
[2026-06-07 00:32:01] Cycle complete
[2026-06-07 00:34:01] 🔍 Rule Compliance 검증 시작...
[2026-06-07 00:34:01] ✅ All compliance rules PASSED (5/5 checks OK)
[2026-06-07 00:34:01] Cycle complete
[2026-06-07 00:36:01] 🔍 Rule Compliance 검증 시작...
[2026-06-07 00:36:01] ✅ All compliance rules PASSED (5/5 checks OK)
[2026-06-07 00:36:01] Cycle complete
[2026-06-07 00:38:01] 🔍 Rule Compliance 검증 시작...
[2026-06-07 00:38:01] ✅ All compliance rules PASSED (5/5 checks OK)
[2026-06-07 00:38:01] Cycle complete
[2026-06-07 00:40:01] 🔍 Rule Compliance 검증 시작...
[2026-06-07 00:40:01] ✅ All compliance rules PASSED (5/5 checks OK)
[2026-06-07 00:40:01] Cycle complete
[2026-06-07 00:42:01] 🔍 Rule Compliance 검증 시작...
[2026-06-07 00:42:01] ✅ All compliance rules PASSED (5/5 checks OK)
[2026-06-07 00:42:01] Cycle complete
[2026-06-07 00:44:01] 🔍 Rule Compliance 검증 시작...
[2026-06-07 00:44:01] ✅ All compliance rules PASSED (5/5 checks OK)
[2026-06-07 00:44:01] Cycle complete
[2026-06-07 00:46:01] 🔍 Rule Compliance 검증 시작...
[2026-06-07 00:46:01] ✅ All compliance rules PASSED (5/5 checks OK)
[2026-06-07 00:46:01] Cycle complete
[2026-06-07 00:48:01] 🔍 Rule Compliance 검증 시작...
[2026-06-07 00:48:01] ✅ All compliance rules PASSED (5/5 checks OK)
[2026-06-07 00:48:01] Cycle complete
[2026-06-07 00:50:01] 🔍 Rule Compliance 검증 시작...
[2026-06-07 00:50:01] ✅ All compliance rules PASSED (5/5 checks OK)
[2026-06-07 00:50:01] Cycle complete
[2026-06-07 00:52:01] 🔍 Rule Compliance 검증 시작...
[2026-06-07 00:52:01] ✅ All compliance rules PASSED (5/5 checks OK)
[2026-06-07 00:52:01] Cycle complete
[2026-06-07 00:54:01] 🔍 Rule Compliance 검증 시작...
[2026-06-07 00:54:01] ✅ All compliance rules PASSED (5/5 checks OK)
[2026-06-07 00:54:01] Cycle complete
[2026-06-07 00:56:01] 🔍 Rule Compliance 검증 시작...
[2026-06-07 00:56:01] ✅ All compliance rules PASSED (5/5 checks OK)
[2026-06-07 00:56:01] Cycle complete
[2026-06-07 00:58:01] 🔍 Rule Compliance 검증 시작...
[2026-06-07 00:58:01] ✅ All compliance rules PASSED (5/5 checks OK)
[2026-06-07 00:58:01] Cycle complete
[2026-06-07 01:00:01] 🔍 Rule Compliance 검증 시작...
[2026-06-07 01:00:01] ✅ All compliance rules PASSED (5/5 checks OK)
[2026-06-07 01:00:01] Cycle complete
[2026-06-07 01:02:01] 🔍 Rule Compliance 검증 시작...
[2026-06-07 01:02:01] ✅ All compliance rules PASSED (5/5 checks OK)
[2026-06-07 01:02:01] Cycle complete
[2026-06-07 01:04:01] 🔍 Rule Compliance 검증 시작...
[2026-06-07 01:04:01] ✅ All compliance rules PASSED (5/5 checks OK)
[2026-06-07 01:04:01] Cycle complete
[2026-06-07 01:06:01] 🔍 Rule Compliance 검증 시작...
[2026-06-07 01:06:01] ✅ All compliance rules PASSED (5/5 checks OK)
[2026-06-07 01:06:01] Cycle complete
[2026-06-07 01:08:01] 🔍 Rule Compliance 검증 시작...
[2026-06-07 01:08:01] ✅ All compliance rules PASSED (5/5 checks OK)
[2026-06-07 01:08:01] Cycle complete
[2026-06-07 01:10:01] 🔍 Rule Compliance 검증 시작...
[2026-06-07 01:10:01] ✅ All compliance rules PASSED (5/5 checks OK)
[2026-06-07 01:10:01] Cycle complete
[2026-06-07 01:12:01] 🔍 Rule Compliance 검증 시작...
[2026-06-07 01:12:02] ✅ All compliance rules PASSED (5/5 checks OK)
[2026-06-07 01:12:02] Cycle complete
[2026-06-07 01:14:01] 🔍 Rule Compliance 검증 시작...
[2026-06-07 01:14:02] ✅ All compliance rules PASSED (5/5 checks OK)
[2026-06-07 01:14:02] Cycle complete
[2026-06-07 01:16:01] 🔍 Rule Compliance 검증 시작...
[2026-06-07 01:16:01] ✅ All compliance rules PASSED (5/5 checks OK)
[2026-06-07 01:16:01] Cycle complete
[2026-06-07 01:18:01] 🔍 Rule Compliance 검증 시작...
[2026-06-07 01:18:01] ✅ All compliance rules PASSED (5/5 checks OK)
[2026-06-07 01:18:01] Cycle complete
[2026-06-07 01:20:01] 🔍 Rule Compliance 검증 시작...
[2026-06-07 01:20:02] ✅ All compliance rules PASSED (5/5 checks OK)
[2026-06-07 01:20:02] Cycle complete
[2026-06-07 01:22:01] 🔍 Rule Compliance 검증 시작...
[2026-06-07 01:22:01] ✅ All compliance rules PASSED (5/5 checks OK)
[2026-06-07 01:22:01] Cycle complete
[2026-06-07 01:24:01] 🔍 Rule Compliance 검증 시작...
[2026-06-07 01:24:01] ✅ All compliance rules PASSED (5/5 checks OK)
[2026-06-07 01:24:01] Cycle complete
[2026-06-07 01:26:01] 🔍 Rule Compliance 검증 시작...
[2026-06-07 01:26:01] ✅ All compliance rules PASSED (5/5 checks OK)
[2026-06-07 01:26:01] Cycle complete
[2026-06-07 01:28:01] 🔍 Rule Compliance 검증 시작...
[2026-06-07 01:28:01] ✅ All compliance rules PASSED (5/5 checks OK)
[2026-06-07 01:28:01] Cycle complete
[2026-06-07 01:30:01] 🔍 Rule Compliance 검증 시작...
[2026-06-07 01:30:02] ✅ All compliance rules PASSED (5/5 checks OK)
[2026-06-07 01:30:02] Cycle complete
[2026-06-07 01:32:01] 🔍 Rule Compliance 검증 시작...
[2026-06-07 01:32:01] ✅ All compliance rules PASSED (5/5 checks OK)
[2026-06-07 01:32:01] Cycle complete
[2026-06-07 01:34:01] 🔍 Rule Compliance 검증 시작...
[2026-06-07 01:34:01] ✅ All compliance rules PASSED (5/5 checks OK)
[2026-06-07 01:34:01] Cycle complete
[2026-06-07 01:36:01] 🔍 Rule Compliance 검증 시작...
[2026-06-07 01:36:01] ✅ All compliance rules PASSED (5/5 checks OK)
[2026-06-07 01:36:01] Cycle complete
[2026-06-07 01:38:01] 🔍 Rule Compliance 검증 시작...
[2026-06-07 01:38:01] ✅ All compliance rules PASSED (5/5 checks OK)
[2026-06-07 01:38:01] Cycle complete
[2026-06-07 01:40:01] 🔍 Rule Compliance 검증 시작...
[2026-06-07 01:40:01] ✅ All compliance rules PASSED (5/5 checks OK)
[2026-06-07 01:40:01] Cycle complete
[2026-06-07 01:42:01] 🔍 Rule Compliance 검증 시작...
[2026-06-07 01:42:01] ✅ All compliance rules PASSED (5/5 checks OK)
[2026-06-07 01:42:01] Cycle complete
[2026-06-07 01:44:01] 🔍 Rule Compliance 검증 시작...
[2026-06-07 01:44:01] ✅ All compliance rules PASSED (5/5 checks OK)
[2026-06-07 01:44:01] Cycle complete
[2026-06-07 01:46:01] 🔍 Rule Compliance 검증 시작...
[2026-06-07 01:46:01] ✅ All compliance rules PASSED (5/5 checks OK)
[2026-06-07 01:46:01] Cycle complete
[2026-06-07 01:48:01] 🔍 Rule Compliance 검증 시작...
[2026-06-07 01:48:01] ✅ All compliance rules PASSED (5/5 checks OK)
[2026-06-07 01:48:01] Cycle complete
[2026-06-07 01:50:01] 🔍 Rule Compliance 검증 시작...
[2026-06-07 01:50:01] ✅ All compliance rules PASSED (5/5 checks OK)
[2026-06-07 01:50:01] Cycle complete
[2026-06-07 01:52:01] 🔍 Rule Compliance 검증 시작...
[2026-06-07 01:52:01] ✅ All compliance rules PASSED (5/5 checks OK)
[2026-06-07 01:52:01] Cycle complete
[2026-06-07 01:54:01] 🔍 Rule Compliance 검증 시작...
[2026-06-07 01:54:01] ✅ All compliance rules PASSED (5/5 checks OK)
[2026-06-07 01:54:01] Cycle complete
[2026-06-07 01:56:01] 🔍 Rule Compliance 검증 시작...
[2026-06-07 01:56:01] ✅ All compliance rules PASSED (5/5 checks OK)
[2026-06-07 01:56:01] Cycle complete
[2026-06-07 01:58:01] 🔍 Rule Compliance 검증 시작...
[2026-06-07 01:58:01] ✅ All compliance rules PASSED (5/5 checks OK)
[2026-06-07 01:58:01] Cycle complete
[2026-06-07 02:00:01] 🔍 Rule Compliance 검증 시작...
[2026-06-07 02:00:01] ✅ All compliance rules PASSED (5/5 checks OK)
[2026-06-07 02:00:01] Cycle complete
[2026-06-07 02:02:01] 🔍 Rule Compliance 검증 시작...
[2026-06-07 02:02:02] ✅ All compliance rules PASSED (5/5 checks OK)
[2026-06-07 02:02:02] Cycle complete
[2026-06-07 02:04:01] 🔍 Rule Compliance 검증 시작...
[2026-06-07 02:04:01] ✅ All compliance rules PASSED (5/5 checks OK)
[2026-06-07 02:04:01] Cycle complete
[2026-06-07 02:06:01] 🔍 Rule Compliance 검증 시작...
[2026-06-07 02:06:01] ✅ All compliance rules PASSED (5/5 checks OK)
[2026-06-07 02:06:01] Cycle complete
[2026-06-07 02:08:01] 🔍 Rule Compliance 검증 시작...
[2026-06-07 02:08:02] ✅ All compliance rules PASSED (5/5 checks OK)
[2026-06-07 02:08:02] Cycle complete
[2026-06-07 02:10:01] 🔍 Rule Compliance 검증 시작...
[2026-06-07 02:10:02] ✅ All compliance rules PASSED (5/5 checks OK)
[2026-06-07 02:10:02] Cycle complete
[2026-06-07 02:12:01] 🔍 Rule Compliance 검증 시작...
[2026-06-07 02:12:01] ✅ All compliance rules PASSED (5/5 checks OK)
[2026-06-07 02:12:01] Cycle complete
[2026-06-07 02:14:01] 🔍 Rule Compliance 검증 시작...
[2026-06-07 02:14:01] ✅ All compliance rules PASSED (5/5 checks OK)
[2026-06-07 02:14:01] Cycle complete
[2026-06-07 02:16:01] 🔍 Rule Compliance 검증 시작...
[2026-06-07 02:16:02] ✅ All compliance rules PASSED (5/5 checks OK)
[2026-06-07 02:16:02] Cycle complete
[2026-06-07 02:18:01] 🔍 Rule Compliance 검증 시작...
[2026-06-07 02:18:01] ✅ All compliance rules PASSED (5/5 checks OK)
[2026-06-07 02:18:01] Cycle complete
[2026-06-07 02:20:01] 🔍 Rule Compliance 검증 시작...
[2026-06-07 02:20:01] ✅ All compliance rules PASSED (5/5 checks OK)
[2026-06-07 02:20:01] Cycle complete
[2026-06-07 02:22:01] 🔍 Rule Compliance 검증 시작...
[2026-06-07 02:22:01] ✅ All compliance rules PASSED (5/5 checks OK)
[2026-06-07 02:22:01] Cycle complete
[2026-06-07 02:24:01] 🔍 Rule Compliance 검증 시작...
[2026-06-07 02:24:01] ✅ All compliance rules PASSED (5/5 checks OK)
[2026-06-07 02:24:01] Cycle complete
[2026-06-07 02:26:01] 🔍 Rule Compliance 검증 시작...
[2026-06-07 02:26:01] ✅ All compliance rules PASSED (5/5 checks OK)
[2026-06-07 02:26:01] Cycle complete
[2026-06-07 02:28:01] 🔍 Rule Compliance 검증 시작...
[2026-06-07 02:28:01] ✅ All compliance rules PASSED (5/5 checks OK)
[2026-06-07 02:28:01] Cycle complete
[2026-06-07 02:30:01] 🔍 Rule Compliance 검증 시작...
[2026-06-07 02:30:01] ✅ All compliance rules PASSED (5/5 checks OK)
[2026-06-07 02:30:01] Cycle complete
[2026-06-07 02:32:01] 🔍 Rule Compliance 검증 시작...
[2026-06-07 02:32:01] ✅ All compliance rules PASSED (5/5 checks OK)
[2026-06-07 02:32:01] Cycle complete
[2026-06-07 02:34:01] 🔍 Rule Compliance 검증 시작...
[2026-06-07 02:34:01] ✅ All compliance rules PASSED (5/5 checks OK)
[2026-06-07 02:34:01] Cycle complete
[2026-06-07 02:36:01] 🔍 Rule Compliance 검증 시작...
[2026-06-07 02:36:01] ✅ All compliance rules PASSED (5/5 checks OK)
[2026-06-07 02:36:01] Cycle complete
[2026-06-07 02:38:01] 🔍 Rule Compliance 검증 시작...
[2026-06-07 02:38:01] ✅ All compliance rules PASSED (5/5 checks OK)
[2026-06-07 02:38:01] Cycle complete
[2026-06-07 02:40:01] 🔍 Rule Compliance 검증 시작...
[2026-06-07 02:40:01] ✅ All compliance rules PASSED (5/5 checks OK)
[2026-06-07 02:40:01] Cycle complete
[2026-06-07 02:42:01] 🔍 Rule Compliance 검증 시작...
[2026-06-07 02:42:01] ✅ All compliance rules PASSED (5/5 checks OK)
[2026-06-07 02:42:01] Cycle complete
[2026-06-07 02:44:01] 🔍 Rule Compliance 검증 시작...
[2026-06-07 02:44:01] ✅ All compliance rules PASSED (5/5 checks OK)
[2026-06-07 02:44:01] Cycle complete
[2026-06-07 02:46:01] 🔍 Rule Compliance 검증 시작...
[2026-06-07 02:46:01] ✅ All compliance rules PASSED (5/5 checks OK)
[2026-06-07 02:46:01] Cycle complete
[2026-06-07 02:48:01] 🔍 Rule Compliance 검증 시작...
[2026-06-07 02:48:01] ✅ All compliance rules PASSED (5/5 checks OK)
[2026-06-07 02:48:01] Cycle complete
[2026-06-07 02:50:02] 🔍 Rule Compliance 검증 시작...
[2026-06-07 02:50:02] ✅ All compliance rules PASSED (5/5 checks OK)
[2026-06-07 02:50:02] Cycle complete
[2026-06-07 02:52:01] 🔍 Rule Compliance 검증 시작...
[2026-06-07 02:52:02] ✅ All compliance rules PASSED (5/5 checks OK)
[2026-06-07 02:52:02] Cycle complete
[2026-06-07 02:54:01] 🔍 Rule Compliance 검증 시작...
[2026-06-07 02:54:01] ✅ All compliance rules PASSED (5/5 checks OK)
[2026-06-07 02:54:01] Cycle complete
[2026-06-07 02:56:01] 🔍 Rule Compliance 검증 시작...
[2026-06-07 02:56:01] ✅ All compliance rules PASSED (5/5 checks OK)
[2026-06-07 02:56:01] Cycle complete
[2026-06-07 02:58:01] 🔍 Rule Compliance 검증 시작...
[2026-06-07 02:58:01] ✅ All compliance rules PASSED (5/5 checks OK)
[2026-06-07 02:58:01] Cycle complete
