[2026-06-15 02:28:00 KST] SESSION CHECKPOINT
- Status: ✅ 4/4 P1 LIVE (100%)
- Phase 3-1: 2h28m elapsed (3.3% API, 5.3% UI)
- Vercel Uptime: 14h29m+ continuous
- Reliability: 96%
- Blockers: 0
- Changes from 02:24: ⏸️ NONE (no state changes)
- Improvements: P0/P1/P2 operational and integrated
- Evaluator pending: 04:00 KST (1h32m remaining)
- Registry updated: Timestamps synced (01:57 → 02:28)
[2026-06-15 02:58:00 KST] SESSION CHECKPOINT
- Status: ✅ 4/4 P1 LIVE (100%)
- Phase 3-1: 2h58m elapsed (3.3% API ~178m, 5.3% UI ~163m)
- Vercel Uptime: 14h59m+ continuous
- Reliability: 96%
- Blockers: 0
- Changes from 02:28: ⏸️ NONE (30 min timestamp advancement, no state changes)
- Improvements: P0/P1/P2 operational and integrated
- Evaluator pending: 04:00 KST (1h2m remaining)
- Registry updated: Timestamps synced (02:28 → 02:58)
- Note: Concurrent org_status files detected (02:47, 02:57) from secondary monitoring process
[2026-06-15 03:00:00 KST] ORG STATUS UPDATE
- Status: ✅ 4/4 P1 LIVE (100%)
- Phase 3-1: 3h0m elapsed (3.3% API ~180m, 5.3% UI ~165m)
- Vercel Uptime: 15h continuous
- Reliability: 96%
- Blockers: 0
- Changes from 02:58: ⏸️ NONE (30 min timestamp advancement, no state changes)
- Team Active: 11/15 (73%)
- Rule Compliance: 3/3 100%
- Improvements: P0/P1/P2 operational and integrated
- Evaluator pending: 04:00 KST (1h remaining)
- Created: org_status_20260615_0300.md
- Updated: MEMORY.md with latest entry
[2026-06-15 03:29] 🔴 CRITICAL SESSION CHECKPOINT — MAJOR STATUS CHANGE DETECTED
[2026-06-15 03:29] 📊 Comparison (03:00 → 03:29):
[2026-06-15 03:29]    P1 Status: 4/4 LIVE → 4/4 DOWN (HTTP 404)
[2026-06-15 03:29]    Reliability: 96% → 0% (-96%)
[2026-06-15 03:29]    Blockers: 0 → 4 CRITICAL (+4)
[2026-06-15 03:29]    Phase 3-1: IN_PROGRESS → BLOCKED
[2026-06-15 03:29] 🚨 INCIDENT DISCOVERED (27+ min duration):
[2026-06-15 03:29]    • Start: 03:02 KST (DNS resolution failure)
[2026-06-15 03:29]    • Confirmed: 03:07 KST (Vercel UNREACHABLE)
[2026-06-15 03:29]    • Escalation: 03:28 KST (direct verification confirmed all down)
[2026-06-15 03:29]    • Status: ONGOING — User Vercel verification required
[2026-06-15 03:29] 🔍 ROOT CAUSE ANALYSIS:
[2026-06-15 03:29]    • CTB auto-update.log: FALSE POSITIVES (reported "OK" while DOWN)
[2026-06-15 03:29]    • Script checks local Phase2 (3009/3010/3011) not Vercel endpoints
[2026-06-15 03:29]    • Vercel deployments: DEPLOYMENT_NOT_FOUND (HTTP 404)
[2026-06-15 03:29]    • Domain fms.dsc-mannur.com: DNS UNREACHABLE
[2026-06-15 03:29] 📋 DOCUMENTATION:
[2026-06-15 03:29]    ✅ org_status_20260615_0328.md (incident report)
[2026-06-15 03:29]    ✅ CRITICAL_INCIDENT_ESCALATION_20260615_0328.md (recovery guide)
[2026-06-15 03:29]    ✅ MEMORY.md (updated with critical alert)
[2026-06-15 03:29]    ✅ .ctb-state.json (updated to CRITICAL)
[2026-06-15 03:29]    ✅ Git commits (incident discovery + escalation)
[2026-06-15 03:29] ⏳ AWAITING: User Vercel dashboard verification & recovery action
[2026-06-15 03:29] 🛑 BLOCKED TASKS:
[2026-06-15 03:29]    • Data-Analyst API development (Phase 3-1)
[2026-06-15 03:29]    • Web-Builder UI development (Phase 3-1)
[2026-06-15 03:29]    • Evaluator E2E testing (scheduled 04:00 KST — CANNOT PROCEED)
[2026-06-15 03:29]    • P0/P1/P2 improvement testing
[2026-06-15 03:29] 📞 ESCALATION CHANNEL: Created CRITICAL_INCIDENT_ESCALATION_20260615_0328.md with step-by-step recovery instructions
[2026-06-15 03:32] 📊 ORG STATUS UPDATE (03:30 KST)
[2026-06-15 03:32]    Team utilization: 73% → 40% (INCIDENT mode)
[2026-06-15 03:32]    P1 Status: 4/4 LIVE → 4/4 DOWN (HTTP 404)
[2026-06-15 03:32]    Reliability: 96% → 0%
[2026-06-15 03:32]    Blockers: 0 → 4 CRITICAL
[2026-06-15 03:32]    Phase 3-1: IN_PROGRESS → BLOCKED
[2026-06-15 03:32]    Evaluator: PENDING 04:00 → CANNOT START (04:00 취소)
[2026-06-15 03:32]    CTB Monitoring: Issue detected (거짓양성 5분마다 반복)
[2026-06-15 03:32] ✅ org_status_20260615_0330.md created
[2026-06-15 03:32] ✅ MEMORY.md updated with critical status
[2026-06-15 03:59:00 KST] SESSION CHECKPOINT — CRITICAL INCIDENT PROGRESS UPDATE
- Status: 🔴 4/4 P1 DOWN (NETWORK TIMEOUT — evolved from HTTP 404)
- Phase 3-1: 3h59m elapsed (BLOCKED — no progress since 03:29)
- Vercel Status: UNREACHABLE (all endpoints 000 — network failure)
- Reliability: 0% (unchanged from 03:29)
- Blockers: 4 CRITICAL (unchanged)
- Changes from 03:29: ⚠️ ESCALATION — endpoints evolved from HTTP 404 → NETWORK TIMEOUT (000)
- Incident Duration: 57+ minutes (03:02 → 03:59)
- Recovery Wait: 56+ minutes (user verification at Vercel dashboard delayed)
- Evaluator E2E: CANCELLED (was 04:00 KST - now 1 minute away)
- CTB Auto-Update: Still reporting false "vercel":"OK" at 03:35:01 in .ctb-state.json
- Team Utilization: 40% (6/15 active)
- Note: No user action taken; incident remains unresolved; automated monitoring continues
