[2026-06-10 07:49:37] ━━━━━━━━━━━━━━━━━━━━━━━━━━━━━━━━━━━━━━━━━━━━━━━━━━━━━━━
[2026-06-10 07:49:37] Session Checkpoint Auto-Fix 시작 (2026-06-10 07:49:37 KST)
[2026-06-10 07:49:37] ━━━━━━━━━━━━━━━━━━━━━━━━━━━━━━━━━━━━━━━━━━━━━━━━━━━━━━━
ℹ️  INCOMPLETE_TASKS_REGISTRY 감지됨
✅ 체크포인트 마커 감지
[2026-06-10 07:49:37] 
[2026-06-10 07:49:37] Step 1: INCOMPLETE_TASKS_REGISTRY 갱신
✅ 기존 체크포인트 라인 갱신
[2026-06-10 07:49:37] 
[2026-06-10 07:49:37] Step 2: Memory index 갱신
✅ MEMORY.md 갱신 완료
[2026-06-10 07:49:37] 
[2026-06-10 07:49:37] Step 3: Git 커밋 실행
ℹ️  변경 파일: 2개
✅ 2 파일 스테이징 완료
✅ Git 커밋 성공: 9a796a39
[2026-06-10 07:49:37] 
[2026-06-10 07:49:37] Step 4: 검증
✅ 커밋 검증 완료
✅ 마지막 커밋: 9a796a39 — chore(session): 세션 체크포인트 자동완료 @ 2026-06-10 07:49:37 KST KST
✅ 파일 상태 검증 완료 (clean)
[2026-06-10 07:49:37] 
[2026-06-10 07:49:37] ━━━━━━━━━━━━━━━━━━━━━━━━━━━━━━━━━━━━━━━━━━━━━━━━━━━━━━━
✅ Session Checkpoint Auto-Fix 완료
[2026-06-10 07:49:37]   타입: 세션 체크포인트 자동완료
[2026-06-10 07:49:37]   시간: 2026-06-10 07:49:37 KST
[2026-06-10 07:49:37]   커밋: 9a796a39
[2026-06-10 07:49:37]   상태: ✅ 규칙 준수 확인됨
[2026-06-10 07:49:37] ━━━━━━━━━━━━━━━━━━━━━━━━━━━━━━━━━━━━━━━━━━━━━━━━━━━━━━━
[2026-06-10 07:53:10] ━━━━━━━━━━━━━━━━━━━━━━━━━━━━━━━━━━━━━━━━━━━━━━━━━━━━━━━
[2026-06-10 07:53:10] Session Checkpoint Auto-Fix 시작 (2026-06-10 07:53:10 KST)
[2026-06-10 07:53:10] ━━━━━━━━━━━━━━━━━━━━━━━━━━━━━━━━━━━━━━━━━━━━━━━━━━━━━━━
ℹ️  INCOMPLETE_TASKS_REGISTRY 감지됨
✅ 체크포인트 마커 감지
[2026-06-10 07:53:10] 
[2026-06-10 07:53:10] Step 1: INCOMPLETE_TASKS_REGISTRY 갱신
✅ 기존 체크포인트 라인 갱신
[2026-06-10 07:53:10] 
[2026-06-10 07:53:10] Step 2: Memory index 갱신
✅ MEMORY.md 갱신 완료
[2026-06-10 07:53:10] 
[2026-06-10 07:53:10] Step 3: Git 커밋 실행
ℹ️  변경 파일: 2개
✅ 2 파일 스테이징 완료
✅ Git 커밋 성공: ba2da7a6
[2026-06-10 07:53:10] 
[2026-06-10 07:53:10] Step 4: 검증
✅ 커밋 검증 완료
✅ 마지막 커밋: ba2da7a6 — chore(session): 세션 체크포인트 자동완료 @ 2026-06-10 07:53:10 KST KST
✅ 파일 상태 검증 완료 (clean)
[2026-06-10 07:53:10] 
[2026-06-10 07:53:10] ━━━━━━━━━━━━━━━━━━━━━━━━━━━━━━━━━━━━━━━━━━━━━━━━━━━━━━━
✅ Session Checkpoint Auto-Fix 완료
[2026-06-10 07:53:10]   타입: 세션 체크포인트 자동완료
[2026-06-10 07:53:10]   시간: 2026-06-10 07:53:10 KST
[2026-06-10 07:53:10]   커밋: ba2da7a6
[2026-06-10 07:53:10]   상태: ✅ 규칙 준수 확인됨
[2026-06-10 07:53:10] ━━━━━━━━━━━━━━━━━━━━━━━━━━━━━━━━━━━━━━━━━━━━━━━━━━━━━━━
