【팀 상태 자동 보고】2026-06-08 18:52 KST (Cron 30분 주기)

━━━━━━━━━━━━━━━━━━━━━━━━━━━━━━━━
✅ 현황 요약
━━━━━━━━━━━━━━━━━━━━━━━━━━━━━━━━

🔨 빌드 상태: ✅ 139페이지 PASSING
  └─ npm run build 성공, 에러 0개 (경고 1개)

📊 프로젝트 완료도: ✅ 100% (4/4 P1 프로젝트 + Phase 2 API)
  • AUDIT-P1: ✅ 100% (commit 0cf3c1ba)
  • DISCORD-BOT-P1: ✅ 100% (commit 585db4d5, 5개 프로세서)
  • BM-P1: ✅ 100% (commit ecc13a9f)
  • TRAVEL-P2-UI: ✅ 100% (commit e9396c74)
  • Team Dashboard P2: ✅ API 완료 (db/36)
  • Asset Master P1 Phase 2: ✅ API 완료

🟢 서비스 상태: 모두 정상
  • Phase 2A (message-collection): LISTEN:3009 ✅
  • Phase 2B (duplicate-detection): LISTEN:3010 ✅
  • Phase 2C (trust-score): LISTEN:3011 ✅
  • Next.js Portal: RUNNING:3000 ✅
  • Gateway: LISTEN:19001 ✅

📈 신뢰도: ✅ 100%
  └─ 92.5시간 연속 안정 가동 (Cycle 962 @ 17:08 KST)

🚫 차단 요소: 0개
  └─ 배포 준비 완료, Phase 3-6 스케줄 대기

━━━━━━━━━━━━━━━━━━━━━━━━━━━━━━━━
📌 다음 단계
━━━━━━━━━━━━━━━━━━━━━━━━━━━━━━━━
→ Phase 3-6 스케줄링 검토
→ 배포 최종 검증
→ 모니터링 지속

━━━━━━━━━━━━━━━━━━━━━━━━━━━━━━━━
보고 시간: 2026-06-08 18:52:47 KST
마지막 동기화: 2026-06-08 17:08 KST (Cycle 962)
━━━━━━━━━━━━━━━━━━━━━━━━━━━━━━━━
