[2026-06-18 18:00 KST] DAILY CTB FINAL VALIDATION REPORT

📊 **Phase 2 A+B Automation — 18:00 Daily Status**

🔴 **CRITICAL INCIDENT: P1 배포 DOWN 66h+ 지속**

**상태:**
- Phase 2 A+B: 0/10 태스크 BLOCKED (P1 배포 미복구)
- 팀 활용률: 91% 정지 (10/11 대기)
- 신뢰도: 0% (배포) | 99% (자동화)
- 마감: 44h 1m 남음 (2026-06-20 14:00 KST)

**블로커:**
1. 🔴 Vercel 배포 인프라 (P0) — 66h 44m DOWN
   - 원인: GitHub PAT + Vercel 토큰 미제공
   - 영향: 모든 P1 (4) + Phase 3 (3) 차단
   - 해제: 사용자 조치 (5-10분)

2. 🔴 db/30 마이그레이션 (P1) — 65h+ OVERDUE
   - 원인: 사용자 SQL 미실행
   - 영향: Phase 3-1 + Asset Master 차단
   - 해제: 사용자 조치 (2-5분)

**부분 복구 신호:**
⚠️ 17:28 Main Portal HTTP 200 감지 → 17:59 재현 불가
- 신호 불안정 (재배포 시도 중 또는 거짓신호)
- 평가: 신호 재현 필요

**필수 사용자 액션 (지금 당장):**
1️⃣ GitHub PAT 제공 → 재배포 5-10분
2️⃣ Vercel 토큰 제공 → 배포 인증
3️⃣ db/30 SQL 실행 → Phase 3 차단 해제

**다음 체크:** 2026-06-18 18:05 KST (CTB 폴링)

---
Report Generated: 2026-06-18 18:11 KST
System: Automated Monitoring (Cron-triggered)
